/home/agmeister/proj4/MEIA-PROJ4/install/px4_ros_mas_com/lib/python3.8/site-packages/px4_ros_mas_com/droneControl.py
/home/agmeister/proj4/MEIA-PROJ4/install/px4_ros_mas_com/lib/python3.8/site-packages/px4_ros_mas_com/__init__.py
/home/agmeister/proj4/MEIA-PROJ4/install/px4_ros_mas_com/lib/python3.8/site-packages/px4_ros_mas_com/ros2_drone_manager.py
/home/agmeister/proj4/MEIA-PROJ4/install/px4_ros_mas_com/lib/python3.8/site-packages/px4_ros_mas_com/chargingSpotListener.py
/home/agmeister/proj4/MEIA-PROJ4/install/px4_ros_mas_com/lib/python3.8/site-packages/px4_ros_mas_com/landPadListener.py
/home/agmeister/proj4/MEIA-PROJ4/install/px4_ros_mas_com/lib/python3.8/site-packages/px4_ros_mas_com/drone_liftoff.py
/home/agmeister/proj4/MEIA-PROJ4/install/px4_ros_mas_com/lib/python3.8/site-packages/px4_ros_mas_com/utils.py
/home/agmeister/proj4/MEIA-PROJ4/install/px4_ros_mas_com/lib/python3.8/site-packages/px4_ros_mas_com/droneListener.py
/home/agmeister/proj4/MEIA-PROJ4/install/px4_ros_mas_com/lib/python3.8/site-packages/px4_ros_mas_com/__pycache__/droneControl.cpython-38.pyc
/home/agmeister/proj4/MEIA-PROJ4/install/px4_ros_mas_com/lib/python3.8/site-packages/px4_ros_mas_com/__pycache__/__init__.cpython-38.pyc
/home/agmeister/proj4/MEIA-PROJ4/install/px4_ros_mas_com/lib/python3.8/site-packages/px4_ros_mas_com/__pycache__/ros2_drone_manager.cpython-38.pyc
/home/agmeister/proj4/MEIA-PROJ4/install/px4_ros_mas_com/lib/python3.8/site-packages/px4_ros_mas_com/__pycache__/chargingSpotListener.cpython-38.pyc
/home/agmeister/proj4/MEIA-PROJ4/install/px4_ros_mas_com/lib/python3.8/site-packages/px4_ros_mas_com/__pycache__/landPadListener.cpython-38.pyc
/home/agmeister/proj4/MEIA-PROJ4/install/px4_ros_mas_com/lib/python3.8/site-packages/px4_ros_mas_com/__pycache__/drone_liftoff.cpython-38.pyc
/home/agmeister/proj4/MEIA-PROJ4/install/px4_ros_mas_com/lib/python3.8/site-packages/px4_ros_mas_com/__pycache__/utils.cpython-38.pyc
/home/agmeister/proj4/MEIA-PROJ4/install/px4_ros_mas_com/lib/python3.8/site-packages/px4_ros_mas_com/__pycache__/droneListener.cpython-38.pyc
/home/agmeister/proj4/MEIA-PROJ4/install/px4_ros_mas_com/share/ament_index/resource_index/packages/px4_ros_mas_com
/home/agmeister/proj4/MEIA-PROJ4/install/px4_ros_mas_com/share/px4_ros_mas_com/package.xml
/home/agmeister/proj4/MEIA-PROJ4/install/px4_ros_mas_com/lib/python3.8/site-packages/px4_ros_mas_com-0.0.0-py3.8.egg-info/top_level.txt
/home/agmeister/proj4/MEIA-PROJ4/install/px4_ros_mas_com/lib/python3.8/site-packages/px4_ros_mas_com-0.0.0-py3.8.egg-info/requires.txt
/home/agmeister/proj4/MEIA-PROJ4/install/px4_ros_mas_com/lib/python3.8/site-packages/px4_ros_mas_com-0.0.0-py3.8.egg-info/dependency_links.txt
/home/agmeister/proj4/MEIA-PROJ4/install/px4_ros_mas_com/lib/python3.8/site-packages/px4_ros_mas_com-0.0.0-py3.8.egg-info/entry_points.txt
/home/agmeister/proj4/MEIA-PROJ4/install/px4_ros_mas_com/lib/python3.8/site-packages/px4_ros_mas_com-0.0.0-py3.8.egg-info/SOURCES.txt
/home/agmeister/proj4/MEIA-PROJ4/install/px4_ros_mas_com/lib/python3.8/site-packages/px4_ros_mas_com-0.0.0-py3.8.egg-info/PKG-INFO
/home/agmeister/proj4/MEIA-PROJ4/install/px4_ros_mas_com/lib/python3.8/site-packages/px4_ros_mas_com-0.0.0-py3.8.egg-info/zip-safe
/home/agmeister/proj4/MEIA-PROJ4/install/px4_ros_mas_com/lib/px4_ros_mas_com/drone_liftoff
/home/agmeister/proj4/MEIA-PROJ4/install/px4_ros_mas_com/lib/px4_ros_mas_com/ros2_drone_manager
