[0.814s] Invoking command in '/home/vasco/MEIA-PROJ4/ROS2-PX4-Workspace/src/px4_ros_mas_com': PYTHONPATH=/home/vasco/MEIA-PROJ4/ROS2-PX4-Workspace/build/px4_ros_mas_com/prefix_override:/home/vasco/MEIA-PROJ4/ROS2-PX4-Workspace/install/px4_ros_mas_com/lib/python3.8/site-packages:${PYTHONPATH} /usr/bin/python3 setup.py egg_info --egg-base ../../build/px4_ros_mas_com build --build-base /home/vasco/MEIA-PROJ4/ROS2-PX4-Workspace/build/px4_ros_mas_com/build install --record /home/vasco/MEIA-PROJ4/ROS2-PX4-Workspace/build/px4_ros_mas_com/install.log --install-scripts $base/lib/px4_ros_mas_com --single-version-externally-managed
[1.012s] running egg_info
[1.012s] writing ../../build/px4_ros_mas_com/px4_ros_mas_com.egg-info/PKG-INFO
[1.013s] writing dependency_links to ../../build/px4_ros_mas_com/px4_ros_mas_com.egg-info/dependency_links.txt
[1.013s] writing entry points to ../../build/px4_ros_mas_com/px4_ros_mas_com.egg-info/entry_points.txt
[1.013s] writing requirements to ../../build/px4_ros_mas_com/px4_ros_mas_com.egg-info/requires.txt
[1.013s] writing top-level names to ../../build/px4_ros_mas_com/px4_ros_mas_com.egg-info/top_level.txt
[1.048s] reading manifest file '../../build/px4_ros_mas_com/px4_ros_mas_com.egg-info/SOURCES.txt'
[1.049s] writing manifest file '../../build/px4_ros_mas_com/px4_ros_mas_com.egg-info/SOURCES.txt'
[1.049s] running build
[1.050s] running build_py
[1.050s] copying px4_ros_mas_com/droneControl.py -> /home/vasco/MEIA-PROJ4/ROS2-PX4-Workspace/build/px4_ros_mas_com/build/lib/px4_ros_mas_com
[1.050s] running install
[1.051s] running install_lib
[1.052s] copying /home/vasco/MEIA-PROJ4/ROS2-PX4-Workspace/build/px4_ros_mas_com/build/lib/px4_ros_mas_com/droneControl.py -> /home/vasco/MEIA-PROJ4/ROS2-PX4-Workspace/install/px4_ros_mas_com/lib/python3.8/site-packages/px4_ros_mas_com
[1.052s] byte-compiling /home/vasco/MEIA-PROJ4/ROS2-PX4-Workspace/install/px4_ros_mas_com/lib/python3.8/site-packages/px4_ros_mas_com/droneControl.py to droneControl.cpython-38.pyc
[1.054s] running install_data
[1.055s] running install_egg_info
[1.056s] removing '/home/vasco/MEIA-PROJ4/ROS2-PX4-Workspace/install/px4_ros_mas_com/lib/python3.8/site-packages/px4_ros_mas_com-0.0.0-py3.8.egg-info' (and everything under it)
[1.057s] Copying ../../build/px4_ros_mas_com/px4_ros_mas_com.egg-info to /home/vasco/MEIA-PROJ4/ROS2-PX4-Workspace/install/px4_ros_mas_com/lib/python3.8/site-packages/px4_ros_mas_com-0.0.0-py3.8.egg-info
[1.058s] running install_scripts
[1.079s] Installing drone_liftoff script to /home/vasco/MEIA-PROJ4/ROS2-PX4-Workspace/install/px4_ros_mas_com/lib/px4_ros_mas_com
[1.080s] Installing drone_offboard_control script to /home/vasco/MEIA-PROJ4/ROS2-PX4-Workspace/install/px4_ros_mas_com/lib/px4_ros_mas_com
[1.080s] Installing listener_drone_pos script to /home/vasco/MEIA-PROJ4/ROS2-PX4-Workspace/install/px4_ros_mas_com/lib/px4_ros_mas_com
[1.080s] Installing single_drone_liftoff script to /home/vasco/MEIA-PROJ4/ROS2-PX4-Workspace/install/px4_ros_mas_com/lib/px4_ros_mas_com
[1.081s] writing list of installed files to '/home/vasco/MEIA-PROJ4/ROS2-PX4-Workspace/build/px4_ros_mas_com/install.log'
[1.109s] Invoked command in '/home/vasco/MEIA-PROJ4/ROS2-PX4-Workspace/src/px4_ros_mas_com' returned '0': PYTHONPATH=/home/vasco/MEIA-PROJ4/ROS2-PX4-Workspace/build/px4_ros_mas_com/prefix_override:/home/vasco/MEIA-PROJ4/ROS2-PX4-Workspace/install/px4_ros_mas_com/lib/python3.8/site-packages:${PYTHONPATH} /usr/bin/python3 setup.py egg_info --egg-base ../../build/px4_ros_mas_com build --build-base /home/vasco/MEIA-PROJ4/ROS2-PX4-Workspace/build/px4_ros_mas_com/build install --record /home/vasco/MEIA-PROJ4/ROS2-PX4-Workspace/build/px4_ros_mas_com/install.log --install-scripts $base/lib/px4_ros_mas_com --single-version-externally-managed
