[0.322s] DEBUG:colcon:Command line arguments: ['/usr/bin/colcon', 'build']
[0.322s] DEBUG:colcon:Parsed command line arguments: Namespace(allow_overriding=[], ament_cmake_args=None, base_paths=['.'], build_base='build', catkin_cmake_args=None, catkin_skip_building_tests=False, cmake_args=None, cmake_clean_cache=False, cmake_clean_first=False, cmake_force_configure=False, cmake_target=None, cmake_target_skip_unavailable=False, continue_on_error=False, event_handlers=None, executor='parallel', ignore_user_meta=False, install_base='install', log_base=None, log_level=None, main=<bound method BuildVerb.main of <colcon_core.verb.build.BuildVerb object at 0x7f105cd01130>>, merge_install=False, metas=['./colcon.meta'], packages_above=None, packages_above_and_dependencies=None, packages_above_depth=None, packages_end=None, packages_ignore=None, packages_ignore_regex=None, packages_select=None, packages_select_build_failed=False, packages_select_by_dep=None, packages_select_regex=None, packages_select_test_failures=False, packages_skip=None, packages_skip_build_finished=False, packages_skip_by_dep=None, packages_skip_regex=None, packages_skip_test_passed=False, packages_skip_up_to=None, packages_start=None, packages_up_to=None, packages_up_to_regex=None, parallel_workers=12, paths=None, symlink_install=False, test_result_base=None, verb_extension=<colcon_core.verb.build.BuildVerb object at 0x7f105cd01130>, verb_name='build', verb_parser=<colcon_defaults.argument_parser.defaults.DefaultArgumentsDecorator object at 0x7f105cd01670>)
[0.345s] Level 1:colcon.colcon_core.package_discovery:discover_packages(colcon_meta) check parameters
[0.345s] Level 1:colcon.colcon_core.package_discovery:discover_packages(recursive) check parameters
[0.345s] Level 1:colcon.colcon_core.package_discovery:discover_packages(ignore) check parameters
[0.345s] Level 1:colcon.colcon_core.package_discovery:discover_packages(path) check parameters
[0.345s] Level 1:colcon.colcon_core.package_discovery:discover_packages(colcon_meta) discover
[0.345s] Level 1:colcon.colcon_core.package_discovery:discover_packages(recursive) discover
[0.345s] INFO:colcon.colcon_core.package_discovery:Crawling recursively for packages in '/home/vasco/MEIA-PROJ4/ROS2-PX4-Workspace'
[0.345s] Level 1:colcon.colcon_core.package_identification:_identify(.) by extensions ['ignore', 'ignore_ament_install']
[0.345s] Level 1:colcon.colcon_core.package_identification:_identify(.) by extension 'ignore'
[0.345s] Level 1:colcon.colcon_core.package_identification:_identify(.) by extension 'ignore_ament_install'
[0.345s] Level 1:colcon.colcon_core.package_identification:_identify(.) by extensions ['colcon_pkg']
[0.345s] Level 1:colcon.colcon_core.package_identification:_identify(.) by extension 'colcon_pkg'
[0.345s] Level 1:colcon.colcon_core.package_identification:_identify(.) by extensions ['colcon_meta']
[0.345s] Level 1:colcon.colcon_core.package_identification:_identify(.) by extension 'colcon_meta'
[0.345s] Level 1:colcon.colcon_core.package_identification:_identify(.) by extensions ['ros']
[0.345s] Level 1:colcon.colcon_core.package_identification:_identify(.) by extension 'ros'
[0.364s] Level 1:colcon.colcon_core.package_identification:_identify(.) by extensions ['cmake', 'python']
[0.364s] Level 1:colcon.colcon_core.package_identification:_identify(.) by extension 'cmake'
[0.364s] Level 1:colcon.colcon_core.package_identification:_identify(.) by extension 'python'
[0.364s] Level 1:colcon.colcon_core.package_identification:_identify(.) by extensions ['python_setup_py']
[0.364s] Level 1:colcon.colcon_core.package_identification:_identify(.) by extension 'python_setup_py'
[0.365s] Level 1:colcon.colcon_core.package_identification:_identify(build) by extensions ['ignore', 'ignore_ament_install']
[0.365s] Level 1:colcon.colcon_core.package_identification:_identify(build) by extension 'ignore'
[0.365s] Level 1:colcon.colcon_core.package_identification:_identify(build) ignored
[0.365s] Level 1:colcon.colcon_core.package_identification:_identify(install) by extensions ['ignore', 'ignore_ament_install']
[0.365s] Level 1:colcon.colcon_core.package_identification:_identify(install) by extension 'ignore'
[0.365s] Level 1:colcon.colcon_core.package_identification:_identify(install) ignored
[0.365s] Level 1:colcon.colcon_core.package_identification:_identify(log) by extensions ['ignore', 'ignore_ament_install']
[0.365s] Level 1:colcon.colcon_core.package_identification:_identify(log) by extension 'ignore'
[0.365s] Level 1:colcon.colcon_core.package_identification:_identify(log) ignored
[0.365s] Level 1:colcon.colcon_core.package_identification:_identify(src) by extensions ['ignore', 'ignore_ament_install']
[0.365s] Level 1:colcon.colcon_core.package_identification:_identify(src) by extension 'ignore'
[0.365s] Level 1:colcon.colcon_core.package_identification:_identify(src) by extension 'ignore_ament_install'
[0.365s] Level 1:colcon.colcon_core.package_identification:_identify(src) by extensions ['colcon_pkg']
[0.365s] Level 1:colcon.colcon_core.package_identification:_identify(src) by extension 'colcon_pkg'
[0.365s] Level 1:colcon.colcon_core.package_identification:_identify(src) by extensions ['colcon_meta']
[0.365s] Level 1:colcon.colcon_core.package_identification:_identify(src) by extension 'colcon_meta'
[0.365s] Level 1:colcon.colcon_core.package_identification:_identify(src) by extensions ['ros']
[0.366s] Level 1:colcon.colcon_core.package_identification:_identify(src) by extension 'ros'
[0.366s] Level 1:colcon.colcon_core.package_identification:_identify(src) by extensions ['cmake', 'python']
[0.366s] Level 1:colcon.colcon_core.package_identification:_identify(src) by extension 'cmake'
[0.366s] Level 1:colcon.colcon_core.package_identification:_identify(src) by extension 'python'
[0.366s] Level 1:colcon.colcon_core.package_identification:_identify(src) by extensions ['python_setup_py']
[0.366s] Level 1:colcon.colcon_core.package_identification:_identify(src) by extension 'python_setup_py'
[0.366s] Level 1:colcon.colcon_core.package_identification:_identify(src/px4_msgs) by extensions ['ignore', 'ignore_ament_install']
[0.366s] Level 1:colcon.colcon_core.package_identification:_identify(src/px4_msgs) by extension 'ignore'
[0.366s] Level 1:colcon.colcon_core.package_identification:_identify(src/px4_msgs) by extension 'ignore_ament_install'
[0.366s] Level 1:colcon.colcon_core.package_identification:_identify(src/px4_msgs) by extensions ['colcon_pkg']
[0.366s] Level 1:colcon.colcon_core.package_identification:_identify(src/px4_msgs) by extension 'colcon_pkg'
[0.366s] Level 1:colcon.colcon_core.package_identification:_identify(src/px4_msgs) by extensions ['colcon_meta']
[0.366s] Level 1:colcon.colcon_core.package_identification:_identify(src/px4_msgs) by extension 'colcon_meta'
[0.366s] Level 1:colcon.colcon_core.package_identification:_identify(src/px4_msgs) by extensions ['ros']
[0.366s] Level 1:colcon.colcon_core.package_identification:_identify(src/px4_msgs) by extension 'ros'
[0.368s] DEBUG:colcon.colcon_core.package_identification:Package 'src/px4_msgs' with type 'ros.ament_cmake' and name 'px4_msgs'
[0.368s] Level 1:colcon.colcon_core.package_identification:_identify(src/px4_ros_com) by extensions ['ignore', 'ignore_ament_install']
[0.369s] Level 1:colcon.colcon_core.package_identification:_identify(src/px4_ros_com) by extension 'ignore'
[0.369s] Level 1:colcon.colcon_core.package_identification:_identify(src/px4_ros_com) by extension 'ignore_ament_install'
[0.369s] Level 1:colcon.colcon_core.package_identification:_identify(src/px4_ros_com) by extensions ['colcon_pkg']
[0.369s] Level 1:colcon.colcon_core.package_identification:_identify(src/px4_ros_com) by extension 'colcon_pkg'
[0.369s] Level 1:colcon.colcon_core.package_identification:_identify(src/px4_ros_com) by extensions ['colcon_meta']
[0.369s] Level 1:colcon.colcon_core.package_identification:_identify(src/px4_ros_com) by extension 'colcon_meta'
[0.369s] Level 1:colcon.colcon_core.package_identification:_identify(src/px4_ros_com) by extensions ['ros']
[0.369s] Level 1:colcon.colcon_core.package_identification:_identify(src/px4_ros_com) by extension 'ros'
[0.370s] DEBUG:colcon.colcon_core.package_identification:Package 'src/px4_ros_com' with type 'ros.ament_cmake' and name 'px4_ros_com'
[0.370s] Level 1:colcon.colcon_core.package_identification:_identify(src/px4_ros_mas_com) by extensions ['ignore', 'ignore_ament_install']
[0.370s] Level 1:colcon.colcon_core.package_identification:_identify(src/px4_ros_mas_com) by extension 'ignore'
[0.370s] Level 1:colcon.colcon_core.package_identification:_identify(src/px4_ros_mas_com) by extension 'ignore_ament_install'
[0.370s] Level 1:colcon.colcon_core.package_identification:_identify(src/px4_ros_mas_com) by extensions ['colcon_pkg']
[0.370s] Level 1:colcon.colcon_core.package_identification:_identify(src/px4_ros_mas_com) by extension 'colcon_pkg'
[0.370s] Level 1:colcon.colcon_core.package_identification:_identify(src/px4_ros_mas_com) by extensions ['colcon_meta']
[0.370s] Level 1:colcon.colcon_core.package_identification:_identify(src/px4_ros_mas_com) by extension 'colcon_meta'
[0.370s] Level 1:colcon.colcon_core.package_identification:_identify(src/px4_ros_mas_com) by extensions ['ros']
[0.370s] Level 1:colcon.colcon_core.package_identification:_identify(src/px4_ros_mas_com) by extension 'ros'
[0.371s] DEBUG:colcon.colcon_core.package_identification:Package 'src/px4_ros_mas_com' with type 'ros.ament_python' and name 'px4_ros_mas_com'
[0.371s] Level 1:colcon.colcon_core.package_discovery:discover_packages(recursive) using defaults
[0.371s] Level 1:colcon.colcon_core.package_discovery:discover_packages(ignore) discover
[0.371s] Level 1:colcon.colcon_core.package_discovery:discover_packages(ignore) using defaults
[0.371s] Level 1:colcon.colcon_core.package_discovery:discover_packages(path) discover
[0.371s] Level 1:colcon.colcon_core.package_discovery:discover_packages(path) using defaults
[0.389s] Level 1:colcon.colcon_core.package_discovery:discover_packages(prefix_path) check parameters
[0.390s] Level 1:colcon.colcon_core.package_discovery:discover_packages(prefix_path) discover
[0.392s] DEBUG:colcon.colcon_installed_package_information.package_discovery:Found 3 installed packages in /home/vasco/MEIA-PROJ4/ROS2-PX4-Workspace/install
[0.393s] DEBUG:colcon.colcon_installed_package_information.package_discovery:Found 263 installed packages in /opt/ros/foxy
[0.394s] Level 1:colcon.colcon_core.package_discovery:discover_packages(prefix_path) using defaults
[0.449s] Level 5:colcon.colcon_core.verb:set package 'px4_msgs' build argument 'cmake_args' from command line to 'None'
[0.449s] Level 5:colcon.colcon_core.verb:set package 'px4_msgs' build argument 'cmake_target' from command line to 'None'
[0.449s] Level 5:colcon.colcon_core.verb:set package 'px4_msgs' build argument 'cmake_target_skip_unavailable' from command line to 'False'
[0.449s] Level 5:colcon.colcon_core.verb:set package 'px4_msgs' build argument 'cmake_clean_cache' from command line to 'False'
[0.449s] Level 5:colcon.colcon_core.verb:set package 'px4_msgs' build argument 'cmake_clean_first' from command line to 'False'
[0.449s] Level 5:colcon.colcon_core.verb:set package 'px4_msgs' build argument 'cmake_force_configure' from command line to 'False'
[0.449s] Level 5:colcon.colcon_core.verb:set package 'px4_msgs' build argument 'ament_cmake_args' from command line to 'None'
[0.449s] Level 5:colcon.colcon_core.verb:set package 'px4_msgs' build argument 'catkin_cmake_args' from command line to 'None'
[0.450s] Level 5:colcon.colcon_core.verb:set package 'px4_msgs' build argument 'catkin_skip_building_tests' from command line to 'False'
[0.450s] DEBUG:colcon.colcon_core.verb:Building package 'px4_msgs' with the following arguments: {'ament_cmake_args': None, 'build_base': '/home/vasco/MEIA-PROJ4/ROS2-PX4-Workspace/build/px4_msgs', 'catkin_cmake_args': None, 'catkin_skip_building_tests': False, 'cmake_args': None, 'cmake_clean_cache': False, 'cmake_clean_first': False, 'cmake_force_configure': False, 'cmake_target': None, 'cmake_target_skip_unavailable': False, 'install_base': '/home/vasco/MEIA-PROJ4/ROS2-PX4-Workspace/install/px4_msgs', 'merge_install': False, 'path': '/home/vasco/MEIA-PROJ4/ROS2-PX4-Workspace/src/px4_msgs', 'symlink_install': False, 'test_result_base': None}
[0.450s] Level 5:colcon.colcon_core.verb:set package 'px4_ros_mas_com' build argument 'cmake_args' from command line to 'None'
[0.450s] Level 5:colcon.colcon_core.verb:set package 'px4_ros_mas_com' build argument 'cmake_target' from command line to 'None'
[0.450s] Level 5:colcon.colcon_core.verb:set package 'px4_ros_mas_com' build argument 'cmake_target_skip_unavailable' from command line to 'False'
[0.450s] Level 5:colcon.colcon_core.verb:set package 'px4_ros_mas_com' build argument 'cmake_clean_cache' from command line to 'False'
[0.450s] Level 5:colcon.colcon_core.verb:set package 'px4_ros_mas_com' build argument 'cmake_clean_first' from command line to 'False'
[0.450s] Level 5:colcon.colcon_core.verb:set package 'px4_ros_mas_com' build argument 'cmake_force_configure' from command line to 'False'
[0.450s] Level 5:colcon.colcon_core.verb:set package 'px4_ros_mas_com' build argument 'ament_cmake_args' from command line to 'None'
[0.450s] Level 5:colcon.colcon_core.verb:set package 'px4_ros_mas_com' build argument 'catkin_cmake_args' from command line to 'None'
[0.450s] Level 5:colcon.colcon_core.verb:set package 'px4_ros_mas_com' build argument 'catkin_skip_building_tests' from command line to 'False'
[0.450s] DEBUG:colcon.colcon_core.verb:Building package 'px4_ros_mas_com' with the following arguments: {'ament_cmake_args': None, 'build_base': '/home/vasco/MEIA-PROJ4/ROS2-PX4-Workspace/build/px4_ros_mas_com', 'catkin_cmake_args': None, 'catkin_skip_building_tests': False, 'cmake_args': None, 'cmake_clean_cache': False, 'cmake_clean_first': False, 'cmake_force_configure': False, 'cmake_target': None, 'cmake_target_skip_unavailable': False, 'install_base': '/home/vasco/MEIA-PROJ4/ROS2-PX4-Workspace/install/px4_ros_mas_com', 'merge_install': False, 'path': '/home/vasco/MEIA-PROJ4/ROS2-PX4-Workspace/src/px4_ros_mas_com', 'symlink_install': False, 'test_result_base': None}
[0.452s] Level 5:colcon.colcon_core.verb:set package 'px4_ros_com' build argument 'cmake_args' from command line to 'None'
[0.453s] Level 5:colcon.colcon_core.verb:set package 'px4_ros_com' build argument 'cmake_target' from command line to 'None'
[0.453s] Level 5:colcon.colcon_core.verb:set package 'px4_ros_com' build argument 'cmake_target_skip_unavailable' from command line to 'False'
[0.453s] Level 5:colcon.colcon_core.verb:set package 'px4_ros_com' build argument 'cmake_clean_cache' from command line to 'False'
[0.453s] Level 5:colcon.colcon_core.verb:set package 'px4_ros_com' build argument 'cmake_clean_first' from command line to 'False'
[0.453s] Level 5:colcon.colcon_core.verb:set package 'px4_ros_com' build argument 'cmake_force_configure' from command line to 'False'
[0.453s] Level 5:colcon.colcon_core.verb:set package 'px4_ros_com' build argument 'ament_cmake_args' from command line to 'None'
[0.453s] Level 5:colcon.colcon_core.verb:set package 'px4_ros_com' build argument 'catkin_cmake_args' from command line to 'None'
[0.453s] Level 5:colcon.colcon_core.verb:set package 'px4_ros_com' build argument 'catkin_skip_building_tests' from command line to 'False'
[0.453s] DEBUG:colcon.colcon_core.verb:Building package 'px4_ros_com' with the following arguments: {'ament_cmake_args': None, 'build_base': '/home/vasco/MEIA-PROJ4/ROS2-PX4-Workspace/build/px4_ros_com', 'catkin_cmake_args': None, 'catkin_skip_building_tests': False, 'cmake_args': None, 'cmake_clean_cache': False, 'cmake_clean_first': False, 'cmake_force_configure': False, 'cmake_target': None, 'cmake_target_skip_unavailable': False, 'install_base': '/home/vasco/MEIA-PROJ4/ROS2-PX4-Workspace/install/px4_ros_com', 'merge_install': False, 'path': '/home/vasco/MEIA-PROJ4/ROS2-PX4-Workspace/src/px4_ros_com', 'symlink_install': False, 'test_result_base': None}
[0.453s] INFO:colcon.colcon_core.executor:Executing jobs using 'parallel' executor
[0.456s] DEBUG:colcon.colcon_parallel_executor.executor.parallel:run_until_complete
[0.456s] INFO:colcon.colcon_ros.task.ament_cmake.build:Building ROS package in '/home/vasco/MEIA-PROJ4/ROS2-PX4-Workspace/src/px4_msgs' with build type 'ament_cmake'
[0.457s] INFO:colcon.colcon_cmake.task.cmake.build:Building CMake package in '/home/vasco/MEIA-PROJ4/ROS2-PX4-Workspace/src/px4_msgs'
[0.460s] INFO:colcon.colcon_core.plugin_system:Skipping extension 'colcon_core.shell.bat': Not used on non-Windows systems
[0.461s] INFO:colcon.colcon_core.shell:Skip shell extension 'powershell' for command environment: Not usable outside of PowerShell
[0.461s] DEBUG:colcon.colcon_core.shell:Skip shell extension 'dsv' for command environment
[0.465s] INFO:colcon.colcon_ros.task.ament_python.build:Building ROS package in '/home/vasco/MEIA-PROJ4/ROS2-PX4-Workspace/src/px4_ros_mas_com' with build type 'ament_python'
[0.466s] Level 1:colcon.colcon_core.shell:create_environment_hook('px4_ros_mas_com', 'ament_prefix_path')
[0.468s] INFO:colcon.colcon_core.shell:Creating environment hook '/home/vasco/MEIA-PROJ4/ROS2-PX4-Workspace/install/px4_ros_mas_com/share/px4_ros_mas_com/hook/ament_prefix_path.ps1'
[0.469s] INFO:colcon.colcon_core.shell:Creating environment descriptor '/home/vasco/MEIA-PROJ4/ROS2-PX4-Workspace/install/px4_ros_mas_com/share/px4_ros_mas_com/hook/ament_prefix_path.dsv'
[0.469s] INFO:colcon.colcon_core.shell:Creating environment hook '/home/vasco/MEIA-PROJ4/ROS2-PX4-Workspace/install/px4_ros_mas_com/share/px4_ros_mas_com/hook/ament_prefix_path.sh'
[0.471s] INFO:colcon.colcon_core.shell:Skip shell extension 'powershell' for command environment: Not usable outside of PowerShell
[0.471s] DEBUG:colcon.colcon_core.shell:Skip shell extension 'dsv' for command environment
[0.484s] DEBUG:colcon.colcon_core.event_handler.log_command:Invoking command in '/home/vasco/MEIA-PROJ4/ROS2-PX4-Workspace/build/px4_msgs': CMAKE_PREFIX_PATH=${CMAKE_PREFIX_PATH}:/home/vasco/MEIA-PROJ4/ROS2-PX4-Workspace/install/px4_ros_mas_com:/opt/ros/foxy /usr/bin/cmake --build /home/vasco/MEIA-PROJ4/ROS2-PX4-Workspace/build/px4_msgs -- -j12 -l12
[0.666s] INFO:colcon.colcon_core.task.python.build:Building Python package in '/home/vasco/MEIA-PROJ4/ROS2-PX4-Workspace/src/px4_ros_mas_com'
[0.668s] INFO:colcon.colcon_core.shell:Skip shell extension 'powershell' for command environment: Not usable outside of PowerShell
[0.668s] DEBUG:colcon.colcon_core.shell:Skip shell extension 'dsv' for command environment
[1.024s] DEBUG:colcon.colcon_core.event_handler.log_command:Invoking command in '/home/vasco/MEIA-PROJ4/ROS2-PX4-Workspace/src/px4_ros_mas_com': PYTHONPATH=/home/vasco/MEIA-PROJ4/ROS2-PX4-Workspace/build/px4_ros_mas_com/prefix_override:/home/vasco/MEIA-PROJ4/ROS2-PX4-Workspace/install/px4_ros_mas_com/lib/python3.8/site-packages:${PYTHONPATH} /usr/bin/python3 setup.py egg_info --egg-base ../../build/px4_ros_mas_com build --build-base /home/vasco/MEIA-PROJ4/ROS2-PX4-Workspace/build/px4_ros_mas_com/build install --record /home/vasco/MEIA-PROJ4/ROS2-PX4-Workspace/build/px4_ros_mas_com/install.log --install-scripts $base/lib/px4_ros_mas_com --single-version-externally-managed
[1.237s] DEBUG:colcon.colcon_core.event_handler.log_command:Invoked command in '/home/vasco/MEIA-PROJ4/ROS2-PX4-Workspace/build/px4_msgs' returned '0': CMAKE_PREFIX_PATH=${CMAKE_PREFIX_PATH}:/home/vasco/MEIA-PROJ4/ROS2-PX4-Workspace/install/px4_ros_mas_com:/opt/ros/foxy /usr/bin/cmake --build /home/vasco/MEIA-PROJ4/ROS2-PX4-Workspace/build/px4_msgs -- -j12 -l12
[1.275s] DEBUG:colcon.colcon_core.event_handler.log_command:Invoked command in '/home/vasco/MEIA-PROJ4/ROS2-PX4-Workspace/src/px4_ros_mas_com' returned '0': PYTHONPATH=/home/vasco/MEIA-PROJ4/ROS2-PX4-Workspace/build/px4_ros_mas_com/prefix_override:/home/vasco/MEIA-PROJ4/ROS2-PX4-Workspace/install/px4_ros_mas_com/lib/python3.8/site-packages:${PYTHONPATH} /usr/bin/python3 setup.py egg_info --egg-base ../../build/px4_ros_mas_com build --build-base /home/vasco/MEIA-PROJ4/ROS2-PX4-Workspace/build/px4_ros_mas_com/build install --record /home/vasco/MEIA-PROJ4/ROS2-PX4-Workspace/build/px4_ros_mas_com/install.log --install-scripts $base/lib/px4_ros_mas_com --single-version-externally-managed
[1.279s] Level 1:colcon.colcon_core.environment:checking '/home/vasco/MEIA-PROJ4/ROS2-PX4-Workspace/install/px4_ros_mas_com' for CMake module files
[1.280s] Level 1:colcon.colcon_core.environment:checking '/home/vasco/MEIA-PROJ4/ROS2-PX4-Workspace/install/px4_ros_mas_com' for CMake config files
[1.281s] Level 1:colcon.colcon_core.environment:checking '/home/vasco/MEIA-PROJ4/ROS2-PX4-Workspace/install/px4_ros_mas_com/lib'
[1.281s] Level 1:colcon.colcon_core.environment:checking '/home/vasco/MEIA-PROJ4/ROS2-PX4-Workspace/install/px4_ros_mas_com/bin'
[1.282s] Level 1:colcon.colcon_core.environment:checking '/home/vasco/MEIA-PROJ4/ROS2-PX4-Workspace/install/px4_ros_mas_com/lib/pkgconfig/px4_ros_mas_com.pc'
[1.282s] Level 1:colcon.colcon_core.environment:checking '/home/vasco/MEIA-PROJ4/ROS2-PX4-Workspace/install/px4_ros_mas_com/lib/python3.8/site-packages'
[1.282s] Level 1:colcon.colcon_core.shell:create_environment_hook('px4_ros_mas_com', 'pythonpath')
[1.283s] INFO:colcon.colcon_core.shell:Creating environment hook '/home/vasco/MEIA-PROJ4/ROS2-PX4-Workspace/install/px4_ros_mas_com/share/px4_ros_mas_com/hook/pythonpath.ps1'
[1.284s] INFO:colcon.colcon_core.shell:Creating environment descriptor '/home/vasco/MEIA-PROJ4/ROS2-PX4-Workspace/install/px4_ros_mas_com/share/px4_ros_mas_com/hook/pythonpath.dsv'
[1.284s] INFO:colcon.colcon_core.shell:Creating environment hook '/home/vasco/MEIA-PROJ4/ROS2-PX4-Workspace/install/px4_ros_mas_com/share/px4_ros_mas_com/hook/pythonpath.sh'
[1.285s] Level 1:colcon.colcon_core.environment:checking '/home/vasco/MEIA-PROJ4/ROS2-PX4-Workspace/install/px4_ros_mas_com/bin'
[1.285s] Level 1:colcon.colcon_core.environment:create_environment_scripts_only(px4_ros_mas_com)
[1.286s] INFO:colcon.colcon_core.shell:Creating package script '/home/vasco/MEIA-PROJ4/ROS2-PX4-Workspace/install/px4_ros_mas_com/share/px4_ros_mas_com/package.ps1'
[1.287s] INFO:colcon.colcon_core.shell:Creating package descriptor '/home/vasco/MEIA-PROJ4/ROS2-PX4-Workspace/install/px4_ros_mas_com/share/px4_ros_mas_com/package.dsv'
[1.287s] INFO:colcon.colcon_core.shell:Creating package script '/home/vasco/MEIA-PROJ4/ROS2-PX4-Workspace/install/px4_ros_mas_com/share/px4_ros_mas_com/package.sh'
[1.288s] INFO:colcon.colcon_core.shell:Creating package script '/home/vasco/MEIA-PROJ4/ROS2-PX4-Workspace/install/px4_ros_mas_com/share/px4_ros_mas_com/package.bash'
[1.288s] INFO:colcon.colcon_core.shell:Creating package script '/home/vasco/MEIA-PROJ4/ROS2-PX4-Workspace/install/px4_ros_mas_com/share/px4_ros_mas_com/package.zsh'
[1.289s] Level 1:colcon.colcon_core.environment:create_file_with_runtime_dependencies(/home/vasco/MEIA-PROJ4/ROS2-PX4-Workspace/install/px4_ros_mas_com/share/colcon-core/packages/px4_ros_mas_com)
[3.923s] DEBUG:colcon.colcon_core.event_handler.log_command:Invoking command in '/home/vasco/MEIA-PROJ4/ROS2-PX4-Workspace/build/px4_msgs': CMAKE_PREFIX_PATH=${CMAKE_PREFIX_PATH}:/home/vasco/MEIA-PROJ4/ROS2-PX4-Workspace/install/px4_ros_mas_com:/opt/ros/foxy /usr/bin/cmake --install /home/vasco/MEIA-PROJ4/ROS2-PX4-Workspace/build/px4_msgs
[4.208s] Level 1:colcon.colcon_core.environment:create_environment_scripts_only(px4_msgs)
[4.211s] Level 1:colcon.colcon_core.environment:checking '/home/vasco/MEIA-PROJ4/ROS2-PX4-Workspace/install/px4_msgs' for CMake module files
[4.228s] Level 1:colcon.colcon_core.environment:checking '/home/vasco/MEIA-PROJ4/ROS2-PX4-Workspace/install/px4_msgs' for CMake config files
[4.229s] Level 1:colcon.colcon_core.shell:create_environment_hook('px4_msgs', 'cmake_prefix_path')
[4.232s] INFO:colcon.colcon_core.shell:Creating environment hook '/home/vasco/MEIA-PROJ4/ROS2-PX4-Workspace/install/px4_msgs/share/px4_msgs/hook/cmake_prefix_path.ps1'
[4.242s] INFO:colcon.colcon_core.shell:Creating environment descriptor '/home/vasco/MEIA-PROJ4/ROS2-PX4-Workspace/install/px4_msgs/share/px4_msgs/hook/cmake_prefix_path.dsv'
[4.257s] INFO:colcon.colcon_core.shell:Creating environment hook '/home/vasco/MEIA-PROJ4/ROS2-PX4-Workspace/install/px4_msgs/share/px4_msgs/hook/cmake_prefix_path.sh'
[4.265s] Level 1:colcon.colcon_core.environment:checking '/home/vasco/MEIA-PROJ4/ROS2-PX4-Workspace/install/px4_msgs/lib'
[4.270s] Level 1:colcon.colcon_core.shell:create_environment_hook('px4_msgs', 'ld_library_path_lib')
[4.272s] INFO:colcon.colcon_core.shell:Creating environment hook '/home/vasco/MEIA-PROJ4/ROS2-PX4-Workspace/install/px4_msgs/share/px4_msgs/hook/ld_library_path_lib.ps1'
[4.275s] INFO:colcon.colcon_core.shell:Creating environment descriptor '/home/vasco/MEIA-PROJ4/ROS2-PX4-Workspace/install/px4_msgs/share/px4_msgs/hook/ld_library_path_lib.dsv'
[4.280s] INFO:colcon.colcon_core.shell:Creating environment hook '/home/vasco/MEIA-PROJ4/ROS2-PX4-Workspace/install/px4_msgs/share/px4_msgs/hook/ld_library_path_lib.sh'
[4.285s] Level 1:colcon.colcon_core.environment:checking '/home/vasco/MEIA-PROJ4/ROS2-PX4-Workspace/install/px4_msgs/bin'
[4.285s] Level 1:colcon.colcon_core.environment:checking '/home/vasco/MEIA-PROJ4/ROS2-PX4-Workspace/install/px4_msgs/lib/pkgconfig/px4_msgs.pc'
[4.286s] Level 1:colcon.colcon_core.environment:checking '/home/vasco/MEIA-PROJ4/ROS2-PX4-Workspace/install/px4_msgs/lib/python3.8/site-packages'
[4.286s] Level 1:colcon.colcon_core.shell:create_environment_hook('px4_msgs', 'pythonpath')
[4.287s] INFO:colcon.colcon_core.shell:Creating environment hook '/home/vasco/MEIA-PROJ4/ROS2-PX4-Workspace/install/px4_msgs/share/px4_msgs/hook/pythonpath.ps1'
[4.291s] INFO:colcon.colcon_core.shell:Creating environment descriptor '/home/vasco/MEIA-PROJ4/ROS2-PX4-Workspace/install/px4_msgs/share/px4_msgs/hook/pythonpath.dsv'
[4.294s] INFO:colcon.colcon_core.shell:Creating environment hook '/home/vasco/MEIA-PROJ4/ROS2-PX4-Workspace/install/px4_msgs/share/px4_msgs/hook/pythonpath.sh'
[4.299s] Level 1:colcon.colcon_core.environment:checking '/home/vasco/MEIA-PROJ4/ROS2-PX4-Workspace/install/px4_msgs/bin'
[4.300s] INFO:colcon.colcon_core.shell:Creating package script '/home/vasco/MEIA-PROJ4/ROS2-PX4-Workspace/install/px4_msgs/share/px4_msgs/package.ps1'
[4.307s] INFO:colcon.colcon_core.shell:Creating package descriptor '/home/vasco/MEIA-PROJ4/ROS2-PX4-Workspace/install/px4_msgs/share/px4_msgs/package.dsv'
[4.321s] INFO:colcon.colcon_core.shell:Creating package script '/home/vasco/MEIA-PROJ4/ROS2-PX4-Workspace/install/px4_msgs/share/px4_msgs/package.sh'
[4.325s] INFO:colcon.colcon_core.shell:Creating package script '/home/vasco/MEIA-PROJ4/ROS2-PX4-Workspace/install/px4_msgs/share/px4_msgs/package.bash'
[4.329s] INFO:colcon.colcon_core.shell:Creating package script '/home/vasco/MEIA-PROJ4/ROS2-PX4-Workspace/install/px4_msgs/share/px4_msgs/package.zsh'
[4.338s] Level 1:colcon.colcon_core.environment:create_file_with_runtime_dependencies(/home/vasco/MEIA-PROJ4/ROS2-PX4-Workspace/install/px4_msgs/share/colcon-core/packages/px4_msgs)
[4.444s] DEBUG:colcon.colcon_core.event_handler.log_command:Invoked command in '/home/vasco/MEIA-PROJ4/ROS2-PX4-Workspace/build/px4_msgs' returned '0': CMAKE_PREFIX_PATH=${CMAKE_PREFIX_PATH}:/home/vasco/MEIA-PROJ4/ROS2-PX4-Workspace/install/px4_ros_mas_com:/opt/ros/foxy /usr/bin/cmake --install /home/vasco/MEIA-PROJ4/ROS2-PX4-Workspace/build/px4_msgs
[7.709s] Level 1:colcon.colcon_core.environment:create_environment_scripts_only(px4_msgs)
[7.710s] Level 1:colcon.colcon_core.environment:checking '/home/vasco/MEIA-PROJ4/ROS2-PX4-Workspace/install/px4_msgs' for CMake module files
[7.711s] Level 1:colcon.colcon_core.environment:checking '/home/vasco/MEIA-PROJ4/ROS2-PX4-Workspace/install/px4_msgs' for CMake config files
[7.713s] Level 1:colcon.colcon_core.shell:create_environment_hook('px4_msgs', 'cmake_prefix_path')
[7.715s] INFO:colcon.colcon_core.shell:Creating environment hook '/home/vasco/MEIA-PROJ4/ROS2-PX4-Workspace/install/px4_msgs/share/px4_msgs/hook/cmake_prefix_path.ps1'
[7.715s] INFO:colcon.colcon_core.shell:Creating environment descriptor '/home/vasco/MEIA-PROJ4/ROS2-PX4-Workspace/install/px4_msgs/share/px4_msgs/hook/cmake_prefix_path.dsv'
[7.716s] INFO:colcon.colcon_core.shell:Creating environment hook '/home/vasco/MEIA-PROJ4/ROS2-PX4-Workspace/install/px4_msgs/share/px4_msgs/hook/cmake_prefix_path.sh'
[7.717s] Level 1:colcon.colcon_core.environment:checking '/home/vasco/MEIA-PROJ4/ROS2-PX4-Workspace/install/px4_msgs/lib'
[7.717s] Level 1:colcon.colcon_core.shell:create_environment_hook('px4_msgs', 'ld_library_path_lib')
[7.718s] INFO:colcon.colcon_core.shell:Creating environment hook '/home/vasco/MEIA-PROJ4/ROS2-PX4-Workspace/install/px4_msgs/share/px4_msgs/hook/ld_library_path_lib.ps1'
[7.719s] INFO:colcon.colcon_core.shell:Creating environment descriptor '/home/vasco/MEIA-PROJ4/ROS2-PX4-Workspace/install/px4_msgs/share/px4_msgs/hook/ld_library_path_lib.dsv'
[7.719s] INFO:colcon.colcon_core.shell:Creating environment hook '/home/vasco/MEIA-PROJ4/ROS2-PX4-Workspace/install/px4_msgs/share/px4_msgs/hook/ld_library_path_lib.sh'
[7.720s] Level 1:colcon.colcon_core.environment:checking '/home/vasco/MEIA-PROJ4/ROS2-PX4-Workspace/install/px4_msgs/bin'
[7.721s] Level 1:colcon.colcon_core.environment:checking '/home/vasco/MEIA-PROJ4/ROS2-PX4-Workspace/install/px4_msgs/lib/pkgconfig/px4_msgs.pc'
[7.721s] Level 1:colcon.colcon_core.environment:checking '/home/vasco/MEIA-PROJ4/ROS2-PX4-Workspace/install/px4_msgs/lib/python3.8/site-packages'
[7.722s] Level 1:colcon.colcon_core.shell:create_environment_hook('px4_msgs', 'pythonpath')
[7.723s] INFO:colcon.colcon_core.shell:Creating environment hook '/home/vasco/MEIA-PROJ4/ROS2-PX4-Workspace/install/px4_msgs/share/px4_msgs/hook/pythonpath.ps1'
[7.724s] INFO:colcon.colcon_core.shell:Creating environment descriptor '/home/vasco/MEIA-PROJ4/ROS2-PX4-Workspace/install/px4_msgs/share/px4_msgs/hook/pythonpath.dsv'
[7.724s] INFO:colcon.colcon_core.shell:Creating environment hook '/home/vasco/MEIA-PROJ4/ROS2-PX4-Workspace/install/px4_msgs/share/px4_msgs/hook/pythonpath.sh'
[7.725s] Level 1:colcon.colcon_core.environment:checking '/home/vasco/MEIA-PROJ4/ROS2-PX4-Workspace/install/px4_msgs/bin'
[7.727s] INFO:colcon.colcon_core.shell:Creating package script '/home/vasco/MEIA-PROJ4/ROS2-PX4-Workspace/install/px4_msgs/share/px4_msgs/package.ps1'
[7.728s] INFO:colcon.colcon_core.shell:Creating package descriptor '/home/vasco/MEIA-PROJ4/ROS2-PX4-Workspace/install/px4_msgs/share/px4_msgs/package.dsv'
[7.730s] INFO:colcon.colcon_core.shell:Creating package script '/home/vasco/MEIA-PROJ4/ROS2-PX4-Workspace/install/px4_msgs/share/px4_msgs/package.sh'
[7.730s] INFO:colcon.colcon_core.shell:Creating package script '/home/vasco/MEIA-PROJ4/ROS2-PX4-Workspace/install/px4_msgs/share/px4_msgs/package.bash'
[7.731s] INFO:colcon.colcon_core.shell:Creating package script '/home/vasco/MEIA-PROJ4/ROS2-PX4-Workspace/install/px4_msgs/share/px4_msgs/package.zsh'
[7.731s] Level 1:colcon.colcon_core.environment:create_file_with_runtime_dependencies(/home/vasco/MEIA-PROJ4/ROS2-PX4-Workspace/install/px4_msgs/share/colcon-core/packages/px4_msgs)
[7.733s] INFO:colcon.colcon_ros.task.ament_cmake.build:Building ROS package in '/home/vasco/MEIA-PROJ4/ROS2-PX4-Workspace/src/px4_ros_com' with build type 'ament_cmake'
[7.733s] INFO:colcon.colcon_cmake.task.cmake.build:Building CMake package in '/home/vasco/MEIA-PROJ4/ROS2-PX4-Workspace/src/px4_ros_com'
[7.735s] INFO:colcon.colcon_core.shell:Skip shell extension 'powershell' for command environment: Not usable outside of PowerShell
[7.735s] DEBUG:colcon.colcon_core.shell:Skip shell extension 'dsv' for command environment
[7.924s] DEBUG:colcon.colcon_core.event_handler.log_command:Invoking command in '/home/vasco/MEIA-PROJ4/ROS2-PX4-Workspace/build/px4_ros_com': CMAKE_PREFIX_PATH=/home/vasco/MEIA-PROJ4/ROS2-PX4-Workspace/install/px4_msgs:/home/vasco/MEIA-PROJ4/ROS2-PX4-Workspace/install/px4_ros_com:/home/vasco/MEIA-PROJ4/ROS2-PX4-Workspace/install/px4_ros_mas_com:/opt/ros/foxy LD_LIBRARY_PATH=/home/vasco/MEIA-PROJ4/ROS2-PX4-Workspace/install/px4_msgs/lib:/home/vasco/MEIA-PROJ4/ROS2-PX4-Workspace/install/px4_ros_com/lib:/usr/lib/x86_64-linux-gnu/gazebo-11/plugins:/opt/ros/foxy/opt/yaml_cpp_vendor/lib:/opt/ros/foxy/opt/rviz_ogre_vendor/lib:/opt/ros/foxy/lib/x86_64-linux-gnu:/opt/ros/foxy/lib PYTHONPATH=/home/vasco/MEIA-PROJ4/ROS2-PX4-Workspace/install/px4_msgs/lib/python3.8/site-packages:/home/vasco/MEIA-PROJ4/ROS2-PX4-Workspace/install/px4_ros_mas_com/lib/python3.8/site-packages:/opt/ros/foxy/lib/python3.8/site-packages /usr/bin/cmake --build /home/vasco/MEIA-PROJ4/ROS2-PX4-Workspace/build/px4_ros_com -- -j12 -l12
[8.075s] DEBUG:colcon.colcon_core.event_handler.log_command:Invoked command in '/home/vasco/MEIA-PROJ4/ROS2-PX4-Workspace/build/px4_ros_com' returned '0': CMAKE_PREFIX_PATH=/home/vasco/MEIA-PROJ4/ROS2-PX4-Workspace/install/px4_msgs:/home/vasco/MEIA-PROJ4/ROS2-PX4-Workspace/install/px4_ros_com:/home/vasco/MEIA-PROJ4/ROS2-PX4-Workspace/install/px4_ros_mas_com:/opt/ros/foxy LD_LIBRARY_PATH=/home/vasco/MEIA-PROJ4/ROS2-PX4-Workspace/install/px4_msgs/lib:/home/vasco/MEIA-PROJ4/ROS2-PX4-Workspace/install/px4_ros_com/lib:/usr/lib/x86_64-linux-gnu/gazebo-11/plugins:/opt/ros/foxy/opt/yaml_cpp_vendor/lib:/opt/ros/foxy/opt/rviz_ogre_vendor/lib:/opt/ros/foxy/lib/x86_64-linux-gnu:/opt/ros/foxy/lib PYTHONPATH=/home/vasco/MEIA-PROJ4/ROS2-PX4-Workspace/install/px4_msgs/lib/python3.8/site-packages:/home/vasco/MEIA-PROJ4/ROS2-PX4-Workspace/install/px4_ros_mas_com/lib/python3.8/site-packages:/opt/ros/foxy/lib/python3.8/site-packages /usr/bin/cmake --build /home/vasco/MEIA-PROJ4/ROS2-PX4-Workspace/build/px4_ros_com -- -j12 -l12
[8.125s] DEBUG:colcon.colcon_core.event_handler.log_command:Invoking command in '/home/vasco/MEIA-PROJ4/ROS2-PX4-Workspace/build/px4_ros_com': CMAKE_PREFIX_PATH=/home/vasco/MEIA-PROJ4/ROS2-PX4-Workspace/install/px4_msgs:/home/vasco/MEIA-PROJ4/ROS2-PX4-Workspace/install/px4_ros_com:/home/vasco/MEIA-PROJ4/ROS2-PX4-Workspace/install/px4_ros_mas_com:/opt/ros/foxy LD_LIBRARY_PATH=/home/vasco/MEIA-PROJ4/ROS2-PX4-Workspace/install/px4_msgs/lib:/home/vasco/MEIA-PROJ4/ROS2-PX4-Workspace/install/px4_ros_com/lib:/usr/lib/x86_64-linux-gnu/gazebo-11/plugins:/opt/ros/foxy/opt/yaml_cpp_vendor/lib:/opt/ros/foxy/opt/rviz_ogre_vendor/lib:/opt/ros/foxy/lib/x86_64-linux-gnu:/opt/ros/foxy/lib PYTHONPATH=/home/vasco/MEIA-PROJ4/ROS2-PX4-Workspace/install/px4_msgs/lib/python3.8/site-packages:/home/vasco/MEIA-PROJ4/ROS2-PX4-Workspace/install/px4_ros_mas_com/lib/python3.8/site-packages:/opt/ros/foxy/lib/python3.8/site-packages /usr/bin/cmake --install /home/vasco/MEIA-PROJ4/ROS2-PX4-Workspace/build/px4_ros_com
[8.148s] Level 1:colcon.colcon_core.environment:create_environment_scripts_only(px4_ros_com)
[8.151s] Level 1:colcon.colcon_core.environment:checking '/home/vasco/MEIA-PROJ4/ROS2-PX4-Workspace/install/px4_ros_com' for CMake module files
[8.153s] DEBUG:colcon.colcon_core.event_handler.log_command:Invoked command in '/home/vasco/MEIA-PROJ4/ROS2-PX4-Workspace/build/px4_ros_com' returned '0': CMAKE_PREFIX_PATH=/home/vasco/MEIA-PROJ4/ROS2-PX4-Workspace/install/px4_msgs:/home/vasco/MEIA-PROJ4/ROS2-PX4-Workspace/install/px4_ros_com:/home/vasco/MEIA-PROJ4/ROS2-PX4-Workspace/install/px4_ros_mas_com:/opt/ros/foxy LD_LIBRARY_PATH=/home/vasco/MEIA-PROJ4/ROS2-PX4-Workspace/install/px4_msgs/lib:/home/vasco/MEIA-PROJ4/ROS2-PX4-Workspace/install/px4_ros_com/lib:/usr/lib/x86_64-linux-gnu/gazebo-11/plugins:/opt/ros/foxy/opt/yaml_cpp_vendor/lib:/opt/ros/foxy/opt/rviz_ogre_vendor/lib:/opt/ros/foxy/lib/x86_64-linux-gnu:/opt/ros/foxy/lib PYTHONPATH=/home/vasco/MEIA-PROJ4/ROS2-PX4-Workspace/install/px4_msgs/lib/python3.8/site-packages:/home/vasco/MEIA-PROJ4/ROS2-PX4-Workspace/install/px4_ros_mas_com/lib/python3.8/site-packages:/opt/ros/foxy/lib/python3.8/site-packages /usr/bin/cmake --install /home/vasco/MEIA-PROJ4/ROS2-PX4-Workspace/build/px4_ros_com
[8.154s] Level 1:colcon.colcon_core.environment:checking '/home/vasco/MEIA-PROJ4/ROS2-PX4-Workspace/install/px4_ros_com' for CMake config files
[8.154s] Level 1:colcon.colcon_core.shell:create_environment_hook('px4_ros_com', 'cmake_prefix_path')
[8.158s] INFO:colcon.colcon_core.shell:Creating environment hook '/home/vasco/MEIA-PROJ4/ROS2-PX4-Workspace/install/px4_ros_com/share/px4_ros_com/hook/cmake_prefix_path.ps1'
[8.161s] INFO:colcon.colcon_core.shell:Creating environment descriptor '/home/vasco/MEIA-PROJ4/ROS2-PX4-Workspace/install/px4_ros_com/share/px4_ros_com/hook/cmake_prefix_path.dsv'
[8.161s] INFO:colcon.colcon_core.shell:Creating environment hook '/home/vasco/MEIA-PROJ4/ROS2-PX4-Workspace/install/px4_ros_com/share/px4_ros_com/hook/cmake_prefix_path.sh'
[8.162s] Level 1:colcon.colcon_core.environment:checking '/home/vasco/MEIA-PROJ4/ROS2-PX4-Workspace/install/px4_ros_com/lib'
[8.162s] Level 1:colcon.colcon_core.shell:create_environment_hook('px4_ros_com', 'ld_library_path_lib')
[8.166s] INFO:colcon.colcon_core.shell:Creating environment hook '/home/vasco/MEIA-PROJ4/ROS2-PX4-Workspace/install/px4_ros_com/share/px4_ros_com/hook/ld_library_path_lib.ps1'
[8.167s] INFO:colcon.colcon_core.shell:Creating environment descriptor '/home/vasco/MEIA-PROJ4/ROS2-PX4-Workspace/install/px4_ros_com/share/px4_ros_com/hook/ld_library_path_lib.dsv'
[8.168s] INFO:colcon.colcon_core.shell:Creating environment hook '/home/vasco/MEIA-PROJ4/ROS2-PX4-Workspace/install/px4_ros_com/share/px4_ros_com/hook/ld_library_path_lib.sh'
[8.168s] Level 1:colcon.colcon_core.environment:checking '/home/vasco/MEIA-PROJ4/ROS2-PX4-Workspace/install/px4_ros_com/bin'
[8.168s] Level 1:colcon.colcon_core.environment:checking '/home/vasco/MEIA-PROJ4/ROS2-PX4-Workspace/install/px4_ros_com/lib/pkgconfig/px4_ros_com.pc'
[8.168s] Level 1:colcon.colcon_core.environment:checking '/home/vasco/MEIA-PROJ4/ROS2-PX4-Workspace/install/px4_ros_com/lib/python3.8/site-packages'
[8.169s] Level 1:colcon.colcon_core.environment:checking '/home/vasco/MEIA-PROJ4/ROS2-PX4-Workspace/install/px4_ros_com/bin'
[8.172s] INFO:colcon.colcon_core.shell:Creating package script '/home/vasco/MEIA-PROJ4/ROS2-PX4-Workspace/install/px4_ros_com/share/px4_ros_com/package.ps1'
[8.173s] INFO:colcon.colcon_core.shell:Creating package descriptor '/home/vasco/MEIA-PROJ4/ROS2-PX4-Workspace/install/px4_ros_com/share/px4_ros_com/package.dsv'
[8.174s] INFO:colcon.colcon_core.shell:Creating package script '/home/vasco/MEIA-PROJ4/ROS2-PX4-Workspace/install/px4_ros_com/share/px4_ros_com/package.sh'
[8.174s] INFO:colcon.colcon_core.shell:Creating package script '/home/vasco/MEIA-PROJ4/ROS2-PX4-Workspace/install/px4_ros_com/share/px4_ros_com/package.bash'
[8.176s] INFO:colcon.colcon_core.shell:Creating package script '/home/vasco/MEIA-PROJ4/ROS2-PX4-Workspace/install/px4_ros_com/share/px4_ros_com/package.zsh'
[8.176s] Level 1:colcon.colcon_core.environment:create_file_with_runtime_dependencies(/home/vasco/MEIA-PROJ4/ROS2-PX4-Workspace/install/px4_ros_com/share/colcon-core/packages/px4_ros_com)
[8.229s] Level 1:colcon.colcon_core.environment:create_environment_scripts_only(px4_ros_com)
[8.233s] Level 1:colcon.colcon_core.environment:checking '/home/vasco/MEIA-PROJ4/ROS2-PX4-Workspace/install/px4_ros_com' for CMake module files
[8.233s] Level 1:colcon.colcon_core.environment:checking '/home/vasco/MEIA-PROJ4/ROS2-PX4-Workspace/install/px4_ros_com' for CMake config files
[8.234s] Level 1:colcon.colcon_core.shell:create_environment_hook('px4_ros_com', 'cmake_prefix_path')
[8.237s] INFO:colcon.colcon_core.shell:Creating environment hook '/home/vasco/MEIA-PROJ4/ROS2-PX4-Workspace/install/px4_ros_com/share/px4_ros_com/hook/cmake_prefix_path.ps1'
[8.239s] INFO:colcon.colcon_core.shell:Creating environment descriptor '/home/vasco/MEIA-PROJ4/ROS2-PX4-Workspace/install/px4_ros_com/share/px4_ros_com/hook/cmake_prefix_path.dsv'
[8.240s] INFO:colcon.colcon_core.shell:Creating environment hook '/home/vasco/MEIA-PROJ4/ROS2-PX4-Workspace/install/px4_ros_com/share/px4_ros_com/hook/cmake_prefix_path.sh'
[8.241s] Level 1:colcon.colcon_core.environment:checking '/home/vasco/MEIA-PROJ4/ROS2-PX4-Workspace/install/px4_ros_com/lib'
[8.241s] Level 1:colcon.colcon_core.shell:create_environment_hook('px4_ros_com', 'ld_library_path_lib')
[8.244s] INFO:colcon.colcon_core.shell:Creating environment hook '/home/vasco/MEIA-PROJ4/ROS2-PX4-Workspace/install/px4_ros_com/share/px4_ros_com/hook/ld_library_path_lib.ps1'
[8.244s] INFO:colcon.colcon_core.shell:Creating environment descriptor '/home/vasco/MEIA-PROJ4/ROS2-PX4-Workspace/install/px4_ros_com/share/px4_ros_com/hook/ld_library_path_lib.dsv'
[8.245s] INFO:colcon.colcon_core.shell:Creating environment hook '/home/vasco/MEIA-PROJ4/ROS2-PX4-Workspace/install/px4_ros_com/share/px4_ros_com/hook/ld_library_path_lib.sh'
[8.245s] Level 1:colcon.colcon_core.environment:checking '/home/vasco/MEIA-PROJ4/ROS2-PX4-Workspace/install/px4_ros_com/bin'
[8.245s] Level 1:colcon.colcon_core.environment:checking '/home/vasco/MEIA-PROJ4/ROS2-PX4-Workspace/install/px4_ros_com/lib/pkgconfig/px4_ros_com.pc'
[8.246s] Level 1:colcon.colcon_core.environment:checking '/home/vasco/MEIA-PROJ4/ROS2-PX4-Workspace/install/px4_ros_com/lib/python3.8/site-packages'
[8.246s] Level 1:colcon.colcon_core.environment:checking '/home/vasco/MEIA-PROJ4/ROS2-PX4-Workspace/install/px4_ros_com/bin'
[8.248s] INFO:colcon.colcon_core.shell:Creating package script '/home/vasco/MEIA-PROJ4/ROS2-PX4-Workspace/install/px4_ros_com/share/px4_ros_com/package.ps1'
[8.250s] INFO:colcon.colcon_core.shell:Creating package descriptor '/home/vasco/MEIA-PROJ4/ROS2-PX4-Workspace/install/px4_ros_com/share/px4_ros_com/package.dsv'
[8.252s] INFO:colcon.colcon_core.shell:Creating package script '/home/vasco/MEIA-PROJ4/ROS2-PX4-Workspace/install/px4_ros_com/share/px4_ros_com/package.sh'
[8.254s] INFO:colcon.colcon_core.shell:Creating package script '/home/vasco/MEIA-PROJ4/ROS2-PX4-Workspace/install/px4_ros_com/share/px4_ros_com/package.bash'
[8.256s] INFO:colcon.colcon_core.shell:Creating package script '/home/vasco/MEIA-PROJ4/ROS2-PX4-Workspace/install/px4_ros_com/share/px4_ros_com/package.zsh'
[8.257s] Level 1:colcon.colcon_core.environment:create_file_with_runtime_dependencies(/home/vasco/MEIA-PROJ4/ROS2-PX4-Workspace/install/px4_ros_com/share/colcon-core/packages/px4_ros_com)
[8.257s] DEBUG:colcon.colcon_parallel_executor.executor.parallel:closing loop
[8.258s] DEBUG:colcon.colcon_parallel_executor.executor.parallel:loop closed
[8.259s] DEBUG:colcon.colcon_parallel_executor.executor.parallel:run_until_complete finished with '0'
[8.260s] DEBUG:colcon.colcon_core.event_reactor:joining thread
[8.358s] INFO:colcon.colcon_core.plugin_system:Skipping extension 'colcon_notification.desktop_notification.notify_send': Could not find 'notify-send'
[8.358s] INFO:colcon.colcon_core.plugin_system:Skipping extension 'colcon_notification.desktop_notification.terminal_notifier': Not used on non-Darwin systems
[8.358s] INFO:colcon.colcon_core.plugin_system:Skipping extension 'colcon_notification.desktop_notification.win32': Not used on non-Windows systems
[8.358s] INFO:colcon.colcon_notification.desktop_notification:Sending desktop notification using 'notify2'
[8.360s] DEBUG:colcon.colcon_notification.desktop_notification.notify2:Failed to initialize notify2: org.freedesktop.DBus.Error.ServiceUnknown: The name org.freedesktop.Notifications was not provided by any .service files
[8.360s] DEBUG:colcon.colcon_core.event_reactor:joined thread
[8.362s] INFO:colcon.colcon_core.shell:Creating prefix script '/home/vasco/MEIA-PROJ4/ROS2-PX4-Workspace/install/local_setup.ps1'
[8.363s] INFO:colcon.colcon_core.shell:Creating prefix util module '/home/vasco/MEIA-PROJ4/ROS2-PX4-Workspace/install/_local_setup_util_ps1.py'
[8.365s] INFO:colcon.colcon_core.shell:Creating prefix chain script '/home/vasco/MEIA-PROJ4/ROS2-PX4-Workspace/install/setup.ps1'
[8.367s] INFO:colcon.colcon_core.shell:Creating prefix script '/home/vasco/MEIA-PROJ4/ROS2-PX4-Workspace/install/local_setup.sh'
[8.368s] INFO:colcon.colcon_core.shell:Creating prefix util module '/home/vasco/MEIA-PROJ4/ROS2-PX4-Workspace/install/_local_setup_util_sh.py'
[8.370s] INFO:colcon.colcon_core.shell:Creating prefix chain script '/home/vasco/MEIA-PROJ4/ROS2-PX4-Workspace/install/setup.sh'
[8.377s] INFO:colcon.colcon_core.shell:Creating prefix script '/home/vasco/MEIA-PROJ4/ROS2-PX4-Workspace/install/local_setup.bash'
[8.379s] INFO:colcon.colcon_core.shell:Creating prefix chain script '/home/vasco/MEIA-PROJ4/ROS2-PX4-Workspace/install/setup.bash'
[8.381s] INFO:colcon.colcon_core.shell:Creating prefix script '/home/vasco/MEIA-PROJ4/ROS2-PX4-Workspace/install/local_setup.zsh'
[8.382s] INFO:colcon.colcon_core.shell:Creating prefix chain script '/home/vasco/MEIA-PROJ4/ROS2-PX4-Workspace/install/setup.zsh'
