[0.462s] DEBUG:colcon:Command line arguments: ['/usr/bin/colcon', 'build']
[0.462s] DEBUG:colcon:Parsed command line arguments: Namespace(allow_overriding=[], ament_cmake_args=None, base_paths=['.'], build_base='build', catkin_cmake_args=None, catkin_skip_building_tests=False, cmake_args=None, cmake_clean_cache=False, cmake_clean_first=False, cmake_force_configure=False, cmake_target=None, cmake_target_skip_unavailable=False, continue_on_error=False, event_handlers=None, executor='parallel', ignore_user_meta=False, install_base='install', log_base=None, log_level=None, main=<bound method BuildVerb.main of <colcon_core.verb.build.BuildVerb object at 0x7f4e2d386340>>, merge_install=False, metas=['./colcon.meta'], packages_above=None, packages_above_and_dependencies=None, packages_above_depth=None, packages_end=None, packages_ignore=None, packages_ignore_regex=None, packages_select=None, packages_select_build_failed=False, packages_select_by_dep=None, packages_select_regex=None, packages_select_test_failures=False, packages_skip=None, packages_skip_build_finished=False, packages_skip_by_dep=None, packages_skip_regex=None, packages_skip_test_passed=False, packages_skip_up_to=None, packages_start=None, packages_up_to=None, packages_up_to_regex=None, parallel_workers=12, paths=None, symlink_install=False, test_result_base=None, verb_extension=<colcon_core.verb.build.BuildVerb object at 0x7f4e2d386340>, verb_name='build', verb_parser=<colcon_defaults.argument_parser.defaults.DefaultArgumentsDecorator object at 0x7f4e2d386880>)
[0.501s] Level 1:colcon.colcon_core.package_discovery:discover_packages(colcon_meta) check parameters
[0.501s] Level 1:colcon.colcon_core.package_discovery:discover_packages(recursive) check parameters
[0.501s] Level 1:colcon.colcon_core.package_discovery:discover_packages(ignore) check parameters
[0.501s] Level 1:colcon.colcon_core.package_discovery:discover_packages(path) check parameters
[0.501s] Level 1:colcon.colcon_core.package_discovery:discover_packages(colcon_meta) discover
[0.502s] Level 1:colcon.colcon_core.package_discovery:discover_packages(recursive) discover
[0.502s] INFO:colcon.colcon_core.package_discovery:Crawling recursively for packages in '/home/vasco/MEIA-PROJ4/ROS2-PX4-Workspace'
[0.502s] Level 1:colcon.colcon_core.package_identification:_identify(.) by extensions ['ignore', 'ignore_ament_install']
[0.502s] Level 1:colcon.colcon_core.package_identification:_identify(.) by extension 'ignore'
[0.502s] Level 1:colcon.colcon_core.package_identification:_identify(.) by extension 'ignore_ament_install'
[0.502s] Level 1:colcon.colcon_core.package_identification:_identify(.) by extensions ['colcon_pkg']
[0.502s] Level 1:colcon.colcon_core.package_identification:_identify(.) by extension 'colcon_pkg'
[0.502s] Level 1:colcon.colcon_core.package_identification:_identify(.) by extensions ['colcon_meta']
[0.502s] Level 1:colcon.colcon_core.package_identification:_identify(.) by extension 'colcon_meta'
[0.502s] Level 1:colcon.colcon_core.package_identification:_identify(.) by extensions ['ros']
[0.502s] Level 1:colcon.colcon_core.package_identification:_identify(.) by extension 'ros'
[0.535s] Level 1:colcon.colcon_core.package_identification:_identify(.) by extensions ['cmake', 'python']
[0.535s] Level 1:colcon.colcon_core.package_identification:_identify(.) by extension 'cmake'
[0.535s] Level 1:colcon.colcon_core.package_identification:_identify(.) by extension 'python'
[0.535s] Level 1:colcon.colcon_core.package_identification:_identify(.) by extensions ['python_setup_py']
[0.535s] Level 1:colcon.colcon_core.package_identification:_identify(.) by extension 'python_setup_py'
[0.535s] Level 1:colcon.colcon_core.package_identification:_identify(build) by extensions ['ignore', 'ignore_ament_install']
[0.536s] Level 1:colcon.colcon_core.package_identification:_identify(build) by extension 'ignore'
[0.536s] Level 1:colcon.colcon_core.package_identification:_identify(build) ignored
[0.536s] Level 1:colcon.colcon_core.package_identification:_identify(install) by extensions ['ignore', 'ignore_ament_install']
[0.536s] Level 1:colcon.colcon_core.package_identification:_identify(install) by extension 'ignore'
[0.536s] Level 1:colcon.colcon_core.package_identification:_identify(install) ignored
[0.537s] Level 1:colcon.colcon_core.package_identification:_identify(log) by extensions ['ignore', 'ignore_ament_install']
[0.537s] Level 1:colcon.colcon_core.package_identification:_identify(log) by extension 'ignore'
[0.537s] Level 1:colcon.colcon_core.package_identification:_identify(log) ignored
[0.537s] Level 1:colcon.colcon_core.package_identification:_identify(src) by extensions ['ignore', 'ignore_ament_install']
[0.537s] Level 1:colcon.colcon_core.package_identification:_identify(src) by extension 'ignore'
[0.537s] Level 1:colcon.colcon_core.package_identification:_identify(src) by extension 'ignore_ament_install'
[0.537s] Level 1:colcon.colcon_core.package_identification:_identify(src) by extensions ['colcon_pkg']
[0.537s] Level 1:colcon.colcon_core.package_identification:_identify(src) by extension 'colcon_pkg'
[0.537s] Level 1:colcon.colcon_core.package_identification:_identify(src) by extensions ['colcon_meta']
[0.537s] Level 1:colcon.colcon_core.package_identification:_identify(src) by extension 'colcon_meta'
[0.537s] Level 1:colcon.colcon_core.package_identification:_identify(src) by extensions ['ros']
[0.537s] Level 1:colcon.colcon_core.package_identification:_identify(src) by extension 'ros'
[0.537s] Level 1:colcon.colcon_core.package_identification:_identify(src) by extensions ['cmake', 'python']
[0.537s] Level 1:colcon.colcon_core.package_identification:_identify(src) by extension 'cmake'
[0.537s] Level 1:colcon.colcon_core.package_identification:_identify(src) by extension 'python'
[0.537s] Level 1:colcon.colcon_core.package_identification:_identify(src) by extensions ['python_setup_py']
[0.537s] Level 1:colcon.colcon_core.package_identification:_identify(src) by extension 'python_setup_py'
[0.537s] Level 1:colcon.colcon_core.package_identification:_identify(src/px4_msgs) by extensions ['ignore', 'ignore_ament_install']
[0.537s] Level 1:colcon.colcon_core.package_identification:_identify(src/px4_msgs) by extension 'ignore'
[0.537s] Level 1:colcon.colcon_core.package_identification:_identify(src/px4_msgs) by extension 'ignore_ament_install'
[0.537s] Level 1:colcon.colcon_core.package_identification:_identify(src/px4_msgs) by extensions ['colcon_pkg']
[0.538s] Level 1:colcon.colcon_core.package_identification:_identify(src/px4_msgs) by extension 'colcon_pkg'
[0.538s] Level 1:colcon.colcon_core.package_identification:_identify(src/px4_msgs) by extensions ['colcon_meta']
[0.538s] Level 1:colcon.colcon_core.package_identification:_identify(src/px4_msgs) by extension 'colcon_meta'
[0.538s] Level 1:colcon.colcon_core.package_identification:_identify(src/px4_msgs) by extensions ['ros']
[0.538s] Level 1:colcon.colcon_core.package_identification:_identify(src/px4_msgs) by extension 'ros'
[0.541s] DEBUG:colcon.colcon_core.package_identification:Package 'src/px4_msgs' with type 'ros.ament_cmake' and name 'px4_msgs'
[0.541s] Level 1:colcon.colcon_core.package_identification:_identify(src/px4_ros_com) by extensions ['ignore', 'ignore_ament_install']
[0.541s] Level 1:colcon.colcon_core.package_identification:_identify(src/px4_ros_com) by extension 'ignore'
[0.541s] Level 1:colcon.colcon_core.package_identification:_identify(src/px4_ros_com) by extension 'ignore_ament_install'
[0.541s] Level 1:colcon.colcon_core.package_identification:_identify(src/px4_ros_com) by extensions ['colcon_pkg']
[0.541s] Level 1:colcon.colcon_core.package_identification:_identify(src/px4_ros_com) by extension 'colcon_pkg'
[0.542s] Level 1:colcon.colcon_core.package_identification:_identify(src/px4_ros_com) by extensions ['colcon_meta']
[0.542s] Level 1:colcon.colcon_core.package_identification:_identify(src/px4_ros_com) by extension 'colcon_meta'
[0.542s] Level 1:colcon.colcon_core.package_identification:_identify(src/px4_ros_com) by extensions ['ros']
[0.542s] Level 1:colcon.colcon_core.package_identification:_identify(src/px4_ros_com) by extension 'ros'
[0.543s] DEBUG:colcon.colcon_core.package_identification:Package 'src/px4_ros_com' with type 'ros.ament_cmake' and name 'px4_ros_com'
[0.543s] Level 1:colcon.colcon_core.package_identification:_identify(src/px4_ros_mas_com) by extensions ['ignore', 'ignore_ament_install']
[0.543s] Level 1:colcon.colcon_core.package_identification:_identify(src/px4_ros_mas_com) by extension 'ignore'
[0.543s] Level 1:colcon.colcon_core.package_identification:_identify(src/px4_ros_mas_com) by extension 'ignore_ament_install'
[0.543s] Level 1:colcon.colcon_core.package_identification:_identify(src/px4_ros_mas_com) by extensions ['colcon_pkg']
[0.543s] Level 1:colcon.colcon_core.package_identification:_identify(src/px4_ros_mas_com) by extension 'colcon_pkg'
[0.543s] Level 1:colcon.colcon_core.package_identification:_identify(src/px4_ros_mas_com) by extensions ['colcon_meta']
[0.543s] Level 1:colcon.colcon_core.package_identification:_identify(src/px4_ros_mas_com) by extension 'colcon_meta'
[0.543s] Level 1:colcon.colcon_core.package_identification:_identify(src/px4_ros_mas_com) by extensions ['ros']
[0.543s] Level 1:colcon.colcon_core.package_identification:_identify(src/px4_ros_mas_com) by extension 'ros'
[0.544s] DEBUG:colcon.colcon_core.package_identification:Package 'src/px4_ros_mas_com' with type 'ros.ament_python' and name 'px4_ros_mas_com'
[0.544s] Level 1:colcon.colcon_core.package_discovery:discover_packages(recursive) using defaults
[0.544s] Level 1:colcon.colcon_core.package_discovery:discover_packages(ignore) discover
[0.544s] Level 1:colcon.colcon_core.package_discovery:discover_packages(ignore) using defaults
[0.544s] Level 1:colcon.colcon_core.package_discovery:discover_packages(path) discover
[0.544s] Level 1:colcon.colcon_core.package_discovery:discover_packages(path) using defaults
[0.576s] Level 1:colcon.colcon_core.package_discovery:discover_packages(prefix_path) check parameters
[0.576s] Level 1:colcon.colcon_core.package_discovery:discover_packages(prefix_path) discover
[0.579s] DEBUG:colcon.colcon_installed_package_information.package_discovery:Found 3 installed packages in /home/vasco/MEIA-PROJ4/ROS2-PX4-Workspace/install
[0.580s] DEBUG:colcon.colcon_installed_package_information.package_discovery:Found 263 installed packages in /opt/ros/foxy
[0.583s] Level 1:colcon.colcon_core.package_discovery:discover_packages(prefix_path) using defaults
[0.655s] Level 5:colcon.colcon_core.verb:set package 'px4_msgs' build argument 'cmake_args' from command line to 'None'
[0.655s] Level 5:colcon.colcon_core.verb:set package 'px4_msgs' build argument 'cmake_target' from command line to 'None'
[0.655s] Level 5:colcon.colcon_core.verb:set package 'px4_msgs' build argument 'cmake_target_skip_unavailable' from command line to 'False'
[0.655s] Level 5:colcon.colcon_core.verb:set package 'px4_msgs' build argument 'cmake_clean_cache' from command line to 'False'
[0.655s] Level 5:colcon.colcon_core.verb:set package 'px4_msgs' build argument 'cmake_clean_first' from command line to 'False'
[0.655s] Level 5:colcon.colcon_core.verb:set package 'px4_msgs' build argument 'cmake_force_configure' from command line to 'False'
[0.655s] Level 5:colcon.colcon_core.verb:set package 'px4_msgs' build argument 'ament_cmake_args' from command line to 'None'
[0.655s] Level 5:colcon.colcon_core.verb:set package 'px4_msgs' build argument 'catkin_cmake_args' from command line to 'None'
[0.655s] Level 5:colcon.colcon_core.verb:set package 'px4_msgs' build argument 'catkin_skip_building_tests' from command line to 'False'
[0.655s] DEBUG:colcon.colcon_core.verb:Building package 'px4_msgs' with the following arguments: {'ament_cmake_args': None, 'build_base': '/home/vasco/MEIA-PROJ4/ROS2-PX4-Workspace/build/px4_msgs', 'catkin_cmake_args': None, 'catkin_skip_building_tests': False, 'cmake_args': None, 'cmake_clean_cache': False, 'cmake_clean_first': False, 'cmake_force_configure': False, 'cmake_target': None, 'cmake_target_skip_unavailable': False, 'install_base': '/home/vasco/MEIA-PROJ4/ROS2-PX4-Workspace/install/px4_msgs', 'merge_install': False, 'path': '/home/vasco/MEIA-PROJ4/ROS2-PX4-Workspace/src/px4_msgs', 'symlink_install': False, 'test_result_base': None}
[0.657s] Level 5:colcon.colcon_core.verb:set package 'px4_ros_mas_com' build argument 'cmake_args' from command line to 'None'
[0.657s] Level 5:colcon.colcon_core.verb:set package 'px4_ros_mas_com' build argument 'cmake_target' from command line to 'None'
[0.657s] Level 5:colcon.colcon_core.verb:set package 'px4_ros_mas_com' build argument 'cmake_target_skip_unavailable' from command line to 'False'
[0.657s] Level 5:colcon.colcon_core.verb:set package 'px4_ros_mas_com' build argument 'cmake_clean_cache' from command line to 'False'
[0.657s] Level 5:colcon.colcon_core.verb:set package 'px4_ros_mas_com' build argument 'cmake_clean_first' from command line to 'False'
[0.657s] Level 5:colcon.colcon_core.verb:set package 'px4_ros_mas_com' build argument 'cmake_force_configure' from command line to 'False'
[0.657s] Level 5:colcon.colcon_core.verb:set package 'px4_ros_mas_com' build argument 'ament_cmake_args' from command line to 'None'
[0.657s] Level 5:colcon.colcon_core.verb:set package 'px4_ros_mas_com' build argument 'catkin_cmake_args' from command line to 'None'
[0.657s] Level 5:colcon.colcon_core.verb:set package 'px4_ros_mas_com' build argument 'catkin_skip_building_tests' from command line to 'False'
[0.657s] DEBUG:colcon.colcon_core.verb:Building package 'px4_ros_mas_com' with the following arguments: {'ament_cmake_args': None, 'build_base': '/home/vasco/MEIA-PROJ4/ROS2-PX4-Workspace/build/px4_ros_mas_com', 'catkin_cmake_args': None, 'catkin_skip_building_tests': False, 'cmake_args': None, 'cmake_clean_cache': False, 'cmake_clean_first': False, 'cmake_force_configure': False, 'cmake_target': None, 'cmake_target_skip_unavailable': False, 'install_base': '/home/vasco/MEIA-PROJ4/ROS2-PX4-Workspace/install/px4_ros_mas_com', 'merge_install': False, 'path': '/home/vasco/MEIA-PROJ4/ROS2-PX4-Workspace/src/px4_ros_mas_com', 'symlink_install': False, 'test_result_base': None}
[0.658s] Level 5:colcon.colcon_core.verb:set package 'px4_ros_com' build argument 'cmake_args' from command line to 'None'
[0.658s] Level 5:colcon.colcon_core.verb:set package 'px4_ros_com' build argument 'cmake_target' from command line to 'None'
[0.658s] Level 5:colcon.colcon_core.verb:set package 'px4_ros_com' build argument 'cmake_target_skip_unavailable' from command line to 'False'
[0.658s] Level 5:colcon.colcon_core.verb:set package 'px4_ros_com' build argument 'cmake_clean_cache' from command line to 'False'
[0.658s] Level 5:colcon.colcon_core.verb:set package 'px4_ros_com' build argument 'cmake_clean_first' from command line to 'False'
[0.658s] Level 5:colcon.colcon_core.verb:set package 'px4_ros_com' build argument 'cmake_force_configure' from command line to 'False'
[0.658s] Level 5:colcon.colcon_core.verb:set package 'px4_ros_com' build argument 'ament_cmake_args' from command line to 'None'
[0.658s] Level 5:colcon.colcon_core.verb:set package 'px4_ros_com' build argument 'catkin_cmake_args' from command line to 'None'
[0.658s] Level 5:colcon.colcon_core.verb:set package 'px4_ros_com' build argument 'catkin_skip_building_tests' from command line to 'False'
[0.658s] DEBUG:colcon.colcon_core.verb:Building package 'px4_ros_com' with the following arguments: {'ament_cmake_args': None, 'build_base': '/home/vasco/MEIA-PROJ4/ROS2-PX4-Workspace/build/px4_ros_com', 'catkin_cmake_args': None, 'catkin_skip_building_tests': False, 'cmake_args': None, 'cmake_clean_cache': False, 'cmake_clean_first': False, 'cmake_force_configure': False, 'cmake_target': None, 'cmake_target_skip_unavailable': False, 'install_base': '/home/vasco/MEIA-PROJ4/ROS2-PX4-Workspace/install/px4_ros_com', 'merge_install': False, 'path': '/home/vasco/MEIA-PROJ4/ROS2-PX4-Workspace/src/px4_ros_com', 'symlink_install': False, 'test_result_base': None}
[0.659s] INFO:colcon.colcon_core.executor:Executing jobs using 'parallel' executor
[0.663s] DEBUG:colcon.colcon_parallel_executor.executor.parallel:run_until_complete
[0.663s] INFO:colcon.colcon_ros.task.ament_cmake.build:Building ROS package in '/home/vasco/MEIA-PROJ4/ROS2-PX4-Workspace/src/px4_msgs' with build type 'ament_cmake'
[0.663s] INFO:colcon.colcon_cmake.task.cmake.build:Building CMake package in '/home/vasco/MEIA-PROJ4/ROS2-PX4-Workspace/src/px4_msgs'
[0.667s] INFO:colcon.colcon_core.plugin_system:Skipping extension 'colcon_core.shell.bat': Not used on non-Windows systems
[0.667s] INFO:colcon.colcon_core.shell:Skip shell extension 'powershell' for command environment: Not usable outside of PowerShell
[0.667s] DEBUG:colcon.colcon_core.shell:Skip shell extension 'dsv' for command environment
[0.678s] INFO:colcon.colcon_ros.task.ament_python.build:Building ROS package in '/home/vasco/MEIA-PROJ4/ROS2-PX4-Workspace/src/px4_ros_mas_com' with build type 'ament_python'
[0.679s] Level 1:colcon.colcon_core.shell:create_environment_hook('px4_ros_mas_com', 'ament_prefix_path')
[0.681s] INFO:colcon.colcon_core.shell:Creating environment hook '/home/vasco/MEIA-PROJ4/ROS2-PX4-Workspace/install/px4_ros_mas_com/share/px4_ros_mas_com/hook/ament_prefix_path.ps1'
[0.682s] INFO:colcon.colcon_core.shell:Creating environment descriptor '/home/vasco/MEIA-PROJ4/ROS2-PX4-Workspace/install/px4_ros_mas_com/share/px4_ros_mas_com/hook/ament_prefix_path.dsv'
[0.682s] INFO:colcon.colcon_core.shell:Creating environment hook '/home/vasco/MEIA-PROJ4/ROS2-PX4-Workspace/install/px4_ros_mas_com/share/px4_ros_mas_com/hook/ament_prefix_path.sh'
[0.685s] INFO:colcon.colcon_core.shell:Skip shell extension 'powershell' for command environment: Not usable outside of PowerShell
[0.685s] DEBUG:colcon.colcon_core.shell:Skip shell extension 'dsv' for command environment
[0.702s] DEBUG:colcon.colcon_core.event_handler.log_command:Invoking command in '/home/vasco/MEIA-PROJ4/ROS2-PX4-Workspace/build/px4_msgs': CMAKE_PREFIX_PATH=${CMAKE_PREFIX_PATH}:/home/vasco/MEIA-PROJ4/ROS2-PX4-Workspace/install/px4_ros_mas_com:/opt/ros/foxy /usr/bin/cmake --build /home/vasco/MEIA-PROJ4/ROS2-PX4-Workspace/build/px4_msgs -- -j12 -l12
[0.988s] INFO:colcon.colcon_core.task.python.build:Building Python package in '/home/vasco/MEIA-PROJ4/ROS2-PX4-Workspace/src/px4_ros_mas_com'
[0.989s] INFO:colcon.colcon_core.shell:Skip shell extension 'powershell' for command environment: Not usable outside of PowerShell
[0.990s] DEBUG:colcon.colcon_core.shell:Skip shell extension 'dsv' for command environment
[1.427s] DEBUG:colcon.colcon_core.event_handler.log_command:Invoking command in '/home/vasco/MEIA-PROJ4/ROS2-PX4-Workspace/src/px4_ros_mas_com': PYTHONPATH=/home/vasco/MEIA-PROJ4/ROS2-PX4-Workspace/build/px4_ros_mas_com/prefix_override:/home/vasco/MEIA-PROJ4/ROS2-PX4-Workspace/install/px4_ros_mas_com/lib/python3.8/site-packages:${PYTHONPATH} /usr/bin/python3 setup.py egg_info --egg-base ../../build/px4_ros_mas_com build --build-base /home/vasco/MEIA-PROJ4/ROS2-PX4-Workspace/build/px4_ros_mas_com/build install --record /home/vasco/MEIA-PROJ4/ROS2-PX4-Workspace/build/px4_ros_mas_com/install.log --install-scripts $base/lib/px4_ros_mas_com --single-version-externally-managed
[1.617s] DEBUG:colcon.colcon_core.event_handler.log_command:Invoked command in '/home/vasco/MEIA-PROJ4/ROS2-PX4-Workspace/build/px4_msgs' returned '0': CMAKE_PREFIX_PATH=${CMAKE_PREFIX_PATH}:/home/vasco/MEIA-PROJ4/ROS2-PX4-Workspace/install/px4_ros_mas_com:/opt/ros/foxy /usr/bin/cmake --build /home/vasco/MEIA-PROJ4/ROS2-PX4-Workspace/build/px4_msgs -- -j12 -l12
[1.694s] DEBUG:colcon.colcon_core.event_handler.log_command:Invoked command in '/home/vasco/MEIA-PROJ4/ROS2-PX4-Workspace/src/px4_ros_mas_com' returned '0': PYTHONPATH=/home/vasco/MEIA-PROJ4/ROS2-PX4-Workspace/build/px4_ros_mas_com/prefix_override:/home/vasco/MEIA-PROJ4/ROS2-PX4-Workspace/install/px4_ros_mas_com/lib/python3.8/site-packages:${PYTHONPATH} /usr/bin/python3 setup.py egg_info --egg-base ../../build/px4_ros_mas_com build --build-base /home/vasco/MEIA-PROJ4/ROS2-PX4-Workspace/build/px4_ros_mas_com/build install --record /home/vasco/MEIA-PROJ4/ROS2-PX4-Workspace/build/px4_ros_mas_com/install.log --install-scripts $base/lib/px4_ros_mas_com --single-version-externally-managed
[1.699s] Level 1:colcon.colcon_core.environment:checking '/home/vasco/MEIA-PROJ4/ROS2-PX4-Workspace/install/px4_ros_mas_com' for CMake module files
[1.699s] Level 1:colcon.colcon_core.environment:checking '/home/vasco/MEIA-PROJ4/ROS2-PX4-Workspace/install/px4_ros_mas_com' for CMake config files
[1.700s] Level 1:colcon.colcon_core.environment:checking '/home/vasco/MEIA-PROJ4/ROS2-PX4-Workspace/install/px4_ros_mas_com/lib'
[1.700s] Level 1:colcon.colcon_core.environment:checking '/home/vasco/MEIA-PROJ4/ROS2-PX4-Workspace/install/px4_ros_mas_com/bin'
[1.700s] Level 1:colcon.colcon_core.environment:checking '/home/vasco/MEIA-PROJ4/ROS2-PX4-Workspace/install/px4_ros_mas_com/lib/pkgconfig/px4_ros_mas_com.pc'
[1.700s] Level 1:colcon.colcon_core.environment:checking '/home/vasco/MEIA-PROJ4/ROS2-PX4-Workspace/install/px4_ros_mas_com/lib/python3.8/site-packages'
[1.700s] Level 1:colcon.colcon_core.shell:create_environment_hook('px4_ros_mas_com', 'pythonpath')
[1.702s] INFO:colcon.colcon_core.shell:Creating environment hook '/home/vasco/MEIA-PROJ4/ROS2-PX4-Workspace/install/px4_ros_mas_com/share/px4_ros_mas_com/hook/pythonpath.ps1'
[1.702s] INFO:colcon.colcon_core.shell:Creating environment descriptor '/home/vasco/MEIA-PROJ4/ROS2-PX4-Workspace/install/px4_ros_mas_com/share/px4_ros_mas_com/hook/pythonpath.dsv'
[1.703s] INFO:colcon.colcon_core.shell:Creating environment hook '/home/vasco/MEIA-PROJ4/ROS2-PX4-Workspace/install/px4_ros_mas_com/share/px4_ros_mas_com/hook/pythonpath.sh'
[1.703s] Level 1:colcon.colcon_core.environment:checking '/home/vasco/MEIA-PROJ4/ROS2-PX4-Workspace/install/px4_ros_mas_com/bin'
[1.703s] Level 1:colcon.colcon_core.environment:create_environment_scripts_only(px4_ros_mas_com)
[1.704s] INFO:colcon.colcon_core.shell:Creating package script '/home/vasco/MEIA-PROJ4/ROS2-PX4-Workspace/install/px4_ros_mas_com/share/px4_ros_mas_com/package.ps1'
[1.705s] INFO:colcon.colcon_core.shell:Creating package descriptor '/home/vasco/MEIA-PROJ4/ROS2-PX4-Workspace/install/px4_ros_mas_com/share/px4_ros_mas_com/package.dsv'
[1.706s] INFO:colcon.colcon_core.shell:Creating package script '/home/vasco/MEIA-PROJ4/ROS2-PX4-Workspace/install/px4_ros_mas_com/share/px4_ros_mas_com/package.sh'
[1.706s] INFO:colcon.colcon_core.shell:Creating package script '/home/vasco/MEIA-PROJ4/ROS2-PX4-Workspace/install/px4_ros_mas_com/share/px4_ros_mas_com/package.bash'
[1.707s] INFO:colcon.colcon_core.shell:Creating package script '/home/vasco/MEIA-PROJ4/ROS2-PX4-Workspace/install/px4_ros_mas_com/share/px4_ros_mas_com/package.zsh'
[1.708s] Level 1:colcon.colcon_core.environment:create_file_with_runtime_dependencies(/home/vasco/MEIA-PROJ4/ROS2-PX4-Workspace/install/px4_ros_mas_com/share/colcon-core/packages/px4_ros_mas_com)
[4.154s] DEBUG:colcon.colcon_core.event_handler.log_command:Invoking command in '/home/vasco/MEIA-PROJ4/ROS2-PX4-Workspace/build/px4_msgs': CMAKE_PREFIX_PATH=${CMAKE_PREFIX_PATH}:/home/vasco/MEIA-PROJ4/ROS2-PX4-Workspace/install/px4_ros_mas_com:/opt/ros/foxy /usr/bin/cmake --install /home/vasco/MEIA-PROJ4/ROS2-PX4-Workspace/build/px4_msgs
[4.427s] Level 1:colcon.colcon_core.environment:create_environment_scripts_only(px4_msgs)
[4.429s] Level 1:colcon.colcon_core.environment:checking '/home/vasco/MEIA-PROJ4/ROS2-PX4-Workspace/install/px4_msgs' for CMake module files
[4.435s] Level 1:colcon.colcon_core.environment:checking '/home/vasco/MEIA-PROJ4/ROS2-PX4-Workspace/install/px4_msgs' for CMake config files
[4.498s] Level 1:colcon.colcon_core.shell:create_environment_hook('px4_msgs', 'cmake_prefix_path')
[4.500s] INFO:colcon.colcon_core.shell:Creating environment hook '/home/vasco/MEIA-PROJ4/ROS2-PX4-Workspace/install/px4_msgs/share/px4_msgs/hook/cmake_prefix_path.ps1'
[4.504s] INFO:colcon.colcon_core.shell:Creating environment descriptor '/home/vasco/MEIA-PROJ4/ROS2-PX4-Workspace/install/px4_msgs/share/px4_msgs/hook/cmake_prefix_path.dsv'
[4.512s] INFO:colcon.colcon_core.shell:Creating environment hook '/home/vasco/MEIA-PROJ4/ROS2-PX4-Workspace/install/px4_msgs/share/px4_msgs/hook/cmake_prefix_path.sh'
[4.522s] Level 1:colcon.colcon_core.environment:checking '/home/vasco/MEIA-PROJ4/ROS2-PX4-Workspace/install/px4_msgs/lib'
[4.527s] Level 1:colcon.colcon_core.shell:create_environment_hook('px4_msgs', 'ld_library_path_lib')
[4.528s] INFO:colcon.colcon_core.shell:Creating environment hook '/home/vasco/MEIA-PROJ4/ROS2-PX4-Workspace/install/px4_msgs/share/px4_msgs/hook/ld_library_path_lib.ps1'
[4.537s] INFO:colcon.colcon_core.shell:Creating environment descriptor '/home/vasco/MEIA-PROJ4/ROS2-PX4-Workspace/install/px4_msgs/share/px4_msgs/hook/ld_library_path_lib.dsv'
[4.544s] INFO:colcon.colcon_core.shell:Creating environment hook '/home/vasco/MEIA-PROJ4/ROS2-PX4-Workspace/install/px4_msgs/share/px4_msgs/hook/ld_library_path_lib.sh'
[4.550s] Level 1:colcon.colcon_core.environment:checking '/home/vasco/MEIA-PROJ4/ROS2-PX4-Workspace/install/px4_msgs/bin'
[4.550s] Level 1:colcon.colcon_core.environment:checking '/home/vasco/MEIA-PROJ4/ROS2-PX4-Workspace/install/px4_msgs/lib/pkgconfig/px4_msgs.pc'
[4.550s] Level 1:colcon.colcon_core.environment:checking '/home/vasco/MEIA-PROJ4/ROS2-PX4-Workspace/install/px4_msgs/lib/python3.8/site-packages'
[4.550s] Level 1:colcon.colcon_core.shell:create_environment_hook('px4_msgs', 'pythonpath')
[4.552s] INFO:colcon.colcon_core.shell:Creating environment hook '/home/vasco/MEIA-PROJ4/ROS2-PX4-Workspace/install/px4_msgs/share/px4_msgs/hook/pythonpath.ps1'
[4.555s] INFO:colcon.colcon_core.shell:Creating environment descriptor '/home/vasco/MEIA-PROJ4/ROS2-PX4-Workspace/install/px4_msgs/share/px4_msgs/hook/pythonpath.dsv'
[4.559s] INFO:colcon.colcon_core.shell:Creating environment hook '/home/vasco/MEIA-PROJ4/ROS2-PX4-Workspace/install/px4_msgs/share/px4_msgs/hook/pythonpath.sh'
[4.563s] Level 1:colcon.colcon_core.environment:checking '/home/vasco/MEIA-PROJ4/ROS2-PX4-Workspace/install/px4_msgs/bin'
[4.564s] INFO:colcon.colcon_core.shell:Creating package script '/home/vasco/MEIA-PROJ4/ROS2-PX4-Workspace/install/px4_msgs/share/px4_msgs/package.ps1'
[4.567s] INFO:colcon.colcon_core.shell:Creating package descriptor '/home/vasco/MEIA-PROJ4/ROS2-PX4-Workspace/install/px4_msgs/share/px4_msgs/package.dsv'
[4.569s] INFO:colcon.colcon_core.shell:Creating package script '/home/vasco/MEIA-PROJ4/ROS2-PX4-Workspace/install/px4_msgs/share/px4_msgs/package.sh'
[4.573s] INFO:colcon.colcon_core.shell:Creating package script '/home/vasco/MEIA-PROJ4/ROS2-PX4-Workspace/install/px4_msgs/share/px4_msgs/package.bash'
[4.581s] INFO:colcon.colcon_core.shell:Creating package script '/home/vasco/MEIA-PROJ4/ROS2-PX4-Workspace/install/px4_msgs/share/px4_msgs/package.zsh'
[4.582s] Level 1:colcon.colcon_core.environment:create_file_with_runtime_dependencies(/home/vasco/MEIA-PROJ4/ROS2-PX4-Workspace/install/px4_msgs/share/colcon-core/packages/px4_msgs)
[4.664s] DEBUG:colcon.colcon_core.event_handler.log_command:Invoked command in '/home/vasco/MEIA-PROJ4/ROS2-PX4-Workspace/build/px4_msgs' returned '0': CMAKE_PREFIX_PATH=${CMAKE_PREFIX_PATH}:/home/vasco/MEIA-PROJ4/ROS2-PX4-Workspace/install/px4_ros_mas_com:/opt/ros/foxy /usr/bin/cmake --install /home/vasco/MEIA-PROJ4/ROS2-PX4-Workspace/build/px4_msgs
[7.453s] Level 1:colcon.colcon_core.environment:create_environment_scripts_only(px4_msgs)
[7.456s] Level 1:colcon.colcon_core.environment:checking '/home/vasco/MEIA-PROJ4/ROS2-PX4-Workspace/install/px4_msgs' for CMake module files
[7.457s] Level 1:colcon.colcon_core.environment:checking '/home/vasco/MEIA-PROJ4/ROS2-PX4-Workspace/install/px4_msgs' for CMake config files
[7.458s] Level 1:colcon.colcon_core.shell:create_environment_hook('px4_msgs', 'cmake_prefix_path')
[7.459s] INFO:colcon.colcon_core.shell:Creating environment hook '/home/vasco/MEIA-PROJ4/ROS2-PX4-Workspace/install/px4_msgs/share/px4_msgs/hook/cmake_prefix_path.ps1'
[7.460s] INFO:colcon.colcon_core.shell:Creating environment descriptor '/home/vasco/MEIA-PROJ4/ROS2-PX4-Workspace/install/px4_msgs/share/px4_msgs/hook/cmake_prefix_path.dsv'
[7.460s] INFO:colcon.colcon_core.shell:Creating environment hook '/home/vasco/MEIA-PROJ4/ROS2-PX4-Workspace/install/px4_msgs/share/px4_msgs/hook/cmake_prefix_path.sh'
[7.460s] Level 1:colcon.colcon_core.environment:checking '/home/vasco/MEIA-PROJ4/ROS2-PX4-Workspace/install/px4_msgs/lib'
[7.460s] Level 1:colcon.colcon_core.shell:create_environment_hook('px4_msgs', 'ld_library_path_lib')
[7.462s] INFO:colcon.colcon_core.shell:Creating environment hook '/home/vasco/MEIA-PROJ4/ROS2-PX4-Workspace/install/px4_msgs/share/px4_msgs/hook/ld_library_path_lib.ps1'
[7.462s] INFO:colcon.colcon_core.shell:Creating environment descriptor '/home/vasco/MEIA-PROJ4/ROS2-PX4-Workspace/install/px4_msgs/share/px4_msgs/hook/ld_library_path_lib.dsv'
[7.462s] INFO:colcon.colcon_core.shell:Creating environment hook '/home/vasco/MEIA-PROJ4/ROS2-PX4-Workspace/install/px4_msgs/share/px4_msgs/hook/ld_library_path_lib.sh'
[7.463s] Level 1:colcon.colcon_core.environment:checking '/home/vasco/MEIA-PROJ4/ROS2-PX4-Workspace/install/px4_msgs/bin'
[7.463s] Level 1:colcon.colcon_core.environment:checking '/home/vasco/MEIA-PROJ4/ROS2-PX4-Workspace/install/px4_msgs/lib/pkgconfig/px4_msgs.pc'
[7.463s] Level 1:colcon.colcon_core.environment:checking '/home/vasco/MEIA-PROJ4/ROS2-PX4-Workspace/install/px4_msgs/lib/python3.8/site-packages'
[7.463s] Level 1:colcon.colcon_core.shell:create_environment_hook('px4_msgs', 'pythonpath')
[7.464s] INFO:colcon.colcon_core.shell:Creating environment hook '/home/vasco/MEIA-PROJ4/ROS2-PX4-Workspace/install/px4_msgs/share/px4_msgs/hook/pythonpath.ps1'
[7.464s] INFO:colcon.colcon_core.shell:Creating environment descriptor '/home/vasco/MEIA-PROJ4/ROS2-PX4-Workspace/install/px4_msgs/share/px4_msgs/hook/pythonpath.dsv'
[7.464s] INFO:colcon.colcon_core.shell:Creating environment hook '/home/vasco/MEIA-PROJ4/ROS2-PX4-Workspace/install/px4_msgs/share/px4_msgs/hook/pythonpath.sh'
[7.465s] Level 1:colcon.colcon_core.environment:checking '/home/vasco/MEIA-PROJ4/ROS2-PX4-Workspace/install/px4_msgs/bin'
[7.466s] INFO:colcon.colcon_core.shell:Creating package script '/home/vasco/MEIA-PROJ4/ROS2-PX4-Workspace/install/px4_msgs/share/px4_msgs/package.ps1'
[7.467s] INFO:colcon.colcon_core.shell:Creating package descriptor '/home/vasco/MEIA-PROJ4/ROS2-PX4-Workspace/install/px4_msgs/share/px4_msgs/package.dsv'
[7.468s] INFO:colcon.colcon_core.shell:Creating package script '/home/vasco/MEIA-PROJ4/ROS2-PX4-Workspace/install/px4_msgs/share/px4_msgs/package.sh'
[7.468s] INFO:colcon.colcon_core.shell:Creating package script '/home/vasco/MEIA-PROJ4/ROS2-PX4-Workspace/install/px4_msgs/share/px4_msgs/package.bash'
[7.468s] INFO:colcon.colcon_core.shell:Creating package script '/home/vasco/MEIA-PROJ4/ROS2-PX4-Workspace/install/px4_msgs/share/px4_msgs/package.zsh'
[7.469s] Level 1:colcon.colcon_core.environment:create_file_with_runtime_dependencies(/home/vasco/MEIA-PROJ4/ROS2-PX4-Workspace/install/px4_msgs/share/colcon-core/packages/px4_msgs)
[7.469s] INFO:colcon.colcon_ros.task.ament_cmake.build:Building ROS package in '/home/vasco/MEIA-PROJ4/ROS2-PX4-Workspace/src/px4_ros_com' with build type 'ament_cmake'
[7.470s] INFO:colcon.colcon_cmake.task.cmake.build:Building CMake package in '/home/vasco/MEIA-PROJ4/ROS2-PX4-Workspace/src/px4_ros_com'
[7.472s] INFO:colcon.colcon_core.shell:Skip shell extension 'powershell' for command environment: Not usable outside of PowerShell
[7.472s] DEBUG:colcon.colcon_core.shell:Skip shell extension 'dsv' for command environment
[7.636s] DEBUG:colcon.colcon_core.event_handler.log_command:Invoking command in '/home/vasco/MEIA-PROJ4/ROS2-PX4-Workspace/build/px4_ros_com': CMAKE_PREFIX_PATH=/home/vasco/MEIA-PROJ4/ROS2-PX4-Workspace/install/px4_msgs:/home/vasco/MEIA-PROJ4/ROS2-PX4-Workspace/install/px4_ros_com:/home/vasco/MEIA-PROJ4/ROS2-PX4-Workspace/install/px4_ros_mas_com:/opt/ros/foxy LD_LIBRARY_PATH=/home/vasco/MEIA-PROJ4/ROS2-PX4-Workspace/install/px4_msgs/lib:/home/vasco/MEIA-PROJ4/ROS2-PX4-Workspace/install/px4_ros_com/lib:/usr/lib/x86_64-linux-gnu/gazebo-11/plugins:/opt/ros/foxy/opt/yaml_cpp_vendor/lib:/opt/ros/foxy/opt/rviz_ogre_vendor/lib:/opt/ros/foxy/lib/x86_64-linux-gnu:/opt/ros/foxy/lib PYTHONPATH=/home/vasco/MEIA-PROJ4/ROS2-PX4-Workspace/install/px4_msgs/lib/python3.8/site-packages:/home/vasco/MEIA-PROJ4/ROS2-PX4-Workspace/install/px4_ros_mas_com/lib/python3.8/site-packages:/opt/ros/foxy/lib/python3.8/site-packages /usr/bin/cmake --build /home/vasco/MEIA-PROJ4/ROS2-PX4-Workspace/build/px4_ros_com -- -j12 -l12
[7.719s] DEBUG:colcon.colcon_core.event_handler.log_command:Invoked command in '/home/vasco/MEIA-PROJ4/ROS2-PX4-Workspace/build/px4_ros_com' returned '0': CMAKE_PREFIX_PATH=/home/vasco/MEIA-PROJ4/ROS2-PX4-Workspace/install/px4_msgs:/home/vasco/MEIA-PROJ4/ROS2-PX4-Workspace/install/px4_ros_com:/home/vasco/MEIA-PROJ4/ROS2-PX4-Workspace/install/px4_ros_mas_com:/opt/ros/foxy LD_LIBRARY_PATH=/home/vasco/MEIA-PROJ4/ROS2-PX4-Workspace/install/px4_msgs/lib:/home/vasco/MEIA-PROJ4/ROS2-PX4-Workspace/install/px4_ros_com/lib:/usr/lib/x86_64-linux-gnu/gazebo-11/plugins:/opt/ros/foxy/opt/yaml_cpp_vendor/lib:/opt/ros/foxy/opt/rviz_ogre_vendor/lib:/opt/ros/foxy/lib/x86_64-linux-gnu:/opt/ros/foxy/lib PYTHONPATH=/home/vasco/MEIA-PROJ4/ROS2-PX4-Workspace/install/px4_msgs/lib/python3.8/site-packages:/home/vasco/MEIA-PROJ4/ROS2-PX4-Workspace/install/px4_ros_mas_com/lib/python3.8/site-packages:/opt/ros/foxy/lib/python3.8/site-packages /usr/bin/cmake --build /home/vasco/MEIA-PROJ4/ROS2-PX4-Workspace/build/px4_ros_com -- -j12 -l12
[7.757s] DEBUG:colcon.colcon_core.event_handler.log_command:Invoking command in '/home/vasco/MEIA-PROJ4/ROS2-PX4-Workspace/build/px4_ros_com': CMAKE_PREFIX_PATH=/home/vasco/MEIA-PROJ4/ROS2-PX4-Workspace/install/px4_msgs:/home/vasco/MEIA-PROJ4/ROS2-PX4-Workspace/install/px4_ros_com:/home/vasco/MEIA-PROJ4/ROS2-PX4-Workspace/install/px4_ros_mas_com:/opt/ros/foxy LD_LIBRARY_PATH=/home/vasco/MEIA-PROJ4/ROS2-PX4-Workspace/install/px4_msgs/lib:/home/vasco/MEIA-PROJ4/ROS2-PX4-Workspace/install/px4_ros_com/lib:/usr/lib/x86_64-linux-gnu/gazebo-11/plugins:/opt/ros/foxy/opt/yaml_cpp_vendor/lib:/opt/ros/foxy/opt/rviz_ogre_vendor/lib:/opt/ros/foxy/lib/x86_64-linux-gnu:/opt/ros/foxy/lib PYTHONPATH=/home/vasco/MEIA-PROJ4/ROS2-PX4-Workspace/install/px4_msgs/lib/python3.8/site-packages:/home/vasco/MEIA-PROJ4/ROS2-PX4-Workspace/install/px4_ros_mas_com/lib/python3.8/site-packages:/opt/ros/foxy/lib/python3.8/site-packages /usr/bin/cmake --install /home/vasco/MEIA-PROJ4/ROS2-PX4-Workspace/build/px4_ros_com
[7.773s] Level 1:colcon.colcon_core.environment:create_environment_scripts_only(px4_ros_com)
[7.775s] Level 1:colcon.colcon_core.environment:checking '/home/vasco/MEIA-PROJ4/ROS2-PX4-Workspace/install/px4_ros_com' for CMake module files
[7.777s] DEBUG:colcon.colcon_core.event_handler.log_command:Invoked command in '/home/vasco/MEIA-PROJ4/ROS2-PX4-Workspace/build/px4_ros_com' returned '0': CMAKE_PREFIX_PATH=/home/vasco/MEIA-PROJ4/ROS2-PX4-Workspace/install/px4_msgs:/home/vasco/MEIA-PROJ4/ROS2-PX4-Workspace/install/px4_ros_com:/home/vasco/MEIA-PROJ4/ROS2-PX4-Workspace/install/px4_ros_mas_com:/opt/ros/foxy LD_LIBRARY_PATH=/home/vasco/MEIA-PROJ4/ROS2-PX4-Workspace/install/px4_msgs/lib:/home/vasco/MEIA-PROJ4/ROS2-PX4-Workspace/install/px4_ros_com/lib:/usr/lib/x86_64-linux-gnu/gazebo-11/plugins:/opt/ros/foxy/opt/yaml_cpp_vendor/lib:/opt/ros/foxy/opt/rviz_ogre_vendor/lib:/opt/ros/foxy/lib/x86_64-linux-gnu:/opt/ros/foxy/lib PYTHONPATH=/home/vasco/MEIA-PROJ4/ROS2-PX4-Workspace/install/px4_msgs/lib/python3.8/site-packages:/home/vasco/MEIA-PROJ4/ROS2-PX4-Workspace/install/px4_ros_mas_com/lib/python3.8/site-packages:/opt/ros/foxy/lib/python3.8/site-packages /usr/bin/cmake --install /home/vasco/MEIA-PROJ4/ROS2-PX4-Workspace/build/px4_ros_com
[7.777s] Level 1:colcon.colcon_core.environment:checking '/home/vasco/MEIA-PROJ4/ROS2-PX4-Workspace/install/px4_ros_com' for CMake config files
[7.777s] Level 1:colcon.colcon_core.shell:create_environment_hook('px4_ros_com', 'cmake_prefix_path')
[7.779s] INFO:colcon.colcon_core.shell:Creating environment hook '/home/vasco/MEIA-PROJ4/ROS2-PX4-Workspace/install/px4_ros_com/share/px4_ros_com/hook/cmake_prefix_path.ps1'
[7.780s] INFO:colcon.colcon_core.shell:Creating environment descriptor '/home/vasco/MEIA-PROJ4/ROS2-PX4-Workspace/install/px4_ros_com/share/px4_ros_com/hook/cmake_prefix_path.dsv'
[7.780s] INFO:colcon.colcon_core.shell:Creating environment hook '/home/vasco/MEIA-PROJ4/ROS2-PX4-Workspace/install/px4_ros_com/share/px4_ros_com/hook/cmake_prefix_path.sh'
[7.780s] Level 1:colcon.colcon_core.environment:checking '/home/vasco/MEIA-PROJ4/ROS2-PX4-Workspace/install/px4_ros_com/lib'
[7.780s] Level 1:colcon.colcon_core.shell:create_environment_hook('px4_ros_com', 'ld_library_path_lib')
[7.782s] INFO:colcon.colcon_core.shell:Creating environment hook '/home/vasco/MEIA-PROJ4/ROS2-PX4-Workspace/install/px4_ros_com/share/px4_ros_com/hook/ld_library_path_lib.ps1'
[7.782s] INFO:colcon.colcon_core.shell:Creating environment descriptor '/home/vasco/MEIA-PROJ4/ROS2-PX4-Workspace/install/px4_ros_com/share/px4_ros_com/hook/ld_library_path_lib.dsv'
[7.783s] INFO:colcon.colcon_core.shell:Creating environment hook '/home/vasco/MEIA-PROJ4/ROS2-PX4-Workspace/install/px4_ros_com/share/px4_ros_com/hook/ld_library_path_lib.sh'
[7.783s] Level 1:colcon.colcon_core.environment:checking '/home/vasco/MEIA-PROJ4/ROS2-PX4-Workspace/install/px4_ros_com/bin'
[7.783s] Level 1:colcon.colcon_core.environment:checking '/home/vasco/MEIA-PROJ4/ROS2-PX4-Workspace/install/px4_ros_com/lib/pkgconfig/px4_ros_com.pc'
[7.783s] Level 1:colcon.colcon_core.environment:checking '/home/vasco/MEIA-PROJ4/ROS2-PX4-Workspace/install/px4_ros_com/lib/python3.8/site-packages'
[7.783s] Level 1:colcon.colcon_core.environment:checking '/home/vasco/MEIA-PROJ4/ROS2-PX4-Workspace/install/px4_ros_com/bin'
[7.785s] INFO:colcon.colcon_core.shell:Creating package script '/home/vasco/MEIA-PROJ4/ROS2-PX4-Workspace/install/px4_ros_com/share/px4_ros_com/package.ps1'
[7.785s] INFO:colcon.colcon_core.shell:Creating package descriptor '/home/vasco/MEIA-PROJ4/ROS2-PX4-Workspace/install/px4_ros_com/share/px4_ros_com/package.dsv'
[7.786s] INFO:colcon.colcon_core.shell:Creating package script '/home/vasco/MEIA-PROJ4/ROS2-PX4-Workspace/install/px4_ros_com/share/px4_ros_com/package.sh'
[7.786s] INFO:colcon.colcon_core.shell:Creating package script '/home/vasco/MEIA-PROJ4/ROS2-PX4-Workspace/install/px4_ros_com/share/px4_ros_com/package.bash'
[7.786s] INFO:colcon.colcon_core.shell:Creating package script '/home/vasco/MEIA-PROJ4/ROS2-PX4-Workspace/install/px4_ros_com/share/px4_ros_com/package.zsh'
[7.787s] Level 1:colcon.colcon_core.environment:create_file_with_runtime_dependencies(/home/vasco/MEIA-PROJ4/ROS2-PX4-Workspace/install/px4_ros_com/share/colcon-core/packages/px4_ros_com)
[7.823s] Level 1:colcon.colcon_core.environment:create_environment_scripts_only(px4_ros_com)
[7.825s] Level 1:colcon.colcon_core.environment:checking '/home/vasco/MEIA-PROJ4/ROS2-PX4-Workspace/install/px4_ros_com' for CMake module files
[7.826s] Level 1:colcon.colcon_core.environment:checking '/home/vasco/MEIA-PROJ4/ROS2-PX4-Workspace/install/px4_ros_com' for CMake config files
[7.826s] Level 1:colcon.colcon_core.shell:create_environment_hook('px4_ros_com', 'cmake_prefix_path')
[7.827s] INFO:colcon.colcon_core.shell:Creating environment hook '/home/vasco/MEIA-PROJ4/ROS2-PX4-Workspace/install/px4_ros_com/share/px4_ros_com/hook/cmake_prefix_path.ps1'
[7.827s] INFO:colcon.colcon_core.shell:Creating environment descriptor '/home/vasco/MEIA-PROJ4/ROS2-PX4-Workspace/install/px4_ros_com/share/px4_ros_com/hook/cmake_prefix_path.dsv'
[7.828s] INFO:colcon.colcon_core.shell:Creating environment hook '/home/vasco/MEIA-PROJ4/ROS2-PX4-Workspace/install/px4_ros_com/share/px4_ros_com/hook/cmake_prefix_path.sh'
[7.828s] Level 1:colcon.colcon_core.environment:checking '/home/vasco/MEIA-PROJ4/ROS2-PX4-Workspace/install/px4_ros_com/lib'
[7.828s] Level 1:colcon.colcon_core.shell:create_environment_hook('px4_ros_com', 'ld_library_path_lib')
[7.829s] INFO:colcon.colcon_core.shell:Creating environment hook '/home/vasco/MEIA-PROJ4/ROS2-PX4-Workspace/install/px4_ros_com/share/px4_ros_com/hook/ld_library_path_lib.ps1'
[7.830s] INFO:colcon.colcon_core.shell:Creating environment descriptor '/home/vasco/MEIA-PROJ4/ROS2-PX4-Workspace/install/px4_ros_com/share/px4_ros_com/hook/ld_library_path_lib.dsv'
[7.830s] INFO:colcon.colcon_core.shell:Creating environment hook '/home/vasco/MEIA-PROJ4/ROS2-PX4-Workspace/install/px4_ros_com/share/px4_ros_com/hook/ld_library_path_lib.sh'
[7.831s] Level 1:colcon.colcon_core.environment:checking '/home/vasco/MEIA-PROJ4/ROS2-PX4-Workspace/install/px4_ros_com/bin'
[7.831s] Level 1:colcon.colcon_core.environment:checking '/home/vasco/MEIA-PROJ4/ROS2-PX4-Workspace/install/px4_ros_com/lib/pkgconfig/px4_ros_com.pc'
[7.832s] Level 1:colcon.colcon_core.environment:checking '/home/vasco/MEIA-PROJ4/ROS2-PX4-Workspace/install/px4_ros_com/lib/python3.8/site-packages'
[7.832s] Level 1:colcon.colcon_core.environment:checking '/home/vasco/MEIA-PROJ4/ROS2-PX4-Workspace/install/px4_ros_com/bin'
[7.834s] INFO:colcon.colcon_core.shell:Creating package script '/home/vasco/MEIA-PROJ4/ROS2-PX4-Workspace/install/px4_ros_com/share/px4_ros_com/package.ps1'
[7.835s] INFO:colcon.colcon_core.shell:Creating package descriptor '/home/vasco/MEIA-PROJ4/ROS2-PX4-Workspace/install/px4_ros_com/share/px4_ros_com/package.dsv'
[7.835s] INFO:colcon.colcon_core.shell:Creating package script '/home/vasco/MEIA-PROJ4/ROS2-PX4-Workspace/install/px4_ros_com/share/px4_ros_com/package.sh'
[7.836s] INFO:colcon.colcon_core.shell:Creating package script '/home/vasco/MEIA-PROJ4/ROS2-PX4-Workspace/install/px4_ros_com/share/px4_ros_com/package.bash'
[7.836s] INFO:colcon.colcon_core.shell:Creating package script '/home/vasco/MEIA-PROJ4/ROS2-PX4-Workspace/install/px4_ros_com/share/px4_ros_com/package.zsh'
[7.837s] Level 1:colcon.colcon_core.environment:create_file_with_runtime_dependencies(/home/vasco/MEIA-PROJ4/ROS2-PX4-Workspace/install/px4_ros_com/share/colcon-core/packages/px4_ros_com)
[7.837s] DEBUG:colcon.colcon_parallel_executor.executor.parallel:closing loop
[7.838s] DEBUG:colcon.colcon_parallel_executor.executor.parallel:loop closed
[7.838s] DEBUG:colcon.colcon_parallel_executor.executor.parallel:run_until_complete finished with '0'
[7.838s] DEBUG:colcon.colcon_core.event_reactor:joining thread
[7.887s] INFO:colcon.colcon_core.plugin_system:Skipping extension 'colcon_notification.desktop_notification.notify_send': Could not find 'notify-send'
[7.888s] INFO:colcon.colcon_core.plugin_system:Skipping extension 'colcon_notification.desktop_notification.terminal_notifier': Not used on non-Darwin systems
[7.888s] INFO:colcon.colcon_core.plugin_system:Skipping extension 'colcon_notification.desktop_notification.win32': Not used on non-Windows systems
[7.888s] INFO:colcon.colcon_notification.desktop_notification:Sending desktop notification using 'notify2'
[7.891s] DEBUG:colcon.colcon_notification.desktop_notification.notify2:Failed to initialize notify2: org.freedesktop.DBus.Error.ServiceUnknown: The name org.freedesktop.Notifications was not provided by any .service files
[7.891s] DEBUG:colcon.colcon_core.event_reactor:joined thread
[7.893s] INFO:colcon.colcon_core.shell:Creating prefix script '/home/vasco/MEIA-PROJ4/ROS2-PX4-Workspace/install/local_setup.ps1'
[7.893s] INFO:colcon.colcon_core.shell:Creating prefix util module '/home/vasco/MEIA-PROJ4/ROS2-PX4-Workspace/install/_local_setup_util_ps1.py'
[7.895s] INFO:colcon.colcon_core.shell:Creating prefix chain script '/home/vasco/MEIA-PROJ4/ROS2-PX4-Workspace/install/setup.ps1'
[7.896s] INFO:colcon.colcon_core.shell:Creating prefix script '/home/vasco/MEIA-PROJ4/ROS2-PX4-Workspace/install/local_setup.sh'
[7.897s] INFO:colcon.colcon_core.shell:Creating prefix util module '/home/vasco/MEIA-PROJ4/ROS2-PX4-Workspace/install/_local_setup_util_sh.py'
[7.897s] INFO:colcon.colcon_core.shell:Creating prefix chain script '/home/vasco/MEIA-PROJ4/ROS2-PX4-Workspace/install/setup.sh'
[7.899s] INFO:colcon.colcon_core.shell:Creating prefix script '/home/vasco/MEIA-PROJ4/ROS2-PX4-Workspace/install/local_setup.bash'
[7.899s] INFO:colcon.colcon_core.shell:Creating prefix chain script '/home/vasco/MEIA-PROJ4/ROS2-PX4-Workspace/install/setup.bash'
[7.900s] INFO:colcon.colcon_core.shell:Creating prefix script '/home/vasco/MEIA-PROJ4/ROS2-PX4-Workspace/install/local_setup.zsh'
[7.901s] INFO:colcon.colcon_core.shell:Creating prefix chain script '/home/vasco/MEIA-PROJ4/ROS2-PX4-Workspace/install/setup.zsh'
