[0.492s] DEBUG:colcon:Command line arguments: ['/usr/bin/colcon', 'build']
[0.492s] DEBUG:colcon:Parsed command line arguments: Namespace(allow_overriding=[], ament_cmake_args=None, base_paths=['.'], build_base='build', catkin_cmake_args=None, catkin_skip_building_tests=False, cmake_args=None, cmake_clean_cache=False, cmake_clean_first=False, cmake_force_configure=False, cmake_target=None, cmake_target_skip_unavailable=False, continue_on_error=False, event_handlers=None, executor='parallel', ignore_user_meta=False, install_base='install', log_base=None, log_level=None, main=<bound method BuildVerb.main of <colcon_core.verb.build.BuildVerb object at 0x7f1c0cccee20>>, merge_install=False, metas=['./colcon.meta'], packages_above=None, packages_above_and_dependencies=None, packages_above_depth=None, packages_end=None, packages_ignore=None, packages_ignore_regex=None, packages_select=None, packages_select_build_failed=False, packages_select_by_dep=None, packages_select_regex=None, packages_select_test_failures=False, packages_skip=None, packages_skip_build_finished=False, packages_skip_by_dep=None, packages_skip_regex=None, packages_skip_test_passed=False, packages_skip_up_to=None, packages_start=None, packages_up_to=None, packages_up_to_regex=None, parallel_workers=12, paths=None, symlink_install=False, test_result_base=None, verb_extension=<colcon_core.verb.build.BuildVerb object at 0x7f1c0cccee20>, verb_name='build', verb_parser=<colcon_defaults.argument_parser.defaults.DefaultArgumentsDecorator object at 0x7f1c0cbef640>)
[0.563s] Level 1:colcon.colcon_core.package_discovery:discover_packages(colcon_meta) check parameters
[0.563s] Level 1:colcon.colcon_core.package_discovery:discover_packages(recursive) check parameters
[0.563s] Level 1:colcon.colcon_core.package_discovery:discover_packages(ignore) check parameters
[0.563s] Level 1:colcon.colcon_core.package_discovery:discover_packages(path) check parameters
[0.563s] Level 1:colcon.colcon_core.package_discovery:discover_packages(colcon_meta) discover
[0.563s] Level 1:colcon.colcon_core.package_discovery:discover_packages(recursive) discover
[0.563s] INFO:colcon.colcon_core.package_discovery:Crawling recursively for packages in '/home/vascor/MEIA-PROJ4'
[0.563s] Level 1:colcon.colcon_core.package_identification:_identify(.) by extensions ['ignore', 'ignore_ament_install']
[0.563s] Level 1:colcon.colcon_core.package_identification:_identify(.) by extension 'ignore'
[0.563s] Level 1:colcon.colcon_core.package_identification:_identify(.) by extension 'ignore_ament_install'
[0.563s] Level 1:colcon.colcon_core.package_identification:_identify(.) by extensions ['colcon_pkg']
[0.563s] Level 1:colcon.colcon_core.package_identification:_identify(.) by extension 'colcon_pkg'
[0.563s] Level 1:colcon.colcon_core.package_identification:_identify(.) by extensions ['colcon_meta']
[0.563s] Level 1:colcon.colcon_core.package_identification:_identify(.) by extension 'colcon_meta'
[0.563s] Level 1:colcon.colcon_core.package_identification:_identify(.) by extensions ['ros']
[0.563s] Level 1:colcon.colcon_core.package_identification:_identify(.) by extension 'ros'
[0.579s] Level 1:colcon.colcon_core.package_identification:_identify(.) by extensions ['cmake', 'python']
[0.579s] Level 1:colcon.colcon_core.package_identification:_identify(.) by extension 'cmake'
[0.579s] Level 1:colcon.colcon_core.package_identification:_identify(.) by extension 'python'
[0.579s] Level 1:colcon.colcon_core.package_identification:_identify(.) by extensions ['python_setup_py']
[0.579s] Level 1:colcon.colcon_core.package_identification:_identify(.) by extension 'python_setup_py'
[0.579s] Level 1:colcon.colcon_core.package_identification:_identify(ROS2-PX4-Workspace) by extensions ['ignore', 'ignore_ament_install']
[0.579s] Level 1:colcon.colcon_core.package_identification:_identify(ROS2-PX4-Workspace) by extension 'ignore'
[0.579s] Level 1:colcon.colcon_core.package_identification:_identify(ROS2-PX4-Workspace) by extension 'ignore_ament_install'
[0.579s] Level 1:colcon.colcon_core.package_identification:_identify(ROS2-PX4-Workspace) by extensions ['colcon_pkg']
[0.579s] Level 1:colcon.colcon_core.package_identification:_identify(ROS2-PX4-Workspace) by extension 'colcon_pkg'
[0.579s] Level 1:colcon.colcon_core.package_identification:_identify(ROS2-PX4-Workspace) by extensions ['colcon_meta']
[0.579s] Level 1:colcon.colcon_core.package_identification:_identify(ROS2-PX4-Workspace) by extension 'colcon_meta'
[0.579s] Level 1:colcon.colcon_core.package_identification:_identify(ROS2-PX4-Workspace) by extensions ['ros']
[0.579s] Level 1:colcon.colcon_core.package_identification:_identify(ROS2-PX4-Workspace) by extension 'ros'
[0.580s] Level 1:colcon.colcon_core.package_identification:_identify(ROS2-PX4-Workspace) by extensions ['cmake', 'python']
[0.580s] Level 1:colcon.colcon_core.package_identification:_identify(ROS2-PX4-Workspace) by extension 'cmake'
[0.580s] Level 1:colcon.colcon_core.package_identification:_identify(ROS2-PX4-Workspace) by extension 'python'
[0.580s] Level 1:colcon.colcon_core.package_identification:_identify(ROS2-PX4-Workspace) by extensions ['python_setup_py']
[0.580s] Level 1:colcon.colcon_core.package_identification:_identify(ROS2-PX4-Workspace) by extension 'python_setup_py'
[0.580s] Level 1:colcon.colcon_core.package_identification:_identify(ROS2-PX4-Workspace/px4_msgs) by extensions ['ignore', 'ignore_ament_install']
[0.580s] Level 1:colcon.colcon_core.package_identification:_identify(ROS2-PX4-Workspace/px4_msgs) by extension 'ignore'
[0.580s] Level 1:colcon.colcon_core.package_identification:_identify(ROS2-PX4-Workspace/px4_msgs) by extension 'ignore_ament_install'
[0.580s] Level 1:colcon.colcon_core.package_identification:_identify(ROS2-PX4-Workspace/px4_msgs) by extensions ['colcon_pkg']
[0.580s] Level 1:colcon.colcon_core.package_identification:_identify(ROS2-PX4-Workspace/px4_msgs) by extension 'colcon_pkg'
[0.580s] Level 1:colcon.colcon_core.package_identification:_identify(ROS2-PX4-Workspace/px4_msgs) by extensions ['colcon_meta']
[0.580s] Level 1:colcon.colcon_core.package_identification:_identify(ROS2-PX4-Workspace/px4_msgs) by extension 'colcon_meta'
[0.580s] Level 1:colcon.colcon_core.package_identification:_identify(ROS2-PX4-Workspace/px4_msgs) by extensions ['ros']
[0.580s] Level 1:colcon.colcon_core.package_identification:_identify(ROS2-PX4-Workspace/px4_msgs) by extension 'ros'
[0.583s] DEBUG:colcon.colcon_core.package_identification:Package 'ROS2-PX4-Workspace/px4_msgs' with type 'ros.ament_cmake' and name 'px4_msgs'
[0.583s] Level 1:colcon.colcon_core.package_identification:_identify(ROS2-PX4-Workspace/px4_ros_com) by extensions ['ignore', 'ignore_ament_install']
[0.583s] Level 1:colcon.colcon_core.package_identification:_identify(ROS2-PX4-Workspace/px4_ros_com) by extension 'ignore'
[0.583s] Level 1:colcon.colcon_core.package_identification:_identify(ROS2-PX4-Workspace/px4_ros_com) by extension 'ignore_ament_install'
[0.583s] Level 1:colcon.colcon_core.package_identification:_identify(ROS2-PX4-Workspace/px4_ros_com) by extensions ['colcon_pkg']
[0.583s] Level 1:colcon.colcon_core.package_identification:_identify(ROS2-PX4-Workspace/px4_ros_com) by extension 'colcon_pkg'
[0.583s] Level 1:colcon.colcon_core.package_identification:_identify(ROS2-PX4-Workspace/px4_ros_com) by extensions ['colcon_meta']
[0.583s] Level 1:colcon.colcon_core.package_identification:_identify(ROS2-PX4-Workspace/px4_ros_com) by extension 'colcon_meta'
[0.583s] Level 1:colcon.colcon_core.package_identification:_identify(ROS2-PX4-Workspace/px4_ros_com) by extensions ['ros']
[0.583s] Level 1:colcon.colcon_core.package_identification:_identify(ROS2-PX4-Workspace/px4_ros_com) by extension 'ros'
[0.584s] DEBUG:colcon.colcon_core.package_identification:Package 'ROS2-PX4-Workspace/px4_ros_com' with type 'ros.ament_cmake' and name 'px4_ros_com'
[0.584s] Level 1:colcon.colcon_core.package_identification:_identify(build) by extensions ['ignore', 'ignore_ament_install']
[0.584s] Level 1:colcon.colcon_core.package_identification:_identify(build) by extension 'ignore'
[0.584s] Level 1:colcon.colcon_core.package_identification:_identify(build) ignored
[0.585s] Level 1:colcon.colcon_core.package_identification:_identify(install) by extensions ['ignore', 'ignore_ament_install']
[0.585s] Level 1:colcon.colcon_core.package_identification:_identify(install) by extension 'ignore'
[0.585s] Level 1:colcon.colcon_core.package_identification:_identify(install) ignored
[0.585s] Level 1:colcon.colcon_core.package_identification:_identify(log) by extensions ['ignore', 'ignore_ament_install']
[0.585s] Level 1:colcon.colcon_core.package_identification:_identify(log) by extension 'ignore'
[0.585s] Level 1:colcon.colcon_core.package_identification:_identify(log) ignored
[0.585s] Level 1:colcon.colcon_core.package_discovery:discover_packages(recursive) using defaults
[0.585s] Level 1:colcon.colcon_core.package_discovery:discover_packages(ignore) discover
[0.585s] Level 1:colcon.colcon_core.package_discovery:discover_packages(ignore) using defaults
[0.585s] Level 1:colcon.colcon_core.package_discovery:discover_packages(path) discover
[0.585s] Level 1:colcon.colcon_core.package_discovery:discover_packages(path) using defaults
[0.609s] Level 1:colcon.colcon_core.package_discovery:discover_packages(prefix_path) check parameters
[0.609s] Level 1:colcon.colcon_core.package_discovery:discover_packages(prefix_path) discover
[0.615s] DEBUG:colcon.colcon_installed_package_information.package_discovery:Found 263 installed packages in /opt/ros/foxy
[0.616s] Level 1:colcon.colcon_core.package_discovery:discover_packages(prefix_path) using defaults
[0.666s] Level 5:colcon.colcon_core.verb:set package 'px4_msgs' build argument 'cmake_args' from command line to 'None'
[0.666s] Level 5:colcon.colcon_core.verb:set package 'px4_msgs' build argument 'cmake_target' from command line to 'None'
[0.666s] Level 5:colcon.colcon_core.verb:set package 'px4_msgs' build argument 'cmake_target_skip_unavailable' from command line to 'False'
[0.666s] Level 5:colcon.colcon_core.verb:set package 'px4_msgs' build argument 'cmake_clean_cache' from command line to 'False'
[0.666s] Level 5:colcon.colcon_core.verb:set package 'px4_msgs' build argument 'cmake_clean_first' from command line to 'False'
[0.666s] Level 5:colcon.colcon_core.verb:set package 'px4_msgs' build argument 'cmake_force_configure' from command line to 'False'
[0.666s] Level 5:colcon.colcon_core.verb:set package 'px4_msgs' build argument 'ament_cmake_args' from command line to 'None'
[0.666s] Level 5:colcon.colcon_core.verb:set package 'px4_msgs' build argument 'catkin_cmake_args' from command line to 'None'
[0.666s] Level 5:colcon.colcon_core.verb:set package 'px4_msgs' build argument 'catkin_skip_building_tests' from command line to 'False'
[0.666s] DEBUG:colcon.colcon_core.verb:Building package 'px4_msgs' with the following arguments: {'ament_cmake_args': None, 'build_base': '/home/vascor/MEIA-PROJ4/build/px4_msgs', 'catkin_cmake_args': None, 'catkin_skip_building_tests': False, 'cmake_args': None, 'cmake_clean_cache': False, 'cmake_clean_first': False, 'cmake_force_configure': False, 'cmake_target': None, 'cmake_target_skip_unavailable': False, 'install_base': '/home/vascor/MEIA-PROJ4/install/px4_msgs', 'merge_install': False, 'path': '/home/vascor/MEIA-PROJ4/ROS2-PX4-Workspace/px4_msgs', 'symlink_install': False, 'test_result_base': None}
[0.667s] Level 5:colcon.colcon_core.verb:set package 'px4_ros_com' build argument 'cmake_args' from command line to 'None'
[0.667s] Level 5:colcon.colcon_core.verb:set package 'px4_ros_com' build argument 'cmake_target' from command line to 'None'
[0.667s] Level 5:colcon.colcon_core.verb:set package 'px4_ros_com' build argument 'cmake_target_skip_unavailable' from command line to 'False'
[0.667s] Level 5:colcon.colcon_core.verb:set package 'px4_ros_com' build argument 'cmake_clean_cache' from command line to 'False'
[0.667s] Level 5:colcon.colcon_core.verb:set package 'px4_ros_com' build argument 'cmake_clean_first' from command line to 'False'
[0.667s] Level 5:colcon.colcon_core.verb:set package 'px4_ros_com' build argument 'cmake_force_configure' from command line to 'False'
[0.667s] Level 5:colcon.colcon_core.verb:set package 'px4_ros_com' build argument 'ament_cmake_args' from command line to 'None'
[0.667s] Level 5:colcon.colcon_core.verb:set package 'px4_ros_com' build argument 'catkin_cmake_args' from command line to 'None'
[0.667s] Level 5:colcon.colcon_core.verb:set package 'px4_ros_com' build argument 'catkin_skip_building_tests' from command line to 'False'
[0.667s] DEBUG:colcon.colcon_core.verb:Building package 'px4_ros_com' with the following arguments: {'ament_cmake_args': None, 'build_base': '/home/vascor/MEIA-PROJ4/build/px4_ros_com', 'catkin_cmake_args': None, 'catkin_skip_building_tests': False, 'cmake_args': None, 'cmake_clean_cache': False, 'cmake_clean_first': False, 'cmake_force_configure': False, 'cmake_target': None, 'cmake_target_skip_unavailable': False, 'install_base': '/home/vascor/MEIA-PROJ4/install/px4_ros_com', 'merge_install': False, 'path': '/home/vascor/MEIA-PROJ4/ROS2-PX4-Workspace/px4_ros_com', 'symlink_install': False, 'test_result_base': None}
[0.667s] INFO:colcon.colcon_core.executor:Executing jobs using 'parallel' executor
[0.670s] DEBUG:colcon.colcon_parallel_executor.executor.parallel:run_until_complete
[0.671s] INFO:colcon.colcon_ros.task.ament_cmake.build:Building ROS package in '/home/vascor/MEIA-PROJ4/ROS2-PX4-Workspace/px4_msgs' with build type 'ament_cmake'
[0.671s] INFO:colcon.colcon_cmake.task.cmake.build:Building CMake package in '/home/vascor/MEIA-PROJ4/ROS2-PX4-Workspace/px4_msgs'
[0.679s] INFO:colcon.colcon_core.plugin_system:Skipping extension 'colcon_core.shell.bat': Not used on non-Windows systems
[0.679s] INFO:colcon.colcon_core.shell:Skip shell extension 'powershell' for command environment: Not usable outside of PowerShell
[0.679s] DEBUG:colcon.colcon_core.shell:Skip shell extension 'dsv' for command environment
[0.685s] DEBUG:colcon.colcon_core.event_handler.log_command:Invoking command in '/home/vascor/MEIA-PROJ4/build/px4_msgs': CMAKE_PREFIX_PATH=/opt/ros/foxy /usr/bin/cmake /home/vascor/MEIA-PROJ4/ROS2-PX4-Workspace/px4_msgs -DCMAKE_INSTALL_PREFIX=/home/vascor/MEIA-PROJ4/install/px4_msgs
[20.126s] DEBUG:colcon.colcon_core.event_handler.log_command:Invoked command in '/home/vascor/MEIA-PROJ4/build/px4_msgs' returned '0': CMAKE_PREFIX_PATH=/opt/ros/foxy /usr/bin/cmake /home/vascor/MEIA-PROJ4/ROS2-PX4-Workspace/px4_msgs -DCMAKE_INSTALL_PREFIX=/home/vascor/MEIA-PROJ4/install/px4_msgs
[20.127s] DEBUG:colcon.colcon_core.event_handler.log_command:Invoking command in '/home/vascor/MEIA-PROJ4/build/px4_msgs': CMAKE_PREFIX_PATH=/opt/ros/foxy /usr/bin/cmake --build /home/vascor/MEIA-PROJ4/build/px4_msgs -- -j12 -l12
[170.270s] DEBUG:colcon.colcon_core.event_handler.log_command:Invoked command in '/home/vascor/MEIA-PROJ4/build/px4_msgs' returned '0': CMAKE_PREFIX_PATH=/opt/ros/foxy /usr/bin/cmake --build /home/vascor/MEIA-PROJ4/build/px4_msgs -- -j12 -l12
[172.318s] DEBUG:colcon.colcon_core.event_handler.log_command:Invoking command in '/home/vascor/MEIA-PROJ4/build/px4_msgs': CMAKE_PREFIX_PATH=/opt/ros/foxy /usr/bin/cmake --install /home/vascor/MEIA-PROJ4/build/px4_msgs
[172.822s] Level 1:colcon.colcon_core.environment:create_environment_scripts_only(px4_msgs)
[172.901s] DEBUG:colcon.colcon_core.event_handler.log_command:Invoked command in '/home/vascor/MEIA-PROJ4/build/px4_msgs' returned '0': CMAKE_PREFIX_PATH=/opt/ros/foxy /usr/bin/cmake --install /home/vascor/MEIA-PROJ4/build/px4_msgs
[172.909s] Level 1:colcon.colcon_core.environment:checking '/home/vascor/MEIA-PROJ4/install/px4_msgs' for CMake module files
[172.909s] Level 1:colcon.colcon_core.environment:checking '/home/vascor/MEIA-PROJ4/install/px4_msgs' for CMake config files
[172.910s] Level 1:colcon.colcon_core.shell:create_environment_hook('px4_msgs', 'cmake_prefix_path')
[172.911s] INFO:colcon.colcon_core.shell:Creating environment hook '/home/vascor/MEIA-PROJ4/install/px4_msgs/share/px4_msgs/hook/cmake_prefix_path.ps1'
[172.912s] INFO:colcon.colcon_core.shell:Creating environment descriptor '/home/vascor/MEIA-PROJ4/install/px4_msgs/share/px4_msgs/hook/cmake_prefix_path.dsv'
[172.913s] INFO:colcon.colcon_core.shell:Creating environment hook '/home/vascor/MEIA-PROJ4/install/px4_msgs/share/px4_msgs/hook/cmake_prefix_path.sh'
[172.914s] Level 1:colcon.colcon_core.environment:checking '/home/vascor/MEIA-PROJ4/install/px4_msgs/lib'
[172.914s] Level 1:colcon.colcon_core.shell:create_environment_hook('px4_msgs', 'ld_library_path_lib')
[172.915s] INFO:colcon.colcon_core.shell:Creating environment hook '/home/vascor/MEIA-PROJ4/install/px4_msgs/share/px4_msgs/hook/ld_library_path_lib.ps1'
[172.916s] INFO:colcon.colcon_core.shell:Creating environment descriptor '/home/vascor/MEIA-PROJ4/install/px4_msgs/share/px4_msgs/hook/ld_library_path_lib.dsv'
[172.916s] INFO:colcon.colcon_core.shell:Creating environment hook '/home/vascor/MEIA-PROJ4/install/px4_msgs/share/px4_msgs/hook/ld_library_path_lib.sh'
[172.916s] Level 1:colcon.colcon_core.environment:checking '/home/vascor/MEIA-PROJ4/install/px4_msgs/bin'
[172.916s] Level 1:colcon.colcon_core.environment:checking '/home/vascor/MEIA-PROJ4/install/px4_msgs/lib/pkgconfig/px4_msgs.pc'
[172.916s] Level 1:colcon.colcon_core.environment:checking '/home/vascor/MEIA-PROJ4/install/px4_msgs/lib/python3.8/site-packages'
[172.916s] Level 1:colcon.colcon_core.shell:create_environment_hook('px4_msgs', 'pythonpath')
[172.917s] INFO:colcon.colcon_core.shell:Creating environment hook '/home/vascor/MEIA-PROJ4/install/px4_msgs/share/px4_msgs/hook/pythonpath.ps1'
[172.918s] INFO:colcon.colcon_core.shell:Creating environment descriptor '/home/vascor/MEIA-PROJ4/install/px4_msgs/share/px4_msgs/hook/pythonpath.dsv'
[172.918s] INFO:colcon.colcon_core.shell:Creating environment hook '/home/vascor/MEIA-PROJ4/install/px4_msgs/share/px4_msgs/hook/pythonpath.sh'
[172.918s] Level 1:colcon.colcon_core.environment:checking '/home/vascor/MEIA-PROJ4/install/px4_msgs/bin'
[172.919s] INFO:colcon.colcon_core.shell:Creating package script '/home/vascor/MEIA-PROJ4/install/px4_msgs/share/px4_msgs/package.ps1'
[172.920s] INFO:colcon.colcon_core.shell:Creating package descriptor '/home/vascor/MEIA-PROJ4/install/px4_msgs/share/px4_msgs/package.dsv'
[172.921s] INFO:colcon.colcon_core.shell:Creating package script '/home/vascor/MEIA-PROJ4/install/px4_msgs/share/px4_msgs/package.sh'
[172.922s] INFO:colcon.colcon_core.shell:Creating package script '/home/vascor/MEIA-PROJ4/install/px4_msgs/share/px4_msgs/package.bash'
[172.923s] INFO:colcon.colcon_core.shell:Creating package script '/home/vascor/MEIA-PROJ4/install/px4_msgs/share/px4_msgs/package.zsh'
[172.924s] Level 1:colcon.colcon_core.environment:create_file_with_runtime_dependencies(/home/vascor/MEIA-PROJ4/install/px4_msgs/share/colcon-core/packages/px4_msgs)
[174.986s] Level 1:colcon.colcon_core.environment:create_environment_scripts_only(px4_msgs)
[174.988s] Level 1:colcon.colcon_core.environment:checking '/home/vascor/MEIA-PROJ4/install/px4_msgs' for CMake module files
[174.988s] Level 1:colcon.colcon_core.environment:checking '/home/vascor/MEIA-PROJ4/install/px4_msgs' for CMake config files
[174.989s] Level 1:colcon.colcon_core.shell:create_environment_hook('px4_msgs', 'cmake_prefix_path')
[174.990s] INFO:colcon.colcon_core.shell:Creating environment hook '/home/vascor/MEIA-PROJ4/install/px4_msgs/share/px4_msgs/hook/cmake_prefix_path.ps1'
[174.990s] INFO:colcon.colcon_core.shell:Creating environment descriptor '/home/vascor/MEIA-PROJ4/install/px4_msgs/share/px4_msgs/hook/cmake_prefix_path.dsv'
[174.990s] INFO:colcon.colcon_core.shell:Creating environment hook '/home/vascor/MEIA-PROJ4/install/px4_msgs/share/px4_msgs/hook/cmake_prefix_path.sh'
[174.991s] Level 1:colcon.colcon_core.environment:checking '/home/vascor/MEIA-PROJ4/install/px4_msgs/lib'
[174.991s] Level 1:colcon.colcon_core.shell:create_environment_hook('px4_msgs', 'ld_library_path_lib')
[174.992s] INFO:colcon.colcon_core.shell:Creating environment hook '/home/vascor/MEIA-PROJ4/install/px4_msgs/share/px4_msgs/hook/ld_library_path_lib.ps1'
[174.992s] INFO:colcon.colcon_core.shell:Creating environment descriptor '/home/vascor/MEIA-PROJ4/install/px4_msgs/share/px4_msgs/hook/ld_library_path_lib.dsv'
[174.992s] INFO:colcon.colcon_core.shell:Creating environment hook '/home/vascor/MEIA-PROJ4/install/px4_msgs/share/px4_msgs/hook/ld_library_path_lib.sh'
[174.993s] Level 1:colcon.colcon_core.environment:checking '/home/vascor/MEIA-PROJ4/install/px4_msgs/bin'
[174.993s] Level 1:colcon.colcon_core.environment:checking '/home/vascor/MEIA-PROJ4/install/px4_msgs/lib/pkgconfig/px4_msgs.pc'
[174.993s] Level 1:colcon.colcon_core.environment:checking '/home/vascor/MEIA-PROJ4/install/px4_msgs/lib/python3.8/site-packages'
[174.993s] Level 1:colcon.colcon_core.shell:create_environment_hook('px4_msgs', 'pythonpath')
[174.994s] INFO:colcon.colcon_core.shell:Creating environment hook '/home/vascor/MEIA-PROJ4/install/px4_msgs/share/px4_msgs/hook/pythonpath.ps1'
[174.994s] INFO:colcon.colcon_core.shell:Creating environment descriptor '/home/vascor/MEIA-PROJ4/install/px4_msgs/share/px4_msgs/hook/pythonpath.dsv'
[174.994s] INFO:colcon.colcon_core.shell:Creating environment hook '/home/vascor/MEIA-PROJ4/install/px4_msgs/share/px4_msgs/hook/pythonpath.sh'
[174.995s] Level 1:colcon.colcon_core.environment:checking '/home/vascor/MEIA-PROJ4/install/px4_msgs/bin'
[174.996s] INFO:colcon.colcon_core.shell:Creating package script '/home/vascor/MEIA-PROJ4/install/px4_msgs/share/px4_msgs/package.ps1'
[174.996s] INFO:colcon.colcon_core.shell:Creating package descriptor '/home/vascor/MEIA-PROJ4/install/px4_msgs/share/px4_msgs/package.dsv'
[174.997s] INFO:colcon.colcon_core.shell:Creating package script '/home/vascor/MEIA-PROJ4/install/px4_msgs/share/px4_msgs/package.sh'
[174.997s] INFO:colcon.colcon_core.shell:Creating package script '/home/vascor/MEIA-PROJ4/install/px4_msgs/share/px4_msgs/package.bash'
[174.997s] INFO:colcon.colcon_core.shell:Creating package script '/home/vascor/MEIA-PROJ4/install/px4_msgs/share/px4_msgs/package.zsh'
[174.997s] Level 1:colcon.colcon_core.environment:create_file_with_runtime_dependencies(/home/vascor/MEIA-PROJ4/install/px4_msgs/share/colcon-core/packages/px4_msgs)
[174.998s] INFO:colcon.colcon_ros.task.ament_cmake.build:Building ROS package in '/home/vascor/MEIA-PROJ4/ROS2-PX4-Workspace/px4_ros_com' with build type 'ament_cmake'
[174.998s] INFO:colcon.colcon_cmake.task.cmake.build:Building CMake package in '/home/vascor/MEIA-PROJ4/ROS2-PX4-Workspace/px4_ros_com'
[174.999s] INFO:colcon.colcon_core.shell:Skip shell extension 'powershell' for command environment: Not usable outside of PowerShell
[174.999s] DEBUG:colcon.colcon_core.shell:Skip shell extension 'dsv' for command environment
[175.253s] DEBUG:colcon.colcon_core.event_handler.log_command:Invoking command in '/home/vascor/MEIA-PROJ4/build/px4_ros_com': AMENT_PREFIX_PATH=/home/vascor/MEIA-PROJ4/install/px4_msgs:${AMENT_PREFIX_PATH} CMAKE_PREFIX_PATH=/home/vascor/MEIA-PROJ4/install/px4_msgs:/opt/ros/foxy LD_LIBRARY_PATH=/home/vascor/MEIA-PROJ4/install/px4_msgs/lib:${LD_LIBRARY_PATH} PYTHONPATH=/home/vascor/MEIA-PROJ4/install/px4_msgs/lib/python3.8/site-packages:${PYTHONPATH} /usr/bin/cmake /home/vascor/MEIA-PROJ4/ROS2-PX4-Workspace/px4_ros_com -DCMAKE_INSTALL_PREFIX=/home/vascor/MEIA-PROJ4/install/px4_ros_com
[187.168s] DEBUG:colcon.colcon_core.event_handler.log_command:Invoked command in '/home/vascor/MEIA-PROJ4/build/px4_ros_com' returned '0': AMENT_PREFIX_PATH=/home/vascor/MEIA-PROJ4/install/px4_msgs:${AMENT_PREFIX_PATH} CMAKE_PREFIX_PATH=/home/vascor/MEIA-PROJ4/install/px4_msgs:/opt/ros/foxy LD_LIBRARY_PATH=/home/vascor/MEIA-PROJ4/install/px4_msgs/lib:${LD_LIBRARY_PATH} PYTHONPATH=/home/vascor/MEIA-PROJ4/install/px4_msgs/lib/python3.8/site-packages:${PYTHONPATH} /usr/bin/cmake /home/vascor/MEIA-PROJ4/ROS2-PX4-Workspace/px4_ros_com -DCMAKE_INSTALL_PREFIX=/home/vascor/MEIA-PROJ4/install/px4_ros_com
[187.170s] DEBUG:colcon.colcon_core.event_handler.log_command:Invoking command in '/home/vascor/MEIA-PROJ4/build/px4_ros_com': AMENT_PREFIX_PATH=/home/vascor/MEIA-PROJ4/install/px4_msgs:${AMENT_PREFIX_PATH} CMAKE_PREFIX_PATH=/home/vascor/MEIA-PROJ4/install/px4_msgs:/opt/ros/foxy LD_LIBRARY_PATH=/home/vascor/MEIA-PROJ4/install/px4_msgs/lib:${LD_LIBRARY_PATH} PYTHONPATH=/home/vascor/MEIA-PROJ4/install/px4_msgs/lib/python3.8/site-packages:${PYTHONPATH} /usr/bin/cmake --build /home/vascor/MEIA-PROJ4/build/px4_ros_com -- -j12 -l12
[192.904s] DEBUG:colcon.colcon_core.event_handler.log_command:Invoked command in '/home/vascor/MEIA-PROJ4/build/px4_ros_com' returned '0': AMENT_PREFIX_PATH=/home/vascor/MEIA-PROJ4/install/px4_msgs:${AMENT_PREFIX_PATH} CMAKE_PREFIX_PATH=/home/vascor/MEIA-PROJ4/install/px4_msgs:/opt/ros/foxy LD_LIBRARY_PATH=/home/vascor/MEIA-PROJ4/install/px4_msgs/lib:${LD_LIBRARY_PATH} PYTHONPATH=/home/vascor/MEIA-PROJ4/install/px4_msgs/lib/python3.8/site-packages:${PYTHONPATH} /usr/bin/cmake --build /home/vascor/MEIA-PROJ4/build/px4_ros_com -- -j12 -l12
[192.936s] DEBUG:colcon.colcon_core.event_handler.log_command:Invoking command in '/home/vascor/MEIA-PROJ4/build/px4_ros_com': AMENT_PREFIX_PATH=/home/vascor/MEIA-PROJ4/install/px4_msgs:${AMENT_PREFIX_PATH} CMAKE_PREFIX_PATH=/home/vascor/MEIA-PROJ4/install/px4_msgs:/opt/ros/foxy LD_LIBRARY_PATH=/home/vascor/MEIA-PROJ4/install/px4_msgs/lib:${LD_LIBRARY_PATH} PYTHONPATH=/home/vascor/MEIA-PROJ4/install/px4_msgs/lib/python3.8/site-packages:${PYTHONPATH} /usr/bin/cmake --install /home/vascor/MEIA-PROJ4/build/px4_ros_com
[192.962s] Level 1:colcon.colcon_core.environment:create_environment_scripts_only(px4_ros_com)
[192.964s] Level 1:colcon.colcon_core.environment:checking '/home/vascor/MEIA-PROJ4/install/px4_ros_com' for CMake module files
[192.965s] DEBUG:colcon.colcon_core.event_handler.log_command:Invoked command in '/home/vascor/MEIA-PROJ4/build/px4_ros_com' returned '0': AMENT_PREFIX_PATH=/home/vascor/MEIA-PROJ4/install/px4_msgs:${AMENT_PREFIX_PATH} CMAKE_PREFIX_PATH=/home/vascor/MEIA-PROJ4/install/px4_msgs:/opt/ros/foxy LD_LIBRARY_PATH=/home/vascor/MEIA-PROJ4/install/px4_msgs/lib:${LD_LIBRARY_PATH} PYTHONPATH=/home/vascor/MEIA-PROJ4/install/px4_msgs/lib/python3.8/site-packages:${PYTHONPATH} /usr/bin/cmake --install /home/vascor/MEIA-PROJ4/build/px4_ros_com
[192.966s] Level 1:colcon.colcon_core.environment:checking '/home/vascor/MEIA-PROJ4/install/px4_ros_com' for CMake config files
[192.966s] Level 1:colcon.colcon_core.shell:create_environment_hook('px4_ros_com', 'cmake_prefix_path')
[192.968s] INFO:colcon.colcon_core.shell:Creating environment hook '/home/vascor/MEIA-PROJ4/install/px4_ros_com/share/px4_ros_com/hook/cmake_prefix_path.ps1'
[192.969s] INFO:colcon.colcon_core.shell:Creating environment descriptor '/home/vascor/MEIA-PROJ4/install/px4_ros_com/share/px4_ros_com/hook/cmake_prefix_path.dsv'
[192.969s] INFO:colcon.colcon_core.shell:Creating environment hook '/home/vascor/MEIA-PROJ4/install/px4_ros_com/share/px4_ros_com/hook/cmake_prefix_path.sh'
[192.970s] Level 1:colcon.colcon_core.environment:checking '/home/vascor/MEIA-PROJ4/install/px4_ros_com/lib'
[192.970s] Level 1:colcon.colcon_core.shell:create_environment_hook('px4_ros_com', 'ld_library_path_lib')
[192.972s] INFO:colcon.colcon_core.shell:Creating environment hook '/home/vascor/MEIA-PROJ4/install/px4_ros_com/share/px4_ros_com/hook/ld_library_path_lib.ps1'
[192.972s] INFO:colcon.colcon_core.shell:Creating environment descriptor '/home/vascor/MEIA-PROJ4/install/px4_ros_com/share/px4_ros_com/hook/ld_library_path_lib.dsv'
[192.972s] INFO:colcon.colcon_core.shell:Creating environment hook '/home/vascor/MEIA-PROJ4/install/px4_ros_com/share/px4_ros_com/hook/ld_library_path_lib.sh'
[192.973s] Level 1:colcon.colcon_core.environment:checking '/home/vascor/MEIA-PROJ4/install/px4_ros_com/bin'
[192.973s] Level 1:colcon.colcon_core.environment:checking '/home/vascor/MEIA-PROJ4/install/px4_ros_com/lib/pkgconfig/px4_ros_com.pc'
[192.973s] Level 1:colcon.colcon_core.environment:checking '/home/vascor/MEIA-PROJ4/install/px4_ros_com/lib/python3.8/site-packages'
[192.973s] Level 1:colcon.colcon_core.environment:checking '/home/vascor/MEIA-PROJ4/install/px4_ros_com/bin'
[192.975s] INFO:colcon.colcon_core.shell:Creating package script '/home/vascor/MEIA-PROJ4/install/px4_ros_com/share/px4_ros_com/package.ps1'
[192.975s] INFO:colcon.colcon_core.shell:Creating package descriptor '/home/vascor/MEIA-PROJ4/install/px4_ros_com/share/px4_ros_com/package.dsv'
[192.975s] INFO:colcon.colcon_core.shell:Creating package script '/home/vascor/MEIA-PROJ4/install/px4_ros_com/share/px4_ros_com/package.sh'
[192.976s] INFO:colcon.colcon_core.shell:Creating package script '/home/vascor/MEIA-PROJ4/install/px4_ros_com/share/px4_ros_com/package.bash'
[192.976s] INFO:colcon.colcon_core.shell:Creating package script '/home/vascor/MEIA-PROJ4/install/px4_ros_com/share/px4_ros_com/package.zsh'
[192.976s] Level 1:colcon.colcon_core.environment:create_file_with_runtime_dependencies(/home/vascor/MEIA-PROJ4/install/px4_ros_com/share/colcon-core/packages/px4_ros_com)
[193.006s] Level 1:colcon.colcon_core.environment:create_environment_scripts_only(px4_ros_com)
[193.008s] Level 1:colcon.colcon_core.environment:checking '/home/vascor/MEIA-PROJ4/install/px4_ros_com' for CMake module files
[193.009s] Level 1:colcon.colcon_core.environment:checking '/home/vascor/MEIA-PROJ4/install/px4_ros_com' for CMake config files
[193.009s] Level 1:colcon.colcon_core.shell:create_environment_hook('px4_ros_com', 'cmake_prefix_path')
[193.011s] INFO:colcon.colcon_core.shell:Creating environment hook '/home/vascor/MEIA-PROJ4/install/px4_ros_com/share/px4_ros_com/hook/cmake_prefix_path.ps1'
[193.011s] INFO:colcon.colcon_core.shell:Creating environment descriptor '/home/vascor/MEIA-PROJ4/install/px4_ros_com/share/px4_ros_com/hook/cmake_prefix_path.dsv'
[193.011s] INFO:colcon.colcon_core.shell:Creating environment hook '/home/vascor/MEIA-PROJ4/install/px4_ros_com/share/px4_ros_com/hook/cmake_prefix_path.sh'
[193.012s] Level 1:colcon.colcon_core.environment:checking '/home/vascor/MEIA-PROJ4/install/px4_ros_com/lib'
[193.012s] Level 1:colcon.colcon_core.shell:create_environment_hook('px4_ros_com', 'ld_library_path_lib')
[193.013s] INFO:colcon.colcon_core.shell:Creating environment hook '/home/vascor/MEIA-PROJ4/install/px4_ros_com/share/px4_ros_com/hook/ld_library_path_lib.ps1'
[193.014s] INFO:colcon.colcon_core.shell:Creating environment descriptor '/home/vascor/MEIA-PROJ4/install/px4_ros_com/share/px4_ros_com/hook/ld_library_path_lib.dsv'
[193.014s] INFO:colcon.colcon_core.shell:Creating environment hook '/home/vascor/MEIA-PROJ4/install/px4_ros_com/share/px4_ros_com/hook/ld_library_path_lib.sh'
[193.014s] Level 1:colcon.colcon_core.environment:checking '/home/vascor/MEIA-PROJ4/install/px4_ros_com/bin'
[193.014s] Level 1:colcon.colcon_core.environment:checking '/home/vascor/MEIA-PROJ4/install/px4_ros_com/lib/pkgconfig/px4_ros_com.pc'
[193.014s] Level 1:colcon.colcon_core.environment:checking '/home/vascor/MEIA-PROJ4/install/px4_ros_com/lib/python3.8/site-packages'
[193.015s] Level 1:colcon.colcon_core.environment:checking '/home/vascor/MEIA-PROJ4/install/px4_ros_com/bin'
[193.016s] INFO:colcon.colcon_core.shell:Creating package script '/home/vascor/MEIA-PROJ4/install/px4_ros_com/share/px4_ros_com/package.ps1'
[193.017s] INFO:colcon.colcon_core.shell:Creating package descriptor '/home/vascor/MEIA-PROJ4/install/px4_ros_com/share/px4_ros_com/package.dsv'
[193.018s] INFO:colcon.colcon_core.shell:Creating package script '/home/vascor/MEIA-PROJ4/install/px4_ros_com/share/px4_ros_com/package.sh'
[193.018s] INFO:colcon.colcon_core.shell:Creating package script '/home/vascor/MEIA-PROJ4/install/px4_ros_com/share/px4_ros_com/package.bash'
[193.018s] INFO:colcon.colcon_core.shell:Creating package script '/home/vascor/MEIA-PROJ4/install/px4_ros_com/share/px4_ros_com/package.zsh'
[193.019s] Level 1:colcon.colcon_core.environment:create_file_with_runtime_dependencies(/home/vascor/MEIA-PROJ4/install/px4_ros_com/share/colcon-core/packages/px4_ros_com)
[193.019s] DEBUG:colcon.colcon_parallel_executor.executor.parallel:closing loop
[193.020s] DEBUG:colcon.colcon_parallel_executor.executor.parallel:loop closed
[193.020s] DEBUG:colcon.colcon_parallel_executor.executor.parallel:run_until_complete finished with '0'
[193.020s] DEBUG:colcon.colcon_core.event_reactor:joining thread
[193.141s] INFO:colcon.colcon_core.plugin_system:Skipping extension 'colcon_notification.desktop_notification.notify_send': Could not find 'notify-send'
[193.142s] INFO:colcon.colcon_core.plugin_system:Skipping extension 'colcon_notification.desktop_notification.terminal_notifier': Not used on non-Darwin systems
[193.142s] INFO:colcon.colcon_core.plugin_system:Skipping extension 'colcon_notification.desktop_notification.win32': Not used on non-Windows systems
[193.142s] INFO:colcon.colcon_notification.desktop_notification:Sending desktop notification using 'notify2'
[193.146s] DEBUG:colcon.colcon_notification.desktop_notification.notify2:Failed to initialize notify2: org.freedesktop.DBus.Error.ServiceUnknown: The name org.freedesktop.Notifications was not provided by any .service files
[193.147s] DEBUG:colcon.colcon_core.event_reactor:joined thread
[193.148s] INFO:colcon.colcon_core.shell:Creating prefix script '/home/vascor/MEIA-PROJ4/install/local_setup.ps1'
[193.150s] INFO:colcon.colcon_core.shell:Creating prefix util module '/home/vascor/MEIA-PROJ4/install/_local_setup_util_ps1.py'
[193.152s] INFO:colcon.colcon_core.shell:Creating prefix chain script '/home/vascor/MEIA-PROJ4/install/setup.ps1'
[193.153s] INFO:colcon.colcon_core.shell:Creating prefix script '/home/vascor/MEIA-PROJ4/install/local_setup.sh'
[193.154s] INFO:colcon.colcon_core.shell:Creating prefix util module '/home/vascor/MEIA-PROJ4/install/_local_setup_util_sh.py'
[193.154s] INFO:colcon.colcon_core.shell:Creating prefix chain script '/home/vascor/MEIA-PROJ4/install/setup.sh'
[193.156s] INFO:colcon.colcon_core.shell:Creating prefix script '/home/vascor/MEIA-PROJ4/install/local_setup.bash'
[193.157s] INFO:colcon.colcon_core.shell:Creating prefix chain script '/home/vascor/MEIA-PROJ4/install/setup.bash'
[193.158s] INFO:colcon.colcon_core.shell:Creating prefix script '/home/vascor/MEIA-PROJ4/install/local_setup.zsh'
[193.159s] INFO:colcon.colcon_core.shell:Creating prefix chain script '/home/vascor/MEIA-PROJ4/install/setup.zsh'
