[0.252s] Invoking command in '/home/vascor/MEIA-PROJ4/build/px4_ros_com': AMENT_PREFIX_PATH=/home/vascor/MEIA-PROJ4/install/px4_msgs:${AMENT_PREFIX_PATH} CMAKE_PREFIX_PATH=/home/vascor/MEIA-PROJ4/install/px4_msgs:/opt/ros/foxy LD_LIBRARY_PATH=/home/vascor/MEIA-PROJ4/install/px4_msgs/lib:${LD_LIBRARY_PATH} PYTHONPATH=/home/vascor/MEIA-PROJ4/install/px4_msgs/lib/python3.8/site-packages:${PYTHONPATH} /usr/bin/cmake /home/vascor/MEIA-PROJ4/ROS2-PX4-Workspace/px4_ros_com -DCMAKE_INSTALL_PREFIX=/home/vascor/MEIA-PROJ4/install/px4_ros_com
[0.542s] -- The C compiler identification is GNU 9.4.0
[0.979s] -- The CXX compiler identification is GNU 9.4.0
[1.248s] -- Check for working C compiler: /usr/bin/cc
[1.467s] -- Check for working C compiler: /usr/bin/cc -- works
[1.467s] -- Detecting C compiler ABI info
[1.690s] -- Detecting C compiler ABI info - done
[1.700s] -- Detecting C compile features
[1.700s] -- Detecting C compile features - done
[1.702s] -- Check for working CXX compiler: /usr/bin/c++
[1.923s] -- Check for working CXX compiler: /usr/bin/c++ -- works
[1.924s] -- Detecting CXX compiler ABI info
[2.156s] -- Detecting CXX compiler ABI info - done
[2.166s] -- Detecting CXX compile features
[2.167s] -- Detecting CXX compile features - done
[2.169s] -- Found ament_cmake: 0.9.11 (/opt/ros/foxy/share/ament_cmake/cmake)
[2.186s] -- Found PythonInterp: /usr/bin/python3 (found suitable version "3.8.10", minimum required is "3") 
[2.187s] -- Using PYTHON_EXECUTABLE: /usr/bin/python3
[2.322s] -- Found builtin_interfaces: 1.0.0 (/opt/ros/foxy/share/builtin_interfaces/cmake)
[2.594s] -- Using all available rosidl_typesupport_c: rosidl_typesupport_fastrtps_c;rosidl_typesupport_introspection_c
[2.600s] -- Found rosidl_adapter: 1.3.0 (/opt/ros/foxy/share/rosidl_adapter/cmake)
[4.684s] -- Found OpenSSL: /usr/lib/x86_64-linux-gnu/libcrypto.so (found version "1.1.1f")  
[6.828s] -- Found FastRTPS: /opt/ros/foxy/include  
[10.730s] -- Using all available rosidl_typesupport_cpp: rosidl_typesupport_fastrtps_cpp;rosidl_typesupport_introspection_cpp
[10.757s] -- Found eigen3_cmake_module: 0.1.1 (/opt/ros/foxy/share/eigen3_cmake_module/cmake)
[10.761s] -- Found Eigen3: TRUE (found version "3.3.7") 
[10.763s] -- Found geometry_msgs: 2.0.5 (/opt/ros/foxy/share/geometry_msgs/cmake)
[10.833s] -- Found px4_msgs: 2.0.1 (/home/vascor/MEIA-PROJ4/install/px4_msgs/share/px4_msgs/cmake)
[10.852s] -- Found rclcpp: 2.4.2 (/opt/ros/foxy/share/rclcpp/cmake)
[10.919s] -- Found rmw_implementation_cmake: 1.0.4 (/opt/ros/foxy/share/rmw_implementation_cmake/cmake)
[10.922s] -- Using RMW implementation 'rmw_fastrtps_cpp' as default
[10.922s] -- Looking for pthread.h
[11.161s] -- Looking for pthread.h - found
[11.161s] -- Performing Test CMAKE_HAVE_LIBC_PTHREAD
[11.399s] -- Performing Test CMAKE_HAVE_LIBC_PTHREAD - Failed
[11.399s] -- Looking for pthread_create in pthreads
[11.607s] -- Looking for pthread_create in pthreads - not found
[11.607s] -- Looking for pthread_create in pthread
[11.825s] -- Looking for pthread_create in pthread - found
[11.826s] -- Found Threads: TRUE  
[11.979s] -- Found sensor_msgs: 2.0.5 (/opt/ros/foxy/share/sensor_msgs/cmake)
[12.060s] -- Found ament_lint_auto: 0.9.8 (/opt/ros/foxy/share/ament_lint_auto/cmake)
[12.123s] -- Added test 'copyright' to check source files copyright and LICENSE
[12.125s] -- Added test 'cppcheck' to perform static code analysis on C / C++ code
[12.126s] -- Configured cppcheck include dirs: /home/vascor/MEIA-PROJ4/ROS2-PX4-Workspace/px4_ros_com/include;$<BUILD_INTERFACE:/home/vascor/MEIA-PROJ4/ROS2-PX4-Workspace/px4_ros_com/include/px4_ros_com>
[12.126s] -- Configured cppcheck exclude dirs and/or files: 
[12.129s] -- Added test 'cpplint' to check C / C++ code against the Google style
[12.129s] -- Configured cpplint exclude dirs and/or files: 
[12.130s] -- Added test 'flake8' to check Python code syntax and style conventions
[12.131s] -- Added test 'lint_cmake' to check CMake code style
[12.132s] -- Added test 'pep257' to check Python code against some of the style conventions in PEP 257
[12.135s] -- Added test 'uncrustify' to check C / C++ code style
[12.135s] -- Configured uncrustify additional arguments: 
[12.136s] -- Added test 'xmllint' to check XML markup files
[12.139s] -- Configuring done
[12.158s] -- Generating done
[12.160s] -- Build files have been written to: /home/vascor/MEIA-PROJ4/build/px4_ros_com
[12.167s] Invoked command in '/home/vascor/MEIA-PROJ4/build/px4_ros_com' returned '0': AMENT_PREFIX_PATH=/home/vascor/MEIA-PROJ4/install/px4_msgs:${AMENT_PREFIX_PATH} CMAKE_PREFIX_PATH=/home/vascor/MEIA-PROJ4/install/px4_msgs:/opt/ros/foxy LD_LIBRARY_PATH=/home/vascor/MEIA-PROJ4/install/px4_msgs/lib:${LD_LIBRARY_PATH} PYTHONPATH=/home/vascor/MEIA-PROJ4/install/px4_msgs/lib/python3.8/site-packages:${PYTHONPATH} /usr/bin/cmake /home/vascor/MEIA-PROJ4/ROS2-PX4-Workspace/px4_ros_com -DCMAKE_INSTALL_PREFIX=/home/vascor/MEIA-PROJ4/install/px4_ros_com
[12.169s] Invoking command in '/home/vascor/MEIA-PROJ4/build/px4_ros_com': AMENT_PREFIX_PATH=/home/vascor/MEIA-PROJ4/install/px4_msgs:${AMENT_PREFIX_PATH} CMAKE_PREFIX_PATH=/home/vascor/MEIA-PROJ4/install/px4_msgs:/opt/ros/foxy LD_LIBRARY_PATH=/home/vascor/MEIA-PROJ4/install/px4_msgs/lib:${LD_LIBRARY_PATH} PYTHONPATH=/home/vascor/MEIA-PROJ4/install/px4_msgs/lib/python3.8/site-packages:${PYTHONPATH} /usr/bin/cmake --build /home/vascor/MEIA-PROJ4/build/px4_ros_com -- -j12 -l12
[12.196s] [35m[1mScanning dependencies of target debug_vect_advertiser[0m
[12.197s] [35m[1mScanning dependencies of target frame_transforms[0m
[12.197s] [35m[1mScanning dependencies of target vehicle_gps_position_listener[0m
[12.197s] [35m[1mScanning dependencies of target sensor_combined_listener[0m
[12.197s] [35m[1mScanning dependencies of target offboard_control[0m
[12.282s] [ 10%] [32mBuilding CXX object CMakeFiles/frame_transforms.dir/src/lib/frame_transforms.cpp.o[0m
[12.346s] [ 30%] [32mBuilding CXX object CMakeFiles/offboard_control.dir/src/examples/offboard/offboard_control.cpp.o[0m
[12.347s] [ 30%] [32mBuilding CXX object CMakeFiles/vehicle_gps_position_listener.dir/src/examples/listeners/vehicle_gps_position_listener.cpp.o[0m
[12.347s] [ 40%] [32mBuilding CXX object CMakeFiles/debug_vect_advertiser.dir/src/examples/advertisers/debug_vect_advertiser.cpp.o[0m
[12.347s] [ 50%] [32mBuilding CXX object CMakeFiles/sensor_combined_listener.dir/src/examples/listeners/sensor_combined_listener.cpp.o[0m
[15.209s] [ 60%] [32m[1mLinking CXX executable debug_vect_advertiser[0m
[15.563s] [ 60%] Built target debug_vect_advertiser
[15.820s] [ 70%] [32m[1mLinking CXX executable offboard_control[0m
[16.166s] [ 70%] Built target offboard_control
[16.760s] [ 80%] [32m[1mLinking CXX executable vehicle_gps_position_listener[0m
[16.805s] [ 90%] [32m[1mLinking CXX executable sensor_combined_listener[0m
[17.160s] [ 90%] Built target vehicle_gps_position_listener
[17.209s] [ 90%] Built target sensor_combined_listener
[17.546s] [100%] [32m[1mLinking CXX shared library libframe_transforms.so[0m
[17.892s] [100%] Built target frame_transforms
[17.903s] Invoked command in '/home/vascor/MEIA-PROJ4/build/px4_ros_com' returned '0': AMENT_PREFIX_PATH=/home/vascor/MEIA-PROJ4/install/px4_msgs:${AMENT_PREFIX_PATH} CMAKE_PREFIX_PATH=/home/vascor/MEIA-PROJ4/install/px4_msgs:/opt/ros/foxy LD_LIBRARY_PATH=/home/vascor/MEIA-PROJ4/install/px4_msgs/lib:${LD_LIBRARY_PATH} PYTHONPATH=/home/vascor/MEIA-PROJ4/install/px4_msgs/lib/python3.8/site-packages:${PYTHONPATH} /usr/bin/cmake --build /home/vascor/MEIA-PROJ4/build/px4_ros_com -- -j12 -l12
[17.935s] Invoking command in '/home/vascor/MEIA-PROJ4/build/px4_ros_com': AMENT_PREFIX_PATH=/home/vascor/MEIA-PROJ4/install/px4_msgs:${AMENT_PREFIX_PATH} CMAKE_PREFIX_PATH=/home/vascor/MEIA-PROJ4/install/px4_msgs:/opt/ros/foxy LD_LIBRARY_PATH=/home/vascor/MEIA-PROJ4/install/px4_msgs/lib:${LD_LIBRARY_PATH} PYTHONPATH=/home/vascor/MEIA-PROJ4/install/px4_msgs/lib/python3.8/site-packages:${PYTHONPATH} /usr/bin/cmake --install /home/vascor/MEIA-PROJ4/build/px4_ros_com
[17.942s] -- Install configuration: ""
[17.942s] -- Installing: /home/vascor/MEIA-PROJ4/install/px4_ros_com/lib/px4_ros_com/sensor_combined_listener
[17.944s] -- Set runtime path of "/home/vascor/MEIA-PROJ4/install/px4_ros_com/lib/px4_ros_com/sensor_combined_listener" to ""
[17.944s] -- Installing: /home/vascor/MEIA-PROJ4/install/px4_ros_com/lib/px4_ros_com/vehicle_gps_position_listener
[17.946s] -- Set runtime path of "/home/vascor/MEIA-PROJ4/install/px4_ros_com/lib/px4_ros_com/vehicle_gps_position_listener" to ""
[17.946s] -- Installing: /home/vascor/MEIA-PROJ4/install/px4_ros_com/lib/px4_ros_com/debug_vect_advertiser
[17.947s] -- Set runtime path of "/home/vascor/MEIA-PROJ4/install/px4_ros_com/lib/px4_ros_com/debug_vect_advertiser" to ""
[17.947s] -- Installing: /home/vascor/MEIA-PROJ4/install/px4_ros_com/lib/px4_ros_com/offboard_control
[17.948s] -- Set runtime path of "/home/vascor/MEIA-PROJ4/install/px4_ros_com/lib/px4_ros_com/offboard_control" to ""
[17.949s] -- Installing: /home/vascor/MEIA-PROJ4/install/px4_ros_com/share/px4_ros_com/environment/library_path.sh
[17.949s] -- Installing: /home/vascor/MEIA-PROJ4/install/px4_ros_com/share/px4_ros_com/environment/library_path.dsv
[17.949s] -- Installing: /home/vascor/MEIA-PROJ4/install/px4_ros_com/include/px4_ros_com
[17.950s] -- Installing: /home/vascor/MEIA-PROJ4/install/px4_ros_com/include/px4_ros_com/frame_transforms.h
[17.950s] -- Installing: /home/vascor/MEIA-PROJ4/install/px4_ros_com/lib/libframe_transforms.so
[17.953s] -- Set runtime path of "/home/vascor/MEIA-PROJ4/install/px4_ros_com/lib/libframe_transforms.so" to ""
[17.954s] -- Installing: /home/vascor/MEIA-PROJ4/install/px4_ros_com/share/px4_ros_com//launch
[17.954s] -- Installing: /home/vascor/MEIA-PROJ4/install/px4_ros_com/share/px4_ros_com//launch/sensor_combined_listener.launch.py
[17.954s] -- Installing: /home/vascor/MEIA-PROJ4/install/px4_ros_com/share/px4_ros_com//launch/offboard_control_launch.yaml
[17.954s] -- Installing: /home/vascor/MEIA-PROJ4/install/px4_ros_com/share/px4_ros_com//test
[17.955s] -- Installing: /home/vascor/MEIA-PROJ4/install/px4_ros_com/share/px4_ros_com//test/__init__.py
[17.955s] -- Installing: /home/vascor/MEIA-PROJ4/install/px4_ros_com/share/px4_ros_com//test/test_output.py
[17.955s] -- Installing: /home/vascor/MEIA-PROJ4/install/px4_ros_com/share/px4_ros_com//test/pipeline_io_test.py
[17.955s] -- Installing: /home/vascor/MEIA-PROJ4/install/px4_ros_com/share/px4_ros_com//test/test_input.py
[17.955s] -- Installing: /home/vascor/MEIA-PROJ4/install/px4_ros_com/share/ament_index/resource_index/package_run_dependencies/px4_ros_com
[17.955s] -- Installing: /home/vascor/MEIA-PROJ4/install/px4_ros_com/share/ament_index/resource_index/parent_prefix_path/px4_ros_com
[17.956s] -- Installing: /home/vascor/MEIA-PROJ4/install/px4_ros_com/share/px4_ros_com/environment/ament_prefix_path.sh
[17.956s] -- Installing: /home/vascor/MEIA-PROJ4/install/px4_ros_com/share/px4_ros_com/environment/ament_prefix_path.dsv
[17.956s] -- Installing: /home/vascor/MEIA-PROJ4/install/px4_ros_com/share/px4_ros_com/environment/path.sh
[17.956s] -- Installing: /home/vascor/MEIA-PROJ4/install/px4_ros_com/share/px4_ros_com/environment/path.dsv
[17.957s] -- Installing: /home/vascor/MEIA-PROJ4/install/px4_ros_com/share/px4_ros_com/local_setup.bash
[17.957s] -- Installing: /home/vascor/MEIA-PROJ4/install/px4_ros_com/share/px4_ros_com/local_setup.sh
[17.957s] -- Installing: /home/vascor/MEIA-PROJ4/install/px4_ros_com/share/px4_ros_com/local_setup.zsh
[17.957s] -- Installing: /home/vascor/MEIA-PROJ4/install/px4_ros_com/share/px4_ros_com/local_setup.dsv
[17.957s] -- Installing: /home/vascor/MEIA-PROJ4/install/px4_ros_com/share/px4_ros_com/package.dsv
[17.957s] -- Installing: /home/vascor/MEIA-PROJ4/install/px4_ros_com/share/ament_index/resource_index/packages/px4_ros_com
[17.958s] -- Installing: /home/vascor/MEIA-PROJ4/install/px4_ros_com/share/px4_ros_com/cmake/export_frame_transformsExport.cmake
[17.958s] -- Installing: /home/vascor/MEIA-PROJ4/install/px4_ros_com/share/px4_ros_com/cmake/export_frame_transformsExport-noconfig.cmake
[17.958s] -- Installing: /home/vascor/MEIA-PROJ4/install/px4_ros_com/share/px4_ros_com/cmake/ament_cmake_export_dependencies-extras.cmake
[17.959s] -- Installing: /home/vascor/MEIA-PROJ4/install/px4_ros_com/share/px4_ros_com/cmake/ament_cmake_export_targets-extras.cmake
[17.959s] -- Installing: /home/vascor/MEIA-PROJ4/install/px4_ros_com/share/px4_ros_com/cmake/ament_cmake_export_include_directories-extras.cmake
[17.959s] -- Installing: /home/vascor/MEIA-PROJ4/install/px4_ros_com/share/px4_ros_com/cmake/ament_cmake_export_libraries-extras.cmake
[17.959s] -- Installing: /home/vascor/MEIA-PROJ4/install/px4_ros_com/share/px4_ros_com/cmake/px4_ros_comConfig.cmake
[17.960s] -- Installing: /home/vascor/MEIA-PROJ4/install/px4_ros_com/share/px4_ros_com/cmake/px4_ros_comConfig-version.cmake
[17.960s] -- Installing: /home/vascor/MEIA-PROJ4/install/px4_ros_com/share/px4_ros_com/package.xml
[17.964s] Invoked command in '/home/vascor/MEIA-PROJ4/build/px4_ros_com' returned '0': AMENT_PREFIX_PATH=/home/vascor/MEIA-PROJ4/install/px4_msgs:${AMENT_PREFIX_PATH} CMAKE_PREFIX_PATH=/home/vascor/MEIA-PROJ4/install/px4_msgs:/opt/ros/foxy LD_LIBRARY_PATH=/home/vascor/MEIA-PROJ4/install/px4_msgs/lib:${LD_LIBRARY_PATH} PYTHONPATH=/home/vascor/MEIA-PROJ4/install/px4_msgs/lib/python3.8/site-packages:${PYTHONPATH} /usr/bin/cmake --install /home/vascor/MEIA-PROJ4/build/px4_ros_com
