[0.118s] Invoking command in '/home/vasco/MEIA-PROJ4/ROS2-PX4-Workspace/build/px4_ros_com': AMENT_PREFIX_PATH=/home/vasco/MEIA-PROJ4/ROS2-PX4-Workspace/install/px4_msgs:${AMENT_PREFIX_PATH} CMAKE_PREFIX_PATH=/home/vasco/MEIA-PROJ4/ROS2-PX4-Workspace/install/px4_msgs:/opt/ros/foxy LD_LIBRARY_PATH=/home/vasco/MEIA-PROJ4/ROS2-PX4-Workspace/install/px4_msgs/lib:${LD_LIBRARY_PATH} PYTHONPATH=/home/vasco/MEIA-PROJ4/ROS2-PX4-Workspace/install/px4_msgs/lib/python3.8/site-packages:${PYTHONPATH} /usr/bin/cmake /home/vasco/MEIA-PROJ4/ROS2-PX4-Workspace/src/px4_ros_com -DCMAKE_INSTALL_PREFIX=/home/vasco/MEIA-PROJ4/ROS2-PX4-Workspace/install/px4_ros_com
[0.273s] -- The C compiler identification is GNU 9.4.0
[0.493s] -- The CXX compiler identification is GNU 9.4.0
[0.602s] -- Check for working C compiler: /usr/bin/cc
[0.728s] -- Check for working C compiler: /usr/bin/cc -- works
[0.729s] -- Detecting C compiler ABI info
[0.863s] -- Detecting C compiler ABI info - done
[0.874s] -- Detecting C compile features
[0.875s] -- Detecting C compile features - done
[0.879s] -- Check for working CXX compiler: /usr/bin/c++
[1.024s] -- Check for working CXX compiler: /usr/bin/c++ -- works
[1.025s] -- Detecting CXX compiler ABI info
[1.171s] -- Detecting CXX compiler ABI info - done
[1.186s] -- Detecting CXX compile features
[1.186s] -- Detecting CXX compile features - done
[1.188s] -- Found ament_cmake: 0.9.11 (/opt/ros/foxy/share/ament_cmake/cmake)
[1.212s] -- Found PythonInterp: /usr/bin/python3 (found suitable version "3.8.10", minimum required is "3") 
[1.212s] -- Using PYTHON_EXECUTABLE: /usr/bin/python3
[1.413s] -- Found builtin_interfaces: 1.0.0 (/opt/ros/foxy/share/builtin_interfaces/cmake)
[1.549s] -- Using all available rosidl_typesupport_c: rosidl_typesupport_fastrtps_c;rosidl_typesupport_introspection_c
[1.554s] -- Found rosidl_adapter: 1.3.0 (/opt/ros/foxy/share/rosidl_adapter/cmake)
[2.546s] -- Found OpenSSL: /usr/lib/x86_64-linux-gnu/libcrypto.so (found version "1.1.1f")  
[3.588s] -- Found FastRTPS: /opt/ros/foxy/include  
[5.451s] -- Using all available rosidl_typesupport_cpp: rosidl_typesupport_fastrtps_cpp;rosidl_typesupport_introspection_cpp
[5.490s] -- Found eigen3_cmake_module: 0.1.1 (/opt/ros/foxy/share/eigen3_cmake_module/cmake)
[5.495s] -- Found Eigen3: TRUE (found version "3.3.7") 
[5.498s] -- Found geometry_msgs: 2.0.5 (/opt/ros/foxy/share/geometry_msgs/cmake)
[5.577s] -- Found px4_msgs: 2.0.1 (/home/vasco/MEIA-PROJ4/ROS2-PX4-Workspace/install/px4_msgs/share/px4_msgs/cmake)
[5.600s] -- Found rclcpp: 2.4.2 (/opt/ros/foxy/share/rclcpp/cmake)
[5.682s] -- Found rmw_implementation_cmake: 1.0.4 (/opt/ros/foxy/share/rmw_implementation_cmake/cmake)
[5.686s] -- Using RMW implementation 'rmw_fastrtps_cpp' as default
[5.689s] -- Looking for pthread.h
[5.823s] -- Looking for pthread.h - found
[5.823s] -- Performing Test CMAKE_HAVE_LIBC_PTHREAD
[5.956s] -- Performing Test CMAKE_HAVE_LIBC_PTHREAD - Failed
[5.957s] -- Looking for pthread_create in pthreads
[6.090s] -- Looking for pthread_create in pthreads - not found
[6.090s] -- Looking for pthread_create in pthread
[6.221s] -- Looking for pthread_create in pthread - found
[6.222s] -- Found Threads: TRUE  
[6.408s] -- Found sensor_msgs: 2.0.5 (/opt/ros/foxy/share/sensor_msgs/cmake)
[6.504s] -- Found ament_lint_auto: 0.9.8 (/opt/ros/foxy/share/ament_lint_auto/cmake)
[6.594s] -- Added test 'copyright' to check source files copyright and LICENSE
[6.598s] -- Added test 'cppcheck' to perform static code analysis on C / C++ code
[6.598s] -- Configured cppcheck include dirs: /home/vasco/MEIA-PROJ4/ROS2-PX4-Workspace/src/px4_ros_com/include;$<BUILD_INTERFACE:/home/vasco/MEIA-PROJ4/ROS2-PX4-Workspace/src/px4_ros_com/include/px4_ros_com>
[6.598s] -- Configured cppcheck exclude dirs and/or files: 
[6.602s] -- Added test 'cpplint' to check C / C++ code against the Google style
[6.602s] -- Configured cpplint exclude dirs and/or files: 
[6.603s] -- Added test 'flake8' to check Python code syntax and style conventions
[6.604s] -- Added test 'lint_cmake' to check CMake code style
[6.606s] -- Added test 'pep257' to check Python code against some of the style conventions in PEP 257
[6.610s] -- Added test 'uncrustify' to check C / C++ code style
[6.610s] -- Configured uncrustify additional arguments: 
[6.612s] -- Added test 'xmllint' to check XML markup files
[6.615s] -- Configuring done
[6.640s] -- Generating done
[6.641s] -- Build files have been written to: /home/vasco/MEIA-PROJ4/ROS2-PX4-Workspace/build/px4_ros_com
[6.655s] Invoked command in '/home/vasco/MEIA-PROJ4/ROS2-PX4-Workspace/build/px4_ros_com' returned '0': AMENT_PREFIX_PATH=/home/vasco/MEIA-PROJ4/ROS2-PX4-Workspace/install/px4_msgs:${AMENT_PREFIX_PATH} CMAKE_PREFIX_PATH=/home/vasco/MEIA-PROJ4/ROS2-PX4-Workspace/install/px4_msgs:/opt/ros/foxy LD_LIBRARY_PATH=/home/vasco/MEIA-PROJ4/ROS2-PX4-Workspace/install/px4_msgs/lib:${LD_LIBRARY_PATH} PYTHONPATH=/home/vasco/MEIA-PROJ4/ROS2-PX4-Workspace/install/px4_msgs/lib/python3.8/site-packages:${PYTHONPATH} /usr/bin/cmake /home/vasco/MEIA-PROJ4/ROS2-PX4-Workspace/src/px4_ros_com -DCMAKE_INSTALL_PREFIX=/home/vasco/MEIA-PROJ4/ROS2-PX4-Workspace/install/px4_ros_com
[6.655s] Invoking command in '/home/vasco/MEIA-PROJ4/ROS2-PX4-Workspace/build/px4_ros_com': AMENT_PREFIX_PATH=/home/vasco/MEIA-PROJ4/ROS2-PX4-Workspace/install/px4_msgs:${AMENT_PREFIX_PATH} CMAKE_PREFIX_PATH=/home/vasco/MEIA-PROJ4/ROS2-PX4-Workspace/install/px4_msgs:/opt/ros/foxy LD_LIBRARY_PATH=/home/vasco/MEIA-PROJ4/ROS2-PX4-Workspace/install/px4_msgs/lib:${LD_LIBRARY_PATH} PYTHONPATH=/home/vasco/MEIA-PROJ4/ROS2-PX4-Workspace/install/px4_msgs/lib/python3.8/site-packages:${PYTHONPATH} /usr/bin/cmake --build /home/vasco/MEIA-PROJ4/ROS2-PX4-Workspace/build/px4_ros_com -- -j12 -l12
[6.692s] [35m[1mScanning dependencies of target vehicle_gps_position_listener[0m
[6.693s] [35m[1mScanning dependencies of target frame_transforms[0m
[6.693s] [35m[1mScanning dependencies of target debug_vect_advertiser[0m
[6.693s] [35m[1mScanning dependencies of target offboard_control[0m
[6.693s] [35m[1mScanning dependencies of target sensor_combined_listener[0m
[6.869s] [ 10%] [32mBuilding CXX object CMakeFiles/vehicle_gps_position_listener.dir/src/examples/listeners/vehicle_gps_position_listener.cpp.o[0m
[6.869s] [ 20%] [32mBuilding CXX object CMakeFiles/debug_vect_advertiser.dir/src/examples/advertisers/debug_vect_advertiser.cpp.o[0m
[6.871s] [ 30%] [32mBuilding CXX object CMakeFiles/sensor_combined_listener.dir/src/examples/listeners/sensor_combined_listener.cpp.o[0m
[6.872s] [ 40%] [32mBuilding CXX object CMakeFiles/offboard_control.dir/src/examples/offboard/offboard_control.cpp.o[0m
[6.911s] [ 50%] [32mBuilding CXX object CMakeFiles/frame_transforms.dir/src/lib/frame_transforms.cpp.o[0m
[11.086s] [ 60%] [32m[1mLinking CXX executable debug_vect_advertiser[0m
[11.422s] [ 60%] Built target debug_vect_advertiser
[11.942s] [ 70%] [32m[1mLinking CXX executable offboard_control[0m
[12.248s] [ 70%] Built target offboard_control
[13.041s] [ 80%] [32m[1mLinking CXX executable sensor_combined_listener[0m
[13.053s] [ 90%] [32m[1mLinking CXX executable vehicle_gps_position_listener[0m
[13.387s] [ 90%] Built target vehicle_gps_position_listener
[13.396s] [ 90%] Built target sensor_combined_listener
[14.196s] [100%] [32m[1mLinking CXX shared library libframe_transforms.so[0m
[14.487s] [100%] Built target frame_transforms
[14.498s] Invoked command in '/home/vasco/MEIA-PROJ4/ROS2-PX4-Workspace/build/px4_ros_com' returned '0': AMENT_PREFIX_PATH=/home/vasco/MEIA-PROJ4/ROS2-PX4-Workspace/install/px4_msgs:${AMENT_PREFIX_PATH} CMAKE_PREFIX_PATH=/home/vasco/MEIA-PROJ4/ROS2-PX4-Workspace/install/px4_msgs:/opt/ros/foxy LD_LIBRARY_PATH=/home/vasco/MEIA-PROJ4/ROS2-PX4-Workspace/install/px4_msgs/lib:${LD_LIBRARY_PATH} PYTHONPATH=/home/vasco/MEIA-PROJ4/ROS2-PX4-Workspace/install/px4_msgs/lib/python3.8/site-packages:${PYTHONPATH} /usr/bin/cmake --build /home/vasco/MEIA-PROJ4/ROS2-PX4-Workspace/build/px4_ros_com -- -j12 -l12
[14.530s] Invoking command in '/home/vasco/MEIA-PROJ4/ROS2-PX4-Workspace/build/px4_ros_com': AMENT_PREFIX_PATH=/home/vasco/MEIA-PROJ4/ROS2-PX4-Workspace/install/px4_msgs:${AMENT_PREFIX_PATH} CMAKE_PREFIX_PATH=/home/vasco/MEIA-PROJ4/ROS2-PX4-Workspace/install/px4_msgs:/opt/ros/foxy LD_LIBRARY_PATH=/home/vasco/MEIA-PROJ4/ROS2-PX4-Workspace/install/px4_msgs/lib:${LD_LIBRARY_PATH} PYTHONPATH=/home/vasco/MEIA-PROJ4/ROS2-PX4-Workspace/install/px4_msgs/lib/python3.8/site-packages:${PYTHONPATH} /usr/bin/cmake --install /home/vasco/MEIA-PROJ4/ROS2-PX4-Workspace/build/px4_ros_com
[14.537s] -- Install configuration: ""
[14.538s] -- Installing: /home/vasco/MEIA-PROJ4/ROS2-PX4-Workspace/install/px4_ros_com/lib/px4_ros_com/sensor_combined_listener
[14.539s] -- Set runtime path of "/home/vasco/MEIA-PROJ4/ROS2-PX4-Workspace/install/px4_ros_com/lib/px4_ros_com/sensor_combined_listener" to ""
[14.540s] -- Installing: /home/vasco/MEIA-PROJ4/ROS2-PX4-Workspace/install/px4_ros_com/lib/px4_ros_com/vehicle_gps_position_listener
[14.542s] -- Set runtime path of "/home/vasco/MEIA-PROJ4/ROS2-PX4-Workspace/install/px4_ros_com/lib/px4_ros_com/vehicle_gps_position_listener" to ""
[14.542s] -- Installing: /home/vasco/MEIA-PROJ4/ROS2-PX4-Workspace/install/px4_ros_com/lib/px4_ros_com/debug_vect_advertiser
[14.543s] -- Set runtime path of "/home/vasco/MEIA-PROJ4/ROS2-PX4-Workspace/install/px4_ros_com/lib/px4_ros_com/debug_vect_advertiser" to ""
[14.543s] -- Installing: /home/vasco/MEIA-PROJ4/ROS2-PX4-Workspace/install/px4_ros_com/lib/px4_ros_com/offboard_control
[14.544s] -- Set runtime path of "/home/vasco/MEIA-PROJ4/ROS2-PX4-Workspace/install/px4_ros_com/lib/px4_ros_com/offboard_control" to ""
[14.545s] -- Installing: /home/vasco/MEIA-PROJ4/ROS2-PX4-Workspace/install/px4_ros_com/share/px4_ros_com/environment/library_path.sh
[14.545s] -- Installing: /home/vasco/MEIA-PROJ4/ROS2-PX4-Workspace/install/px4_ros_com/share/px4_ros_com/environment/library_path.dsv
[14.545s] -- Installing: /home/vasco/MEIA-PROJ4/ROS2-PX4-Workspace/install/px4_ros_com/include/px4_ros_com
[14.545s] -- Installing: /home/vasco/MEIA-PROJ4/ROS2-PX4-Workspace/install/px4_ros_com/include/px4_ros_com/frame_transforms.h
[14.545s] -- Installing: /home/vasco/MEIA-PROJ4/ROS2-PX4-Workspace/install/px4_ros_com/lib/libframe_transforms.so
[14.548s] -- Set runtime path of "/home/vasco/MEIA-PROJ4/ROS2-PX4-Workspace/install/px4_ros_com/lib/libframe_transforms.so" to ""
[14.549s] -- Installing: /home/vasco/MEIA-PROJ4/ROS2-PX4-Workspace/install/px4_ros_com/share/px4_ros_com//launch
[14.549s] -- Installing: /home/vasco/MEIA-PROJ4/ROS2-PX4-Workspace/install/px4_ros_com/share/px4_ros_com//launch/sensor_combined_listener.launch.py
[14.549s] -- Installing: /home/vasco/MEIA-PROJ4/ROS2-PX4-Workspace/install/px4_ros_com/share/px4_ros_com//launch/offboard_control_launch.yaml
[14.549s] -- Installing: /home/vasco/MEIA-PROJ4/ROS2-PX4-Workspace/install/px4_ros_com/share/px4_ros_com//test
[14.550s] -- Installing: /home/vasco/MEIA-PROJ4/ROS2-PX4-Workspace/install/px4_ros_com/share/px4_ros_com//test/__init__.py
[14.550s] -- Installing: /home/vasco/MEIA-PROJ4/ROS2-PX4-Workspace/install/px4_ros_com/share/px4_ros_com//test/pipeline_io_test.py
[14.550s] -- Installing: /home/vasco/MEIA-PROJ4/ROS2-PX4-Workspace/install/px4_ros_com/share/px4_ros_com//test/test_input.py
[14.550s] -- Installing: /home/vasco/MEIA-PROJ4/ROS2-PX4-Workspace/install/px4_ros_com/share/px4_ros_com//test/test_output.py
[14.550s] -- Installing: /home/vasco/MEIA-PROJ4/ROS2-PX4-Workspace/install/px4_ros_com/share/ament_index/resource_index/package_run_dependencies/px4_ros_com
[14.551s] -- Installing: /home/vasco/MEIA-PROJ4/ROS2-PX4-Workspace/install/px4_ros_com/share/ament_index/resource_index/parent_prefix_path/px4_ros_com
[14.551s] -- Installing: /home/vasco/MEIA-PROJ4/ROS2-PX4-Workspace/install/px4_ros_com/share/px4_ros_com/environment/ament_prefix_path.sh
[14.551s] -- Installing: /home/vasco/MEIA-PROJ4/ROS2-PX4-Workspace/install/px4_ros_com/share/px4_ros_com/environment/ament_prefix_path.dsv
[14.552s] -- Installing: /home/vasco/MEIA-PROJ4/ROS2-PX4-Workspace/install/px4_ros_com/share/px4_ros_com/environment/path.sh
[14.552s] -- Installing: /home/vasco/MEIA-PROJ4/ROS2-PX4-Workspace/install/px4_ros_com/share/px4_ros_com/environment/path.dsv
[14.552s] -- Installing: /home/vasco/MEIA-PROJ4/ROS2-PX4-Workspace/install/px4_ros_com/share/px4_ros_com/local_setup.bash
[14.552s] -- Installing: /home/vasco/MEIA-PROJ4/ROS2-PX4-Workspace/install/px4_ros_com/share/px4_ros_com/local_setup.sh
[14.552s] -- Installing: /home/vasco/MEIA-PROJ4/ROS2-PX4-Workspace/install/px4_ros_com/share/px4_ros_com/local_setup.zsh
[14.553s] -- Installing: /home/vasco/MEIA-PROJ4/ROS2-PX4-Workspace/install/px4_ros_com/share/px4_ros_com/local_setup.dsv
[14.553s] -- Installing: /home/vasco/MEIA-PROJ4/ROS2-PX4-Workspace/install/px4_ros_com/share/px4_ros_com/package.dsv
[14.553s] -- Installing: /home/vasco/MEIA-PROJ4/ROS2-PX4-Workspace/install/px4_ros_com/share/ament_index/resource_index/packages/px4_ros_com
[14.553s] -- Installing: /home/vasco/MEIA-PROJ4/ROS2-PX4-Workspace/install/px4_ros_com/share/px4_ros_com/cmake/export_frame_transformsExport.cmake
[14.553s] -- Installing: /home/vasco/MEIA-PROJ4/ROS2-PX4-Workspace/install/px4_ros_com/share/px4_ros_com/cmake/export_frame_transformsExport-noconfig.cmake
[14.553s] -- Installing: /home/vasco/MEIA-PROJ4/ROS2-PX4-Workspace/install/px4_ros_com/share/px4_ros_com/cmake/ament_cmake_export_dependencies-extras.cmake
[14.554s] -- Installing: /home/vasco/MEIA-PROJ4/ROS2-PX4-Workspace/install/px4_ros_com/share/px4_ros_com/cmake/ament_cmake_export_targets-extras.cmake
[14.554s] -- Installing: /home/vasco/MEIA-PROJ4/ROS2-PX4-Workspace/install/px4_ros_com/share/px4_ros_com/cmake/ament_cmake_export_include_directories-extras.cmake
[14.554s] -- Installing: /home/vasco/MEIA-PROJ4/ROS2-PX4-Workspace/install/px4_ros_com/share/px4_ros_com/cmake/ament_cmake_export_libraries-extras.cmake
[14.554s] -- Installing: /home/vasco/MEIA-PROJ4/ROS2-PX4-Workspace/install/px4_ros_com/share/px4_ros_com/cmake/px4_ros_comConfig.cmake
[14.554s] -- Installing: /home/vasco/MEIA-PROJ4/ROS2-PX4-Workspace/install/px4_ros_com/share/px4_ros_com/cmake/px4_ros_comConfig-version.cmake
[14.554s] -- Installing: /home/vasco/MEIA-PROJ4/ROS2-PX4-Workspace/install/px4_ros_com/share/px4_ros_com/package.xml
[14.557s] Invoked command in '/home/vasco/MEIA-PROJ4/ROS2-PX4-Workspace/build/px4_ros_com' returned '0': AMENT_PREFIX_PATH=/home/vasco/MEIA-PROJ4/ROS2-PX4-Workspace/install/px4_msgs:${AMENT_PREFIX_PATH} CMAKE_PREFIX_PATH=/home/vasco/MEIA-PROJ4/ROS2-PX4-Workspace/install/px4_msgs:/opt/ros/foxy LD_LIBRARY_PATH=/home/vasco/MEIA-PROJ4/ROS2-PX4-Workspace/install/px4_msgs/lib:${LD_LIBRARY_PATH} PYTHONPATH=/home/vasco/MEIA-PROJ4/ROS2-PX4-Workspace/install/px4_msgs/lib/python3.8/site-packages:${PYTHONPATH} /usr/bin/cmake --install /home/vasco/MEIA-PROJ4/ROS2-PX4-Workspace/build/px4_ros_com
