[0.776s] Invoking command in '/home/vasco/MEIA-PROJ4/ROS2-PX4-Workspace/src/px4_ros_mas_com': PYTHONPATH=/home/vasco/MEIA-PROJ4/ROS2-PX4-Workspace/build/px4_ros_mas_com/prefix_override:/home/vasco/MEIA-PROJ4/ROS2-PX4-Workspace/install/px4_ros_mas_com/lib/python3.8/site-packages:${PYTHONPATH} /usr/bin/python3 setup.py egg_info --egg-base ../../build/px4_ros_mas_com build --build-base /home/vasco/MEIA-PROJ4/ROS2-PX4-Workspace/build/px4_ros_mas_com/build install --record /home/vasco/MEIA-PROJ4/ROS2-PX4-Workspace/build/px4_ros_mas_com/install.log --install-scripts $base/lib/px4_ros_mas_com --single-version-externally-managed
[0.965s] running egg_info
[0.965s] writing ../../build/px4_ros_mas_com/px4_ros_mas_com.egg-info/PKG-INFO
[0.966s] writing dependency_links to ../../build/px4_ros_mas_com/px4_ros_mas_com.egg-info/dependency_links.txt
[0.966s] writing entry points to ../../build/px4_ros_mas_com/px4_ros_mas_com.egg-info/entry_points.txt
[0.966s] writing requirements to ../../build/px4_ros_mas_com/px4_ros_mas_com.egg-info/requires.txt
[0.966s] writing top-level names to ../../build/px4_ros_mas_com/px4_ros_mas_com.egg-info/top_level.txt
[1.000s] reading manifest file '../../build/px4_ros_mas_com/px4_ros_mas_com.egg-info/SOURCES.txt'
[1.001s] writing manifest file '../../build/px4_ros_mas_com/px4_ros_mas_com.egg-info/SOURCES.txt'
[1.001s] running build
[1.001s] running build_py
[1.002s] copying px4_ros_mas_com/single_drone_liftoff.py -> /home/vasco/MEIA-PROJ4/ROS2-PX4-Workspace/build/px4_ros_mas_com/build/lib/px4_ros_mas_com
[1.002s] running install
[1.002s] running install_lib
[1.003s] copying /home/vasco/MEIA-PROJ4/ROS2-PX4-Workspace/build/px4_ros_mas_com/build/lib/px4_ros_mas_com/single_drone_liftoff.py -> /home/vasco/MEIA-PROJ4/ROS2-PX4-Workspace/install/px4_ros_mas_com/lib/python3.8/site-packages/px4_ros_mas_com
[1.003s] byte-compiling /home/vasco/MEIA-PROJ4/ROS2-PX4-Workspace/install/px4_ros_mas_com/lib/python3.8/site-packages/px4_ros_mas_com/single_drone_liftoff.py to single_drone_liftoff.cpython-38.pyc
[1.005s] running install_data
[1.006s] running install_egg_info
[1.007s] removing '/home/vasco/MEIA-PROJ4/ROS2-PX4-Workspace/install/px4_ros_mas_com/lib/python3.8/site-packages/px4_ros_mas_com-0.0.0-py3.8.egg-info' (and everything under it)
[1.007s] Copying ../../build/px4_ros_mas_com/px4_ros_mas_com.egg-info to /home/vasco/MEIA-PROJ4/ROS2-PX4-Workspace/install/px4_ros_mas_com/lib/python3.8/site-packages/px4_ros_mas_com-0.0.0-py3.8.egg-info
[1.008s] running install_scripts
[1.027s] Installing drone_liftoff script to /home/vasco/MEIA-PROJ4/ROS2-PX4-Workspace/install/px4_ros_mas_com/lib/px4_ros_mas_com
[1.027s] Installing drone_offboard_control script to /home/vasco/MEIA-PROJ4/ROS2-PX4-Workspace/install/px4_ros_mas_com/lib/px4_ros_mas_com
[1.027s] Installing single_drone_liftoff script to /home/vasco/MEIA-PROJ4/ROS2-PX4-Workspace/install/px4_ros_mas_com/lib/px4_ros_mas_com
[1.027s] writing list of installed files to '/home/vasco/MEIA-PROJ4/ROS2-PX4-Workspace/build/px4_ros_mas_com/install.log'
[1.053s] Invoked command in '/home/vasco/MEIA-PROJ4/ROS2-PX4-Workspace/src/px4_ros_mas_com' returned '0': PYTHONPATH=/home/vasco/MEIA-PROJ4/ROS2-PX4-Workspace/build/px4_ros_mas_com/prefix_override:/home/vasco/MEIA-PROJ4/ROS2-PX4-Workspace/install/px4_ros_mas_com/lib/python3.8/site-packages:${PYTHONPATH} /usr/bin/python3 setup.py egg_info --egg-base ../../build/px4_ros_mas_com build --build-base /home/vasco/MEIA-PROJ4/ROS2-PX4-Workspace/build/px4_ros_mas_com/build install --record /home/vasco/MEIA-PROJ4/ROS2-PX4-Workspace/build/px4_ros_mas_com/install.log --install-scripts $base/lib/px4_ros_mas_com --single-version-externally-managed
