[0.108s] Invoking command in '/home/vasco/MEIA-PROJ4/ROS2-PX4-Workspace/build/px4_ros_com': AMENT_PREFIX_PATH=/home/vasco/MEIA-PROJ4/ROS2-PX4-Workspace/install/px4_msgs CMAKE_PREFIX_PATH=/home/vasco/MEIA-PROJ4/ROS2-PX4-Workspace/install/px4_msgs LD_LIBRARY_PATH=/home/vasco/MEIA-PROJ4/ROS2-PX4-Workspace/install/px4_msgs/lib PYTHONPATH=/home/vasco/MEIA-PROJ4/ROS2-PX4-Workspace/install/px4_msgs/lib/python3.8/site-packages /usr/bin/cmake --build /home/vasco/MEIA-PROJ4/ROS2-PX4-Workspace/build/px4_ros_com -- -j12 -l12
[0.188s] [ 20%] Built target frame_transforms
[0.196s] [ 40%] Built target vehicle_gps_position_listener
[0.197s] [ 80%] Built target offboard_control
[0.198s] [ 80%] Built target sensor_combined_listener
[0.198s] [100%] Built target debug_vect_advertiser
[0.207s] Invoked command in '/home/vasco/MEIA-PROJ4/ROS2-PX4-Workspace/build/px4_ros_com' returned '0': AMENT_PREFIX_PATH=/home/vasco/MEIA-PROJ4/ROS2-PX4-Workspace/install/px4_msgs CMAKE_PREFIX_PATH=/home/vasco/MEIA-PROJ4/ROS2-PX4-Workspace/install/px4_msgs LD_LIBRARY_PATH=/home/vasco/MEIA-PROJ4/ROS2-PX4-Workspace/install/px4_msgs/lib PYTHONPATH=/home/vasco/MEIA-PROJ4/ROS2-PX4-Workspace/install/px4_msgs/lib/python3.8/site-packages /usr/bin/cmake --build /home/vasco/MEIA-PROJ4/ROS2-PX4-Workspace/build/px4_ros_com -- -j12 -l12
[0.233s] Invoking command in '/home/vasco/MEIA-PROJ4/ROS2-PX4-Workspace/build/px4_ros_com': AMENT_PREFIX_PATH=/home/vasco/MEIA-PROJ4/ROS2-PX4-Workspace/install/px4_msgs CMAKE_PREFIX_PATH=/home/vasco/MEIA-PROJ4/ROS2-PX4-Workspace/install/px4_msgs LD_LIBRARY_PATH=/home/vasco/MEIA-PROJ4/ROS2-PX4-Workspace/install/px4_msgs/lib PYTHONPATH=/home/vasco/MEIA-PROJ4/ROS2-PX4-Workspace/install/px4_msgs/lib/python3.8/site-packages /usr/bin/cmake --install /home/vasco/MEIA-PROJ4/ROS2-PX4-Workspace/build/px4_ros_com
[0.240s] -- Install configuration: ""
[0.241s] -- Up-to-date: /home/vasco/MEIA-PROJ4/ROS2-PX4-Workspace/install/px4_ros_com/lib/px4_ros_com/sensor_combined_listener
[0.242s] -- Up-to-date: /home/vasco/MEIA-PROJ4/ROS2-PX4-Workspace/install/px4_ros_com/lib/px4_ros_com/vehicle_gps_position_listener
[0.243s] -- Up-to-date: /home/vasco/MEIA-PROJ4/ROS2-PX4-Workspace/install/px4_ros_com/lib/px4_ros_com/debug_vect_advertiser
[0.244s] -- Up-to-date: /home/vasco/MEIA-PROJ4/ROS2-PX4-Workspace/install/px4_ros_com/lib/px4_ros_com/offboard_control
[0.245s] -- Up-to-date: /home/vasco/MEIA-PROJ4/ROS2-PX4-Workspace/install/px4_ros_com/share/px4_ros_com/environment/library_path.sh
[0.245s] -- Up-to-date: /home/vasco/MEIA-PROJ4/ROS2-PX4-Workspace/install/px4_ros_com/share/px4_ros_com/environment/library_path.dsv
[0.245s] -- Up-to-date: /home/vasco/MEIA-PROJ4/ROS2-PX4-Workspace/install/px4_ros_com/include/px4_ros_com
[0.245s] -- Up-to-date: /home/vasco/MEIA-PROJ4/ROS2-PX4-Workspace/install/px4_ros_com/include/px4_ros_com/frame_transforms.h
[0.246s] -- Up-to-date: /home/vasco/MEIA-PROJ4/ROS2-PX4-Workspace/install/px4_ros_com/lib/libframe_transforms.so
[0.246s] -- Up-to-date: /home/vasco/MEIA-PROJ4/ROS2-PX4-Workspace/install/px4_ros_com/share/px4_ros_com//launch
[0.247s] -- Up-to-date: /home/vasco/MEIA-PROJ4/ROS2-PX4-Workspace/install/px4_ros_com/share/px4_ros_com//launch/sensor_combined_listener.launch.py
[0.247s] -- Up-to-date: /home/vasco/MEIA-PROJ4/ROS2-PX4-Workspace/install/px4_ros_com/share/px4_ros_com//launch/offboard_control_launch.yaml
[0.247s] -- Up-to-date: /home/vasco/MEIA-PROJ4/ROS2-PX4-Workspace/install/px4_ros_com/share/px4_ros_com//test
[0.247s] -- Up-to-date: /home/vasco/MEIA-PROJ4/ROS2-PX4-Workspace/install/px4_ros_com/share/px4_ros_com//test/__init__.py
[0.248s] -- Up-to-date: /home/vasco/MEIA-PROJ4/ROS2-PX4-Workspace/install/px4_ros_com/share/px4_ros_com//test/pipeline_io_test.py
[0.248s] -- Up-to-date: /home/vasco/MEIA-PROJ4/ROS2-PX4-Workspace/install/px4_ros_com/share/px4_ros_com//test/test_input.py
[0.248s] -- Up-to-date: /home/vasco/MEIA-PROJ4/ROS2-PX4-Workspace/install/px4_ros_com/share/px4_ros_com//test/test_output.py
[0.248s] -- Up-to-date: /home/vasco/MEIA-PROJ4/ROS2-PX4-Workspace/install/px4_ros_com/share/ament_index/resource_index/package_run_dependencies/px4_ros_com
[0.249s] -- Up-to-date: /home/vasco/MEIA-PROJ4/ROS2-PX4-Workspace/install/px4_ros_com/share/ament_index/resource_index/parent_prefix_path/px4_ros_com
[0.249s] -- Up-to-date: /home/vasco/MEIA-PROJ4/ROS2-PX4-Workspace/install/px4_ros_com/share/px4_ros_com/environment/ament_prefix_path.sh
[0.249s] -- Up-to-date: /home/vasco/MEIA-PROJ4/ROS2-PX4-Workspace/install/px4_ros_com/share/px4_ros_com/environment/ament_prefix_path.dsv
[0.249s] -- Up-to-date: /home/vasco/MEIA-PROJ4/ROS2-PX4-Workspace/install/px4_ros_com/share/px4_ros_com/environment/path.sh
[0.250s] -- Up-to-date: /home/vasco/MEIA-PROJ4/ROS2-PX4-Workspace/install/px4_ros_com/share/px4_ros_com/environment/path.dsv
[0.250s] -- Up-to-date: /home/vasco/MEIA-PROJ4/ROS2-PX4-Workspace/install/px4_ros_com/share/px4_ros_com/local_setup.bash
[0.250s] -- Up-to-date: /home/vasco/MEIA-PROJ4/ROS2-PX4-Workspace/install/px4_ros_com/share/px4_ros_com/local_setup.sh
[0.250s] -- Up-to-date: /home/vasco/MEIA-PROJ4/ROS2-PX4-Workspace/install/px4_ros_com/share/px4_ros_com/local_setup.zsh
[0.250s] -- Up-to-date: /home/vasco/MEIA-PROJ4/ROS2-PX4-Workspace/install/px4_ros_com/share/px4_ros_com/local_setup.dsv
[0.251s] -- Installing: /home/vasco/MEIA-PROJ4/ROS2-PX4-Workspace/install/px4_ros_com/share/px4_ros_com/package.dsv
[0.251s] -- Up-to-date: /home/vasco/MEIA-PROJ4/ROS2-PX4-Workspace/install/px4_ros_com/share/ament_index/resource_index/packages/px4_ros_com
[0.251s] -- Up-to-date: /home/vasco/MEIA-PROJ4/ROS2-PX4-Workspace/install/px4_ros_com/share/px4_ros_com/cmake/export_frame_transformsExport.cmake
[0.251s] -- Up-to-date: /home/vasco/MEIA-PROJ4/ROS2-PX4-Workspace/install/px4_ros_com/share/px4_ros_com/cmake/export_frame_transformsExport-noconfig.cmake
[0.252s] -- Up-to-date: /home/vasco/MEIA-PROJ4/ROS2-PX4-Workspace/install/px4_ros_com/share/px4_ros_com/cmake/ament_cmake_export_dependencies-extras.cmake
[0.252s] -- Up-to-date: /home/vasco/MEIA-PROJ4/ROS2-PX4-Workspace/install/px4_ros_com/share/px4_ros_com/cmake/ament_cmake_export_targets-extras.cmake
[0.252s] -- Up-to-date: /home/vasco/MEIA-PROJ4/ROS2-PX4-Workspace/install/px4_ros_com/share/px4_ros_com/cmake/ament_cmake_export_include_directories-extras.cmake
[0.252s] -- Up-to-date: /home/vasco/MEIA-PROJ4/ROS2-PX4-Workspace/install/px4_ros_com/share/px4_ros_com/cmake/ament_cmake_export_libraries-extras.cmake
[0.253s] -- Up-to-date: /home/vasco/MEIA-PROJ4/ROS2-PX4-Workspace/install/px4_ros_com/share/px4_ros_com/cmake/px4_ros_comConfig.cmake
[0.253s] -- Up-to-date: /home/vasco/MEIA-PROJ4/ROS2-PX4-Workspace/install/px4_ros_com/share/px4_ros_com/cmake/px4_ros_comConfig-version.cmake
[0.253s] -- Up-to-date: /home/vasco/MEIA-PROJ4/ROS2-PX4-Workspace/install/px4_ros_com/share/px4_ros_com/package.xml
[0.256s] Invoked command in '/home/vasco/MEIA-PROJ4/ROS2-PX4-Workspace/build/px4_ros_com' returned '0': AMENT_PREFIX_PATH=/home/vasco/MEIA-PROJ4/ROS2-PX4-Workspace/install/px4_msgs CMAKE_PREFIX_PATH=/home/vasco/MEIA-PROJ4/ROS2-PX4-Workspace/install/px4_msgs LD_LIBRARY_PATH=/home/vasco/MEIA-PROJ4/ROS2-PX4-Workspace/install/px4_msgs/lib PYTHONPATH=/home/vasco/MEIA-PROJ4/ROS2-PX4-Workspace/install/px4_msgs/lib/python3.8/site-packages /usr/bin/cmake --install /home/vasco/MEIA-PROJ4/ROS2-PX4-Workspace/build/px4_ros_com
