[0.884s] Invoking command in '/home/vasco/MEIA-PROJ4/ROS2-PX4-Workspace/src/px4_ros_mas_com': PYTHONPATH=/home/vasco/MEIA-PROJ4/ROS2-PX4-Workspace/build/px4_ros_mas_com/prefix_override:/home/vasco/MEIA-PROJ4/ROS2-PX4-Workspace/install/px4_ros_mas_com/lib/python3.8/site-packages:${PYTHONPATH} /usr/bin/python3 setup.py egg_info --egg-base ../../build/px4_ros_mas_com build --build-base /home/vasco/MEIA-PROJ4/ROS2-PX4-Workspace/build/px4_ros_mas_com/build install --record /home/vasco/MEIA-PROJ4/ROS2-PX4-Workspace/build/px4_ros_mas_com/install.log --install-scripts $base/lib/px4_ros_mas_com --single-version-externally-managed
[1.117s] running egg_info
[1.118s] creating ../../build/px4_ros_mas_com/px4_ros_mas_com.egg-info
[1.119s] writing ../../build/px4_ros_mas_com/px4_ros_mas_com.egg-info/PKG-INFO
[1.119s] writing dependency_links to ../../build/px4_ros_mas_com/px4_ros_mas_com.egg-info/dependency_links.txt
[1.119s] writing entry points to ../../build/px4_ros_mas_com/px4_ros_mas_com.egg-info/entry_points.txt
[1.119s] writing requirements to ../../build/px4_ros_mas_com/px4_ros_mas_com.egg-info/requires.txt
[1.119s] writing top-level names to ../../build/px4_ros_mas_com/px4_ros_mas_com.egg-info/top_level.txt
[1.124s] writing manifest file '../../build/px4_ros_mas_com/px4_ros_mas_com.egg-info/SOURCES.txt'
[1.161s] reading manifest file '../../build/px4_ros_mas_com/px4_ros_mas_com.egg-info/SOURCES.txt'
[1.161s] writing manifest file '../../build/px4_ros_mas_com/px4_ros_mas_com.egg-info/SOURCES.txt'
[1.162s] running build
[1.162s] running build_py
[1.162s] creating /home/vasco/MEIA-PROJ4/ROS2-PX4-Workspace/build/px4_ros_mas_com/build
[1.163s] creating /home/vasco/MEIA-PROJ4/ROS2-PX4-Workspace/build/px4_ros_mas_com/build/lib
[1.163s] creating /home/vasco/MEIA-PROJ4/ROS2-PX4-Workspace/build/px4_ros_mas_com/build/lib/px4_ros_mas_com
[1.163s] copying px4_ros_mas_com/drone_liftoff.py -> /home/vasco/MEIA-PROJ4/ROS2-PX4-Workspace/build/px4_ros_mas_com/build/lib/px4_ros_mas_com
[1.163s] copying px4_ros_mas_com/__init__.py -> /home/vasco/MEIA-PROJ4/ROS2-PX4-Workspace/build/px4_ros_mas_com/build/lib/px4_ros_mas_com
[1.163s] running install
[1.164s] running install_lib
[1.165s] creating /home/vasco/MEIA-PROJ4/ROS2-PX4-Workspace/install/px4_ros_mas_com/lib/python3.8/site-packages/px4_ros_mas_com
[1.165s] copying /home/vasco/MEIA-PROJ4/ROS2-PX4-Workspace/build/px4_ros_mas_com/build/lib/px4_ros_mas_com/drone_liftoff.py -> /home/vasco/MEIA-PROJ4/ROS2-PX4-Workspace/install/px4_ros_mas_com/lib/python3.8/site-packages/px4_ros_mas_com
[1.165s] copying /home/vasco/MEIA-PROJ4/ROS2-PX4-Workspace/build/px4_ros_mas_com/build/lib/px4_ros_mas_com/__init__.py -> /home/vasco/MEIA-PROJ4/ROS2-PX4-Workspace/install/px4_ros_mas_com/lib/python3.8/site-packages/px4_ros_mas_com
[1.165s] byte-compiling /home/vasco/MEIA-PROJ4/ROS2-PX4-Workspace/install/px4_ros_mas_com/lib/python3.8/site-packages/px4_ros_mas_com/drone_liftoff.py to drone_liftoff.cpython-38.pyc
[1.168s] byte-compiling /home/vasco/MEIA-PROJ4/ROS2-PX4-Workspace/install/px4_ros_mas_com/lib/python3.8/site-packages/px4_ros_mas_com/__init__.py to __init__.cpython-38.pyc
[1.168s] running install_data
[1.168s] creating /home/vasco/MEIA-PROJ4/ROS2-PX4-Workspace/install/px4_ros_mas_com/share/ament_index
[1.169s] creating /home/vasco/MEIA-PROJ4/ROS2-PX4-Workspace/install/px4_ros_mas_com/share/ament_index/resource_index
[1.169s] creating /home/vasco/MEIA-PROJ4/ROS2-PX4-Workspace/install/px4_ros_mas_com/share/ament_index/resource_index/packages
[1.169s] copying resource/px4_ros_mas_com -> /home/vasco/MEIA-PROJ4/ROS2-PX4-Workspace/install/px4_ros_mas_com/share/ament_index/resource_index/packages
[1.169s] copying package.xml -> /home/vasco/MEIA-PROJ4/ROS2-PX4-Workspace/install/px4_ros_mas_com/share/px4_ros_mas_com
[1.169s] running install_egg_info
[1.171s] Copying ../../build/px4_ros_mas_com/px4_ros_mas_com.egg-info to /home/vasco/MEIA-PROJ4/ROS2-PX4-Workspace/install/px4_ros_mas_com/lib/python3.8/site-packages/px4_ros_mas_com-0.0.0-py3.8.egg-info
[1.172s] running install_scripts
[1.192s] Installing drone_liftoff script to /home/vasco/MEIA-PROJ4/ROS2-PX4-Workspace/install/px4_ros_mas_com/lib/px4_ros_mas_com
[1.192s] writing list of installed files to '/home/vasco/MEIA-PROJ4/ROS2-PX4-Workspace/build/px4_ros_mas_com/install.log'
[1.226s] Invoked command in '/home/vasco/MEIA-PROJ4/ROS2-PX4-Workspace/src/px4_ros_mas_com' returned '0': PYTHONPATH=/home/vasco/MEIA-PROJ4/ROS2-PX4-Workspace/build/px4_ros_mas_com/prefix_override:/home/vasco/MEIA-PROJ4/ROS2-PX4-Workspace/install/px4_ros_mas_com/lib/python3.8/site-packages:${PYTHONPATH} /usr/bin/python3 setup.py egg_info --egg-base ../../build/px4_ros_mas_com build --build-base /home/vasco/MEIA-PROJ4/ROS2-PX4-Workspace/build/px4_ros_mas_com/build install --record /home/vasco/MEIA-PROJ4/ROS2-PX4-Workspace/build/px4_ros_mas_com/install.log --install-scripts $base/lib/px4_ros_mas_com --single-version-externally-managed
