[0.113s] Invoking command in '/home/vasco/MEIA-PROJ4/ROS2-PX4-Workspace/build/px4_ros_com': AMENT_PREFIX_PATH=/home/vasco/MEIA-PROJ4/ROS2-PX4-Workspace/install/px4_msgs CMAKE_PREFIX_PATH=/home/vasco/MEIA-PROJ4/ROS2-PX4-Workspace/install/px4_msgs LD_LIBRARY_PATH=/home/vasco/MEIA-PROJ4/ROS2-PX4-Workspace/install/px4_msgs/lib PYTHONPATH=/home/vasco/MEIA-PROJ4/ROS2-PX4-Workspace/install/px4_msgs/lib/python3.8/site-packages /usr/bin/cmake --build /home/vasco/MEIA-PROJ4/ROS2-PX4-Workspace/build/px4_ros_com -- -j12 -l12
[0.236s] [ 20%] Built target frame_transforms
[0.243s] [ 60%] Built target debug_vect_advertiser
[0.243s] [ 60%] Built target offboard_control
[0.243s] [ 80%] Built target vehicle_gps_position_listener
[0.243s] [100%] Built target sensor_combined_listener
[0.257s] Invoked command in '/home/vasco/MEIA-PROJ4/ROS2-PX4-Workspace/build/px4_ros_com' returned '0': AMENT_PREFIX_PATH=/home/vasco/MEIA-PROJ4/ROS2-PX4-Workspace/install/px4_msgs CMAKE_PREFIX_PATH=/home/vasco/MEIA-PROJ4/ROS2-PX4-Workspace/install/px4_msgs LD_LIBRARY_PATH=/home/vasco/MEIA-PROJ4/ROS2-PX4-Workspace/install/px4_msgs/lib PYTHONPATH=/home/vasco/MEIA-PROJ4/ROS2-PX4-Workspace/install/px4_msgs/lib/python3.8/site-packages /usr/bin/cmake --build /home/vasco/MEIA-PROJ4/ROS2-PX4-Workspace/build/px4_ros_com -- -j12 -l12
[0.284s] Invoking command in '/home/vasco/MEIA-PROJ4/ROS2-PX4-Workspace/build/px4_ros_com': AMENT_PREFIX_PATH=/home/vasco/MEIA-PROJ4/ROS2-PX4-Workspace/install/px4_msgs CMAKE_PREFIX_PATH=/home/vasco/MEIA-PROJ4/ROS2-PX4-Workspace/install/px4_msgs LD_LIBRARY_PATH=/home/vasco/MEIA-PROJ4/ROS2-PX4-Workspace/install/px4_msgs/lib PYTHONPATH=/home/vasco/MEIA-PROJ4/ROS2-PX4-Workspace/install/px4_msgs/lib/python3.8/site-packages /usr/bin/cmake --install /home/vasco/MEIA-PROJ4/ROS2-PX4-Workspace/build/px4_ros_com
[0.293s] -- Install configuration: ""
[0.295s] -- Up-to-date: /home/vasco/MEIA-PROJ4/ROS2-PX4-Workspace/install/px4_ros_com/lib/px4_ros_com/sensor_combined_listener
[0.297s] -- Up-to-date: /home/vasco/MEIA-PROJ4/ROS2-PX4-Workspace/install/px4_ros_com/lib/px4_ros_com/vehicle_gps_position_listener
[0.299s] -- Up-to-date: /home/vasco/MEIA-PROJ4/ROS2-PX4-Workspace/install/px4_ros_com/lib/px4_ros_com/debug_vect_advertiser
[0.302s] -- Up-to-date: /home/vasco/MEIA-PROJ4/ROS2-PX4-Workspace/install/px4_ros_com/lib/px4_ros_com/offboard_control
[0.303s] -- Up-to-date: /home/vasco/MEIA-PROJ4/ROS2-PX4-Workspace/install/px4_ros_com/share/px4_ros_com/environment/library_path.sh
[0.303s] -- Up-to-date: /home/vasco/MEIA-PROJ4/ROS2-PX4-Workspace/install/px4_ros_com/share/px4_ros_com/environment/library_path.dsv
[0.303s] -- Up-to-date: /home/vasco/MEIA-PROJ4/ROS2-PX4-Workspace/install/px4_ros_com/include/px4_ros_com
[0.303s] -- Up-to-date: /home/vasco/MEIA-PROJ4/ROS2-PX4-Workspace/install/px4_ros_com/include/px4_ros_com/frame_transforms.h
[0.305s] -- Up-to-date: /home/vasco/MEIA-PROJ4/ROS2-PX4-Workspace/install/px4_ros_com/lib/libframe_transforms.so
[0.306s] -- Up-to-date: /home/vasco/MEIA-PROJ4/ROS2-PX4-Workspace/install/px4_ros_com/share/px4_ros_com//launch
[0.306s] -- Up-to-date: /home/vasco/MEIA-PROJ4/ROS2-PX4-Workspace/install/px4_ros_com/share/px4_ros_com//launch/sensor_combined_listener.launch.py
[0.306s] -- Up-to-date: /home/vasco/MEIA-PROJ4/ROS2-PX4-Workspace/install/px4_ros_com/share/px4_ros_com//launch/offboard_control_launch.yaml
[0.307s] -- Up-to-date: /home/vasco/MEIA-PROJ4/ROS2-PX4-Workspace/install/px4_ros_com/share/px4_ros_com//test
[0.307s] -- Up-to-date: /home/vasco/MEIA-PROJ4/ROS2-PX4-Workspace/install/px4_ros_com/share/px4_ros_com//test/__init__.py
[0.307s] -- Up-to-date: /home/vasco/MEIA-PROJ4/ROS2-PX4-Workspace/install/px4_ros_com/share/px4_ros_com//test/pipeline_io_test.py
[0.307s] -- Up-to-date: /home/vasco/MEIA-PROJ4/ROS2-PX4-Workspace/install/px4_ros_com/share/px4_ros_com//test/test_input.py
[0.307s] -- Up-to-date: /home/vasco/MEIA-PROJ4/ROS2-PX4-Workspace/install/px4_ros_com/share/px4_ros_com//test/test_output.py
[0.308s] -- Up-to-date: /home/vasco/MEIA-PROJ4/ROS2-PX4-Workspace/install/px4_ros_com/share/ament_index/resource_index/package_run_dependencies/px4_ros_com
[0.308s] -- Up-to-date: /home/vasco/MEIA-PROJ4/ROS2-PX4-Workspace/install/px4_ros_com/share/ament_index/resource_index/parent_prefix_path/px4_ros_com
[0.309s] -- Up-to-date: /home/vasco/MEIA-PROJ4/ROS2-PX4-Workspace/install/px4_ros_com/share/px4_ros_com/environment/ament_prefix_path.sh
[0.309s] -- Up-to-date: /home/vasco/MEIA-PROJ4/ROS2-PX4-Workspace/install/px4_ros_com/share/px4_ros_com/environment/ament_prefix_path.dsv
[0.309s] -- Up-to-date: /home/vasco/MEIA-PROJ4/ROS2-PX4-Workspace/install/px4_ros_com/share/px4_ros_com/environment/path.sh
[0.309s] -- Up-to-date: /home/vasco/MEIA-PROJ4/ROS2-PX4-Workspace/install/px4_ros_com/share/px4_ros_com/environment/path.dsv
[0.309s] -- Up-to-date: /home/vasco/MEIA-PROJ4/ROS2-PX4-Workspace/install/px4_ros_com/share/px4_ros_com/local_setup.bash
[0.309s] -- Up-to-date: /home/vasco/MEIA-PROJ4/ROS2-PX4-Workspace/install/px4_ros_com/share/px4_ros_com/local_setup.sh
[0.310s] -- Up-to-date: /home/vasco/MEIA-PROJ4/ROS2-PX4-Workspace/install/px4_ros_com/share/px4_ros_com/local_setup.zsh
[0.310s] -- Up-to-date: /home/vasco/MEIA-PROJ4/ROS2-PX4-Workspace/install/px4_ros_com/share/px4_ros_com/local_setup.dsv
[0.310s] -- Installing: /home/vasco/MEIA-PROJ4/ROS2-PX4-Workspace/install/px4_ros_com/share/px4_ros_com/package.dsv
[0.310s] -- Up-to-date: /home/vasco/MEIA-PROJ4/ROS2-PX4-Workspace/install/px4_ros_com/share/ament_index/resource_index/packages/px4_ros_com
[0.312s] -- Up-to-date: /home/vasco/MEIA-PROJ4/ROS2-PX4-Workspace/install/px4_ros_com/share/px4_ros_com/cmake/export_frame_transformsExport.cmake
[0.313s] -- Up-to-date: /home/vasco/MEIA-PROJ4/ROS2-PX4-Workspace/install/px4_ros_com/share/px4_ros_com/cmake/export_frame_transformsExport-noconfig.cmake
[0.313s] -- Up-to-date: /home/vasco/MEIA-PROJ4/ROS2-PX4-Workspace/install/px4_ros_com/share/px4_ros_com/cmake/ament_cmake_export_dependencies-extras.cmake
[0.313s] -- Up-to-date: /home/vasco/MEIA-PROJ4/ROS2-PX4-Workspace/install/px4_ros_com/share/px4_ros_com/cmake/ament_cmake_export_targets-extras.cmake
[0.313s] -- Up-to-date: /home/vasco/MEIA-PROJ4/ROS2-PX4-Workspace/install/px4_ros_com/share/px4_ros_com/cmake/ament_cmake_export_include_directories-extras.cmake
[0.313s] -- Up-to-date: /home/vasco/MEIA-PROJ4/ROS2-PX4-Workspace/install/px4_ros_com/share/px4_ros_com/cmake/ament_cmake_export_libraries-extras.cmake
[0.313s] -- Up-to-date: /home/vasco/MEIA-PROJ4/ROS2-PX4-Workspace/install/px4_ros_com/share/px4_ros_com/cmake/px4_ros_comConfig.cmake
[0.313s] -- Up-to-date: /home/vasco/MEIA-PROJ4/ROS2-PX4-Workspace/install/px4_ros_com/share/px4_ros_com/cmake/px4_ros_comConfig-version.cmake
[0.313s] -- Up-to-date: /home/vasco/MEIA-PROJ4/ROS2-PX4-Workspace/install/px4_ros_com/share/px4_ros_com/package.xml
[0.317s] Invoked command in '/home/vasco/MEIA-PROJ4/ROS2-PX4-Workspace/build/px4_ros_com' returned '0': AMENT_PREFIX_PATH=/home/vasco/MEIA-PROJ4/ROS2-PX4-Workspace/install/px4_msgs CMAKE_PREFIX_PATH=/home/vasco/MEIA-PROJ4/ROS2-PX4-Workspace/install/px4_msgs LD_LIBRARY_PATH=/home/vasco/MEIA-PROJ4/ROS2-PX4-Workspace/install/px4_msgs/lib PYTHONPATH=/home/vasco/MEIA-PROJ4/ROS2-PX4-Workspace/install/px4_msgs/lib/python3.8/site-packages /usr/bin/cmake --install /home/vasco/MEIA-PROJ4/ROS2-PX4-Workspace/build/px4_ros_com
