running egg_info
creating ../../../build/px4_ros_mas_com/px4_ros_mas_com.egg-info
writing ../../../build/px4_ros_mas_com/px4_ros_mas_com.egg-info/PKG-INFO
writing dependency_links to ../../../build/px4_ros_mas_com/px4_ros_mas_com.egg-info/dependency_links.txt
writing entry points to ../../../build/px4_ros_mas_com/px4_ros_mas_com.egg-info/entry_points.txt
writing requirements to ../../../build/px4_ros_mas_com/px4_ros_mas_com.egg-info/requires.txt
writing top-level names to ../../../build/px4_ros_mas_com/px4_ros_mas_com.egg-info/top_level.txt
writing manifest file '../../../build/px4_ros_mas_com/px4_ros_mas_com.egg-info/SOURCES.txt'
reading manifest file '../../../build/px4_ros_mas_com/px4_ros_mas_com.egg-info/SOURCES.txt'
writing manifest file '../../../build/px4_ros_mas_com/px4_ros_mas_com.egg-info/SOURCES.txt'
running build
running build_py
creating /home/agmeister/proj4/MEIA-PROJ4/build/px4_ros_mas_com/build
creating /home/agmeister/proj4/MEIA-PROJ4/build/px4_ros_mas_com/build/lib
creating /home/agmeister/proj4/MEIA-PROJ4/build/px4_ros_mas_com/build/lib/px4_ros_mas_com
copying px4_ros_mas_com/droneControl.py -> /home/agmeister/proj4/MEIA-PROJ4/build/px4_ros_mas_com/build/lib/px4_ros_mas_com
copying px4_ros_mas_com/__init__.py -> /home/agmeister/proj4/MEIA-PROJ4/build/px4_ros_mas_com/build/lib/px4_ros_mas_com
copying px4_ros_mas_com/ros2_drone_manager.py -> /home/agmeister/proj4/MEIA-PROJ4/build/px4_ros_mas_com/build/lib/px4_ros_mas_com
copying px4_ros_mas_com/chargingSpotListener.py -> /home/agmeister/proj4/MEIA-PROJ4/build/px4_ros_mas_com/build/lib/px4_ros_mas_com
copying px4_ros_mas_com/landPadListener.py -> /home/agmeister/proj4/MEIA-PROJ4/build/px4_ros_mas_com/build/lib/px4_ros_mas_com
copying px4_ros_mas_com/drone_liftoff.py -> /home/agmeister/proj4/MEIA-PROJ4/build/px4_ros_mas_com/build/lib/px4_ros_mas_com
copying px4_ros_mas_com/utils.py -> /home/agmeister/proj4/MEIA-PROJ4/build/px4_ros_mas_com/build/lib/px4_ros_mas_com
copying px4_ros_mas_com/droneListener.py -> /home/agmeister/proj4/MEIA-PROJ4/build/px4_ros_mas_com/build/lib/px4_ros_mas_com
running install
running install_lib
creating /home/agmeister/proj4/MEIA-PROJ4/install/px4_ros_mas_com/lib/python3.8/site-packages/px4_ros_mas_com
copying /home/agmeister/proj4/MEIA-PROJ4/build/px4_ros_mas_com/build/lib/px4_ros_mas_com/droneControl.py -> /home/agmeister/proj4/MEIA-PROJ4/install/px4_ros_mas_com/lib/python3.8/site-packages/px4_ros_mas_com
copying /home/agmeister/proj4/MEIA-PROJ4/build/px4_ros_mas_com/build/lib/px4_ros_mas_com/__init__.py -> /home/agmeister/proj4/MEIA-PROJ4/install/px4_ros_mas_com/lib/python3.8/site-packages/px4_ros_mas_com
copying /home/agmeister/proj4/MEIA-PROJ4/build/px4_ros_mas_com/build/lib/px4_ros_mas_com/ros2_drone_manager.py -> /home/agmeister/proj4/MEIA-PROJ4/install/px4_ros_mas_com/lib/python3.8/site-packages/px4_ros_mas_com
copying /home/agmeister/proj4/MEIA-PROJ4/build/px4_ros_mas_com/build/lib/px4_ros_mas_com/chargingSpotListener.py -> /home/agmeister/proj4/MEIA-PROJ4/install/px4_ros_mas_com/lib/python3.8/site-packages/px4_ros_mas_com
copying /home/agmeister/proj4/MEIA-PROJ4/build/px4_ros_mas_com/build/lib/px4_ros_mas_com/landPadListener.py -> /home/agmeister/proj4/MEIA-PROJ4/install/px4_ros_mas_com/lib/python3.8/site-packages/px4_ros_mas_com
copying /home/agmeister/proj4/MEIA-PROJ4/build/px4_ros_mas_com/build/lib/px4_ros_mas_com/drone_liftoff.py -> /home/agmeister/proj4/MEIA-PROJ4/install/px4_ros_mas_com/lib/python3.8/site-packages/px4_ros_mas_com
copying /home/agmeister/proj4/MEIA-PROJ4/build/px4_ros_mas_com/build/lib/px4_ros_mas_com/utils.py -> /home/agmeister/proj4/MEIA-PROJ4/install/px4_ros_mas_com/lib/python3.8/site-packages/px4_ros_mas_com
copying /home/agmeister/proj4/MEIA-PROJ4/build/px4_ros_mas_com/build/lib/px4_ros_mas_com/droneListener.py -> /home/agmeister/proj4/MEIA-PROJ4/install/px4_ros_mas_com/lib/python3.8/site-packages/px4_ros_mas_com
byte-compiling /home/agmeister/proj4/MEIA-PROJ4/install/px4_ros_mas_com/lib/python3.8/site-packages/px4_ros_mas_com/droneControl.py to droneControl.cpython-38.pyc
byte-compiling /home/agmeister/proj4/MEIA-PROJ4/install/px4_ros_mas_com/lib/python3.8/site-packages/px4_ros_mas_com/__init__.py to __init__.cpython-38.pyc
byte-compiling /home/agmeister/proj4/MEIA-PROJ4/install/px4_ros_mas_com/lib/python3.8/site-packages/px4_ros_mas_com/ros2_drone_manager.py to ros2_drone_manager.cpython-38.pyc
byte-compiling /home/agmeister/proj4/MEIA-PROJ4/install/px4_ros_mas_com/lib/python3.8/site-packages/px4_ros_mas_com/chargingSpotListener.py to chargingSpotListener.cpython-38.pyc
byte-compiling /home/agmeister/proj4/MEIA-PROJ4/install/px4_ros_mas_com/lib/python3.8/site-packages/px4_ros_mas_com/landPadListener.py to landPadListener.cpython-38.pyc
byte-compiling /home/agmeister/proj4/MEIA-PROJ4/install/px4_ros_mas_com/lib/python3.8/site-packages/px4_ros_mas_com/drone_liftoff.py to drone_liftoff.cpython-38.pyc
byte-compiling /home/agmeister/proj4/MEIA-PROJ4/install/px4_ros_mas_com/lib/python3.8/site-packages/px4_ros_mas_com/utils.py to utils.cpython-38.pyc
byte-compiling /home/agmeister/proj4/MEIA-PROJ4/install/px4_ros_mas_com/lib/python3.8/site-packages/px4_ros_mas_com/droneListener.py to droneListener.cpython-38.pyc
running install_data
creating /home/agmeister/proj4/MEIA-PROJ4/install/px4_ros_mas_com/share/ament_index
creating /home/agmeister/proj4/MEIA-PROJ4/install/px4_ros_mas_com/share/ament_index/resource_index
creating /home/agmeister/proj4/MEIA-PROJ4/install/px4_ros_mas_com/share/ament_index/resource_index/packages
copying resource/px4_ros_mas_com -> /home/agmeister/proj4/MEIA-PROJ4/install/px4_ros_mas_com/share/ament_index/resource_index/packages
copying package.xml -> /home/agmeister/proj4/MEIA-PROJ4/install/px4_ros_mas_com/share/px4_ros_mas_com
running install_egg_info
Copying ../../../build/px4_ros_mas_com/px4_ros_mas_com.egg-info to /home/agmeister/proj4/MEIA-PROJ4/install/px4_ros_mas_com/lib/python3.8/site-packages/px4_ros_mas_com-0.0.0-py3.8.egg-info
running install_scripts
Installing drone_liftoff script to /home/agmeister/proj4/MEIA-PROJ4/install/px4_ros_mas_com/lib/px4_ros_mas_com
Installing ros2_drone_manager script to /home/agmeister/proj4/MEIA-PROJ4/install/px4_ros_mas_com/lib/px4_ros_mas_com
writing list of installed files to '/home/agmeister/proj4/MEIA-PROJ4/build/px4_ros_mas_com/install.log'
