[1.160s] Invoking command in '/home/agmeister/proj4/MEIA-PROJ4/ROS2-PX4-Workspace/src/px4_ros_mas_com': PYTHONPATH=/home/agmeister/proj4/MEIA-PROJ4/build/px4_ros_mas_com/prefix_override:/home/agmeister/proj4/MEIA-PROJ4/install/px4_ros_mas_com/lib/python3.8/site-packages:${PYTHONPATH} /usr/bin/python3 setup.py egg_info --egg-base ../../../build/px4_ros_mas_com build --build-base /home/agmeister/proj4/MEIA-PROJ4/build/px4_ros_mas_com/build install --record /home/agmeister/proj4/MEIA-PROJ4/build/px4_ros_mas_com/install.log --install-scripts $base/lib/px4_ros_mas_com --single-version-externally-managed
[2.107s] running egg_info
[2.109s] creating ../../../build/px4_ros_mas_com/px4_ros_mas_com.egg-info
[2.111s] writing ../../../build/px4_ros_mas_com/px4_ros_mas_com.egg-info/PKG-INFO
[2.112s] writing dependency_links to ../../../build/px4_ros_mas_com/px4_ros_mas_com.egg-info/dependency_links.txt
[2.113s] writing entry points to ../../../build/px4_ros_mas_com/px4_ros_mas_com.egg-info/entry_points.txt
[2.114s] writing requirements to ../../../build/px4_ros_mas_com/px4_ros_mas_com.egg-info/requires.txt
[2.114s] writing top-level names to ../../../build/px4_ros_mas_com/px4_ros_mas_com.egg-info/top_level.txt
[2.118s] writing manifest file '../../../build/px4_ros_mas_com/px4_ros_mas_com.egg-info/SOURCES.txt'
[2.197s] reading manifest file '../../../build/px4_ros_mas_com/px4_ros_mas_com.egg-info/SOURCES.txt'
[2.199s] writing manifest file '../../../build/px4_ros_mas_com/px4_ros_mas_com.egg-info/SOURCES.txt'
[2.199s] running build
[2.200s] running build_py
[2.200s] creating /home/agmeister/proj4/MEIA-PROJ4/build/px4_ros_mas_com/build
[2.201s] creating /home/agmeister/proj4/MEIA-PROJ4/build/px4_ros_mas_com/build/lib
[2.201s] creating /home/agmeister/proj4/MEIA-PROJ4/build/px4_ros_mas_com/build/lib/px4_ros_mas_com
[2.202s] copying px4_ros_mas_com/droneControl.py -> /home/agmeister/proj4/MEIA-PROJ4/build/px4_ros_mas_com/build/lib/px4_ros_mas_com
[2.202s] copying px4_ros_mas_com/__init__.py -> /home/agmeister/proj4/MEIA-PROJ4/build/px4_ros_mas_com/build/lib/px4_ros_mas_com
[2.203s] copying px4_ros_mas_com/ros2_drone_manager.py -> /home/agmeister/proj4/MEIA-PROJ4/build/px4_ros_mas_com/build/lib/px4_ros_mas_com
[2.203s] copying px4_ros_mas_com/chargingSpotListener.py -> /home/agmeister/proj4/MEIA-PROJ4/build/px4_ros_mas_com/build/lib/px4_ros_mas_com
[2.219s] copying px4_ros_mas_com/landPadListener.py -> /home/agmeister/proj4/MEIA-PROJ4/build/px4_ros_mas_com/build/lib/px4_ros_mas_com
[2.226s] copying px4_ros_mas_com/drone_liftoff.py -> /home/agmeister/proj4/MEIA-PROJ4/build/px4_ros_mas_com/build/lib/px4_ros_mas_com
[2.226s] copying px4_ros_mas_com/utils.py -> /home/agmeister/proj4/MEIA-PROJ4/build/px4_ros_mas_com/build/lib/px4_ros_mas_com
[2.237s] copying px4_ros_mas_com/droneListener.py -> /home/agmeister/proj4/MEIA-PROJ4/build/px4_ros_mas_com/build/lib/px4_ros_mas_com
[2.241s] running install
[2.244s] running install_lib
[2.246s] creating /home/agmeister/proj4/MEIA-PROJ4/install/px4_ros_mas_com/lib/python3.8/site-packages/px4_ros_mas_com
[2.246s] copying /home/agmeister/proj4/MEIA-PROJ4/build/px4_ros_mas_com/build/lib/px4_ros_mas_com/droneControl.py -> /home/agmeister/proj4/MEIA-PROJ4/install/px4_ros_mas_com/lib/python3.8/site-packages/px4_ros_mas_com
[2.247s] copying /home/agmeister/proj4/MEIA-PROJ4/build/px4_ros_mas_com/build/lib/px4_ros_mas_com/__init__.py -> /home/agmeister/proj4/MEIA-PROJ4/install/px4_ros_mas_com/lib/python3.8/site-packages/px4_ros_mas_com
[2.247s] copying /home/agmeister/proj4/MEIA-PROJ4/build/px4_ros_mas_com/build/lib/px4_ros_mas_com/ros2_drone_manager.py -> /home/agmeister/proj4/MEIA-PROJ4/install/px4_ros_mas_com/lib/python3.8/site-packages/px4_ros_mas_com
[2.248s] copying /home/agmeister/proj4/MEIA-PROJ4/build/px4_ros_mas_com/build/lib/px4_ros_mas_com/chargingSpotListener.py -> /home/agmeister/proj4/MEIA-PROJ4/install/px4_ros_mas_com/lib/python3.8/site-packages/px4_ros_mas_com
[2.248s] copying /home/agmeister/proj4/MEIA-PROJ4/build/px4_ros_mas_com/build/lib/px4_ros_mas_com/landPadListener.py -> /home/agmeister/proj4/MEIA-PROJ4/install/px4_ros_mas_com/lib/python3.8/site-packages/px4_ros_mas_com
[2.249s] copying /home/agmeister/proj4/MEIA-PROJ4/build/px4_ros_mas_com/build/lib/px4_ros_mas_com/drone_liftoff.py -> /home/agmeister/proj4/MEIA-PROJ4/install/px4_ros_mas_com/lib/python3.8/site-packages/px4_ros_mas_com
[2.249s] copying /home/agmeister/proj4/MEIA-PROJ4/build/px4_ros_mas_com/build/lib/px4_ros_mas_com/utils.py -> /home/agmeister/proj4/MEIA-PROJ4/install/px4_ros_mas_com/lib/python3.8/site-packages/px4_ros_mas_com
[2.249s] copying /home/agmeister/proj4/MEIA-PROJ4/build/px4_ros_mas_com/build/lib/px4_ros_mas_com/droneListener.py -> /home/agmeister/proj4/MEIA-PROJ4/install/px4_ros_mas_com/lib/python3.8/site-packages/px4_ros_mas_com
[2.250s] byte-compiling /home/agmeister/proj4/MEIA-PROJ4/install/px4_ros_mas_com/lib/python3.8/site-packages/px4_ros_mas_com/droneControl.py to droneControl.cpython-38.pyc
[2.255s] byte-compiling /home/agmeister/proj4/MEIA-PROJ4/install/px4_ros_mas_com/lib/python3.8/site-packages/px4_ros_mas_com/__init__.py to __init__.cpython-38.pyc
[2.255s] byte-compiling /home/agmeister/proj4/MEIA-PROJ4/install/px4_ros_mas_com/lib/python3.8/site-packages/px4_ros_mas_com/ros2_drone_manager.py to ros2_drone_manager.cpython-38.pyc
[2.258s] byte-compiling /home/agmeister/proj4/MEIA-PROJ4/install/px4_ros_mas_com/lib/python3.8/site-packages/px4_ros_mas_com/chargingSpotListener.py to chargingSpotListener.cpython-38.pyc
[2.259s] byte-compiling /home/agmeister/proj4/MEIA-PROJ4/install/px4_ros_mas_com/lib/python3.8/site-packages/px4_ros_mas_com/landPadListener.py to landPadListener.cpython-38.pyc
[2.261s] byte-compiling /home/agmeister/proj4/MEIA-PROJ4/install/px4_ros_mas_com/lib/python3.8/site-packages/px4_ros_mas_com/drone_liftoff.py to drone_liftoff.cpython-38.pyc
[2.262s] byte-compiling /home/agmeister/proj4/MEIA-PROJ4/install/px4_ros_mas_com/lib/python3.8/site-packages/px4_ros_mas_com/utils.py to utils.cpython-38.pyc
[2.263s] byte-compiling /home/agmeister/proj4/MEIA-PROJ4/install/px4_ros_mas_com/lib/python3.8/site-packages/px4_ros_mas_com/droneListener.py to droneListener.cpython-38.pyc
[2.264s] running install_data
[2.265s] creating /home/agmeister/proj4/MEIA-PROJ4/install/px4_ros_mas_com/share/ament_index
[2.265s] creating /home/agmeister/proj4/MEIA-PROJ4/install/px4_ros_mas_com/share/ament_index/resource_index
[2.266s] creating /home/agmeister/proj4/MEIA-PROJ4/install/px4_ros_mas_com/share/ament_index/resource_index/packages
[2.266s] copying resource/px4_ros_mas_com -> /home/agmeister/proj4/MEIA-PROJ4/install/px4_ros_mas_com/share/ament_index/resource_index/packages
[2.267s] copying package.xml -> /home/agmeister/proj4/MEIA-PROJ4/install/px4_ros_mas_com/share/px4_ros_mas_com
[2.267s] running install_egg_info
[2.270s] Copying ../../../build/px4_ros_mas_com/px4_ros_mas_com.egg-info to /home/agmeister/proj4/MEIA-PROJ4/install/px4_ros_mas_com/lib/python3.8/site-packages/px4_ros_mas_com-0.0.0-py3.8.egg-info
[2.274s] running install_scripts
[2.349s] Installing drone_liftoff script to /home/agmeister/proj4/MEIA-PROJ4/install/px4_ros_mas_com/lib/px4_ros_mas_com
[2.350s] Installing ros2_drone_manager script to /home/agmeister/proj4/MEIA-PROJ4/install/px4_ros_mas_com/lib/px4_ros_mas_com
[2.351s] writing list of installed files to '/home/agmeister/proj4/MEIA-PROJ4/build/px4_ros_mas_com/install.log'
[2.612s] Invoked command in '/home/agmeister/proj4/MEIA-PROJ4/ROS2-PX4-Workspace/src/px4_ros_mas_com' returned '0': PYTHONPATH=/home/agmeister/proj4/MEIA-PROJ4/build/px4_ros_mas_com/prefix_override:/home/agmeister/proj4/MEIA-PROJ4/install/px4_ros_mas_com/lib/python3.8/site-packages:${PYTHONPATH} /usr/bin/python3 setup.py egg_info --egg-base ../../../build/px4_ros_mas_com build --build-base /home/agmeister/proj4/MEIA-PROJ4/build/px4_ros_mas_com/build install --record /home/agmeister/proj4/MEIA-PROJ4/build/px4_ros_mas_com/install.log --install-scripts $base/lib/px4_ros_mas_com --single-version-externally-managed
