[0.096s] Invoking command in '/home/vasco/MEIA-PROJ4/ROS2-PX4-Workspace/build/px4_ros_com': CMAKE_PREFIX_PATH=/home/vasco/MEIA-PROJ4/ROS2-PX4-Workspace/install/px4_msgs:/home/vasco/MEIA-PROJ4/ROS2-PX4-Workspace/install/px4_ros_com:/home/vasco/MEIA-PROJ4/ROS2-PX4-Workspace/install/px4_ros_mas_com:/opt/ros/foxy LD_LIBRARY_PATH=/home/vasco/MEIA-PROJ4/ROS2-PX4-Workspace/install/px4_msgs/lib:/home/vasco/MEIA-PROJ4/ROS2-PX4-Workspace/install/px4_ros_com/lib:/usr/lib/x86_64-linux-gnu/gazebo-11/plugins:/opt/ros/foxy/opt/yaml_cpp_vendor/lib:/opt/ros/foxy/opt/rviz_ogre_vendor/lib:/opt/ros/foxy/lib/x86_64-linux-gnu:/opt/ros/foxy/lib PYTHONPATH=/home/vasco/MEIA-PROJ4/ROS2-PX4-Workspace/install/px4_msgs/lib/python3.8/site-packages:/home/vasco/MEIA-PROJ4/ROS2-PX4-Workspace/install/px4_ros_mas_com/lib/python3.8/site-packages:/opt/ros/foxy/lib/python3.8/site-packages /usr/bin/cmake --build /home/vasco/MEIA-PROJ4/ROS2-PX4-Workspace/build/px4_ros_com -- -j12 -l12
[0.124s] -- Found ament_cmake: 0.9.11 (/opt/ros/foxy/share/ament_cmake/cmake)
[0.149s] -- Using PYTHON_EXECUTABLE: /usr/bin/python3
[0.308s] -- Found builtin_interfaces: 1.0.0 (/opt/ros/foxy/share/builtin_interfaces/cmake)
[0.416s] -- Using all available rosidl_typesupport_c: rosidl_typesupport_fastrtps_c;rosidl_typesupport_introspection_c
[0.419s] -- Found rosidl_adapter: 1.3.0 (/opt/ros/foxy/share/rosidl_adapter/cmake)
[3.410s] -- Using all available rosidl_typesupport_cpp: rosidl_typesupport_fastrtps_cpp;rosidl_typesupport_introspection_cpp
[3.433s] -- Found eigen3_cmake_module: 0.1.1 (/opt/ros/foxy/share/eigen3_cmake_module/cmake)
[3.437s] -- Found geometry_msgs: 2.0.5 (/opt/ros/foxy/share/geometry_msgs/cmake)
[3.509s] -- Found px4_msgs: 2.0.1 (/home/vasco/MEIA-PROJ4/ROS2-PX4-Workspace/install/px4_msgs/share/px4_msgs/cmake)
[3.526s] -- Found rclcpp: 2.4.2 (/opt/ros/foxy/share/rclcpp/cmake)
[3.588s] -- Found rmw_implementation_cmake: 1.0.4 (/opt/ros/foxy/share/rmw_implementation_cmake/cmake)
[3.592s] -- Using RMW implementation 'rmw_fastrtps_cpp' as default
[3.773s] -- Found sensor_msgs: 2.0.5 (/opt/ros/foxy/share/sensor_msgs/cmake)
[3.859s] -- Found ament_lint_auto: 0.9.8 (/opt/ros/foxy/share/ament_lint_auto/cmake)
[3.918s] -- Added test 'copyright' to check source files copyright and LICENSE
[3.921s] -- Added test 'cppcheck' to perform static code analysis on C / C++ code
[3.922s] -- Configured cppcheck include dirs: /home/vasco/MEIA-PROJ4/ROS2-PX4-Workspace/src/px4_ros_com/include;$<BUILD_INTERFACE:/home/vasco/MEIA-PROJ4/ROS2-PX4-Workspace/src/px4_ros_com/include/px4_ros_com>
[3.922s] -- Configured cppcheck exclude dirs and/or files: 
[3.925s] -- Added test 'cpplint' to check C / C++ code against the Google style
[3.925s] -- Configured cpplint exclude dirs and/or files: 
[3.926s] -- Added test 'flake8' to check Python code syntax and style conventions
[3.927s] -- Added test 'lint_cmake' to check CMake code style
[3.929s] -- Added test 'pep257' to check Python code against some of the style conventions in PEP 257
[3.932s] -- Added test 'uncrustify' to check C / C++ code style
[3.932s] -- Configured uncrustify additional arguments: 
[3.933s] -- Added test 'xmllint' to check XML markup files
[3.936s] -- Configuring done
[3.957s] -- Generating done
[3.959s] -- Build files have been written to: /home/vasco/MEIA-PROJ4/ROS2-PX4-Workspace/build/px4_ros_com
[3.994s] [35m[1mScanning dependencies of target frame_transforms[0m
[4.005s] [35m[1mScanning dependencies of target vehicle_gps_position_listener[0m
[4.005s] [35m[1mScanning dependencies of target debug_vect_advertiser[0m
[4.005s] [35m[1mScanning dependencies of target offboard_control[0m
[4.005s] [35m[1mScanning dependencies of target sensor_combined_listener[0m
[4.019s] [ 10%] [32mBuilding CXX object CMakeFiles/frame_transforms.dir/src/lib/frame_transforms.cpp.o[0m
[4.034s] [ 20%] [32mBuilding CXX object CMakeFiles/vehicle_gps_position_listener.dir/src/examples/listeners/vehicle_gps_position_listener.cpp.o[0m
[4.035s] [ 30%] [32mBuilding CXX object CMakeFiles/offboard_control.dir/src/examples/offboard/offboard_control.cpp.o[0m
[4.035s] [ 40%] [32mBuilding CXX object CMakeFiles/sensor_combined_listener.dir/src/examples/listeners/sensor_combined_listener.cpp.o[0m
[4.036s] [ 50%] [32mBuilding CXX object CMakeFiles/debug_vect_advertiser.dir/src/examples/advertisers/debug_vect_advertiser.cpp.o[0m
[7.912s] [ 60%] [32m[1mLinking CXX executable debug_vect_advertiser[0m
[8.194s] [ 60%] Built target debug_vect_advertiser
[8.685s] [ 70%] [32m[1mLinking CXX executable offboard_control[0m
[8.939s] [ 70%] Built target offboard_control
[9.719s] [ 80%] [32m[1mLinking CXX executable vehicle_gps_position_listener[0m
[9.727s] [ 90%] [32m[1mLinking CXX executable sensor_combined_listener[0m
[9.998s] [ 90%] Built target sensor_combined_listener
[10.008s] [ 90%] Built target vehicle_gps_position_listener
[10.755s] [100%] [32m[1mLinking CXX shared library libframe_transforms.so[0m
[11.000s] [100%] Built target frame_transforms
[11.011s] Invoked command in '/home/vasco/MEIA-PROJ4/ROS2-PX4-Workspace/build/px4_ros_com' returned '0': CMAKE_PREFIX_PATH=/home/vasco/MEIA-PROJ4/ROS2-PX4-Workspace/install/px4_msgs:/home/vasco/MEIA-PROJ4/ROS2-PX4-Workspace/install/px4_ros_com:/home/vasco/MEIA-PROJ4/ROS2-PX4-Workspace/install/px4_ros_mas_com:/opt/ros/foxy LD_LIBRARY_PATH=/home/vasco/MEIA-PROJ4/ROS2-PX4-Workspace/install/px4_msgs/lib:/home/vasco/MEIA-PROJ4/ROS2-PX4-Workspace/install/px4_ros_com/lib:/usr/lib/x86_64-linux-gnu/gazebo-11/plugins:/opt/ros/foxy/opt/yaml_cpp_vendor/lib:/opt/ros/foxy/opt/rviz_ogre_vendor/lib:/opt/ros/foxy/lib/x86_64-linux-gnu:/opt/ros/foxy/lib PYTHONPATH=/home/vasco/MEIA-PROJ4/ROS2-PX4-Workspace/install/px4_msgs/lib/python3.8/site-packages:/home/vasco/MEIA-PROJ4/ROS2-PX4-Workspace/install/px4_ros_mas_com/lib/python3.8/site-packages:/opt/ros/foxy/lib/python3.8/site-packages /usr/bin/cmake --build /home/vasco/MEIA-PROJ4/ROS2-PX4-Workspace/build/px4_ros_com -- -j12 -l12
[11.039s] Invoking command in '/home/vasco/MEIA-PROJ4/ROS2-PX4-Workspace/build/px4_ros_com': CMAKE_PREFIX_PATH=/home/vasco/MEIA-PROJ4/ROS2-PX4-Workspace/install/px4_msgs:/home/vasco/MEIA-PROJ4/ROS2-PX4-Workspace/install/px4_ros_com:/home/vasco/MEIA-PROJ4/ROS2-PX4-Workspace/install/px4_ros_mas_com:/opt/ros/foxy LD_LIBRARY_PATH=/home/vasco/MEIA-PROJ4/ROS2-PX4-Workspace/install/px4_msgs/lib:/home/vasco/MEIA-PROJ4/ROS2-PX4-Workspace/install/px4_ros_com/lib:/usr/lib/x86_64-linux-gnu/gazebo-11/plugins:/opt/ros/foxy/opt/yaml_cpp_vendor/lib:/opt/ros/foxy/opt/rviz_ogre_vendor/lib:/opt/ros/foxy/lib/x86_64-linux-gnu:/opt/ros/foxy/lib PYTHONPATH=/home/vasco/MEIA-PROJ4/ROS2-PX4-Workspace/install/px4_msgs/lib/python3.8/site-packages:/home/vasco/MEIA-PROJ4/ROS2-PX4-Workspace/install/px4_ros_mas_com/lib/python3.8/site-packages:/opt/ros/foxy/lib/python3.8/site-packages /usr/bin/cmake --install /home/vasco/MEIA-PROJ4/ROS2-PX4-Workspace/build/px4_ros_com
[11.045s] -- Install configuration: ""
[11.046s] -- Installing: /home/vasco/MEIA-PROJ4/ROS2-PX4-Workspace/install/px4_ros_com/lib/px4_ros_com/sensor_combined_listener
[11.047s] -- Set runtime path of "/home/vasco/MEIA-PROJ4/ROS2-PX4-Workspace/install/px4_ros_com/lib/px4_ros_com/sensor_combined_listener" to ""
[11.048s] -- Installing: /home/vasco/MEIA-PROJ4/ROS2-PX4-Workspace/install/px4_ros_com/lib/px4_ros_com/vehicle_gps_position_listener
[11.050s] -- Set runtime path of "/home/vasco/MEIA-PROJ4/ROS2-PX4-Workspace/install/px4_ros_com/lib/px4_ros_com/vehicle_gps_position_listener" to ""
[11.050s] -- Installing: /home/vasco/MEIA-PROJ4/ROS2-PX4-Workspace/install/px4_ros_com/lib/px4_ros_com/debug_vect_advertiser
[11.051s] -- Set runtime path of "/home/vasco/MEIA-PROJ4/ROS2-PX4-Workspace/install/px4_ros_com/lib/px4_ros_com/debug_vect_advertiser" to ""
[11.051s] -- Installing: /home/vasco/MEIA-PROJ4/ROS2-PX4-Workspace/install/px4_ros_com/lib/px4_ros_com/offboard_control
[11.052s] -- Set runtime path of "/home/vasco/MEIA-PROJ4/ROS2-PX4-Workspace/install/px4_ros_com/lib/px4_ros_com/offboard_control" to ""
[11.052s] -- Installing: /home/vasco/MEIA-PROJ4/ROS2-PX4-Workspace/install/px4_ros_com/share/px4_ros_com/environment/library_path.sh
[11.053s] -- Installing: /home/vasco/MEIA-PROJ4/ROS2-PX4-Workspace/install/px4_ros_com/share/px4_ros_com/environment/library_path.dsv
[11.053s] -- Up-to-date: /home/vasco/MEIA-PROJ4/ROS2-PX4-Workspace/install/px4_ros_com/include/px4_ros_com
[11.053s] -- Installing: /home/vasco/MEIA-PROJ4/ROS2-PX4-Workspace/install/px4_ros_com/include/px4_ros_com/frame_transforms.h
[11.053s] -- Installing: /home/vasco/MEIA-PROJ4/ROS2-PX4-Workspace/install/px4_ros_com/lib/libframe_transforms.so
[11.056s] -- Set runtime path of "/home/vasco/MEIA-PROJ4/ROS2-PX4-Workspace/install/px4_ros_com/lib/libframe_transforms.so" to ""
[11.056s] -- Up-to-date: /home/vasco/MEIA-PROJ4/ROS2-PX4-Workspace/install/px4_ros_com/share/px4_ros_com//launch
[11.056s] -- Installing: /home/vasco/MEIA-PROJ4/ROS2-PX4-Workspace/install/px4_ros_com/share/px4_ros_com//launch/sensor_combined_listener.launch.py
[11.056s] -- Installing: /home/vasco/MEIA-PROJ4/ROS2-PX4-Workspace/install/px4_ros_com/share/px4_ros_com//launch/offboard_control_launch.yaml
[11.057s] -- Up-to-date: /home/vasco/MEIA-PROJ4/ROS2-PX4-Workspace/install/px4_ros_com/share/px4_ros_com//test
[11.057s] -- Installing: /home/vasco/MEIA-PROJ4/ROS2-PX4-Workspace/install/px4_ros_com/share/px4_ros_com//test/__init__.py
[11.057s] -- Installing: /home/vasco/MEIA-PROJ4/ROS2-PX4-Workspace/install/px4_ros_com/share/px4_ros_com//test/pipeline_io_test.py
[11.057s] -- Installing: /home/vasco/MEIA-PROJ4/ROS2-PX4-Workspace/install/px4_ros_com/share/px4_ros_com//test/test_input.py
[11.057s] -- Installing: /home/vasco/MEIA-PROJ4/ROS2-PX4-Workspace/install/px4_ros_com/share/px4_ros_com//test/test_output.py
[11.058s] -- Up-to-date: /home/vasco/MEIA-PROJ4/ROS2-PX4-Workspace/install/px4_ros_com/share/ament_index/resource_index/package_run_dependencies/px4_ros_com
[11.058s] -- Installing: /home/vasco/MEIA-PROJ4/ROS2-PX4-Workspace/install/px4_ros_com/share/ament_index/resource_index/parent_prefix_path/px4_ros_com
[11.058s] -- Installing: /home/vasco/MEIA-PROJ4/ROS2-PX4-Workspace/install/px4_ros_com/share/px4_ros_com/environment/ament_prefix_path.sh
[11.058s] -- Installing: /home/vasco/MEIA-PROJ4/ROS2-PX4-Workspace/install/px4_ros_com/share/px4_ros_com/environment/ament_prefix_path.dsv
[11.058s] -- Installing: /home/vasco/MEIA-PROJ4/ROS2-PX4-Workspace/install/px4_ros_com/share/px4_ros_com/environment/path.sh
[11.058s] -- Installing: /home/vasco/MEIA-PROJ4/ROS2-PX4-Workspace/install/px4_ros_com/share/px4_ros_com/environment/path.dsv
[11.059s] -- Up-to-date: /home/vasco/MEIA-PROJ4/ROS2-PX4-Workspace/install/px4_ros_com/share/px4_ros_com/local_setup.bash
[11.059s] -- Up-to-date: /home/vasco/MEIA-PROJ4/ROS2-PX4-Workspace/install/px4_ros_com/share/px4_ros_com/local_setup.sh
[11.059s] -- Up-to-date: /home/vasco/MEIA-PROJ4/ROS2-PX4-Workspace/install/px4_ros_com/share/px4_ros_com/local_setup.zsh
[11.059s] -- Installing: /home/vasco/MEIA-PROJ4/ROS2-PX4-Workspace/install/px4_ros_com/share/px4_ros_com/local_setup.dsv
[11.060s] -- Installing: /home/vasco/MEIA-PROJ4/ROS2-PX4-Workspace/install/px4_ros_com/share/px4_ros_com/package.dsv
[11.060s] -- Up-to-date: /home/vasco/MEIA-PROJ4/ROS2-PX4-Workspace/install/px4_ros_com/share/ament_index/resource_index/packages/px4_ros_com
[11.060s] -- Up-to-date: /home/vasco/MEIA-PROJ4/ROS2-PX4-Workspace/install/px4_ros_com/share/px4_ros_com/cmake/export_frame_transformsExport.cmake
[11.060s] -- Installing: /home/vasco/MEIA-PROJ4/ROS2-PX4-Workspace/install/px4_ros_com/share/px4_ros_com/cmake/export_frame_transformsExport-noconfig.cmake
[11.061s] -- Up-to-date: /home/vasco/MEIA-PROJ4/ROS2-PX4-Workspace/install/px4_ros_com/share/px4_ros_com/cmake/ament_cmake_export_dependencies-extras.cmake
[11.061s] -- Up-to-date: /home/vasco/MEIA-PROJ4/ROS2-PX4-Workspace/install/px4_ros_com/share/px4_ros_com/cmake/ament_cmake_export_targets-extras.cmake
[11.061s] -- Up-to-date: /home/vasco/MEIA-PROJ4/ROS2-PX4-Workspace/install/px4_ros_com/share/px4_ros_com/cmake/ament_cmake_export_include_directories-extras.cmake
[11.062s] -- Up-to-date: /home/vasco/MEIA-PROJ4/ROS2-PX4-Workspace/install/px4_ros_com/share/px4_ros_com/cmake/ament_cmake_export_libraries-extras.cmake
[11.062s] -- Up-to-date: /home/vasco/MEIA-PROJ4/ROS2-PX4-Workspace/install/px4_ros_com/share/px4_ros_com/cmake/px4_ros_comConfig.cmake
[11.062s] -- Up-to-date: /home/vasco/MEIA-PROJ4/ROS2-PX4-Workspace/install/px4_ros_com/share/px4_ros_com/cmake/px4_ros_comConfig-version.cmake
[11.062s] -- Installing: /home/vasco/MEIA-PROJ4/ROS2-PX4-Workspace/install/px4_ros_com/share/px4_ros_com/package.xml
[11.066s] Invoked command in '/home/vasco/MEIA-PROJ4/ROS2-PX4-Workspace/build/px4_ros_com' returned '0': CMAKE_PREFIX_PATH=/home/vasco/MEIA-PROJ4/ROS2-PX4-Workspace/install/px4_msgs:/home/vasco/MEIA-PROJ4/ROS2-PX4-Workspace/install/px4_ros_com:/home/vasco/MEIA-PROJ4/ROS2-PX4-Workspace/install/px4_ros_mas_com:/opt/ros/foxy LD_LIBRARY_PATH=/home/vasco/MEIA-PROJ4/ROS2-PX4-Workspace/install/px4_msgs/lib:/home/vasco/MEIA-PROJ4/ROS2-PX4-Workspace/install/px4_ros_com/lib:/usr/lib/x86_64-linux-gnu/gazebo-11/plugins:/opt/ros/foxy/opt/yaml_cpp_vendor/lib:/opt/ros/foxy/opt/rviz_ogre_vendor/lib:/opt/ros/foxy/lib/x86_64-linux-gnu:/opt/ros/foxy/lib PYTHONPATH=/home/vasco/MEIA-PROJ4/ROS2-PX4-Workspace/install/px4_msgs/lib/python3.8/site-packages:/home/vasco/MEIA-PROJ4/ROS2-PX4-Workspace/install/px4_ros_mas_com/lib/python3.8/site-packages:/opt/ros/foxy/lib/python3.8/site-packages /usr/bin/cmake --install /home/vasco/MEIA-PROJ4/ROS2-PX4-Workspace/build/px4_ros_com
