[0.752s] Invoking command in '/home/vasco/MEIA-PROJ4/ROS2-PX4-Workspace/src/px4_ros_mas_com': PYTHONPATH=/home/vasco/MEIA-PROJ4/ROS2-PX4-Workspace/build/px4_ros_mas_com/prefix_override:/home/vasco/MEIA-PROJ4/ROS2-PX4-Workspace/install/px4_ros_mas_com/lib/python3.8/site-packages: /usr/bin/python3 setup.py egg_info --egg-base ../../build/px4_ros_mas_com build --build-base /home/vasco/MEIA-PROJ4/ROS2-PX4-Workspace/build/px4_ros_mas_com/build install --record /home/vasco/MEIA-PROJ4/ROS2-PX4-Workspace/build/px4_ros_mas_com/install.log --install-scripts $base/lib/px4_ros_mas_com --single-version-externally-managed
[0.929s] running egg_info
[0.931s] writing ../../build/px4_ros_mas_com/px4_ros_mas_com.egg-info/PKG-INFO
[0.931s] writing dependency_links to ../../build/px4_ros_mas_com/px4_ros_mas_com.egg-info/dependency_links.txt
[0.932s] writing entry points to ../../build/px4_ros_mas_com/px4_ros_mas_com.egg-info/entry_points.txt
[0.932s] writing requirements to ../../build/px4_ros_mas_com/px4_ros_mas_com.egg-info/requires.txt
[0.932s] writing top-level names to ../../build/px4_ros_mas_com/px4_ros_mas_com.egg-info/top_level.txt
[0.968s] reading manifest file '../../build/px4_ros_mas_com/px4_ros_mas_com.egg-info/SOURCES.txt'
[0.969s] writing manifest file '../../build/px4_ros_mas_com/px4_ros_mas_com.egg-info/SOURCES.txt'
[0.969s] running build
[0.970s] running build_py
[0.970s] copying px4_ros_mas_com/droneControl.py -> /home/vasco/MEIA-PROJ4/ROS2-PX4-Workspace/build/px4_ros_mas_com/build/lib/px4_ros_mas_com
[0.970s] copying px4_ros_mas_com/single_drone_liftoff.py -> /home/vasco/MEIA-PROJ4/ROS2-PX4-Workspace/build/px4_ros_mas_com/build/lib/px4_ros_mas_com
[0.970s] running install
[0.971s] running install_lib
[0.971s] copying /home/vasco/MEIA-PROJ4/ROS2-PX4-Workspace/build/px4_ros_mas_com/build/lib/px4_ros_mas_com/droneControl.py -> /home/vasco/MEIA-PROJ4/ROS2-PX4-Workspace/install/px4_ros_mas_com/lib/python3.8/site-packages/px4_ros_mas_com
[0.972s] copying /home/vasco/MEIA-PROJ4/ROS2-PX4-Workspace/build/px4_ros_mas_com/build/lib/px4_ros_mas_com/single_drone_liftoff.py -> /home/vasco/MEIA-PROJ4/ROS2-PX4-Workspace/install/px4_ros_mas_com/lib/python3.8/site-packages/px4_ros_mas_com
[0.973s] byte-compiling /home/vasco/MEIA-PROJ4/ROS2-PX4-Workspace/install/px4_ros_mas_com/lib/python3.8/site-packages/px4_ros_mas_com/droneControl.py to droneControl.cpython-38.pyc
[0.975s] Sorry: IndentationError: expected an indented block (droneControl.py, line 112)
[0.975s] byte-compiling /home/vasco/MEIA-PROJ4/ROS2-PX4-Workspace/install/px4_ros_mas_com/lib/python3.8/site-packages/px4_ros_mas_com/single_drone_liftoff.py to single_drone_liftoff.cpython-38.pyc
[0.975s] running install_data
[0.976s] running install_egg_info
[0.978s] removing '/home/vasco/MEIA-PROJ4/ROS2-PX4-Workspace/install/px4_ros_mas_com/lib/python3.8/site-packages/px4_ros_mas_com-0.0.0-py3.8.egg-info' (and everything under it)
[0.978s] Copying ../../build/px4_ros_mas_com/px4_ros_mas_com.egg-info to /home/vasco/MEIA-PROJ4/ROS2-PX4-Workspace/install/px4_ros_mas_com/lib/python3.8/site-packages/px4_ros_mas_com-0.0.0-py3.8.egg-info
[0.979s] running install_scripts
[0.994s] Installing drone_liftoff script to /home/vasco/MEIA-PROJ4/ROS2-PX4-Workspace/install/px4_ros_mas_com/lib/px4_ros_mas_com
[0.995s] Installing drone_offboard_control script to /home/vasco/MEIA-PROJ4/ROS2-PX4-Workspace/install/px4_ros_mas_com/lib/px4_ros_mas_com
[0.995s] Installing listener_drone_pos script to /home/vasco/MEIA-PROJ4/ROS2-PX4-Workspace/install/px4_ros_mas_com/lib/px4_ros_mas_com
[0.995s] Installing single_drone_liftoff script to /home/vasco/MEIA-PROJ4/ROS2-PX4-Workspace/install/px4_ros_mas_com/lib/px4_ros_mas_com
[0.995s] writing list of installed files to '/home/vasco/MEIA-PROJ4/ROS2-PX4-Workspace/build/px4_ros_mas_com/install.log'
[1.028s] Invoked command in '/home/vasco/MEIA-PROJ4/ROS2-PX4-Workspace/src/px4_ros_mas_com' returned '0': PYTHONPATH=/home/vasco/MEIA-PROJ4/ROS2-PX4-Workspace/build/px4_ros_mas_com/prefix_override:/home/vasco/MEIA-PROJ4/ROS2-PX4-Workspace/install/px4_ros_mas_com/lib/python3.8/site-packages: /usr/bin/python3 setup.py egg_info --egg-base ../../build/px4_ros_mas_com build --build-base /home/vasco/MEIA-PROJ4/ROS2-PX4-Workspace/build/px4_ros_mas_com/build install --record /home/vasco/MEIA-PROJ4/ROS2-PX4-Workspace/build/px4_ros_mas_com/install.log --install-scripts $base/lib/px4_ros_mas_com --single-version-externally-managed
