[0.328s] DEBUG:colcon:Command line arguments: ['/usr/bin/colcon', 'build']
[0.328s] DEBUG:colcon:Parsed command line arguments: Namespace(allow_overriding=[], ament_cmake_args=None, base_paths=['.'], build_base='build', catkin_cmake_args=None, catkin_skip_building_tests=False, cmake_args=None, cmake_clean_cache=False, cmake_clean_first=False, cmake_force_configure=False, cmake_target=None, cmake_target_skip_unavailable=False, continue_on_error=False, event_handlers=None, executor='parallel', ignore_user_meta=False, install_base='install', log_base=None, log_level=None, main=<bound method BuildVerb.main of <colcon_core.verb.build.BuildVerb object at 0x7fb02fa6a190>>, merge_install=False, metas=['./colcon.meta'], packages_above=None, packages_above_and_dependencies=None, packages_above_depth=None, packages_end=None, packages_ignore=None, packages_ignore_regex=None, packages_select=None, packages_select_build_failed=False, packages_select_by_dep=None, packages_select_regex=None, packages_select_test_failures=False, packages_skip=None, packages_skip_build_finished=False, packages_skip_by_dep=None, packages_skip_regex=None, packages_skip_test_passed=False, packages_skip_up_to=None, packages_start=None, packages_up_to=None, packages_up_to_regex=None, parallel_workers=12, paths=None, symlink_install=False, test_result_base=None, verb_extension=<colcon_core.verb.build.BuildVerb object at 0x7fb02fa6a190>, verb_name='build', verb_parser=<colcon_defaults.argument_parser.defaults.DefaultArgumentsDecorator object at 0x7fb02fa6a6d0>)
[0.349s] Level 1:colcon.colcon_core.package_discovery:discover_packages(colcon_meta) check parameters
[0.349s] Level 1:colcon.colcon_core.package_discovery:discover_packages(recursive) check parameters
[0.349s] Level 1:colcon.colcon_core.package_discovery:discover_packages(ignore) check parameters
[0.349s] Level 1:colcon.colcon_core.package_discovery:discover_packages(path) check parameters
[0.349s] Level 1:colcon.colcon_core.package_discovery:discover_packages(colcon_meta) discover
[0.349s] Level 1:colcon.colcon_core.package_discovery:discover_packages(recursive) discover
[0.349s] INFO:colcon.colcon_core.package_discovery:Crawling recursively for packages in '/home/vasco/MEIA-PROJ4/ROS2-PX4-Workspace'
[0.349s] Level 1:colcon.colcon_core.package_identification:_identify(.) by extensions ['ignore', 'ignore_ament_install']
[0.349s] Level 1:colcon.colcon_core.package_identification:_identify(.) by extension 'ignore'
[0.349s] Level 1:colcon.colcon_core.package_identification:_identify(.) by extension 'ignore_ament_install'
[0.349s] Level 1:colcon.colcon_core.package_identification:_identify(.) by extensions ['colcon_pkg']
[0.349s] Level 1:colcon.colcon_core.package_identification:_identify(.) by extension 'colcon_pkg'
[0.349s] Level 1:colcon.colcon_core.package_identification:_identify(.) by extensions ['colcon_meta']
[0.349s] Level 1:colcon.colcon_core.package_identification:_identify(.) by extension 'colcon_meta'
[0.349s] Level 1:colcon.colcon_core.package_identification:_identify(.) by extensions ['ros']
[0.349s] Level 1:colcon.colcon_core.package_identification:_identify(.) by extension 'ros'
[0.371s] Level 1:colcon.colcon_core.package_identification:_identify(.) by extensions ['cmake', 'python']
[0.371s] Level 1:colcon.colcon_core.package_identification:_identify(.) by extension 'cmake'
[0.371s] Level 1:colcon.colcon_core.package_identification:_identify(.) by extension 'python'
[0.371s] Level 1:colcon.colcon_core.package_identification:_identify(.) by extensions ['python_setup_py']
[0.371s] Level 1:colcon.colcon_core.package_identification:_identify(.) by extension 'python_setup_py'
[0.371s] Level 1:colcon.colcon_core.package_identification:_identify(build) by extensions ['ignore', 'ignore_ament_install']
[0.371s] Level 1:colcon.colcon_core.package_identification:_identify(build) by extension 'ignore'
[0.371s] Level 1:colcon.colcon_core.package_identification:_identify(build) ignored
[0.371s] Level 1:colcon.colcon_core.package_identification:_identify(install) by extensions ['ignore', 'ignore_ament_install']
[0.372s] Level 1:colcon.colcon_core.package_identification:_identify(install) by extension 'ignore'
[0.372s] Level 1:colcon.colcon_core.package_identification:_identify(install) ignored
[0.372s] Level 1:colcon.colcon_core.package_identification:_identify(log) by extensions ['ignore', 'ignore_ament_install']
[0.372s] Level 1:colcon.colcon_core.package_identification:_identify(log) by extension 'ignore'
[0.372s] Level 1:colcon.colcon_core.package_identification:_identify(log) ignored
[0.372s] Level 1:colcon.colcon_core.package_identification:_identify(src) by extensions ['ignore', 'ignore_ament_install']
[0.372s] Level 1:colcon.colcon_core.package_identification:_identify(src) by extension 'ignore'
[0.372s] Level 1:colcon.colcon_core.package_identification:_identify(src) by extension 'ignore_ament_install'
[0.372s] Level 1:colcon.colcon_core.package_identification:_identify(src) by extensions ['colcon_pkg']
[0.372s] Level 1:colcon.colcon_core.package_identification:_identify(src) by extension 'colcon_pkg'
[0.372s] Level 1:colcon.colcon_core.package_identification:_identify(src) by extensions ['colcon_meta']
[0.372s] Level 1:colcon.colcon_core.package_identification:_identify(src) by extension 'colcon_meta'
[0.372s] Level 1:colcon.colcon_core.package_identification:_identify(src) by extensions ['ros']
[0.372s] Level 1:colcon.colcon_core.package_identification:_identify(src) by extension 'ros'
[0.372s] Level 1:colcon.colcon_core.package_identification:_identify(src) by extensions ['cmake', 'python']
[0.372s] Level 1:colcon.colcon_core.package_identification:_identify(src) by extension 'cmake'
[0.372s] Level 1:colcon.colcon_core.package_identification:_identify(src) by extension 'python'
[0.372s] Level 1:colcon.colcon_core.package_identification:_identify(src) by extensions ['python_setup_py']
[0.372s] Level 1:colcon.colcon_core.package_identification:_identify(src) by extension 'python_setup_py'
[0.373s] Level 1:colcon.colcon_core.package_identification:_identify(src/px4_msgs) by extensions ['ignore', 'ignore_ament_install']
[0.373s] Level 1:colcon.colcon_core.package_identification:_identify(src/px4_msgs) by extension 'ignore'
[0.373s] Level 1:colcon.colcon_core.package_identification:_identify(src/px4_msgs) by extension 'ignore_ament_install'
[0.373s] Level 1:colcon.colcon_core.package_identification:_identify(src/px4_msgs) by extensions ['colcon_pkg']
[0.373s] Level 1:colcon.colcon_core.package_identification:_identify(src/px4_msgs) by extension 'colcon_pkg'
[0.373s] Level 1:colcon.colcon_core.package_identification:_identify(src/px4_msgs) by extensions ['colcon_meta']
[0.373s] Level 1:colcon.colcon_core.package_identification:_identify(src/px4_msgs) by extension 'colcon_meta'
[0.373s] Level 1:colcon.colcon_core.package_identification:_identify(src/px4_msgs) by extensions ['ros']
[0.373s] Level 1:colcon.colcon_core.package_identification:_identify(src/px4_msgs) by extension 'ros'
[0.376s] DEBUG:colcon.colcon_core.package_identification:Package 'src/px4_msgs' with type 'ros.ament_cmake' and name 'px4_msgs'
[0.377s] Level 1:colcon.colcon_core.package_identification:_identify(src/px4_ros_com) by extensions ['ignore', 'ignore_ament_install']
[0.377s] Level 1:colcon.colcon_core.package_identification:_identify(src/px4_ros_com) by extension 'ignore'
[0.377s] Level 1:colcon.colcon_core.package_identification:_identify(src/px4_ros_com) by extension 'ignore_ament_install'
[0.377s] Level 1:colcon.colcon_core.package_identification:_identify(src/px4_ros_com) by extensions ['colcon_pkg']
[0.377s] Level 1:colcon.colcon_core.package_identification:_identify(src/px4_ros_com) by extension 'colcon_pkg'
[0.377s] Level 1:colcon.colcon_core.package_identification:_identify(src/px4_ros_com) by extensions ['colcon_meta']
[0.377s] Level 1:colcon.colcon_core.package_identification:_identify(src/px4_ros_com) by extension 'colcon_meta'
[0.377s] Level 1:colcon.colcon_core.package_identification:_identify(src/px4_ros_com) by extensions ['ros']
[0.377s] Level 1:colcon.colcon_core.package_identification:_identify(src/px4_ros_com) by extension 'ros'
[0.378s] DEBUG:colcon.colcon_core.package_identification:Package 'src/px4_ros_com' with type 'ros.ament_cmake' and name 'px4_ros_com'
[0.379s] Level 1:colcon.colcon_core.package_identification:_identify(src/px4_ros_mas_com) by extensions ['ignore', 'ignore_ament_install']
[0.379s] Level 1:colcon.colcon_core.package_identification:_identify(src/px4_ros_mas_com) by extension 'ignore'
[0.379s] Level 1:colcon.colcon_core.package_identification:_identify(src/px4_ros_mas_com) by extension 'ignore_ament_install'
[0.379s] Level 1:colcon.colcon_core.package_identification:_identify(src/px4_ros_mas_com) by extensions ['colcon_pkg']
[0.379s] Level 1:colcon.colcon_core.package_identification:_identify(src/px4_ros_mas_com) by extension 'colcon_pkg'
[0.379s] Level 1:colcon.colcon_core.package_identification:_identify(src/px4_ros_mas_com) by extensions ['colcon_meta']
[0.379s] Level 1:colcon.colcon_core.package_identification:_identify(src/px4_ros_mas_com) by extension 'colcon_meta'
[0.379s] Level 1:colcon.colcon_core.package_identification:_identify(src/px4_ros_mas_com) by extensions ['ros']
[0.379s] Level 1:colcon.colcon_core.package_identification:_identify(src/px4_ros_mas_com) by extension 'ros'
[0.379s] DEBUG:colcon.colcon_core.package_identification:Package 'src/px4_ros_mas_com' with type 'ros.ament_python' and name 'px4_ros_mas_com'
[0.379s] Level 1:colcon.colcon_core.package_discovery:discover_packages(recursive) using defaults
[0.379s] Level 1:colcon.colcon_core.package_discovery:discover_packages(ignore) discover
[0.379s] Level 1:colcon.colcon_core.package_discovery:discover_packages(ignore) using defaults
[0.379s] Level 1:colcon.colcon_core.package_discovery:discover_packages(path) discover
[0.379s] Level 1:colcon.colcon_core.package_discovery:discover_packages(path) using defaults
[0.399s] Level 1:colcon.colcon_core.package_discovery:discover_packages(prefix_path) check parameters
[0.399s] Level 1:colcon.colcon_core.package_discovery:discover_packages(prefix_path) discover
[0.401s] DEBUG:colcon.colcon_installed_package_information.package_discovery:Found 3 installed packages in /home/vasco/MEIA-PROJ4/ROS2-PX4-Workspace/install
[0.402s] DEBUG:colcon.colcon_installed_package_information.package_discovery:Found 263 installed packages in /opt/ros/foxy
[0.404s] Level 1:colcon.colcon_core.package_discovery:discover_packages(prefix_path) using defaults
[0.462s] Level 5:colcon.colcon_core.verb:set package 'px4_msgs' build argument 'cmake_args' from command line to 'None'
[0.462s] Level 5:colcon.colcon_core.verb:set package 'px4_msgs' build argument 'cmake_target' from command line to 'None'
[0.462s] Level 5:colcon.colcon_core.verb:set package 'px4_msgs' build argument 'cmake_target_skip_unavailable' from command line to 'False'
[0.462s] Level 5:colcon.colcon_core.verb:set package 'px4_msgs' build argument 'cmake_clean_cache' from command line to 'False'
[0.462s] Level 5:colcon.colcon_core.verb:set package 'px4_msgs' build argument 'cmake_clean_first' from command line to 'False'
[0.462s] Level 5:colcon.colcon_core.verb:set package 'px4_msgs' build argument 'cmake_force_configure' from command line to 'False'
[0.462s] Level 5:colcon.colcon_core.verb:set package 'px4_msgs' build argument 'ament_cmake_args' from command line to 'None'
[0.462s] Level 5:colcon.colcon_core.verb:set package 'px4_msgs' build argument 'catkin_cmake_args' from command line to 'None'
[0.462s] Level 5:colcon.colcon_core.verb:set package 'px4_msgs' build argument 'catkin_skip_building_tests' from command line to 'False'
[0.462s] DEBUG:colcon.colcon_core.verb:Building package 'px4_msgs' with the following arguments: {'ament_cmake_args': None, 'build_base': '/home/vasco/MEIA-PROJ4/ROS2-PX4-Workspace/build/px4_msgs', 'catkin_cmake_args': None, 'catkin_skip_building_tests': False, 'cmake_args': None, 'cmake_clean_cache': False, 'cmake_clean_first': False, 'cmake_force_configure': False, 'cmake_target': None, 'cmake_target_skip_unavailable': False, 'install_base': '/home/vasco/MEIA-PROJ4/ROS2-PX4-Workspace/install/px4_msgs', 'merge_install': False, 'path': '/home/vasco/MEIA-PROJ4/ROS2-PX4-Workspace/src/px4_msgs', 'symlink_install': False, 'test_result_base': None}
[0.463s] Level 5:colcon.colcon_core.verb:set package 'px4_ros_mas_com' build argument 'cmake_args' from command line to 'None'
[0.463s] Level 5:colcon.colcon_core.verb:set package 'px4_ros_mas_com' build argument 'cmake_target' from command line to 'None'
[0.463s] Level 5:colcon.colcon_core.verb:set package 'px4_ros_mas_com' build argument 'cmake_target_skip_unavailable' from command line to 'False'
[0.463s] Level 5:colcon.colcon_core.verb:set package 'px4_ros_mas_com' build argument 'cmake_clean_cache' from command line to 'False'
[0.463s] Level 5:colcon.colcon_core.verb:set package 'px4_ros_mas_com' build argument 'cmake_clean_first' from command line to 'False'
[0.463s] Level 5:colcon.colcon_core.verb:set package 'px4_ros_mas_com' build argument 'cmake_force_configure' from command line to 'False'
[0.463s] Level 5:colcon.colcon_core.verb:set package 'px4_ros_mas_com' build argument 'ament_cmake_args' from command line to 'None'
[0.463s] Level 5:colcon.colcon_core.verb:set package 'px4_ros_mas_com' build argument 'catkin_cmake_args' from command line to 'None'
[0.463s] Level 5:colcon.colcon_core.verb:set package 'px4_ros_mas_com' build argument 'catkin_skip_building_tests' from command line to 'False'
[0.463s] DEBUG:colcon.colcon_core.verb:Building package 'px4_ros_mas_com' with the following arguments: {'ament_cmake_args': None, 'build_base': '/home/vasco/MEIA-PROJ4/ROS2-PX4-Workspace/build/px4_ros_mas_com', 'catkin_cmake_args': None, 'catkin_skip_building_tests': False, 'cmake_args': None, 'cmake_clean_cache': False, 'cmake_clean_first': False, 'cmake_force_configure': False, 'cmake_target': None, 'cmake_target_skip_unavailable': False, 'install_base': '/home/vasco/MEIA-PROJ4/ROS2-PX4-Workspace/install/px4_ros_mas_com', 'merge_install': False, 'path': '/home/vasco/MEIA-PROJ4/ROS2-PX4-Workspace/src/px4_ros_mas_com', 'symlink_install': False, 'test_result_base': None}
[0.464s] Level 5:colcon.colcon_core.verb:set package 'px4_ros_com' build argument 'cmake_args' from command line to 'None'
[0.464s] Level 5:colcon.colcon_core.verb:set package 'px4_ros_com' build argument 'cmake_target' from command line to 'None'
[0.464s] Level 5:colcon.colcon_core.verb:set package 'px4_ros_com' build argument 'cmake_target_skip_unavailable' from command line to 'False'
[0.464s] Level 5:colcon.colcon_core.verb:set package 'px4_ros_com' build argument 'cmake_clean_cache' from command line to 'False'
[0.464s] Level 5:colcon.colcon_core.verb:set package 'px4_ros_com' build argument 'cmake_clean_first' from command line to 'False'
[0.464s] Level 5:colcon.colcon_core.verb:set package 'px4_ros_com' build argument 'cmake_force_configure' from command line to 'False'
[0.464s] Level 5:colcon.colcon_core.verb:set package 'px4_ros_com' build argument 'ament_cmake_args' from command line to 'None'
[0.464s] Level 5:colcon.colcon_core.verb:set package 'px4_ros_com' build argument 'catkin_cmake_args' from command line to 'None'
[0.464s] Level 5:colcon.colcon_core.verb:set package 'px4_ros_com' build argument 'catkin_skip_building_tests' from command line to 'False'
[0.464s] DEBUG:colcon.colcon_core.verb:Building package 'px4_ros_com' with the following arguments: {'ament_cmake_args': None, 'build_base': '/home/vasco/MEIA-PROJ4/ROS2-PX4-Workspace/build/px4_ros_com', 'catkin_cmake_args': None, 'catkin_skip_building_tests': False, 'cmake_args': None, 'cmake_clean_cache': False, 'cmake_clean_first': False, 'cmake_force_configure': False, 'cmake_target': None, 'cmake_target_skip_unavailable': False, 'install_base': '/home/vasco/MEIA-PROJ4/ROS2-PX4-Workspace/install/px4_ros_com', 'merge_install': False, 'path': '/home/vasco/MEIA-PROJ4/ROS2-PX4-Workspace/src/px4_ros_com', 'symlink_install': False, 'test_result_base': None}
[0.465s] INFO:colcon.colcon_core.executor:Executing jobs using 'parallel' executor
[0.469s] DEBUG:colcon.colcon_parallel_executor.executor.parallel:run_until_complete
[0.469s] INFO:colcon.colcon_ros.task.ament_cmake.build:Building ROS package in '/home/vasco/MEIA-PROJ4/ROS2-PX4-Workspace/src/px4_msgs' with build type 'ament_cmake'
[0.470s] INFO:colcon.colcon_cmake.task.cmake.build:Building CMake package in '/home/vasco/MEIA-PROJ4/ROS2-PX4-Workspace/src/px4_msgs'
[0.474s] INFO:colcon.colcon_core.plugin_system:Skipping extension 'colcon_core.shell.bat': Not used on non-Windows systems
[0.475s] INFO:colcon.colcon_core.shell:Skip shell extension 'powershell' for command environment: Not usable outside of PowerShell
[0.475s] DEBUG:colcon.colcon_core.shell:Skip shell extension 'dsv' for command environment
[0.480s] INFO:colcon.colcon_ros.task.ament_python.build:Building ROS package in '/home/vasco/MEIA-PROJ4/ROS2-PX4-Workspace/src/px4_ros_mas_com' with build type 'ament_python'
[0.480s] Level 1:colcon.colcon_core.shell:create_environment_hook('px4_ros_mas_com', 'ament_prefix_path')
[0.482s] INFO:colcon.colcon_core.shell:Creating environment hook '/home/vasco/MEIA-PROJ4/ROS2-PX4-Workspace/install/px4_ros_mas_com/share/px4_ros_mas_com/hook/ament_prefix_path.ps1'
[0.483s] INFO:colcon.colcon_core.shell:Creating environment descriptor '/home/vasco/MEIA-PROJ4/ROS2-PX4-Workspace/install/px4_ros_mas_com/share/px4_ros_mas_com/hook/ament_prefix_path.dsv'
[0.483s] INFO:colcon.colcon_core.shell:Creating environment hook '/home/vasco/MEIA-PROJ4/ROS2-PX4-Workspace/install/px4_ros_mas_com/share/px4_ros_mas_com/hook/ament_prefix_path.sh'
[0.484s] INFO:colcon.colcon_core.shell:Skip shell extension 'powershell' for command environment: Not usable outside of PowerShell
[0.485s] DEBUG:colcon.colcon_core.shell:Skip shell extension 'dsv' for command environment
[0.501s] DEBUG:colcon.colcon_core.event_handler.log_command:Invoking command in '/home/vasco/MEIA-PROJ4/ROS2-PX4-Workspace/build/px4_msgs': CMAKE_PREFIX_PATH=${CMAKE_PREFIX_PATH}:/home/vasco/MEIA-PROJ4/ROS2-PX4-Workspace/install/px4_ros_mas_com:/opt/ros/foxy /usr/bin/cmake --build /home/vasco/MEIA-PROJ4/ROS2-PX4-Workspace/build/px4_msgs -- -j12 -l12
[0.691s] INFO:colcon.colcon_core.task.python.build:Building Python package in '/home/vasco/MEIA-PROJ4/ROS2-PX4-Workspace/src/px4_ros_mas_com'
[0.692s] INFO:colcon.colcon_core.shell:Skip shell extension 'powershell' for command environment: Not usable outside of PowerShell
[0.692s] DEBUG:colcon.colcon_core.shell:Skip shell extension 'dsv' for command environment
[1.080s] DEBUG:colcon.colcon_core.event_handler.log_command:Invoking command in '/home/vasco/MEIA-PROJ4/ROS2-PX4-Workspace/src/px4_ros_mas_com': PYTHONPATH=/home/vasco/MEIA-PROJ4/ROS2-PX4-Workspace/build/px4_ros_mas_com/prefix_override:/home/vasco/MEIA-PROJ4/ROS2-PX4-Workspace/install/px4_ros_mas_com/lib/python3.8/site-packages:${PYTHONPATH} /usr/bin/python3 setup.py egg_info --egg-base ../../build/px4_ros_mas_com build --build-base /home/vasco/MEIA-PROJ4/ROS2-PX4-Workspace/build/px4_ros_mas_com/build install --record /home/vasco/MEIA-PROJ4/ROS2-PX4-Workspace/build/px4_ros_mas_com/install.log --install-scripts $base/lib/px4_ros_mas_com --single-version-externally-managed
[1.293s] DEBUG:colcon.colcon_core.event_handler.log_command:Invoked command in '/home/vasco/MEIA-PROJ4/ROS2-PX4-Workspace/build/px4_msgs' returned '0': CMAKE_PREFIX_PATH=${CMAKE_PREFIX_PATH}:/home/vasco/MEIA-PROJ4/ROS2-PX4-Workspace/install/px4_ros_mas_com:/opt/ros/foxy /usr/bin/cmake --build /home/vasco/MEIA-PROJ4/ROS2-PX4-Workspace/build/px4_msgs -- -j12 -l12
[1.380s] DEBUG:colcon.colcon_core.event_handler.log_command:Invoked command in '/home/vasco/MEIA-PROJ4/ROS2-PX4-Workspace/src/px4_ros_mas_com' returned '0': PYTHONPATH=/home/vasco/MEIA-PROJ4/ROS2-PX4-Workspace/build/px4_ros_mas_com/prefix_override:/home/vasco/MEIA-PROJ4/ROS2-PX4-Workspace/install/px4_ros_mas_com/lib/python3.8/site-packages:${PYTHONPATH} /usr/bin/python3 setup.py egg_info --egg-base ../../build/px4_ros_mas_com build --build-base /home/vasco/MEIA-PROJ4/ROS2-PX4-Workspace/build/px4_ros_mas_com/build install --record /home/vasco/MEIA-PROJ4/ROS2-PX4-Workspace/build/px4_ros_mas_com/install.log --install-scripts $base/lib/px4_ros_mas_com --single-version-externally-managed
[1.385s] Level 1:colcon.colcon_core.environment:checking '/home/vasco/MEIA-PROJ4/ROS2-PX4-Workspace/install/px4_ros_mas_com' for CMake module files
[1.385s] Level 1:colcon.colcon_core.environment:checking '/home/vasco/MEIA-PROJ4/ROS2-PX4-Workspace/install/px4_ros_mas_com' for CMake config files
[1.386s] Level 1:colcon.colcon_core.environment:checking '/home/vasco/MEIA-PROJ4/ROS2-PX4-Workspace/install/px4_ros_mas_com/lib'
[1.386s] Level 1:colcon.colcon_core.environment:checking '/home/vasco/MEIA-PROJ4/ROS2-PX4-Workspace/install/px4_ros_mas_com/bin'
[1.386s] Level 1:colcon.colcon_core.environment:checking '/home/vasco/MEIA-PROJ4/ROS2-PX4-Workspace/install/px4_ros_mas_com/lib/pkgconfig/px4_ros_mas_com.pc'
[1.386s] Level 1:colcon.colcon_core.environment:checking '/home/vasco/MEIA-PROJ4/ROS2-PX4-Workspace/install/px4_ros_mas_com/lib/python3.8/site-packages'
[1.387s] Level 1:colcon.colcon_core.shell:create_environment_hook('px4_ros_mas_com', 'pythonpath')
[1.388s] INFO:colcon.colcon_core.shell:Creating environment hook '/home/vasco/MEIA-PROJ4/ROS2-PX4-Workspace/install/px4_ros_mas_com/share/px4_ros_mas_com/hook/pythonpath.ps1'
[1.389s] INFO:colcon.colcon_core.shell:Creating environment descriptor '/home/vasco/MEIA-PROJ4/ROS2-PX4-Workspace/install/px4_ros_mas_com/share/px4_ros_mas_com/hook/pythonpath.dsv'
[1.389s] INFO:colcon.colcon_core.shell:Creating environment hook '/home/vasco/MEIA-PROJ4/ROS2-PX4-Workspace/install/px4_ros_mas_com/share/px4_ros_mas_com/hook/pythonpath.sh'
[1.389s] Level 1:colcon.colcon_core.environment:checking '/home/vasco/MEIA-PROJ4/ROS2-PX4-Workspace/install/px4_ros_mas_com/bin'
[1.389s] Level 1:colcon.colcon_core.environment:create_environment_scripts_only(px4_ros_mas_com)
[1.391s] INFO:colcon.colcon_core.shell:Creating package script '/home/vasco/MEIA-PROJ4/ROS2-PX4-Workspace/install/px4_ros_mas_com/share/px4_ros_mas_com/package.ps1'
[1.392s] INFO:colcon.colcon_core.shell:Creating package descriptor '/home/vasco/MEIA-PROJ4/ROS2-PX4-Workspace/install/px4_ros_mas_com/share/px4_ros_mas_com/package.dsv'
[1.392s] INFO:colcon.colcon_core.shell:Creating package script '/home/vasco/MEIA-PROJ4/ROS2-PX4-Workspace/install/px4_ros_mas_com/share/px4_ros_mas_com/package.sh'
[1.393s] INFO:colcon.colcon_core.shell:Creating package script '/home/vasco/MEIA-PROJ4/ROS2-PX4-Workspace/install/px4_ros_mas_com/share/px4_ros_mas_com/package.bash'
[1.393s] INFO:colcon.colcon_core.shell:Creating package script '/home/vasco/MEIA-PROJ4/ROS2-PX4-Workspace/install/px4_ros_mas_com/share/px4_ros_mas_com/package.zsh'
[1.394s] Level 1:colcon.colcon_core.environment:create_file_with_runtime_dependencies(/home/vasco/MEIA-PROJ4/ROS2-PX4-Workspace/install/px4_ros_mas_com/share/colcon-core/packages/px4_ros_mas_com)
[3.834s] DEBUG:colcon.colcon_core.event_handler.log_command:Invoking command in '/home/vasco/MEIA-PROJ4/ROS2-PX4-Workspace/build/px4_msgs': CMAKE_PREFIX_PATH=${CMAKE_PREFIX_PATH}:/home/vasco/MEIA-PROJ4/ROS2-PX4-Workspace/install/px4_ros_mas_com:/opt/ros/foxy /usr/bin/cmake --install /home/vasco/MEIA-PROJ4/ROS2-PX4-Workspace/build/px4_msgs
[4.124s] Level 1:colcon.colcon_core.environment:create_environment_scripts_only(px4_msgs)
[4.126s] Level 1:colcon.colcon_core.environment:checking '/home/vasco/MEIA-PROJ4/ROS2-PX4-Workspace/install/px4_msgs' for CMake module files
[4.141s] Level 1:colcon.colcon_core.environment:checking '/home/vasco/MEIA-PROJ4/ROS2-PX4-Workspace/install/px4_msgs' for CMake config files
[4.226s] Level 1:colcon.colcon_core.shell:create_environment_hook('px4_msgs', 'cmake_prefix_path')
[4.228s] INFO:colcon.colcon_core.shell:Creating environment hook '/home/vasco/MEIA-PROJ4/ROS2-PX4-Workspace/install/px4_msgs/share/px4_msgs/hook/cmake_prefix_path.ps1'
[4.228s] INFO:colcon.colcon_core.shell:Creating environment descriptor '/home/vasco/MEIA-PROJ4/ROS2-PX4-Workspace/install/px4_msgs/share/px4_msgs/hook/cmake_prefix_path.dsv'
[4.230s] INFO:colcon.colcon_core.shell:Creating environment hook '/home/vasco/MEIA-PROJ4/ROS2-PX4-Workspace/install/px4_msgs/share/px4_msgs/hook/cmake_prefix_path.sh'
[4.234s] Level 1:colcon.colcon_core.environment:checking '/home/vasco/MEIA-PROJ4/ROS2-PX4-Workspace/install/px4_msgs/lib'
[4.235s] Level 1:colcon.colcon_core.shell:create_environment_hook('px4_msgs', 'ld_library_path_lib')
[4.236s] INFO:colcon.colcon_core.shell:Creating environment hook '/home/vasco/MEIA-PROJ4/ROS2-PX4-Workspace/install/px4_msgs/share/px4_msgs/hook/ld_library_path_lib.ps1'
[4.237s] INFO:colcon.colcon_core.shell:Creating environment descriptor '/home/vasco/MEIA-PROJ4/ROS2-PX4-Workspace/install/px4_msgs/share/px4_msgs/hook/ld_library_path_lib.dsv'
[4.238s] INFO:colcon.colcon_core.shell:Creating environment hook '/home/vasco/MEIA-PROJ4/ROS2-PX4-Workspace/install/px4_msgs/share/px4_msgs/hook/ld_library_path_lib.sh'
[4.238s] Level 1:colcon.colcon_core.environment:checking '/home/vasco/MEIA-PROJ4/ROS2-PX4-Workspace/install/px4_msgs/bin'
[4.239s] Level 1:colcon.colcon_core.environment:checking '/home/vasco/MEIA-PROJ4/ROS2-PX4-Workspace/install/px4_msgs/lib/pkgconfig/px4_msgs.pc'
[4.239s] Level 1:colcon.colcon_core.environment:checking '/home/vasco/MEIA-PROJ4/ROS2-PX4-Workspace/install/px4_msgs/lib/python3.8/site-packages'
[4.239s] Level 1:colcon.colcon_core.shell:create_environment_hook('px4_msgs', 'pythonpath')
[4.240s] INFO:colcon.colcon_core.shell:Creating environment hook '/home/vasco/MEIA-PROJ4/ROS2-PX4-Workspace/install/px4_msgs/share/px4_msgs/hook/pythonpath.ps1'
[4.244s] INFO:colcon.colcon_core.shell:Creating environment descriptor '/home/vasco/MEIA-PROJ4/ROS2-PX4-Workspace/install/px4_msgs/share/px4_msgs/hook/pythonpath.dsv'
[4.245s] INFO:colcon.colcon_core.shell:Creating environment hook '/home/vasco/MEIA-PROJ4/ROS2-PX4-Workspace/install/px4_msgs/share/px4_msgs/hook/pythonpath.sh'
[4.245s] Level 1:colcon.colcon_core.environment:checking '/home/vasco/MEIA-PROJ4/ROS2-PX4-Workspace/install/px4_msgs/bin'
[4.247s] INFO:colcon.colcon_core.shell:Creating package script '/home/vasco/MEIA-PROJ4/ROS2-PX4-Workspace/install/px4_msgs/share/px4_msgs/package.ps1'
[4.248s] INFO:colcon.colcon_core.shell:Creating package descriptor '/home/vasco/MEIA-PROJ4/ROS2-PX4-Workspace/install/px4_msgs/share/px4_msgs/package.dsv'
[4.248s] INFO:colcon.colcon_core.shell:Creating package script '/home/vasco/MEIA-PROJ4/ROS2-PX4-Workspace/install/px4_msgs/share/px4_msgs/package.sh'
[4.250s] INFO:colcon.colcon_core.shell:Creating package script '/home/vasco/MEIA-PROJ4/ROS2-PX4-Workspace/install/px4_msgs/share/px4_msgs/package.bash'
[4.252s] INFO:colcon.colcon_core.shell:Creating package script '/home/vasco/MEIA-PROJ4/ROS2-PX4-Workspace/install/px4_msgs/share/px4_msgs/package.zsh'
[4.255s] Level 1:colcon.colcon_core.environment:create_file_with_runtime_dependencies(/home/vasco/MEIA-PROJ4/ROS2-PX4-Workspace/install/px4_msgs/share/colcon-core/packages/px4_msgs)
[4.336s] DEBUG:colcon.colcon_core.event_handler.log_command:Invoked command in '/home/vasco/MEIA-PROJ4/ROS2-PX4-Workspace/build/px4_msgs' returned '0': CMAKE_PREFIX_PATH=${CMAKE_PREFIX_PATH}:/home/vasco/MEIA-PROJ4/ROS2-PX4-Workspace/install/px4_ros_mas_com:/opt/ros/foxy /usr/bin/cmake --install /home/vasco/MEIA-PROJ4/ROS2-PX4-Workspace/build/px4_msgs
[6.515s] Level 1:colcon.colcon_core.environment:create_environment_scripts_only(px4_msgs)
[6.517s] Level 1:colcon.colcon_core.environment:checking '/home/vasco/MEIA-PROJ4/ROS2-PX4-Workspace/install/px4_msgs' for CMake module files
[6.517s] Level 1:colcon.colcon_core.environment:checking '/home/vasco/MEIA-PROJ4/ROS2-PX4-Workspace/install/px4_msgs' for CMake config files
[6.519s] Level 1:colcon.colcon_core.shell:create_environment_hook('px4_msgs', 'cmake_prefix_path')
[6.520s] INFO:colcon.colcon_core.shell:Creating environment hook '/home/vasco/MEIA-PROJ4/ROS2-PX4-Workspace/install/px4_msgs/share/px4_msgs/hook/cmake_prefix_path.ps1'
[6.520s] INFO:colcon.colcon_core.shell:Creating environment descriptor '/home/vasco/MEIA-PROJ4/ROS2-PX4-Workspace/install/px4_msgs/share/px4_msgs/hook/cmake_prefix_path.dsv'
[6.520s] INFO:colcon.colcon_core.shell:Creating environment hook '/home/vasco/MEIA-PROJ4/ROS2-PX4-Workspace/install/px4_msgs/share/px4_msgs/hook/cmake_prefix_path.sh'
[6.521s] Level 1:colcon.colcon_core.environment:checking '/home/vasco/MEIA-PROJ4/ROS2-PX4-Workspace/install/px4_msgs/lib'
[6.521s] Level 1:colcon.colcon_core.shell:create_environment_hook('px4_msgs', 'ld_library_path_lib')
[6.522s] INFO:colcon.colcon_core.shell:Creating environment hook '/home/vasco/MEIA-PROJ4/ROS2-PX4-Workspace/install/px4_msgs/share/px4_msgs/hook/ld_library_path_lib.ps1'
[6.522s] INFO:colcon.colcon_core.shell:Creating environment descriptor '/home/vasco/MEIA-PROJ4/ROS2-PX4-Workspace/install/px4_msgs/share/px4_msgs/hook/ld_library_path_lib.dsv'
[6.522s] INFO:colcon.colcon_core.shell:Creating environment hook '/home/vasco/MEIA-PROJ4/ROS2-PX4-Workspace/install/px4_msgs/share/px4_msgs/hook/ld_library_path_lib.sh'
[6.522s] Level 1:colcon.colcon_core.environment:checking '/home/vasco/MEIA-PROJ4/ROS2-PX4-Workspace/install/px4_msgs/bin'
[6.523s] Level 1:colcon.colcon_core.environment:checking '/home/vasco/MEIA-PROJ4/ROS2-PX4-Workspace/install/px4_msgs/lib/pkgconfig/px4_msgs.pc'
[6.523s] Level 1:colcon.colcon_core.environment:checking '/home/vasco/MEIA-PROJ4/ROS2-PX4-Workspace/install/px4_msgs/lib/python3.8/site-packages'
[6.523s] Level 1:colcon.colcon_core.shell:create_environment_hook('px4_msgs', 'pythonpath')
[6.524s] INFO:colcon.colcon_core.shell:Creating environment hook '/home/vasco/MEIA-PROJ4/ROS2-PX4-Workspace/install/px4_msgs/share/px4_msgs/hook/pythonpath.ps1'
[6.524s] INFO:colcon.colcon_core.shell:Creating environment descriptor '/home/vasco/MEIA-PROJ4/ROS2-PX4-Workspace/install/px4_msgs/share/px4_msgs/hook/pythonpath.dsv'
[6.524s] INFO:colcon.colcon_core.shell:Creating environment hook '/home/vasco/MEIA-PROJ4/ROS2-PX4-Workspace/install/px4_msgs/share/px4_msgs/hook/pythonpath.sh'
[6.525s] Level 1:colcon.colcon_core.environment:checking '/home/vasco/MEIA-PROJ4/ROS2-PX4-Workspace/install/px4_msgs/bin'
[6.526s] INFO:colcon.colcon_core.shell:Creating package script '/home/vasco/MEIA-PROJ4/ROS2-PX4-Workspace/install/px4_msgs/share/px4_msgs/package.ps1'
[6.526s] INFO:colcon.colcon_core.shell:Creating package descriptor '/home/vasco/MEIA-PROJ4/ROS2-PX4-Workspace/install/px4_msgs/share/px4_msgs/package.dsv'
[6.526s] INFO:colcon.colcon_core.shell:Creating package script '/home/vasco/MEIA-PROJ4/ROS2-PX4-Workspace/install/px4_msgs/share/px4_msgs/package.sh'
[6.527s] INFO:colcon.colcon_core.shell:Creating package script '/home/vasco/MEIA-PROJ4/ROS2-PX4-Workspace/install/px4_msgs/share/px4_msgs/package.bash'
[6.527s] INFO:colcon.colcon_core.shell:Creating package script '/home/vasco/MEIA-PROJ4/ROS2-PX4-Workspace/install/px4_msgs/share/px4_msgs/package.zsh'
[6.527s] Level 1:colcon.colcon_core.environment:create_file_with_runtime_dependencies(/home/vasco/MEIA-PROJ4/ROS2-PX4-Workspace/install/px4_msgs/share/colcon-core/packages/px4_msgs)
[6.528s] INFO:colcon.colcon_ros.task.ament_cmake.build:Building ROS package in '/home/vasco/MEIA-PROJ4/ROS2-PX4-Workspace/src/px4_ros_com' with build type 'ament_cmake'
[6.528s] INFO:colcon.colcon_cmake.task.cmake.build:Building CMake package in '/home/vasco/MEIA-PROJ4/ROS2-PX4-Workspace/src/px4_ros_com'
[6.529s] INFO:colcon.colcon_core.shell:Skip shell extension 'powershell' for command environment: Not usable outside of PowerShell
[6.530s] DEBUG:colcon.colcon_core.shell:Skip shell extension 'dsv' for command environment
[6.609s] DEBUG:colcon.colcon_core.event_handler.log_command:Invoking command in '/home/vasco/MEIA-PROJ4/ROS2-PX4-Workspace/build/px4_ros_com': CMAKE_PREFIX_PATH=/home/vasco/MEIA-PROJ4/ROS2-PX4-Workspace/install/px4_msgs:/home/vasco/MEIA-PROJ4/ROS2-PX4-Workspace/install/px4_ros_com:/home/vasco/MEIA-PROJ4/ROS2-PX4-Workspace/install/px4_ros_mas_com:/opt/ros/foxy LD_LIBRARY_PATH=/home/vasco/MEIA-PROJ4/ROS2-PX4-Workspace/install/px4_msgs/lib:/home/vasco/MEIA-PROJ4/ROS2-PX4-Workspace/install/px4_ros_com/lib:/usr/lib/x86_64-linux-gnu/gazebo-11/plugins:/opt/ros/foxy/opt/yaml_cpp_vendor/lib:/opt/ros/foxy/opt/rviz_ogre_vendor/lib:/opt/ros/foxy/lib/x86_64-linux-gnu:/opt/ros/foxy/lib PYTHONPATH=/home/vasco/MEIA-PROJ4/ROS2-PX4-Workspace/install/px4_msgs/lib/python3.8/site-packages:/home/vasco/MEIA-PROJ4/ROS2-PX4-Workspace/install/px4_ros_mas_com/lib/python3.8/site-packages:/opt/ros/foxy/lib/python3.8/site-packages /usr/bin/cmake --build /home/vasco/MEIA-PROJ4/ROS2-PX4-Workspace/build/px4_ros_com -- -j12 -l12
[6.658s] DEBUG:colcon.colcon_core.event_handler.log_command:Invoked command in '/home/vasco/MEIA-PROJ4/ROS2-PX4-Workspace/build/px4_ros_com' returned '0': CMAKE_PREFIX_PATH=/home/vasco/MEIA-PROJ4/ROS2-PX4-Workspace/install/px4_msgs:/home/vasco/MEIA-PROJ4/ROS2-PX4-Workspace/install/px4_ros_com:/home/vasco/MEIA-PROJ4/ROS2-PX4-Workspace/install/px4_ros_mas_com:/opt/ros/foxy LD_LIBRARY_PATH=/home/vasco/MEIA-PROJ4/ROS2-PX4-Workspace/install/px4_msgs/lib:/home/vasco/MEIA-PROJ4/ROS2-PX4-Workspace/install/px4_ros_com/lib:/usr/lib/x86_64-linux-gnu/gazebo-11/plugins:/opt/ros/foxy/opt/yaml_cpp_vendor/lib:/opt/ros/foxy/opt/rviz_ogre_vendor/lib:/opt/ros/foxy/lib/x86_64-linux-gnu:/opt/ros/foxy/lib PYTHONPATH=/home/vasco/MEIA-PROJ4/ROS2-PX4-Workspace/install/px4_msgs/lib/python3.8/site-packages:/home/vasco/MEIA-PROJ4/ROS2-PX4-Workspace/install/px4_ros_mas_com/lib/python3.8/site-packages:/opt/ros/foxy/lib/python3.8/site-packages /usr/bin/cmake --build /home/vasco/MEIA-PROJ4/ROS2-PX4-Workspace/build/px4_ros_com -- -j12 -l12
[6.682s] DEBUG:colcon.colcon_core.event_handler.log_command:Invoking command in '/home/vasco/MEIA-PROJ4/ROS2-PX4-Workspace/build/px4_ros_com': CMAKE_PREFIX_PATH=/home/vasco/MEIA-PROJ4/ROS2-PX4-Workspace/install/px4_msgs:/home/vasco/MEIA-PROJ4/ROS2-PX4-Workspace/install/px4_ros_com:/home/vasco/MEIA-PROJ4/ROS2-PX4-Workspace/install/px4_ros_mas_com:/opt/ros/foxy LD_LIBRARY_PATH=/home/vasco/MEIA-PROJ4/ROS2-PX4-Workspace/install/px4_msgs/lib:/home/vasco/MEIA-PROJ4/ROS2-PX4-Workspace/install/px4_ros_com/lib:/usr/lib/x86_64-linux-gnu/gazebo-11/plugins:/opt/ros/foxy/opt/yaml_cpp_vendor/lib:/opt/ros/foxy/opt/rviz_ogre_vendor/lib:/opt/ros/foxy/lib/x86_64-linux-gnu:/opt/ros/foxy/lib PYTHONPATH=/home/vasco/MEIA-PROJ4/ROS2-PX4-Workspace/install/px4_msgs/lib/python3.8/site-packages:/home/vasco/MEIA-PROJ4/ROS2-PX4-Workspace/install/px4_ros_mas_com/lib/python3.8/site-packages:/opt/ros/foxy/lib/python3.8/site-packages /usr/bin/cmake --install /home/vasco/MEIA-PROJ4/ROS2-PX4-Workspace/build/px4_ros_com
[6.696s] Level 1:colcon.colcon_core.environment:create_environment_scripts_only(px4_ros_com)
[6.698s] Level 1:colcon.colcon_core.environment:checking '/home/vasco/MEIA-PROJ4/ROS2-PX4-Workspace/install/px4_ros_com' for CMake module files
[6.699s] DEBUG:colcon.colcon_core.event_handler.log_command:Invoked command in '/home/vasco/MEIA-PROJ4/ROS2-PX4-Workspace/build/px4_ros_com' returned '0': CMAKE_PREFIX_PATH=/home/vasco/MEIA-PROJ4/ROS2-PX4-Workspace/install/px4_msgs:/home/vasco/MEIA-PROJ4/ROS2-PX4-Workspace/install/px4_ros_com:/home/vasco/MEIA-PROJ4/ROS2-PX4-Workspace/install/px4_ros_mas_com:/opt/ros/foxy LD_LIBRARY_PATH=/home/vasco/MEIA-PROJ4/ROS2-PX4-Workspace/install/px4_msgs/lib:/home/vasco/MEIA-PROJ4/ROS2-PX4-Workspace/install/px4_ros_com/lib:/usr/lib/x86_64-linux-gnu/gazebo-11/plugins:/opt/ros/foxy/opt/yaml_cpp_vendor/lib:/opt/ros/foxy/opt/rviz_ogre_vendor/lib:/opt/ros/foxy/lib/x86_64-linux-gnu:/opt/ros/foxy/lib PYTHONPATH=/home/vasco/MEIA-PROJ4/ROS2-PX4-Workspace/install/px4_msgs/lib/python3.8/site-packages:/home/vasco/MEIA-PROJ4/ROS2-PX4-Workspace/install/px4_ros_mas_com/lib/python3.8/site-packages:/opt/ros/foxy/lib/python3.8/site-packages /usr/bin/cmake --install /home/vasco/MEIA-PROJ4/ROS2-PX4-Workspace/build/px4_ros_com
[6.699s] Level 1:colcon.colcon_core.environment:checking '/home/vasco/MEIA-PROJ4/ROS2-PX4-Workspace/install/px4_ros_com' for CMake config files
[6.699s] Level 1:colcon.colcon_core.shell:create_environment_hook('px4_ros_com', 'cmake_prefix_path')
[6.700s] INFO:colcon.colcon_core.shell:Creating environment hook '/home/vasco/MEIA-PROJ4/ROS2-PX4-Workspace/install/px4_ros_com/share/px4_ros_com/hook/cmake_prefix_path.ps1'
[6.701s] INFO:colcon.colcon_core.shell:Creating environment descriptor '/home/vasco/MEIA-PROJ4/ROS2-PX4-Workspace/install/px4_ros_com/share/px4_ros_com/hook/cmake_prefix_path.dsv'
[6.701s] INFO:colcon.colcon_core.shell:Creating environment hook '/home/vasco/MEIA-PROJ4/ROS2-PX4-Workspace/install/px4_ros_com/share/px4_ros_com/hook/cmake_prefix_path.sh'
[6.701s] Level 1:colcon.colcon_core.environment:checking '/home/vasco/MEIA-PROJ4/ROS2-PX4-Workspace/install/px4_ros_com/lib'
[6.701s] Level 1:colcon.colcon_core.shell:create_environment_hook('px4_ros_com', 'ld_library_path_lib')
[6.702s] INFO:colcon.colcon_core.shell:Creating environment hook '/home/vasco/MEIA-PROJ4/ROS2-PX4-Workspace/install/px4_ros_com/share/px4_ros_com/hook/ld_library_path_lib.ps1'
[6.703s] INFO:colcon.colcon_core.shell:Creating environment descriptor '/home/vasco/MEIA-PROJ4/ROS2-PX4-Workspace/install/px4_ros_com/share/px4_ros_com/hook/ld_library_path_lib.dsv'
[6.703s] INFO:colcon.colcon_core.shell:Creating environment hook '/home/vasco/MEIA-PROJ4/ROS2-PX4-Workspace/install/px4_ros_com/share/px4_ros_com/hook/ld_library_path_lib.sh'
[6.703s] Level 1:colcon.colcon_core.environment:checking '/home/vasco/MEIA-PROJ4/ROS2-PX4-Workspace/install/px4_ros_com/bin'
[6.703s] Level 1:colcon.colcon_core.environment:checking '/home/vasco/MEIA-PROJ4/ROS2-PX4-Workspace/install/px4_ros_com/lib/pkgconfig/px4_ros_com.pc'
[6.703s] Level 1:colcon.colcon_core.environment:checking '/home/vasco/MEIA-PROJ4/ROS2-PX4-Workspace/install/px4_ros_com/lib/python3.8/site-packages'
[6.703s] Level 1:colcon.colcon_core.environment:checking '/home/vasco/MEIA-PROJ4/ROS2-PX4-Workspace/install/px4_ros_com/bin'
[6.705s] INFO:colcon.colcon_core.shell:Creating package script '/home/vasco/MEIA-PROJ4/ROS2-PX4-Workspace/install/px4_ros_com/share/px4_ros_com/package.ps1'
[6.705s] INFO:colcon.colcon_core.shell:Creating package descriptor '/home/vasco/MEIA-PROJ4/ROS2-PX4-Workspace/install/px4_ros_com/share/px4_ros_com/package.dsv'
[6.705s] INFO:colcon.colcon_core.shell:Creating package script '/home/vasco/MEIA-PROJ4/ROS2-PX4-Workspace/install/px4_ros_com/share/px4_ros_com/package.sh'
[6.705s] INFO:colcon.colcon_core.shell:Creating package script '/home/vasco/MEIA-PROJ4/ROS2-PX4-Workspace/install/px4_ros_com/share/px4_ros_com/package.bash'
[6.706s] INFO:colcon.colcon_core.shell:Creating package script '/home/vasco/MEIA-PROJ4/ROS2-PX4-Workspace/install/px4_ros_com/share/px4_ros_com/package.zsh'
[6.706s] Level 1:colcon.colcon_core.environment:create_file_with_runtime_dependencies(/home/vasco/MEIA-PROJ4/ROS2-PX4-Workspace/install/px4_ros_com/share/colcon-core/packages/px4_ros_com)
[6.731s] Level 1:colcon.colcon_core.environment:create_environment_scripts_only(px4_ros_com)
[6.732s] Level 1:colcon.colcon_core.environment:checking '/home/vasco/MEIA-PROJ4/ROS2-PX4-Workspace/install/px4_ros_com' for CMake module files
[6.733s] Level 1:colcon.colcon_core.environment:checking '/home/vasco/MEIA-PROJ4/ROS2-PX4-Workspace/install/px4_ros_com' for CMake config files
[6.733s] Level 1:colcon.colcon_core.shell:create_environment_hook('px4_ros_com', 'cmake_prefix_path')
[6.734s] INFO:colcon.colcon_core.shell:Creating environment hook '/home/vasco/MEIA-PROJ4/ROS2-PX4-Workspace/install/px4_ros_com/share/px4_ros_com/hook/cmake_prefix_path.ps1'
[6.734s] INFO:colcon.colcon_core.shell:Creating environment descriptor '/home/vasco/MEIA-PROJ4/ROS2-PX4-Workspace/install/px4_ros_com/share/px4_ros_com/hook/cmake_prefix_path.dsv'
[6.734s] INFO:colcon.colcon_core.shell:Creating environment hook '/home/vasco/MEIA-PROJ4/ROS2-PX4-Workspace/install/px4_ros_com/share/px4_ros_com/hook/cmake_prefix_path.sh'
[6.735s] Level 1:colcon.colcon_core.environment:checking '/home/vasco/MEIA-PROJ4/ROS2-PX4-Workspace/install/px4_ros_com/lib'
[6.735s] Level 1:colcon.colcon_core.shell:create_environment_hook('px4_ros_com', 'ld_library_path_lib')
[6.736s] INFO:colcon.colcon_core.shell:Creating environment hook '/home/vasco/MEIA-PROJ4/ROS2-PX4-Workspace/install/px4_ros_com/share/px4_ros_com/hook/ld_library_path_lib.ps1'
[6.736s] INFO:colcon.colcon_core.shell:Creating environment descriptor '/home/vasco/MEIA-PROJ4/ROS2-PX4-Workspace/install/px4_ros_com/share/px4_ros_com/hook/ld_library_path_lib.dsv'
[6.736s] INFO:colcon.colcon_core.shell:Creating environment hook '/home/vasco/MEIA-PROJ4/ROS2-PX4-Workspace/install/px4_ros_com/share/px4_ros_com/hook/ld_library_path_lib.sh'
[6.737s] Level 1:colcon.colcon_core.environment:checking '/home/vasco/MEIA-PROJ4/ROS2-PX4-Workspace/install/px4_ros_com/bin'
[6.737s] Level 1:colcon.colcon_core.environment:checking '/home/vasco/MEIA-PROJ4/ROS2-PX4-Workspace/install/px4_ros_com/lib/pkgconfig/px4_ros_com.pc'
[6.737s] Level 1:colcon.colcon_core.environment:checking '/home/vasco/MEIA-PROJ4/ROS2-PX4-Workspace/install/px4_ros_com/lib/python3.8/site-packages'
[6.737s] Level 1:colcon.colcon_core.environment:checking '/home/vasco/MEIA-PROJ4/ROS2-PX4-Workspace/install/px4_ros_com/bin'
[6.738s] INFO:colcon.colcon_core.shell:Creating package script '/home/vasco/MEIA-PROJ4/ROS2-PX4-Workspace/install/px4_ros_com/share/px4_ros_com/package.ps1'
[6.739s] INFO:colcon.colcon_core.shell:Creating package descriptor '/home/vasco/MEIA-PROJ4/ROS2-PX4-Workspace/install/px4_ros_com/share/px4_ros_com/package.dsv'
[6.739s] INFO:colcon.colcon_core.shell:Creating package script '/home/vasco/MEIA-PROJ4/ROS2-PX4-Workspace/install/px4_ros_com/share/px4_ros_com/package.sh'
[6.739s] INFO:colcon.colcon_core.shell:Creating package script '/home/vasco/MEIA-PROJ4/ROS2-PX4-Workspace/install/px4_ros_com/share/px4_ros_com/package.bash'
[6.740s] INFO:colcon.colcon_core.shell:Creating package script '/home/vasco/MEIA-PROJ4/ROS2-PX4-Workspace/install/px4_ros_com/share/px4_ros_com/package.zsh'
[6.740s] Level 1:colcon.colcon_core.environment:create_file_with_runtime_dependencies(/home/vasco/MEIA-PROJ4/ROS2-PX4-Workspace/install/px4_ros_com/share/colcon-core/packages/px4_ros_com)
[6.740s] DEBUG:colcon.colcon_parallel_executor.executor.parallel:closing loop
[6.741s] DEBUG:colcon.colcon_parallel_executor.executor.parallel:loop closed
[6.741s] DEBUG:colcon.colcon_parallel_executor.executor.parallel:run_until_complete finished with '0'
[6.741s] DEBUG:colcon.colcon_core.event_reactor:joining thread
[6.769s] INFO:colcon.colcon_core.plugin_system:Skipping extension 'colcon_notification.desktop_notification.notify_send': Could not find 'notify-send'
[6.769s] INFO:colcon.colcon_core.plugin_system:Skipping extension 'colcon_notification.desktop_notification.terminal_notifier': Not used on non-Darwin systems
[6.769s] INFO:colcon.colcon_core.plugin_system:Skipping extension 'colcon_notification.desktop_notification.win32': Not used on non-Windows systems
[6.769s] INFO:colcon.colcon_notification.desktop_notification:Sending desktop notification using 'notify2'
[6.770s] DEBUG:colcon.colcon_notification.desktop_notification.notify2:Failed to initialize notify2: org.freedesktop.DBus.Error.ServiceUnknown: The name org.freedesktop.Notifications was not provided by any .service files
[6.770s] DEBUG:colcon.colcon_core.event_reactor:joined thread
[6.771s] INFO:colcon.colcon_core.shell:Creating prefix script '/home/vasco/MEIA-PROJ4/ROS2-PX4-Workspace/install/local_setup.ps1'
[6.772s] INFO:colcon.colcon_core.shell:Creating prefix util module '/home/vasco/MEIA-PROJ4/ROS2-PX4-Workspace/install/_local_setup_util_ps1.py'
[6.773s] INFO:colcon.colcon_core.shell:Creating prefix chain script '/home/vasco/MEIA-PROJ4/ROS2-PX4-Workspace/install/setup.ps1'
[6.774s] INFO:colcon.colcon_core.shell:Creating prefix script '/home/vasco/MEIA-PROJ4/ROS2-PX4-Workspace/install/local_setup.sh'
[6.774s] INFO:colcon.colcon_core.shell:Creating prefix util module '/home/vasco/MEIA-PROJ4/ROS2-PX4-Workspace/install/_local_setup_util_sh.py'
[6.774s] INFO:colcon.colcon_core.shell:Creating prefix chain script '/home/vasco/MEIA-PROJ4/ROS2-PX4-Workspace/install/setup.sh'
[6.775s] INFO:colcon.colcon_core.shell:Creating prefix script '/home/vasco/MEIA-PROJ4/ROS2-PX4-Workspace/install/local_setup.bash'
[6.776s] INFO:colcon.colcon_core.shell:Creating prefix chain script '/home/vasco/MEIA-PROJ4/ROS2-PX4-Workspace/install/setup.bash'
[6.777s] INFO:colcon.colcon_core.shell:Creating prefix script '/home/vasco/MEIA-PROJ4/ROS2-PX4-Workspace/install/local_setup.zsh'
[6.777s] INFO:colcon.colcon_core.shell:Creating prefix chain script '/home/vasco/MEIA-PROJ4/ROS2-PX4-Workspace/install/setup.zsh'
