[0.087s] Invoking command in '/home/vasco/MEIA-PROJ4/ROS2-PX4-Workspace/build/px4_ros_com': CMAKE_PREFIX_PATH=/home/vasco/MEIA-PROJ4/ROS2-PX4-Workspace/install/px4_msgs:/home/vasco/MEIA-PROJ4/ROS2-PX4-Workspace/install/px4_ros_com:/home/vasco/MEIA-PROJ4/ROS2-PX4-Workspace/install/px4_ros_mas_com:/opt/ros/foxy LD_LIBRARY_PATH=/home/vasco/MEIA-PROJ4/ROS2-PX4-Workspace/install/px4_msgs/lib:/home/vasco/MEIA-PROJ4/ROS2-PX4-Workspace/install/px4_ros_com/lib:/usr/lib/x86_64-linux-gnu/gazebo-11/plugins:/opt/ros/foxy/opt/yaml_cpp_vendor/lib:/opt/ros/foxy/opt/rviz_ogre_vendor/lib:/opt/ros/foxy/lib/x86_64-linux-gnu:/opt/ros/foxy/lib PYTHONPATH=/home/vasco/MEIA-PROJ4/ROS2-PX4-Workspace/install/px4_msgs/lib/python3.8/site-packages:/home/vasco/MEIA-PROJ4/ROS2-PX4-Workspace/install/px4_ros_mas_com/lib/python3.8/site-packages:/opt/ros/foxy/lib/python3.8/site-packages /usr/bin/cmake --build /home/vasco/MEIA-PROJ4/ROS2-PX4-Workspace/build/px4_ros_com -- -j12 -l12
[0.139s] [ 40%] Built target sensor_combined_listener
[0.139s] [ 40%] Built target vehicle_gps_position_listener
[0.139s] [ 80%] Built target offboard_control
[0.139s] [ 80%] Built target frame_transforms
[0.139s] [100%] Built target debug_vect_advertiser
[0.151s] Invoked command in '/home/vasco/MEIA-PROJ4/ROS2-PX4-Workspace/build/px4_ros_com' returned '0': CMAKE_PREFIX_PATH=/home/vasco/MEIA-PROJ4/ROS2-PX4-Workspace/install/px4_msgs:/home/vasco/MEIA-PROJ4/ROS2-PX4-Workspace/install/px4_ros_com:/home/vasco/MEIA-PROJ4/ROS2-PX4-Workspace/install/px4_ros_mas_com:/opt/ros/foxy LD_LIBRARY_PATH=/home/vasco/MEIA-PROJ4/ROS2-PX4-Workspace/install/px4_msgs/lib:/home/vasco/MEIA-PROJ4/ROS2-PX4-Workspace/install/px4_ros_com/lib:/usr/lib/x86_64-linux-gnu/gazebo-11/plugins:/opt/ros/foxy/opt/yaml_cpp_vendor/lib:/opt/ros/foxy/opt/rviz_ogre_vendor/lib:/opt/ros/foxy/lib/x86_64-linux-gnu:/opt/ros/foxy/lib PYTHONPATH=/home/vasco/MEIA-PROJ4/ROS2-PX4-Workspace/install/px4_msgs/lib/python3.8/site-packages:/home/vasco/MEIA-PROJ4/ROS2-PX4-Workspace/install/px4_ros_mas_com/lib/python3.8/site-packages:/opt/ros/foxy/lib/python3.8/site-packages /usr/bin/cmake --build /home/vasco/MEIA-PROJ4/ROS2-PX4-Workspace/build/px4_ros_com -- -j12 -l12
[0.182s] Invoking command in '/home/vasco/MEIA-PROJ4/ROS2-PX4-Workspace/build/px4_ros_com': CMAKE_PREFIX_PATH=/home/vasco/MEIA-PROJ4/ROS2-PX4-Workspace/install/px4_msgs:/home/vasco/MEIA-PROJ4/ROS2-PX4-Workspace/install/px4_ros_com:/home/vasco/MEIA-PROJ4/ROS2-PX4-Workspace/install/px4_ros_mas_com:/opt/ros/foxy LD_LIBRARY_PATH=/home/vasco/MEIA-PROJ4/ROS2-PX4-Workspace/install/px4_msgs/lib:/home/vasco/MEIA-PROJ4/ROS2-PX4-Workspace/install/px4_ros_com/lib:/usr/lib/x86_64-linux-gnu/gazebo-11/plugins:/opt/ros/foxy/opt/yaml_cpp_vendor/lib:/opt/ros/foxy/opt/rviz_ogre_vendor/lib:/opt/ros/foxy/lib/x86_64-linux-gnu:/opt/ros/foxy/lib PYTHONPATH=/home/vasco/MEIA-PROJ4/ROS2-PX4-Workspace/install/px4_msgs/lib/python3.8/site-packages:/home/vasco/MEIA-PROJ4/ROS2-PX4-Workspace/install/px4_ros_mas_com/lib/python3.8/site-packages:/opt/ros/foxy/lib/python3.8/site-packages /usr/bin/cmake --install /home/vasco/MEIA-PROJ4/ROS2-PX4-Workspace/build/px4_ros_com
[0.189s] -- Install configuration: ""
[0.189s] -- Up-to-date: /home/vasco/MEIA-PROJ4/ROS2-PX4-Workspace/install/px4_ros_com/lib/px4_ros_com/sensor_combined_listener
[0.189s] -- Up-to-date: /home/vasco/MEIA-PROJ4/ROS2-PX4-Workspace/install/px4_ros_com/lib/px4_ros_com/vehicle_gps_position_listener
[0.189s] -- Up-to-date: /home/vasco/MEIA-PROJ4/ROS2-PX4-Workspace/install/px4_ros_com/lib/px4_ros_com/debug_vect_advertiser
[0.190s] -- Up-to-date: /home/vasco/MEIA-PROJ4/ROS2-PX4-Workspace/install/px4_ros_com/lib/px4_ros_com/offboard_control
[0.190s] -- Up-to-date: /home/vasco/MEIA-PROJ4/ROS2-PX4-Workspace/install/px4_ros_com/share/px4_ros_com/environment/library_path.sh
[0.190s] -- Up-to-date: /home/vasco/MEIA-PROJ4/ROS2-PX4-Workspace/install/px4_ros_com/share/px4_ros_com/environment/library_path.dsv
[0.191s] -- Up-to-date: /home/vasco/MEIA-PROJ4/ROS2-PX4-Workspace/install/px4_ros_com/include/px4_ros_com
[0.191s] -- Up-to-date: /home/vasco/MEIA-PROJ4/ROS2-PX4-Workspace/install/px4_ros_com/include/px4_ros_com/frame_transforms.h
[0.191s] -- Up-to-date: /home/vasco/MEIA-PROJ4/ROS2-PX4-Workspace/install/px4_ros_com/lib/libframe_transforms.so
[0.191s] -- Up-to-date: /home/vasco/MEIA-PROJ4/ROS2-PX4-Workspace/install/px4_ros_com/share/px4_ros_com//launch
[0.192s] -- Up-to-date: /home/vasco/MEIA-PROJ4/ROS2-PX4-Workspace/install/px4_ros_com/share/px4_ros_com//launch/sensor_combined_listener.launch.py
[0.192s] -- Up-to-date: /home/vasco/MEIA-PROJ4/ROS2-PX4-Workspace/install/px4_ros_com/share/px4_ros_com//launch/offboard_control_launch.yaml
[0.192s] -- Up-to-date: /home/vasco/MEIA-PROJ4/ROS2-PX4-Workspace/install/px4_ros_com/share/px4_ros_com//test
[0.192s] -- Up-to-date: /home/vasco/MEIA-PROJ4/ROS2-PX4-Workspace/install/px4_ros_com/share/px4_ros_com//test/__init__.py
[0.192s] -- Up-to-date: /home/vasco/MEIA-PROJ4/ROS2-PX4-Workspace/install/px4_ros_com/share/px4_ros_com//test/pipeline_io_test.py
[0.193s] -- Up-to-date: /home/vasco/MEIA-PROJ4/ROS2-PX4-Workspace/install/px4_ros_com/share/px4_ros_com//test/test_input.py
[0.193s] -- Up-to-date: /home/vasco/MEIA-PROJ4/ROS2-PX4-Workspace/install/px4_ros_com/share/px4_ros_com//test/test_output.py
[0.193s] -- Up-to-date: /home/vasco/MEIA-PROJ4/ROS2-PX4-Workspace/install/px4_ros_com/share/ament_index/resource_index/package_run_dependencies/px4_ros_com
[0.193s] -- Up-to-date: /home/vasco/MEIA-PROJ4/ROS2-PX4-Workspace/install/px4_ros_com/share/ament_index/resource_index/parent_prefix_path/px4_ros_com
[0.193s] -- Up-to-date: /home/vasco/MEIA-PROJ4/ROS2-PX4-Workspace/install/px4_ros_com/share/px4_ros_com/environment/ament_prefix_path.sh
[0.193s] -- Up-to-date: /home/vasco/MEIA-PROJ4/ROS2-PX4-Workspace/install/px4_ros_com/share/px4_ros_com/environment/ament_prefix_path.dsv
[0.194s] -- Up-to-date: /home/vasco/MEIA-PROJ4/ROS2-PX4-Workspace/install/px4_ros_com/share/px4_ros_com/environment/path.sh
[0.194s] -- Up-to-date: /home/vasco/MEIA-PROJ4/ROS2-PX4-Workspace/install/px4_ros_com/share/px4_ros_com/environment/path.dsv
[0.194s] -- Up-to-date: /home/vasco/MEIA-PROJ4/ROS2-PX4-Workspace/install/px4_ros_com/share/px4_ros_com/local_setup.bash
[0.199s] -- Up-to-date: /home/vasco/MEIA-PROJ4/ROS2-PX4-Workspace/install/px4_ros_com/share/px4_ros_com/local_setup.sh
[0.199s] -- Up-to-date: /home/vasco/MEIA-PROJ4/ROS2-PX4-Workspace/install/px4_ros_com/share/px4_ros_com/local_setup.zsh
[0.199s] -- Up-to-date: /home/vasco/MEIA-PROJ4/ROS2-PX4-Workspace/install/px4_ros_com/share/px4_ros_com/local_setup.dsv
[0.199s] -- Installing: /home/vasco/MEIA-PROJ4/ROS2-PX4-Workspace/install/px4_ros_com/share/px4_ros_com/package.dsv
[0.199s] -- Up-to-date: /home/vasco/MEIA-PROJ4/ROS2-PX4-Workspace/install/px4_ros_com/share/ament_index/resource_index/packages/px4_ros_com
[0.200s] -- Up-to-date: /home/vasco/MEIA-PROJ4/ROS2-PX4-Workspace/install/px4_ros_com/share/px4_ros_com/cmake/export_frame_transformsExport.cmake
[0.200s] -- Up-to-date: /home/vasco/MEIA-PROJ4/ROS2-PX4-Workspace/install/px4_ros_com/share/px4_ros_com/cmake/export_frame_transformsExport-noconfig.cmake
[0.200s] -- Up-to-date: /home/vasco/MEIA-PROJ4/ROS2-PX4-Workspace/install/px4_ros_com/share/px4_ros_com/cmake/ament_cmake_export_dependencies-extras.cmake
[0.200s] -- Up-to-date: /home/vasco/MEIA-PROJ4/ROS2-PX4-Workspace/install/px4_ros_com/share/px4_ros_com/cmake/ament_cmake_export_targets-extras.cmake
[0.200s] -- Up-to-date: /home/vasco/MEIA-PROJ4/ROS2-PX4-Workspace/install/px4_ros_com/share/px4_ros_com/cmake/ament_cmake_export_include_directories-extras.cmake
[0.201s] -- Up-to-date: /home/vasco/MEIA-PROJ4/ROS2-PX4-Workspace/install/px4_ros_com/share/px4_ros_com/cmake/ament_cmake_export_libraries-extras.cmake
[0.201s] -- Up-to-date: /home/vasco/MEIA-PROJ4/ROS2-PX4-Workspace/install/px4_ros_com/share/px4_ros_com/cmake/px4_ros_comConfig.cmake
[0.201s] -- Up-to-date: /home/vasco/MEIA-PROJ4/ROS2-PX4-Workspace/install/px4_ros_com/share/px4_ros_com/cmake/px4_ros_comConfig-version.cmake
[0.201s] -- Up-to-date: /home/vasco/MEIA-PROJ4/ROS2-PX4-Workspace/install/px4_ros_com/share/px4_ros_com/package.xml
[0.201s] Invoked command in '/home/vasco/MEIA-PROJ4/ROS2-PX4-Workspace/build/px4_ros_com' returned '0': CMAKE_PREFIX_PATH=/home/vasco/MEIA-PROJ4/ROS2-PX4-Workspace/install/px4_msgs:/home/vasco/MEIA-PROJ4/ROS2-PX4-Workspace/install/px4_ros_com:/home/vasco/MEIA-PROJ4/ROS2-PX4-Workspace/install/px4_ros_mas_com:/opt/ros/foxy LD_LIBRARY_PATH=/home/vasco/MEIA-PROJ4/ROS2-PX4-Workspace/install/px4_msgs/lib:/home/vasco/MEIA-PROJ4/ROS2-PX4-Workspace/install/px4_ros_com/lib:/usr/lib/x86_64-linux-gnu/gazebo-11/plugins:/opt/ros/foxy/opt/yaml_cpp_vendor/lib:/opt/ros/foxy/opt/rviz_ogre_vendor/lib:/opt/ros/foxy/lib/x86_64-linux-gnu:/opt/ros/foxy/lib PYTHONPATH=/home/vasco/MEIA-PROJ4/ROS2-PX4-Workspace/install/px4_msgs/lib/python3.8/site-packages:/home/vasco/MEIA-PROJ4/ROS2-PX4-Workspace/install/px4_ros_mas_com/lib/python3.8/site-packages:/opt/ros/foxy/lib/python3.8/site-packages /usr/bin/cmake --install /home/vasco/MEIA-PROJ4/ROS2-PX4-Workspace/build/px4_ros_com
