[0.334s] DEBUG:colcon:Command line arguments: ['/usr/bin/colcon', 'build']
[0.334s] DEBUG:colcon:Parsed command line arguments: Namespace(allow_overriding=[], ament_cmake_args=None, base_paths=['.'], build_base='build', catkin_cmake_args=None, catkin_skip_building_tests=False, cmake_args=None, cmake_clean_cache=False, cmake_clean_first=False, cmake_force_configure=False, cmake_target=None, cmake_target_skip_unavailable=False, continue_on_error=False, event_handlers=None, executor='parallel', ignore_user_meta=False, install_base='install', log_base=None, log_level=None, main=<bound method BuildVerb.main of <colcon_core.verb.build.BuildVerb object at 0x7fbbc834b280>>, merge_install=False, metas=['./colcon.meta'], packages_above=None, packages_above_and_dependencies=None, packages_above_depth=None, packages_end=None, packages_ignore=None, packages_ignore_regex=None, packages_select=None, packages_select_build_failed=False, packages_select_by_dep=None, packages_select_regex=None, packages_select_test_failures=False, packages_skip=None, packages_skip_build_finished=False, packages_skip_by_dep=None, packages_skip_regex=None, packages_skip_test_passed=False, packages_skip_up_to=None, packages_start=None, packages_up_to=None, packages_up_to_regex=None, parallel_workers=12, paths=None, symlink_install=False, test_result_base=None, verb_extension=<colcon_core.verb.build.BuildVerb object at 0x7fbbc834b280>, verb_name='build', verb_parser=<colcon_defaults.argument_parser.defaults.DefaultArgumentsDecorator object at 0x7fbbc834b7c0>)
[0.358s] Level 1:colcon.colcon_core.package_discovery:discover_packages(colcon_meta) check parameters
[0.358s] Level 1:colcon.colcon_core.package_discovery:discover_packages(recursive) check parameters
[0.358s] Level 1:colcon.colcon_core.package_discovery:discover_packages(ignore) check parameters
[0.358s] Level 1:colcon.colcon_core.package_discovery:discover_packages(path) check parameters
[0.358s] Level 1:colcon.colcon_core.package_discovery:discover_packages(colcon_meta) discover
[0.358s] Level 1:colcon.colcon_core.package_discovery:discover_packages(recursive) discover
[0.358s] INFO:colcon.colcon_core.package_discovery:Crawling recursively for packages in '/home/vasco/MEIA-PROJ4/ROS2-PX4-Workspace'
[0.358s] Level 1:colcon.colcon_core.package_identification:_identify(.) by extensions ['ignore', 'ignore_ament_install']
[0.358s] Level 1:colcon.colcon_core.package_identification:_identify(.) by extension 'ignore'
[0.358s] Level 1:colcon.colcon_core.package_identification:_identify(.) by extension 'ignore_ament_install'
[0.359s] Level 1:colcon.colcon_core.package_identification:_identify(.) by extensions ['colcon_pkg']
[0.359s] Level 1:colcon.colcon_core.package_identification:_identify(.) by extension 'colcon_pkg'
[0.359s] Level 1:colcon.colcon_core.package_identification:_identify(.) by extensions ['colcon_meta']
[0.359s] Level 1:colcon.colcon_core.package_identification:_identify(.) by extension 'colcon_meta'
[0.359s] Level 1:colcon.colcon_core.package_identification:_identify(.) by extensions ['ros']
[0.359s] Level 1:colcon.colcon_core.package_identification:_identify(.) by extension 'ros'
[0.380s] Level 1:colcon.colcon_core.package_identification:_identify(.) by extensions ['cmake', 'python']
[0.380s] Level 1:colcon.colcon_core.package_identification:_identify(.) by extension 'cmake'
[0.380s] Level 1:colcon.colcon_core.package_identification:_identify(.) by extension 'python'
[0.380s] Level 1:colcon.colcon_core.package_identification:_identify(.) by extensions ['python_setup_py']
[0.380s] Level 1:colcon.colcon_core.package_identification:_identify(.) by extension 'python_setup_py'
[0.380s] Level 1:colcon.colcon_core.package_identification:_identify(build) by extensions ['ignore', 'ignore_ament_install']
[0.380s] Level 1:colcon.colcon_core.package_identification:_identify(build) by extension 'ignore'
[0.380s] Level 1:colcon.colcon_core.package_identification:_identify(build) ignored
[0.380s] Level 1:colcon.colcon_core.package_identification:_identify(install) by extensions ['ignore', 'ignore_ament_install']
[0.380s] Level 1:colcon.colcon_core.package_identification:_identify(install) by extension 'ignore'
[0.380s] Level 1:colcon.colcon_core.package_identification:_identify(install) ignored
[0.380s] Level 1:colcon.colcon_core.package_identification:_identify(log) by extensions ['ignore', 'ignore_ament_install']
[0.381s] Level 1:colcon.colcon_core.package_identification:_identify(log) by extension 'ignore'
[0.381s] Level 1:colcon.colcon_core.package_identification:_identify(log) ignored
[0.381s] Level 1:colcon.colcon_core.package_identification:_identify(src) by extensions ['ignore', 'ignore_ament_install']
[0.381s] Level 1:colcon.colcon_core.package_identification:_identify(src) by extension 'ignore'
[0.381s] Level 1:colcon.colcon_core.package_identification:_identify(src) by extension 'ignore_ament_install'
[0.381s] Level 1:colcon.colcon_core.package_identification:_identify(src) by extensions ['colcon_pkg']
[0.381s] Level 1:colcon.colcon_core.package_identification:_identify(src) by extension 'colcon_pkg'
[0.381s] Level 1:colcon.colcon_core.package_identification:_identify(src) by extensions ['colcon_meta']
[0.381s] Level 1:colcon.colcon_core.package_identification:_identify(src) by extension 'colcon_meta'
[0.381s] Level 1:colcon.colcon_core.package_identification:_identify(src) by extensions ['ros']
[0.381s] Level 1:colcon.colcon_core.package_identification:_identify(src) by extension 'ros'
[0.381s] Level 1:colcon.colcon_core.package_identification:_identify(src) by extensions ['cmake', 'python']
[0.381s] Level 1:colcon.colcon_core.package_identification:_identify(src) by extension 'cmake'
[0.381s] Level 1:colcon.colcon_core.package_identification:_identify(src) by extension 'python'
[0.381s] Level 1:colcon.colcon_core.package_identification:_identify(src) by extensions ['python_setup_py']
[0.381s] Level 1:colcon.colcon_core.package_identification:_identify(src) by extension 'python_setup_py'
[0.382s] Level 1:colcon.colcon_core.package_identification:_identify(src/px4_msgs) by extensions ['ignore', 'ignore_ament_install']
[0.382s] Level 1:colcon.colcon_core.package_identification:_identify(src/px4_msgs) by extension 'ignore'
[0.382s] Level 1:colcon.colcon_core.package_identification:_identify(src/px4_msgs) by extension 'ignore_ament_install'
[0.382s] Level 1:colcon.colcon_core.package_identification:_identify(src/px4_msgs) by extensions ['colcon_pkg']
[0.382s] Level 1:colcon.colcon_core.package_identification:_identify(src/px4_msgs) by extension 'colcon_pkg'
[0.382s] Level 1:colcon.colcon_core.package_identification:_identify(src/px4_msgs) by extensions ['colcon_meta']
[0.382s] Level 1:colcon.colcon_core.package_identification:_identify(src/px4_msgs) by extension 'colcon_meta'
[0.382s] Level 1:colcon.colcon_core.package_identification:_identify(src/px4_msgs) by extensions ['ros']
[0.382s] Level 1:colcon.colcon_core.package_identification:_identify(src/px4_msgs) by extension 'ros'
[0.385s] DEBUG:colcon.colcon_core.package_identification:Package 'src/px4_msgs' with type 'ros.ament_cmake' and name 'px4_msgs'
[0.386s] Level 1:colcon.colcon_core.package_identification:_identify(src/px4_ros_com) by extensions ['ignore', 'ignore_ament_install']
[0.386s] Level 1:colcon.colcon_core.package_identification:_identify(src/px4_ros_com) by extension 'ignore'
[0.386s] Level 1:colcon.colcon_core.package_identification:_identify(src/px4_ros_com) by extension 'ignore_ament_install'
[0.386s] Level 1:colcon.colcon_core.package_identification:_identify(src/px4_ros_com) by extensions ['colcon_pkg']
[0.386s] Level 1:colcon.colcon_core.package_identification:_identify(src/px4_ros_com) by extension 'colcon_pkg'
[0.386s] Level 1:colcon.colcon_core.package_identification:_identify(src/px4_ros_com) by extensions ['colcon_meta']
[0.386s] Level 1:colcon.colcon_core.package_identification:_identify(src/px4_ros_com) by extension 'colcon_meta'
[0.386s] Level 1:colcon.colcon_core.package_identification:_identify(src/px4_ros_com) by extensions ['ros']
[0.386s] Level 1:colcon.colcon_core.package_identification:_identify(src/px4_ros_com) by extension 'ros'
[0.387s] DEBUG:colcon.colcon_core.package_identification:Package 'src/px4_ros_com' with type 'ros.ament_cmake' and name 'px4_ros_com'
[0.387s] Level 1:colcon.colcon_core.package_identification:_identify(src/px4_ros_mas_com) by extensions ['ignore', 'ignore_ament_install']
[0.387s] Level 1:colcon.colcon_core.package_identification:_identify(src/px4_ros_mas_com) by extension 'ignore'
[0.387s] Level 1:colcon.colcon_core.package_identification:_identify(src/px4_ros_mas_com) by extension 'ignore_ament_install'
[0.387s] Level 1:colcon.colcon_core.package_identification:_identify(src/px4_ros_mas_com) by extensions ['colcon_pkg']
[0.387s] Level 1:colcon.colcon_core.package_identification:_identify(src/px4_ros_mas_com) by extension 'colcon_pkg'
[0.387s] Level 1:colcon.colcon_core.package_identification:_identify(src/px4_ros_mas_com) by extensions ['colcon_meta']
[0.387s] Level 1:colcon.colcon_core.package_identification:_identify(src/px4_ros_mas_com) by extension 'colcon_meta'
[0.387s] Level 1:colcon.colcon_core.package_identification:_identify(src/px4_ros_mas_com) by extensions ['ros']
[0.388s] Level 1:colcon.colcon_core.package_identification:_identify(src/px4_ros_mas_com) by extension 'ros'
[0.388s] DEBUG:colcon.colcon_core.package_identification:Package 'src/px4_ros_mas_com' with type 'ros.ament_python' and name 'px4_ros_mas_com'
[0.388s] Level 1:colcon.colcon_core.package_discovery:discover_packages(recursive) using defaults
[0.388s] Level 1:colcon.colcon_core.package_discovery:discover_packages(ignore) discover
[0.388s] Level 1:colcon.colcon_core.package_discovery:discover_packages(ignore) using defaults
[0.388s] Level 1:colcon.colcon_core.package_discovery:discover_packages(path) discover
[0.388s] Level 1:colcon.colcon_core.package_discovery:discover_packages(path) using defaults
[0.405s] Level 1:colcon.colcon_core.package_discovery:discover_packages(prefix_path) check parameters
[0.405s] Level 1:colcon.colcon_core.package_discovery:discover_packages(prefix_path) discover
[0.407s] DEBUG:colcon.colcon_installed_package_information.package_discovery:Found 3 installed packages in /home/vasco/MEIA-PROJ4/ROS2-PX4-Workspace/install
[0.408s] DEBUG:colcon.colcon_installed_package_information.package_discovery:Found 263 installed packages in /opt/ros/foxy
[0.410s] Level 1:colcon.colcon_core.package_discovery:discover_packages(prefix_path) using defaults
[0.466s] Level 5:colcon.colcon_core.verb:set package 'px4_msgs' build argument 'cmake_args' from command line to 'None'
[0.466s] Level 5:colcon.colcon_core.verb:set package 'px4_msgs' build argument 'cmake_target' from command line to 'None'
[0.466s] Level 5:colcon.colcon_core.verb:set package 'px4_msgs' build argument 'cmake_target_skip_unavailable' from command line to 'False'
[0.466s] Level 5:colcon.colcon_core.verb:set package 'px4_msgs' build argument 'cmake_clean_cache' from command line to 'False'
[0.467s] Level 5:colcon.colcon_core.verb:set package 'px4_msgs' build argument 'cmake_clean_first' from command line to 'False'
[0.467s] Level 5:colcon.colcon_core.verb:set package 'px4_msgs' build argument 'cmake_force_configure' from command line to 'False'
[0.467s] Level 5:colcon.colcon_core.verb:set package 'px4_msgs' build argument 'ament_cmake_args' from command line to 'None'
[0.467s] Level 5:colcon.colcon_core.verb:set package 'px4_msgs' build argument 'catkin_cmake_args' from command line to 'None'
[0.467s] Level 5:colcon.colcon_core.verb:set package 'px4_msgs' build argument 'catkin_skip_building_tests' from command line to 'False'
[0.467s] DEBUG:colcon.colcon_core.verb:Building package 'px4_msgs' with the following arguments: {'ament_cmake_args': None, 'build_base': '/home/vasco/MEIA-PROJ4/ROS2-PX4-Workspace/build/px4_msgs', 'catkin_cmake_args': None, 'catkin_skip_building_tests': False, 'cmake_args': None, 'cmake_clean_cache': False, 'cmake_clean_first': False, 'cmake_force_configure': False, 'cmake_target': None, 'cmake_target_skip_unavailable': False, 'install_base': '/home/vasco/MEIA-PROJ4/ROS2-PX4-Workspace/install/px4_msgs', 'merge_install': False, 'path': '/home/vasco/MEIA-PROJ4/ROS2-PX4-Workspace/src/px4_msgs', 'symlink_install': False, 'test_result_base': None}
[0.468s] Level 5:colcon.colcon_core.verb:set package 'px4_ros_mas_com' build argument 'cmake_args' from command line to 'None'
[0.468s] Level 5:colcon.colcon_core.verb:set package 'px4_ros_mas_com' build argument 'cmake_target' from command line to 'None'
[0.468s] Level 5:colcon.colcon_core.verb:set package 'px4_ros_mas_com' build argument 'cmake_target_skip_unavailable' from command line to 'False'
[0.468s] Level 5:colcon.colcon_core.verb:set package 'px4_ros_mas_com' build argument 'cmake_clean_cache' from command line to 'False'
[0.468s] Level 5:colcon.colcon_core.verb:set package 'px4_ros_mas_com' build argument 'cmake_clean_first' from command line to 'False'
[0.468s] Level 5:colcon.colcon_core.verb:set package 'px4_ros_mas_com' build argument 'cmake_force_configure' from command line to 'False'
[0.468s] Level 5:colcon.colcon_core.verb:set package 'px4_ros_mas_com' build argument 'ament_cmake_args' from command line to 'None'
[0.468s] Level 5:colcon.colcon_core.verb:set package 'px4_ros_mas_com' build argument 'catkin_cmake_args' from command line to 'None'
[0.468s] Level 5:colcon.colcon_core.verb:set package 'px4_ros_mas_com' build argument 'catkin_skip_building_tests' from command line to 'False'
[0.468s] DEBUG:colcon.colcon_core.verb:Building package 'px4_ros_mas_com' with the following arguments: {'ament_cmake_args': None, 'build_base': '/home/vasco/MEIA-PROJ4/ROS2-PX4-Workspace/build/px4_ros_mas_com', 'catkin_cmake_args': None, 'catkin_skip_building_tests': False, 'cmake_args': None, 'cmake_clean_cache': False, 'cmake_clean_first': False, 'cmake_force_configure': False, 'cmake_target': None, 'cmake_target_skip_unavailable': False, 'install_base': '/home/vasco/MEIA-PROJ4/ROS2-PX4-Workspace/install/px4_ros_mas_com', 'merge_install': False, 'path': '/home/vasco/MEIA-PROJ4/ROS2-PX4-Workspace/src/px4_ros_mas_com', 'symlink_install': False, 'test_result_base': None}
[0.469s] Level 5:colcon.colcon_core.verb:set package 'px4_ros_com' build argument 'cmake_args' from command line to 'None'
[0.469s] Level 5:colcon.colcon_core.verb:set package 'px4_ros_com' build argument 'cmake_target' from command line to 'None'
[0.469s] Level 5:colcon.colcon_core.verb:set package 'px4_ros_com' build argument 'cmake_target_skip_unavailable' from command line to 'False'
[0.469s] Level 5:colcon.colcon_core.verb:set package 'px4_ros_com' build argument 'cmake_clean_cache' from command line to 'False'
[0.469s] Level 5:colcon.colcon_core.verb:set package 'px4_ros_com' build argument 'cmake_clean_first' from command line to 'False'
[0.469s] Level 5:colcon.colcon_core.verb:set package 'px4_ros_com' build argument 'cmake_force_configure' from command line to 'False'
[0.469s] Level 5:colcon.colcon_core.verb:set package 'px4_ros_com' build argument 'ament_cmake_args' from command line to 'None'
[0.469s] Level 5:colcon.colcon_core.verb:set package 'px4_ros_com' build argument 'catkin_cmake_args' from command line to 'None'
[0.469s] Level 5:colcon.colcon_core.verb:set package 'px4_ros_com' build argument 'catkin_skip_building_tests' from command line to 'False'
[0.469s] DEBUG:colcon.colcon_core.verb:Building package 'px4_ros_com' with the following arguments: {'ament_cmake_args': None, 'build_base': '/home/vasco/MEIA-PROJ4/ROS2-PX4-Workspace/build/px4_ros_com', 'catkin_cmake_args': None, 'catkin_skip_building_tests': False, 'cmake_args': None, 'cmake_clean_cache': False, 'cmake_clean_first': False, 'cmake_force_configure': False, 'cmake_target': None, 'cmake_target_skip_unavailable': False, 'install_base': '/home/vasco/MEIA-PROJ4/ROS2-PX4-Workspace/install/px4_ros_com', 'merge_install': False, 'path': '/home/vasco/MEIA-PROJ4/ROS2-PX4-Workspace/src/px4_ros_com', 'symlink_install': False, 'test_result_base': None}
[0.471s] INFO:colcon.colcon_core.executor:Executing jobs using 'parallel' executor
[0.474s] DEBUG:colcon.colcon_parallel_executor.executor.parallel:run_until_complete
[0.475s] INFO:colcon.colcon_ros.task.ament_cmake.build:Building ROS package in '/home/vasco/MEIA-PROJ4/ROS2-PX4-Workspace/src/px4_msgs' with build type 'ament_cmake'
[0.475s] INFO:colcon.colcon_cmake.task.cmake.build:Building CMake package in '/home/vasco/MEIA-PROJ4/ROS2-PX4-Workspace/src/px4_msgs'
[0.480s] INFO:colcon.colcon_core.plugin_system:Skipping extension 'colcon_core.shell.bat': Not used on non-Windows systems
[0.480s] INFO:colcon.colcon_core.shell:Skip shell extension 'powershell' for command environment: Not usable outside of PowerShell
[0.480s] DEBUG:colcon.colcon_core.shell:Skip shell extension 'dsv' for command environment
[0.485s] INFO:colcon.colcon_ros.task.ament_python.build:Building ROS package in '/home/vasco/MEIA-PROJ4/ROS2-PX4-Workspace/src/px4_ros_mas_com' with build type 'ament_python'
[0.486s] Level 1:colcon.colcon_core.shell:create_environment_hook('px4_ros_mas_com', 'ament_prefix_path')
[0.488s] INFO:colcon.colcon_core.shell:Creating environment hook '/home/vasco/MEIA-PROJ4/ROS2-PX4-Workspace/install/px4_ros_mas_com/share/px4_ros_mas_com/hook/ament_prefix_path.ps1'
[0.489s] INFO:colcon.colcon_core.shell:Creating environment descriptor '/home/vasco/MEIA-PROJ4/ROS2-PX4-Workspace/install/px4_ros_mas_com/share/px4_ros_mas_com/hook/ament_prefix_path.dsv'
[0.489s] INFO:colcon.colcon_core.shell:Creating environment hook '/home/vasco/MEIA-PROJ4/ROS2-PX4-Workspace/install/px4_ros_mas_com/share/px4_ros_mas_com/hook/ament_prefix_path.sh'
[0.491s] INFO:colcon.colcon_core.shell:Skip shell extension 'powershell' for command environment: Not usable outside of PowerShell
[0.491s] DEBUG:colcon.colcon_core.shell:Skip shell extension 'dsv' for command environment
[0.503s] DEBUG:colcon.colcon_core.event_handler.log_command:Invoking command in '/home/vasco/MEIA-PROJ4/ROS2-PX4-Workspace/build/px4_msgs': CMAKE_PREFIX_PATH=${CMAKE_PREFIX_PATH}:/home/vasco/MEIA-PROJ4/ROS2-PX4-Workspace/install/px4_ros_mas_com:/opt/ros/foxy /usr/bin/cmake --build /home/vasco/MEIA-PROJ4/ROS2-PX4-Workspace/build/px4_msgs -- -j12 -l12
[0.696s] INFO:colcon.colcon_core.task.python.build:Building Python package in '/home/vasco/MEIA-PROJ4/ROS2-PX4-Workspace/src/px4_ros_mas_com'
[0.698s] INFO:colcon.colcon_core.shell:Skip shell extension 'powershell' for command environment: Not usable outside of PowerShell
[0.698s] DEBUG:colcon.colcon_core.shell:Skip shell extension 'dsv' for command environment
[1.106s] DEBUG:colcon.colcon_core.event_handler.log_command:Invoking command in '/home/vasco/MEIA-PROJ4/ROS2-PX4-Workspace/src/px4_ros_mas_com': PYTHONPATH=/home/vasco/MEIA-PROJ4/ROS2-PX4-Workspace/build/px4_ros_mas_com/prefix_override:/home/vasco/MEIA-PROJ4/ROS2-PX4-Workspace/install/px4_ros_mas_com/lib/python3.8/site-packages:${PYTHONPATH} /usr/bin/python3 setup.py egg_info --egg-base ../../build/px4_ros_mas_com build --build-base /home/vasco/MEIA-PROJ4/ROS2-PX4-Workspace/build/px4_ros_mas_com/build install --record /home/vasco/MEIA-PROJ4/ROS2-PX4-Workspace/build/px4_ros_mas_com/install.log --install-scripts $base/lib/px4_ros_mas_com --single-version-externally-managed
[1.302s] DEBUG:colcon.colcon_core.event_handler.log_command:Invoked command in '/home/vasco/MEIA-PROJ4/ROS2-PX4-Workspace/build/px4_msgs' returned '0': CMAKE_PREFIX_PATH=${CMAKE_PREFIX_PATH}:/home/vasco/MEIA-PROJ4/ROS2-PX4-Workspace/install/px4_ros_mas_com:/opt/ros/foxy /usr/bin/cmake --build /home/vasco/MEIA-PROJ4/ROS2-PX4-Workspace/build/px4_msgs -- -j12 -l12
[1.373s] DEBUG:colcon.colcon_core.event_handler.log_command:Invoked command in '/home/vasco/MEIA-PROJ4/ROS2-PX4-Workspace/src/px4_ros_mas_com' returned '0': PYTHONPATH=/home/vasco/MEIA-PROJ4/ROS2-PX4-Workspace/build/px4_ros_mas_com/prefix_override:/home/vasco/MEIA-PROJ4/ROS2-PX4-Workspace/install/px4_ros_mas_com/lib/python3.8/site-packages:${PYTHONPATH} /usr/bin/python3 setup.py egg_info --egg-base ../../build/px4_ros_mas_com build --build-base /home/vasco/MEIA-PROJ4/ROS2-PX4-Workspace/build/px4_ros_mas_com/build install --record /home/vasco/MEIA-PROJ4/ROS2-PX4-Workspace/build/px4_ros_mas_com/install.log --install-scripts $base/lib/px4_ros_mas_com --single-version-externally-managed
[1.379s] Level 1:colcon.colcon_core.environment:checking '/home/vasco/MEIA-PROJ4/ROS2-PX4-Workspace/install/px4_ros_mas_com' for CMake module files
[1.380s] Level 1:colcon.colcon_core.environment:checking '/home/vasco/MEIA-PROJ4/ROS2-PX4-Workspace/install/px4_ros_mas_com' for CMake config files
[1.380s] Level 1:colcon.colcon_core.environment:checking '/home/vasco/MEIA-PROJ4/ROS2-PX4-Workspace/install/px4_ros_mas_com/lib'
[1.380s] Level 1:colcon.colcon_core.environment:checking '/home/vasco/MEIA-PROJ4/ROS2-PX4-Workspace/install/px4_ros_mas_com/bin'
[1.380s] Level 1:colcon.colcon_core.environment:checking '/home/vasco/MEIA-PROJ4/ROS2-PX4-Workspace/install/px4_ros_mas_com/lib/pkgconfig/px4_ros_mas_com.pc'
[1.381s] Level 1:colcon.colcon_core.environment:checking '/home/vasco/MEIA-PROJ4/ROS2-PX4-Workspace/install/px4_ros_mas_com/lib/python3.8/site-packages'
[1.381s] Level 1:colcon.colcon_core.shell:create_environment_hook('px4_ros_mas_com', 'pythonpath')
[1.382s] INFO:colcon.colcon_core.shell:Creating environment hook '/home/vasco/MEIA-PROJ4/ROS2-PX4-Workspace/install/px4_ros_mas_com/share/px4_ros_mas_com/hook/pythonpath.ps1'
[1.382s] INFO:colcon.colcon_core.shell:Creating environment descriptor '/home/vasco/MEIA-PROJ4/ROS2-PX4-Workspace/install/px4_ros_mas_com/share/px4_ros_mas_com/hook/pythonpath.dsv'
[1.382s] INFO:colcon.colcon_core.shell:Creating environment hook '/home/vasco/MEIA-PROJ4/ROS2-PX4-Workspace/install/px4_ros_mas_com/share/px4_ros_mas_com/hook/pythonpath.sh'
[1.382s] Level 1:colcon.colcon_core.environment:checking '/home/vasco/MEIA-PROJ4/ROS2-PX4-Workspace/install/px4_ros_mas_com/bin'
[1.383s] Level 1:colcon.colcon_core.environment:create_environment_scripts_only(px4_ros_mas_com)
[1.384s] INFO:colcon.colcon_core.shell:Creating package script '/home/vasco/MEIA-PROJ4/ROS2-PX4-Workspace/install/px4_ros_mas_com/share/px4_ros_mas_com/package.ps1'
[1.384s] INFO:colcon.colcon_core.shell:Creating package descriptor '/home/vasco/MEIA-PROJ4/ROS2-PX4-Workspace/install/px4_ros_mas_com/share/px4_ros_mas_com/package.dsv'
[1.385s] INFO:colcon.colcon_core.shell:Creating package script '/home/vasco/MEIA-PROJ4/ROS2-PX4-Workspace/install/px4_ros_mas_com/share/px4_ros_mas_com/package.sh'
[1.385s] INFO:colcon.colcon_core.shell:Creating package script '/home/vasco/MEIA-PROJ4/ROS2-PX4-Workspace/install/px4_ros_mas_com/share/px4_ros_mas_com/package.bash'
[1.386s] INFO:colcon.colcon_core.shell:Creating package script '/home/vasco/MEIA-PROJ4/ROS2-PX4-Workspace/install/px4_ros_mas_com/share/px4_ros_mas_com/package.zsh'
[1.386s] Level 1:colcon.colcon_core.environment:create_file_with_runtime_dependencies(/home/vasco/MEIA-PROJ4/ROS2-PX4-Workspace/install/px4_ros_mas_com/share/colcon-core/packages/px4_ros_mas_com)
[3.843s] DEBUG:colcon.colcon_core.event_handler.log_command:Invoking command in '/home/vasco/MEIA-PROJ4/ROS2-PX4-Workspace/build/px4_msgs': CMAKE_PREFIX_PATH=${CMAKE_PREFIX_PATH}:/home/vasco/MEIA-PROJ4/ROS2-PX4-Workspace/install/px4_ros_mas_com:/opt/ros/foxy /usr/bin/cmake --install /home/vasco/MEIA-PROJ4/ROS2-PX4-Workspace/build/px4_msgs
[4.117s] Level 1:colcon.colcon_core.environment:create_environment_scripts_only(px4_msgs)
[4.119s] Level 1:colcon.colcon_core.environment:checking '/home/vasco/MEIA-PROJ4/ROS2-PX4-Workspace/install/px4_msgs' for CMake module files
[4.126s] Level 1:colcon.colcon_core.environment:checking '/home/vasco/MEIA-PROJ4/ROS2-PX4-Workspace/install/px4_msgs' for CMake config files
[4.213s] Level 1:colcon.colcon_core.shell:create_environment_hook('px4_msgs', 'cmake_prefix_path')
[4.214s] INFO:colcon.colcon_core.shell:Creating environment hook '/home/vasco/MEIA-PROJ4/ROS2-PX4-Workspace/install/px4_msgs/share/px4_msgs/hook/cmake_prefix_path.ps1'
[4.219s] INFO:colcon.colcon_core.shell:Creating environment descriptor '/home/vasco/MEIA-PROJ4/ROS2-PX4-Workspace/install/px4_msgs/share/px4_msgs/hook/cmake_prefix_path.dsv'
[4.225s] INFO:colcon.colcon_core.shell:Creating environment hook '/home/vasco/MEIA-PROJ4/ROS2-PX4-Workspace/install/px4_msgs/share/px4_msgs/hook/cmake_prefix_path.sh'
[4.240s] Level 1:colcon.colcon_core.environment:checking '/home/vasco/MEIA-PROJ4/ROS2-PX4-Workspace/install/px4_msgs/lib'
[4.245s] Level 1:colcon.colcon_core.shell:create_environment_hook('px4_msgs', 'ld_library_path_lib')
[4.246s] INFO:colcon.colcon_core.shell:Creating environment hook '/home/vasco/MEIA-PROJ4/ROS2-PX4-Workspace/install/px4_msgs/share/px4_msgs/hook/ld_library_path_lib.ps1'
[4.251s] INFO:colcon.colcon_core.shell:Creating environment descriptor '/home/vasco/MEIA-PROJ4/ROS2-PX4-Workspace/install/px4_msgs/share/px4_msgs/hook/ld_library_path_lib.dsv'
[4.254s] INFO:colcon.colcon_core.shell:Creating environment hook '/home/vasco/MEIA-PROJ4/ROS2-PX4-Workspace/install/px4_msgs/share/px4_msgs/hook/ld_library_path_lib.sh'
[4.257s] Level 1:colcon.colcon_core.environment:checking '/home/vasco/MEIA-PROJ4/ROS2-PX4-Workspace/install/px4_msgs/bin'
[4.258s] Level 1:colcon.colcon_core.environment:checking '/home/vasco/MEIA-PROJ4/ROS2-PX4-Workspace/install/px4_msgs/lib/pkgconfig/px4_msgs.pc'
[4.258s] Level 1:colcon.colcon_core.environment:checking '/home/vasco/MEIA-PROJ4/ROS2-PX4-Workspace/install/px4_msgs/lib/python3.8/site-packages'
[4.258s] Level 1:colcon.colcon_core.shell:create_environment_hook('px4_msgs', 'pythonpath')
[4.259s] INFO:colcon.colcon_core.shell:Creating environment hook '/home/vasco/MEIA-PROJ4/ROS2-PX4-Workspace/install/px4_msgs/share/px4_msgs/hook/pythonpath.ps1'
[4.265s] INFO:colcon.colcon_core.shell:Creating environment descriptor '/home/vasco/MEIA-PROJ4/ROS2-PX4-Workspace/install/px4_msgs/share/px4_msgs/hook/pythonpath.dsv'
[4.275s] INFO:colcon.colcon_core.shell:Creating environment hook '/home/vasco/MEIA-PROJ4/ROS2-PX4-Workspace/install/px4_msgs/share/px4_msgs/hook/pythonpath.sh'
[4.284s] Level 1:colcon.colcon_core.environment:checking '/home/vasco/MEIA-PROJ4/ROS2-PX4-Workspace/install/px4_msgs/bin'
[4.286s] INFO:colcon.colcon_core.shell:Creating package script '/home/vasco/MEIA-PROJ4/ROS2-PX4-Workspace/install/px4_msgs/share/px4_msgs/package.ps1'
[4.292s] INFO:colcon.colcon_core.shell:Creating package descriptor '/home/vasco/MEIA-PROJ4/ROS2-PX4-Workspace/install/px4_msgs/share/px4_msgs/package.dsv'
[4.300s] INFO:colcon.colcon_core.shell:Creating package script '/home/vasco/MEIA-PROJ4/ROS2-PX4-Workspace/install/px4_msgs/share/px4_msgs/package.sh'
[4.305s] INFO:colcon.colcon_core.shell:Creating package script '/home/vasco/MEIA-PROJ4/ROS2-PX4-Workspace/install/px4_msgs/share/px4_msgs/package.bash'
[4.313s] INFO:colcon.colcon_core.shell:Creating package script '/home/vasco/MEIA-PROJ4/ROS2-PX4-Workspace/install/px4_msgs/share/px4_msgs/package.zsh'
[4.320s] Level 1:colcon.colcon_core.environment:create_file_with_runtime_dependencies(/home/vasco/MEIA-PROJ4/ROS2-PX4-Workspace/install/px4_msgs/share/colcon-core/packages/px4_msgs)
[4.382s] DEBUG:colcon.colcon_core.event_handler.log_command:Invoked command in '/home/vasco/MEIA-PROJ4/ROS2-PX4-Workspace/build/px4_msgs' returned '0': CMAKE_PREFIX_PATH=${CMAKE_PREFIX_PATH}:/home/vasco/MEIA-PROJ4/ROS2-PX4-Workspace/install/px4_ros_mas_com:/opt/ros/foxy /usr/bin/cmake --install /home/vasco/MEIA-PROJ4/ROS2-PX4-Workspace/build/px4_msgs
[6.871s] Level 1:colcon.colcon_core.environment:create_environment_scripts_only(px4_msgs)
[6.873s] Level 1:colcon.colcon_core.environment:checking '/home/vasco/MEIA-PROJ4/ROS2-PX4-Workspace/install/px4_msgs' for CMake module files
[6.874s] Level 1:colcon.colcon_core.environment:checking '/home/vasco/MEIA-PROJ4/ROS2-PX4-Workspace/install/px4_msgs' for CMake config files
[6.875s] Level 1:colcon.colcon_core.shell:create_environment_hook('px4_msgs', 'cmake_prefix_path')
[6.876s] INFO:colcon.colcon_core.shell:Creating environment hook '/home/vasco/MEIA-PROJ4/ROS2-PX4-Workspace/install/px4_msgs/share/px4_msgs/hook/cmake_prefix_path.ps1'
[6.877s] INFO:colcon.colcon_core.shell:Creating environment descriptor '/home/vasco/MEIA-PROJ4/ROS2-PX4-Workspace/install/px4_msgs/share/px4_msgs/hook/cmake_prefix_path.dsv'
[6.877s] INFO:colcon.colcon_core.shell:Creating environment hook '/home/vasco/MEIA-PROJ4/ROS2-PX4-Workspace/install/px4_msgs/share/px4_msgs/hook/cmake_prefix_path.sh'
[6.878s] Level 1:colcon.colcon_core.environment:checking '/home/vasco/MEIA-PROJ4/ROS2-PX4-Workspace/install/px4_msgs/lib'
[6.878s] Level 1:colcon.colcon_core.shell:create_environment_hook('px4_msgs', 'ld_library_path_lib')
[6.880s] INFO:colcon.colcon_core.shell:Creating environment hook '/home/vasco/MEIA-PROJ4/ROS2-PX4-Workspace/install/px4_msgs/share/px4_msgs/hook/ld_library_path_lib.ps1'
[6.880s] INFO:colcon.colcon_core.shell:Creating environment descriptor '/home/vasco/MEIA-PROJ4/ROS2-PX4-Workspace/install/px4_msgs/share/px4_msgs/hook/ld_library_path_lib.dsv'
[6.880s] INFO:colcon.colcon_core.shell:Creating environment hook '/home/vasco/MEIA-PROJ4/ROS2-PX4-Workspace/install/px4_msgs/share/px4_msgs/hook/ld_library_path_lib.sh'
[6.881s] Level 1:colcon.colcon_core.environment:checking '/home/vasco/MEIA-PROJ4/ROS2-PX4-Workspace/install/px4_msgs/bin'
[6.881s] Level 1:colcon.colcon_core.environment:checking '/home/vasco/MEIA-PROJ4/ROS2-PX4-Workspace/install/px4_msgs/lib/pkgconfig/px4_msgs.pc'
[6.881s] Level 1:colcon.colcon_core.environment:checking '/home/vasco/MEIA-PROJ4/ROS2-PX4-Workspace/install/px4_msgs/lib/python3.8/site-packages'
[6.881s] Level 1:colcon.colcon_core.shell:create_environment_hook('px4_msgs', 'pythonpath')
[6.882s] INFO:colcon.colcon_core.shell:Creating environment hook '/home/vasco/MEIA-PROJ4/ROS2-PX4-Workspace/install/px4_msgs/share/px4_msgs/hook/pythonpath.ps1'
[6.883s] INFO:colcon.colcon_core.shell:Creating environment descriptor '/home/vasco/MEIA-PROJ4/ROS2-PX4-Workspace/install/px4_msgs/share/px4_msgs/hook/pythonpath.dsv'
[6.883s] INFO:colcon.colcon_core.shell:Creating environment hook '/home/vasco/MEIA-PROJ4/ROS2-PX4-Workspace/install/px4_msgs/share/px4_msgs/hook/pythonpath.sh'
[6.883s] Level 1:colcon.colcon_core.environment:checking '/home/vasco/MEIA-PROJ4/ROS2-PX4-Workspace/install/px4_msgs/bin'
[6.885s] INFO:colcon.colcon_core.shell:Creating package script '/home/vasco/MEIA-PROJ4/ROS2-PX4-Workspace/install/px4_msgs/share/px4_msgs/package.ps1'
[6.885s] INFO:colcon.colcon_core.shell:Creating package descriptor '/home/vasco/MEIA-PROJ4/ROS2-PX4-Workspace/install/px4_msgs/share/px4_msgs/package.dsv'
[6.886s] INFO:colcon.colcon_core.shell:Creating package script '/home/vasco/MEIA-PROJ4/ROS2-PX4-Workspace/install/px4_msgs/share/px4_msgs/package.sh'
[6.886s] INFO:colcon.colcon_core.shell:Creating package script '/home/vasco/MEIA-PROJ4/ROS2-PX4-Workspace/install/px4_msgs/share/px4_msgs/package.bash'
[6.887s] INFO:colcon.colcon_core.shell:Creating package script '/home/vasco/MEIA-PROJ4/ROS2-PX4-Workspace/install/px4_msgs/share/px4_msgs/package.zsh'
[6.887s] Level 1:colcon.colcon_core.environment:create_file_with_runtime_dependencies(/home/vasco/MEIA-PROJ4/ROS2-PX4-Workspace/install/px4_msgs/share/colcon-core/packages/px4_msgs)
[6.888s] INFO:colcon.colcon_ros.task.ament_cmake.build:Building ROS package in '/home/vasco/MEIA-PROJ4/ROS2-PX4-Workspace/src/px4_ros_com' with build type 'ament_cmake'
[6.888s] INFO:colcon.colcon_cmake.task.cmake.build:Building CMake package in '/home/vasco/MEIA-PROJ4/ROS2-PX4-Workspace/src/px4_ros_com'
[6.889s] INFO:colcon.colcon_core.shell:Skip shell extension 'powershell' for command environment: Not usable outside of PowerShell
[6.889s] DEBUG:colcon.colcon_core.shell:Skip shell extension 'dsv' for command environment
[7.011s] DEBUG:colcon.colcon_core.event_handler.log_command:Invoking command in '/home/vasco/MEIA-PROJ4/ROS2-PX4-Workspace/build/px4_ros_com': CMAKE_PREFIX_PATH=/home/vasco/MEIA-PROJ4/ROS2-PX4-Workspace/install/px4_msgs:/home/vasco/MEIA-PROJ4/ROS2-PX4-Workspace/install/px4_ros_com:/home/vasco/MEIA-PROJ4/ROS2-PX4-Workspace/install/px4_ros_mas_com:/opt/ros/foxy LD_LIBRARY_PATH=/home/vasco/MEIA-PROJ4/ROS2-PX4-Workspace/install/px4_msgs/lib:/home/vasco/MEIA-PROJ4/ROS2-PX4-Workspace/install/px4_ros_com/lib:/usr/lib/x86_64-linux-gnu/gazebo-11/plugins:/opt/ros/foxy/opt/yaml_cpp_vendor/lib:/opt/ros/foxy/opt/rviz_ogre_vendor/lib:/opt/ros/foxy/lib/x86_64-linux-gnu:/opt/ros/foxy/lib PYTHONPATH=/home/vasco/MEIA-PROJ4/ROS2-PX4-Workspace/install/px4_msgs/lib/python3.8/site-packages:/home/vasco/MEIA-PROJ4/ROS2-PX4-Workspace/install/px4_ros_mas_com/lib/python3.8/site-packages:/opt/ros/foxy/lib/python3.8/site-packages /usr/bin/cmake --build /home/vasco/MEIA-PROJ4/ROS2-PX4-Workspace/build/px4_ros_com -- -j12 -l12
[7.076s] DEBUG:colcon.colcon_core.event_handler.log_command:Invoked command in '/home/vasco/MEIA-PROJ4/ROS2-PX4-Workspace/build/px4_ros_com' returned '0': CMAKE_PREFIX_PATH=/home/vasco/MEIA-PROJ4/ROS2-PX4-Workspace/install/px4_msgs:/home/vasco/MEIA-PROJ4/ROS2-PX4-Workspace/install/px4_ros_com:/home/vasco/MEIA-PROJ4/ROS2-PX4-Workspace/install/px4_ros_mas_com:/opt/ros/foxy LD_LIBRARY_PATH=/home/vasco/MEIA-PROJ4/ROS2-PX4-Workspace/install/px4_msgs/lib:/home/vasco/MEIA-PROJ4/ROS2-PX4-Workspace/install/px4_ros_com/lib:/usr/lib/x86_64-linux-gnu/gazebo-11/plugins:/opt/ros/foxy/opt/yaml_cpp_vendor/lib:/opt/ros/foxy/opt/rviz_ogre_vendor/lib:/opt/ros/foxy/lib/x86_64-linux-gnu:/opt/ros/foxy/lib PYTHONPATH=/home/vasco/MEIA-PROJ4/ROS2-PX4-Workspace/install/px4_msgs/lib/python3.8/site-packages:/home/vasco/MEIA-PROJ4/ROS2-PX4-Workspace/install/px4_ros_mas_com/lib/python3.8/site-packages:/opt/ros/foxy/lib/python3.8/site-packages /usr/bin/cmake --build /home/vasco/MEIA-PROJ4/ROS2-PX4-Workspace/build/px4_ros_com -- -j12 -l12
[7.108s] DEBUG:colcon.colcon_core.event_handler.log_command:Invoking command in '/home/vasco/MEIA-PROJ4/ROS2-PX4-Workspace/build/px4_ros_com': CMAKE_PREFIX_PATH=/home/vasco/MEIA-PROJ4/ROS2-PX4-Workspace/install/px4_msgs:/home/vasco/MEIA-PROJ4/ROS2-PX4-Workspace/install/px4_ros_com:/home/vasco/MEIA-PROJ4/ROS2-PX4-Workspace/install/px4_ros_mas_com:/opt/ros/foxy LD_LIBRARY_PATH=/home/vasco/MEIA-PROJ4/ROS2-PX4-Workspace/install/px4_msgs/lib:/home/vasco/MEIA-PROJ4/ROS2-PX4-Workspace/install/px4_ros_com/lib:/usr/lib/x86_64-linux-gnu/gazebo-11/plugins:/opt/ros/foxy/opt/yaml_cpp_vendor/lib:/opt/ros/foxy/opt/rviz_ogre_vendor/lib:/opt/ros/foxy/lib/x86_64-linux-gnu:/opt/ros/foxy/lib PYTHONPATH=/home/vasco/MEIA-PROJ4/ROS2-PX4-Workspace/install/px4_msgs/lib/python3.8/site-packages:/home/vasco/MEIA-PROJ4/ROS2-PX4-Workspace/install/px4_ros_mas_com/lib/python3.8/site-packages:/opt/ros/foxy/lib/python3.8/site-packages /usr/bin/cmake --install /home/vasco/MEIA-PROJ4/ROS2-PX4-Workspace/build/px4_ros_com
[7.124s] Level 1:colcon.colcon_core.environment:create_environment_scripts_only(px4_ros_com)
[7.126s] Level 1:colcon.colcon_core.environment:checking '/home/vasco/MEIA-PROJ4/ROS2-PX4-Workspace/install/px4_ros_com' for CMake module files
[7.126s] DEBUG:colcon.colcon_core.event_handler.log_command:Invoked command in '/home/vasco/MEIA-PROJ4/ROS2-PX4-Workspace/build/px4_ros_com' returned '0': CMAKE_PREFIX_PATH=/home/vasco/MEIA-PROJ4/ROS2-PX4-Workspace/install/px4_msgs:/home/vasco/MEIA-PROJ4/ROS2-PX4-Workspace/install/px4_ros_com:/home/vasco/MEIA-PROJ4/ROS2-PX4-Workspace/install/px4_ros_mas_com:/opt/ros/foxy LD_LIBRARY_PATH=/home/vasco/MEIA-PROJ4/ROS2-PX4-Workspace/install/px4_msgs/lib:/home/vasco/MEIA-PROJ4/ROS2-PX4-Workspace/install/px4_ros_com/lib:/usr/lib/x86_64-linux-gnu/gazebo-11/plugins:/opt/ros/foxy/opt/yaml_cpp_vendor/lib:/opt/ros/foxy/opt/rviz_ogre_vendor/lib:/opt/ros/foxy/lib/x86_64-linux-gnu:/opt/ros/foxy/lib PYTHONPATH=/home/vasco/MEIA-PROJ4/ROS2-PX4-Workspace/install/px4_msgs/lib/python3.8/site-packages:/home/vasco/MEIA-PROJ4/ROS2-PX4-Workspace/install/px4_ros_mas_com/lib/python3.8/site-packages:/opt/ros/foxy/lib/python3.8/site-packages /usr/bin/cmake --install /home/vasco/MEIA-PROJ4/ROS2-PX4-Workspace/build/px4_ros_com
[7.127s] Level 1:colcon.colcon_core.environment:checking '/home/vasco/MEIA-PROJ4/ROS2-PX4-Workspace/install/px4_ros_com' for CMake config files
[7.127s] Level 1:colcon.colcon_core.shell:create_environment_hook('px4_ros_com', 'cmake_prefix_path')
[7.129s] INFO:colcon.colcon_core.shell:Creating environment hook '/home/vasco/MEIA-PROJ4/ROS2-PX4-Workspace/install/px4_ros_com/share/px4_ros_com/hook/cmake_prefix_path.ps1'
[7.129s] INFO:colcon.colcon_core.shell:Creating environment descriptor '/home/vasco/MEIA-PROJ4/ROS2-PX4-Workspace/install/px4_ros_com/share/px4_ros_com/hook/cmake_prefix_path.dsv'
[7.129s] INFO:colcon.colcon_core.shell:Creating environment hook '/home/vasco/MEIA-PROJ4/ROS2-PX4-Workspace/install/px4_ros_com/share/px4_ros_com/hook/cmake_prefix_path.sh'
[7.130s] Level 1:colcon.colcon_core.environment:checking '/home/vasco/MEIA-PROJ4/ROS2-PX4-Workspace/install/px4_ros_com/lib'
[7.130s] Level 1:colcon.colcon_core.shell:create_environment_hook('px4_ros_com', 'ld_library_path_lib')
[7.131s] INFO:colcon.colcon_core.shell:Creating environment hook '/home/vasco/MEIA-PROJ4/ROS2-PX4-Workspace/install/px4_ros_com/share/px4_ros_com/hook/ld_library_path_lib.ps1'
[7.131s] INFO:colcon.colcon_core.shell:Creating environment descriptor '/home/vasco/MEIA-PROJ4/ROS2-PX4-Workspace/install/px4_ros_com/share/px4_ros_com/hook/ld_library_path_lib.dsv'
[7.131s] INFO:colcon.colcon_core.shell:Creating environment hook '/home/vasco/MEIA-PROJ4/ROS2-PX4-Workspace/install/px4_ros_com/share/px4_ros_com/hook/ld_library_path_lib.sh'
[7.132s] Level 1:colcon.colcon_core.environment:checking '/home/vasco/MEIA-PROJ4/ROS2-PX4-Workspace/install/px4_ros_com/bin'
[7.132s] Level 1:colcon.colcon_core.environment:checking '/home/vasco/MEIA-PROJ4/ROS2-PX4-Workspace/install/px4_ros_com/lib/pkgconfig/px4_ros_com.pc'
[7.132s] Level 1:colcon.colcon_core.environment:checking '/home/vasco/MEIA-PROJ4/ROS2-PX4-Workspace/install/px4_ros_com/lib/python3.8/site-packages'
[7.132s] Level 1:colcon.colcon_core.environment:checking '/home/vasco/MEIA-PROJ4/ROS2-PX4-Workspace/install/px4_ros_com/bin'
[7.133s] INFO:colcon.colcon_core.shell:Creating package script '/home/vasco/MEIA-PROJ4/ROS2-PX4-Workspace/install/px4_ros_com/share/px4_ros_com/package.ps1'
[7.133s] INFO:colcon.colcon_core.shell:Creating package descriptor '/home/vasco/MEIA-PROJ4/ROS2-PX4-Workspace/install/px4_ros_com/share/px4_ros_com/package.dsv'
[7.134s] INFO:colcon.colcon_core.shell:Creating package script '/home/vasco/MEIA-PROJ4/ROS2-PX4-Workspace/install/px4_ros_com/share/px4_ros_com/package.sh'
[7.134s] INFO:colcon.colcon_core.shell:Creating package script '/home/vasco/MEIA-PROJ4/ROS2-PX4-Workspace/install/px4_ros_com/share/px4_ros_com/package.bash'
[7.134s] INFO:colcon.colcon_core.shell:Creating package script '/home/vasco/MEIA-PROJ4/ROS2-PX4-Workspace/install/px4_ros_com/share/px4_ros_com/package.zsh'
[7.134s] Level 1:colcon.colcon_core.environment:create_file_with_runtime_dependencies(/home/vasco/MEIA-PROJ4/ROS2-PX4-Workspace/install/px4_ros_com/share/colcon-core/packages/px4_ros_com)
[7.165s] Level 1:colcon.colcon_core.environment:create_environment_scripts_only(px4_ros_com)
[7.167s] Level 1:colcon.colcon_core.environment:checking '/home/vasco/MEIA-PROJ4/ROS2-PX4-Workspace/install/px4_ros_com' for CMake module files
[7.168s] Level 1:colcon.colcon_core.environment:checking '/home/vasco/MEIA-PROJ4/ROS2-PX4-Workspace/install/px4_ros_com' for CMake config files
[7.168s] Level 1:colcon.colcon_core.shell:create_environment_hook('px4_ros_com', 'cmake_prefix_path')
[7.169s] INFO:colcon.colcon_core.shell:Creating environment hook '/home/vasco/MEIA-PROJ4/ROS2-PX4-Workspace/install/px4_ros_com/share/px4_ros_com/hook/cmake_prefix_path.ps1'
[7.170s] INFO:colcon.colcon_core.shell:Creating environment descriptor '/home/vasco/MEIA-PROJ4/ROS2-PX4-Workspace/install/px4_ros_com/share/px4_ros_com/hook/cmake_prefix_path.dsv'
[7.170s] INFO:colcon.colcon_core.shell:Creating environment hook '/home/vasco/MEIA-PROJ4/ROS2-PX4-Workspace/install/px4_ros_com/share/px4_ros_com/hook/cmake_prefix_path.sh'
[7.170s] Level 1:colcon.colcon_core.environment:checking '/home/vasco/MEIA-PROJ4/ROS2-PX4-Workspace/install/px4_ros_com/lib'
[7.170s] Level 1:colcon.colcon_core.shell:create_environment_hook('px4_ros_com', 'ld_library_path_lib')
[7.172s] INFO:colcon.colcon_core.shell:Creating environment hook '/home/vasco/MEIA-PROJ4/ROS2-PX4-Workspace/install/px4_ros_com/share/px4_ros_com/hook/ld_library_path_lib.ps1'
[7.172s] INFO:colcon.colcon_core.shell:Creating environment descriptor '/home/vasco/MEIA-PROJ4/ROS2-PX4-Workspace/install/px4_ros_com/share/px4_ros_com/hook/ld_library_path_lib.dsv'
[7.173s] INFO:colcon.colcon_core.shell:Creating environment hook '/home/vasco/MEIA-PROJ4/ROS2-PX4-Workspace/install/px4_ros_com/share/px4_ros_com/hook/ld_library_path_lib.sh'
[7.173s] Level 1:colcon.colcon_core.environment:checking '/home/vasco/MEIA-PROJ4/ROS2-PX4-Workspace/install/px4_ros_com/bin'
[7.173s] Level 1:colcon.colcon_core.environment:checking '/home/vasco/MEIA-PROJ4/ROS2-PX4-Workspace/install/px4_ros_com/lib/pkgconfig/px4_ros_com.pc'
[7.173s] Level 1:colcon.colcon_core.environment:checking '/home/vasco/MEIA-PROJ4/ROS2-PX4-Workspace/install/px4_ros_com/lib/python3.8/site-packages'
[7.173s] Level 1:colcon.colcon_core.environment:checking '/home/vasco/MEIA-PROJ4/ROS2-PX4-Workspace/install/px4_ros_com/bin'
[7.175s] INFO:colcon.colcon_core.shell:Creating package script '/home/vasco/MEIA-PROJ4/ROS2-PX4-Workspace/install/px4_ros_com/share/px4_ros_com/package.ps1'
[7.175s] INFO:colcon.colcon_core.shell:Creating package descriptor '/home/vasco/MEIA-PROJ4/ROS2-PX4-Workspace/install/px4_ros_com/share/px4_ros_com/package.dsv'
[7.176s] INFO:colcon.colcon_core.shell:Creating package script '/home/vasco/MEIA-PROJ4/ROS2-PX4-Workspace/install/px4_ros_com/share/px4_ros_com/package.sh'
[7.176s] INFO:colcon.colcon_core.shell:Creating package script '/home/vasco/MEIA-PROJ4/ROS2-PX4-Workspace/install/px4_ros_com/share/px4_ros_com/package.bash'
[7.177s] INFO:colcon.colcon_core.shell:Creating package script '/home/vasco/MEIA-PROJ4/ROS2-PX4-Workspace/install/px4_ros_com/share/px4_ros_com/package.zsh'
[7.177s] Level 1:colcon.colcon_core.environment:create_file_with_runtime_dependencies(/home/vasco/MEIA-PROJ4/ROS2-PX4-Workspace/install/px4_ros_com/share/colcon-core/packages/px4_ros_com)
[7.177s] DEBUG:colcon.colcon_parallel_executor.executor.parallel:closing loop
[7.178s] DEBUG:colcon.colcon_parallel_executor.executor.parallel:loop closed
[7.178s] DEBUG:colcon.colcon_parallel_executor.executor.parallel:run_until_complete finished with '0'
[7.178s] DEBUG:colcon.colcon_core.event_reactor:joining thread
[7.220s] INFO:colcon.colcon_core.plugin_system:Skipping extension 'colcon_notification.desktop_notification.notify_send': Could not find 'notify-send'
[7.220s] INFO:colcon.colcon_core.plugin_system:Skipping extension 'colcon_notification.desktop_notification.terminal_notifier': Not used on non-Darwin systems
[7.220s] INFO:colcon.colcon_core.plugin_system:Skipping extension 'colcon_notification.desktop_notification.win32': Not used on non-Windows systems
[7.220s] INFO:colcon.colcon_notification.desktop_notification:Sending desktop notification using 'notify2'
[7.221s] DEBUG:colcon.colcon_notification.desktop_notification.notify2:Failed to initialize notify2: org.freedesktop.DBus.Error.ServiceUnknown: The name org.freedesktop.Notifications was not provided by any .service files
[7.221s] DEBUG:colcon.colcon_core.event_reactor:joined thread
[7.223s] INFO:colcon.colcon_core.shell:Creating prefix script '/home/vasco/MEIA-PROJ4/ROS2-PX4-Workspace/install/local_setup.ps1'
[7.224s] INFO:colcon.colcon_core.shell:Creating prefix util module '/home/vasco/MEIA-PROJ4/ROS2-PX4-Workspace/install/_local_setup_util_ps1.py'
[7.226s] INFO:colcon.colcon_core.shell:Creating prefix chain script '/home/vasco/MEIA-PROJ4/ROS2-PX4-Workspace/install/setup.ps1'
[7.227s] INFO:colcon.colcon_core.shell:Creating prefix script '/home/vasco/MEIA-PROJ4/ROS2-PX4-Workspace/install/local_setup.sh'
[7.228s] INFO:colcon.colcon_core.shell:Creating prefix util module '/home/vasco/MEIA-PROJ4/ROS2-PX4-Workspace/install/_local_setup_util_sh.py'
[7.228s] INFO:colcon.colcon_core.shell:Creating prefix chain script '/home/vasco/MEIA-PROJ4/ROS2-PX4-Workspace/install/setup.sh'
[7.229s] INFO:colcon.colcon_core.shell:Creating prefix script '/home/vasco/MEIA-PROJ4/ROS2-PX4-Workspace/install/local_setup.bash'
[7.229s] INFO:colcon.colcon_core.shell:Creating prefix chain script '/home/vasco/MEIA-PROJ4/ROS2-PX4-Workspace/install/setup.bash'
[7.230s] INFO:colcon.colcon_core.shell:Creating prefix script '/home/vasco/MEIA-PROJ4/ROS2-PX4-Workspace/install/local_setup.zsh'
[7.231s] INFO:colcon.colcon_core.shell:Creating prefix chain script '/home/vasco/MEIA-PROJ4/ROS2-PX4-Workspace/install/setup.zsh'
