[0.336s] DEBUG:colcon:Command line arguments: ['/usr/bin/colcon', 'build']
[0.336s] DEBUG:colcon:Parsed command line arguments: Namespace(allow_overriding=[], ament_cmake_args=None, base_paths=['.'], build_base='build', catkin_cmake_args=None, catkin_skip_building_tests=False, cmake_args=None, cmake_clean_cache=False, cmake_clean_first=False, cmake_force_configure=False, cmake_target=None, cmake_target_skip_unavailable=False, continue_on_error=False, event_handlers=None, executor='parallel', ignore_user_meta=False, install_base='install', log_base=None, log_level=None, main=<bound method BuildVerb.main of <colcon_core.verb.build.BuildVerb object at 0x7fedaa9f0dc0>>, merge_install=False, metas=['./colcon.meta'], packages_above=None, packages_above_and_dependencies=None, packages_above_depth=None, packages_end=None, packages_ignore=None, packages_ignore_regex=None, packages_select=None, packages_select_build_failed=False, packages_select_by_dep=None, packages_select_regex=None, packages_select_test_failures=False, packages_skip=None, packages_skip_build_finished=False, packages_skip_by_dep=None, packages_skip_regex=None, packages_skip_test_passed=False, packages_skip_up_to=None, packages_start=None, packages_up_to=None, packages_up_to_regex=None, parallel_workers=12, paths=None, symlink_install=False, test_result_base=None, verb_extension=<colcon_core.verb.build.BuildVerb object at 0x7fedaa9f0dc0>, verb_name='build', verb_parser=<colcon_defaults.argument_parser.defaults.DefaultArgumentsDecorator object at 0x7fedaa9f5370>)
[0.358s] Level 1:colcon.colcon_core.package_discovery:discover_packages(colcon_meta) check parameters
[0.358s] Level 1:colcon.colcon_core.package_discovery:discover_packages(recursive) check parameters
[0.359s] Level 1:colcon.colcon_core.package_discovery:discover_packages(ignore) check parameters
[0.359s] Level 1:colcon.colcon_core.package_discovery:discover_packages(path) check parameters
[0.359s] Level 1:colcon.colcon_core.package_discovery:discover_packages(colcon_meta) discover
[0.359s] Level 1:colcon.colcon_core.package_discovery:discover_packages(recursive) discover
[0.359s] INFO:colcon.colcon_core.package_discovery:Crawling recursively for packages in '/home/vasco/MEIA-PROJ4/ROS2-PX4-Workspace'
[0.359s] Level 1:colcon.colcon_core.package_identification:_identify(.) by extensions ['ignore', 'ignore_ament_install']
[0.359s] Level 1:colcon.colcon_core.package_identification:_identify(.) by extension 'ignore'
[0.359s] Level 1:colcon.colcon_core.package_identification:_identify(.) by extension 'ignore_ament_install'
[0.359s] Level 1:colcon.colcon_core.package_identification:_identify(.) by extensions ['colcon_pkg']
[0.359s] Level 1:colcon.colcon_core.package_identification:_identify(.) by extension 'colcon_pkg'
[0.359s] Level 1:colcon.colcon_core.package_identification:_identify(.) by extensions ['colcon_meta']
[0.359s] Level 1:colcon.colcon_core.package_identification:_identify(.) by extension 'colcon_meta'
[0.359s] Level 1:colcon.colcon_core.package_identification:_identify(.) by extensions ['ros']
[0.359s] Level 1:colcon.colcon_core.package_identification:_identify(.) by extension 'ros'
[0.377s] Level 1:colcon.colcon_core.package_identification:_identify(.) by extensions ['cmake', 'python']
[0.377s] Level 1:colcon.colcon_core.package_identification:_identify(.) by extension 'cmake'
[0.377s] Level 1:colcon.colcon_core.package_identification:_identify(.) by extension 'python'
[0.377s] Level 1:colcon.colcon_core.package_identification:_identify(.) by extensions ['python_setup_py']
[0.377s] Level 1:colcon.colcon_core.package_identification:_identify(.) by extension 'python_setup_py'
[0.378s] Level 1:colcon.colcon_core.package_identification:_identify(build) by extensions ['ignore', 'ignore_ament_install']
[0.378s] Level 1:colcon.colcon_core.package_identification:_identify(build) by extension 'ignore'
[0.378s] Level 1:colcon.colcon_core.package_identification:_identify(build) ignored
[0.378s] Level 1:colcon.colcon_core.package_identification:_identify(install) by extensions ['ignore', 'ignore_ament_install']
[0.378s] Level 1:colcon.colcon_core.package_identification:_identify(install) by extension 'ignore'
[0.378s] Level 1:colcon.colcon_core.package_identification:_identify(install) ignored
[0.378s] Level 1:colcon.colcon_core.package_identification:_identify(log) by extensions ['ignore', 'ignore_ament_install']
[0.378s] Level 1:colcon.colcon_core.package_identification:_identify(log) by extension 'ignore'
[0.378s] Level 1:colcon.colcon_core.package_identification:_identify(log) ignored
[0.378s] Level 1:colcon.colcon_core.package_identification:_identify(src) by extensions ['ignore', 'ignore_ament_install']
[0.379s] Level 1:colcon.colcon_core.package_identification:_identify(src) by extension 'ignore'
[0.379s] Level 1:colcon.colcon_core.package_identification:_identify(src) by extension 'ignore_ament_install'
[0.379s] Level 1:colcon.colcon_core.package_identification:_identify(src) by extensions ['colcon_pkg']
[0.379s] Level 1:colcon.colcon_core.package_identification:_identify(src) by extension 'colcon_pkg'
[0.379s] Level 1:colcon.colcon_core.package_identification:_identify(src) by extensions ['colcon_meta']
[0.379s] Level 1:colcon.colcon_core.package_identification:_identify(src) by extension 'colcon_meta'
[0.379s] Level 1:colcon.colcon_core.package_identification:_identify(src) by extensions ['ros']
[0.379s] Level 1:colcon.colcon_core.package_identification:_identify(src) by extension 'ros'
[0.379s] Level 1:colcon.colcon_core.package_identification:_identify(src) by extensions ['cmake', 'python']
[0.379s] Level 1:colcon.colcon_core.package_identification:_identify(src) by extension 'cmake'
[0.379s] Level 1:colcon.colcon_core.package_identification:_identify(src) by extension 'python'
[0.379s] Level 1:colcon.colcon_core.package_identification:_identify(src) by extensions ['python_setup_py']
[0.379s] Level 1:colcon.colcon_core.package_identification:_identify(src) by extension 'python_setup_py'
[0.379s] Level 1:colcon.colcon_core.package_identification:_identify(src/px4_msgs) by extensions ['ignore', 'ignore_ament_install']
[0.379s] Level 1:colcon.colcon_core.package_identification:_identify(src/px4_msgs) by extension 'ignore'
[0.379s] Level 1:colcon.colcon_core.package_identification:_identify(src/px4_msgs) by extension 'ignore_ament_install'
[0.379s] Level 1:colcon.colcon_core.package_identification:_identify(src/px4_msgs) by extensions ['colcon_pkg']
[0.379s] Level 1:colcon.colcon_core.package_identification:_identify(src/px4_msgs) by extension 'colcon_pkg'
[0.379s] Level 1:colcon.colcon_core.package_identification:_identify(src/px4_msgs) by extensions ['colcon_meta']
[0.379s] Level 1:colcon.colcon_core.package_identification:_identify(src/px4_msgs) by extension 'colcon_meta'
[0.379s] Level 1:colcon.colcon_core.package_identification:_identify(src/px4_msgs) by extensions ['ros']
[0.379s] Level 1:colcon.colcon_core.package_identification:_identify(src/px4_msgs) by extension 'ros'
[0.382s] DEBUG:colcon.colcon_core.package_identification:Package 'src/px4_msgs' with type 'ros.ament_cmake' and name 'px4_msgs'
[0.382s] Level 1:colcon.colcon_core.package_identification:_identify(src/px4_ros_com) by extensions ['ignore', 'ignore_ament_install']
[0.383s] Level 1:colcon.colcon_core.package_identification:_identify(src/px4_ros_com) by extension 'ignore'
[0.383s] Level 1:colcon.colcon_core.package_identification:_identify(src/px4_ros_com) by extension 'ignore_ament_install'
[0.383s] Level 1:colcon.colcon_core.package_identification:_identify(src/px4_ros_com) by extensions ['colcon_pkg']
[0.383s] Level 1:colcon.colcon_core.package_identification:_identify(src/px4_ros_com) by extension 'colcon_pkg'
[0.383s] Level 1:colcon.colcon_core.package_identification:_identify(src/px4_ros_com) by extensions ['colcon_meta']
[0.383s] Level 1:colcon.colcon_core.package_identification:_identify(src/px4_ros_com) by extension 'colcon_meta'
[0.383s] Level 1:colcon.colcon_core.package_identification:_identify(src/px4_ros_com) by extensions ['ros']
[0.383s] Level 1:colcon.colcon_core.package_identification:_identify(src/px4_ros_com) by extension 'ros'
[0.384s] DEBUG:colcon.colcon_core.package_identification:Package 'src/px4_ros_com' with type 'ros.ament_cmake' and name 'px4_ros_com'
[0.384s] Level 1:colcon.colcon_core.package_identification:_identify(src/px4_ros_mas_com) by extensions ['ignore', 'ignore_ament_install']
[0.384s] Level 1:colcon.colcon_core.package_identification:_identify(src/px4_ros_mas_com) by extension 'ignore'
[0.384s] Level 1:colcon.colcon_core.package_identification:_identify(src/px4_ros_mas_com) by extension 'ignore_ament_install'
[0.384s] Level 1:colcon.colcon_core.package_identification:_identify(src/px4_ros_mas_com) by extensions ['colcon_pkg']
[0.384s] Level 1:colcon.colcon_core.package_identification:_identify(src/px4_ros_mas_com) by extension 'colcon_pkg'
[0.384s] Level 1:colcon.colcon_core.package_identification:_identify(src/px4_ros_mas_com) by extensions ['colcon_meta']
[0.384s] Level 1:colcon.colcon_core.package_identification:_identify(src/px4_ros_mas_com) by extension 'colcon_meta'
[0.384s] Level 1:colcon.colcon_core.package_identification:_identify(src/px4_ros_mas_com) by extensions ['ros']
[0.384s] Level 1:colcon.colcon_core.package_identification:_identify(src/px4_ros_mas_com) by extension 'ros'
[0.385s] DEBUG:colcon.colcon_core.package_identification:Package 'src/px4_ros_mas_com' with type 'ros.ament_python' and name 'px4_ros_mas_com'
[0.385s] Level 1:colcon.colcon_core.package_discovery:discover_packages(recursive) using defaults
[0.386s] Level 1:colcon.colcon_core.package_discovery:discover_packages(ignore) discover
[0.386s] Level 1:colcon.colcon_core.package_discovery:discover_packages(ignore) using defaults
[0.386s] Level 1:colcon.colcon_core.package_discovery:discover_packages(path) discover
[0.386s] Level 1:colcon.colcon_core.package_discovery:discover_packages(path) using defaults
[0.405s] Level 1:colcon.colcon_core.package_discovery:discover_packages(prefix_path) check parameters
[0.406s] Level 1:colcon.colcon_core.package_discovery:discover_packages(prefix_path) discover
[0.408s] DEBUG:colcon.colcon_installed_package_information.package_discovery:Found 3 installed packages in /home/vasco/MEIA-PROJ4/ROS2-PX4-Workspace/install
[0.410s] DEBUG:colcon.colcon_installed_package_information.package_discovery:Found 263 installed packages in /opt/ros/foxy
[0.411s] Level 1:colcon.colcon_core.package_discovery:discover_packages(prefix_path) using defaults
[0.470s] Level 5:colcon.colcon_core.verb:set package 'px4_msgs' build argument 'cmake_args' from command line to 'None'
[0.470s] Level 5:colcon.colcon_core.verb:set package 'px4_msgs' build argument 'cmake_target' from command line to 'None'
[0.471s] Level 5:colcon.colcon_core.verb:set package 'px4_msgs' build argument 'cmake_target_skip_unavailable' from command line to 'False'
[0.471s] Level 5:colcon.colcon_core.verb:set package 'px4_msgs' build argument 'cmake_clean_cache' from command line to 'False'
[0.471s] Level 5:colcon.colcon_core.verb:set package 'px4_msgs' build argument 'cmake_clean_first' from command line to 'False'
[0.471s] Level 5:colcon.colcon_core.verb:set package 'px4_msgs' build argument 'cmake_force_configure' from command line to 'False'
[0.471s] Level 5:colcon.colcon_core.verb:set package 'px4_msgs' build argument 'ament_cmake_args' from command line to 'None'
[0.471s] Level 5:colcon.colcon_core.verb:set package 'px4_msgs' build argument 'catkin_cmake_args' from command line to 'None'
[0.471s] Level 5:colcon.colcon_core.verb:set package 'px4_msgs' build argument 'catkin_skip_building_tests' from command line to 'False'
[0.471s] DEBUG:colcon.colcon_core.verb:Building package 'px4_msgs' with the following arguments: {'ament_cmake_args': None, 'build_base': '/home/vasco/MEIA-PROJ4/ROS2-PX4-Workspace/build/px4_msgs', 'catkin_cmake_args': None, 'catkin_skip_building_tests': False, 'cmake_args': None, 'cmake_clean_cache': False, 'cmake_clean_first': False, 'cmake_force_configure': False, 'cmake_target': None, 'cmake_target_skip_unavailable': False, 'install_base': '/home/vasco/MEIA-PROJ4/ROS2-PX4-Workspace/install/px4_msgs', 'merge_install': False, 'path': '/home/vasco/MEIA-PROJ4/ROS2-PX4-Workspace/src/px4_msgs', 'symlink_install': False, 'test_result_base': None}
[0.472s] Level 5:colcon.colcon_core.verb:set package 'px4_ros_mas_com' build argument 'cmake_args' from command line to 'None'
[0.472s] Level 5:colcon.colcon_core.verb:set package 'px4_ros_mas_com' build argument 'cmake_target' from command line to 'None'
[0.472s] Level 5:colcon.colcon_core.verb:set package 'px4_ros_mas_com' build argument 'cmake_target_skip_unavailable' from command line to 'False'
[0.472s] Level 5:colcon.colcon_core.verb:set package 'px4_ros_mas_com' build argument 'cmake_clean_cache' from command line to 'False'
[0.472s] Level 5:colcon.colcon_core.verb:set package 'px4_ros_mas_com' build argument 'cmake_clean_first' from command line to 'False'
[0.472s] Level 5:colcon.colcon_core.verb:set package 'px4_ros_mas_com' build argument 'cmake_force_configure' from command line to 'False'
[0.472s] Level 5:colcon.colcon_core.verb:set package 'px4_ros_mas_com' build argument 'ament_cmake_args' from command line to 'None'
[0.472s] Level 5:colcon.colcon_core.verb:set package 'px4_ros_mas_com' build argument 'catkin_cmake_args' from command line to 'None'
[0.472s] Level 5:colcon.colcon_core.verb:set package 'px4_ros_mas_com' build argument 'catkin_skip_building_tests' from command line to 'False'
[0.472s] DEBUG:colcon.colcon_core.verb:Building package 'px4_ros_mas_com' with the following arguments: {'ament_cmake_args': None, 'build_base': '/home/vasco/MEIA-PROJ4/ROS2-PX4-Workspace/build/px4_ros_mas_com', 'catkin_cmake_args': None, 'catkin_skip_building_tests': False, 'cmake_args': None, 'cmake_clean_cache': False, 'cmake_clean_first': False, 'cmake_force_configure': False, 'cmake_target': None, 'cmake_target_skip_unavailable': False, 'install_base': '/home/vasco/MEIA-PROJ4/ROS2-PX4-Workspace/install/px4_ros_mas_com', 'merge_install': False, 'path': '/home/vasco/MEIA-PROJ4/ROS2-PX4-Workspace/src/px4_ros_mas_com', 'symlink_install': False, 'test_result_base': None}
[0.474s] Level 5:colcon.colcon_core.verb:set package 'px4_ros_com' build argument 'cmake_args' from command line to 'None'
[0.474s] Level 5:colcon.colcon_core.verb:set package 'px4_ros_com' build argument 'cmake_target' from command line to 'None'
[0.474s] Level 5:colcon.colcon_core.verb:set package 'px4_ros_com' build argument 'cmake_target_skip_unavailable' from command line to 'False'
[0.474s] Level 5:colcon.colcon_core.verb:set package 'px4_ros_com' build argument 'cmake_clean_cache' from command line to 'False'
[0.474s] Level 5:colcon.colcon_core.verb:set package 'px4_ros_com' build argument 'cmake_clean_first' from command line to 'False'
[0.474s] Level 5:colcon.colcon_core.verb:set package 'px4_ros_com' build argument 'cmake_force_configure' from command line to 'False'
[0.474s] Level 5:colcon.colcon_core.verb:set package 'px4_ros_com' build argument 'ament_cmake_args' from command line to 'None'
[0.474s] Level 5:colcon.colcon_core.verb:set package 'px4_ros_com' build argument 'catkin_cmake_args' from command line to 'None'
[0.474s] Level 5:colcon.colcon_core.verb:set package 'px4_ros_com' build argument 'catkin_skip_building_tests' from command line to 'False'
[0.474s] DEBUG:colcon.colcon_core.verb:Building package 'px4_ros_com' with the following arguments: {'ament_cmake_args': None, 'build_base': '/home/vasco/MEIA-PROJ4/ROS2-PX4-Workspace/build/px4_ros_com', 'catkin_cmake_args': None, 'catkin_skip_building_tests': False, 'cmake_args': None, 'cmake_clean_cache': False, 'cmake_clean_first': False, 'cmake_force_configure': False, 'cmake_target': None, 'cmake_target_skip_unavailable': False, 'install_base': '/home/vasco/MEIA-PROJ4/ROS2-PX4-Workspace/install/px4_ros_com', 'merge_install': False, 'path': '/home/vasco/MEIA-PROJ4/ROS2-PX4-Workspace/src/px4_ros_com', 'symlink_install': False, 'test_result_base': None}
[0.475s] INFO:colcon.colcon_core.executor:Executing jobs using 'parallel' executor
[0.478s] DEBUG:colcon.colcon_parallel_executor.executor.parallel:run_until_complete
[0.479s] INFO:colcon.colcon_ros.task.ament_cmake.build:Building ROS package in '/home/vasco/MEIA-PROJ4/ROS2-PX4-Workspace/src/px4_msgs' with build type 'ament_cmake'
[0.479s] INFO:colcon.colcon_cmake.task.cmake.build:Building CMake package in '/home/vasco/MEIA-PROJ4/ROS2-PX4-Workspace/src/px4_msgs'
[0.484s] INFO:colcon.colcon_core.plugin_system:Skipping extension 'colcon_core.shell.bat': Not used on non-Windows systems
[0.484s] INFO:colcon.colcon_core.shell:Skip shell extension 'powershell' for command environment: Not usable outside of PowerShell
[0.484s] DEBUG:colcon.colcon_core.shell:Skip shell extension 'dsv' for command environment
[0.490s] INFO:colcon.colcon_ros.task.ament_python.build:Building ROS package in '/home/vasco/MEIA-PROJ4/ROS2-PX4-Workspace/src/px4_ros_mas_com' with build type 'ament_python'
[0.491s] Level 1:colcon.colcon_core.shell:create_environment_hook('px4_ros_mas_com', 'ament_prefix_path')
[0.492s] INFO:colcon.colcon_core.shell:Creating environment hook '/home/vasco/MEIA-PROJ4/ROS2-PX4-Workspace/install/px4_ros_mas_com/share/px4_ros_mas_com/hook/ament_prefix_path.ps1'
[0.494s] INFO:colcon.colcon_core.shell:Creating environment descriptor '/home/vasco/MEIA-PROJ4/ROS2-PX4-Workspace/install/px4_ros_mas_com/share/px4_ros_mas_com/hook/ament_prefix_path.dsv'
[0.494s] INFO:colcon.colcon_core.shell:Creating environment hook '/home/vasco/MEIA-PROJ4/ROS2-PX4-Workspace/install/px4_ros_mas_com/share/px4_ros_mas_com/hook/ament_prefix_path.sh'
[0.496s] INFO:colcon.colcon_core.shell:Skip shell extension 'powershell' for command environment: Not usable outside of PowerShell
[0.496s] DEBUG:colcon.colcon_core.shell:Skip shell extension 'dsv' for command environment
[0.514s] DEBUG:colcon.colcon_core.event_handler.log_command:Invoking command in '/home/vasco/MEIA-PROJ4/ROS2-PX4-Workspace/build/px4_msgs': CMAKE_PREFIX_PATH=${CMAKE_PREFIX_PATH}:/home/vasco/MEIA-PROJ4/ROS2-PX4-Workspace/install/px4_ros_mas_com:/opt/ros/foxy /usr/bin/cmake --build /home/vasco/MEIA-PROJ4/ROS2-PX4-Workspace/build/px4_msgs -- -j12 -l12
[0.711s] INFO:colcon.colcon_core.task.python.build:Building Python package in '/home/vasco/MEIA-PROJ4/ROS2-PX4-Workspace/src/px4_ros_mas_com'
[0.713s] INFO:colcon.colcon_core.shell:Skip shell extension 'powershell' for command environment: Not usable outside of PowerShell
[0.713s] DEBUG:colcon.colcon_core.shell:Skip shell extension 'dsv' for command environment
[1.113s] DEBUG:colcon.colcon_core.event_handler.log_command:Invoking command in '/home/vasco/MEIA-PROJ4/ROS2-PX4-Workspace/src/px4_ros_mas_com': PYTHONPATH=/home/vasco/MEIA-PROJ4/ROS2-PX4-Workspace/build/px4_ros_mas_com/prefix_override:/home/vasco/MEIA-PROJ4/ROS2-PX4-Workspace/install/px4_ros_mas_com/lib/python3.8/site-packages:${PYTHONPATH} /usr/bin/python3 setup.py egg_info --egg-base ../../build/px4_ros_mas_com build --build-base /home/vasco/MEIA-PROJ4/ROS2-PX4-Workspace/build/px4_ros_mas_com/build install --record /home/vasco/MEIA-PROJ4/ROS2-PX4-Workspace/build/px4_ros_mas_com/install.log --install-scripts $base/lib/px4_ros_mas_com --single-version-externally-managed
[1.327s] DEBUG:colcon.colcon_core.event_handler.log_command:Invoked command in '/home/vasco/MEIA-PROJ4/ROS2-PX4-Workspace/build/px4_msgs' returned '0': CMAKE_PREFIX_PATH=${CMAKE_PREFIX_PATH}:/home/vasco/MEIA-PROJ4/ROS2-PX4-Workspace/install/px4_ros_mas_com:/opt/ros/foxy /usr/bin/cmake --build /home/vasco/MEIA-PROJ4/ROS2-PX4-Workspace/build/px4_msgs -- -j12 -l12
[1.393s] DEBUG:colcon.colcon_core.event_handler.log_command:Invoked command in '/home/vasco/MEIA-PROJ4/ROS2-PX4-Workspace/src/px4_ros_mas_com' returned '0': PYTHONPATH=/home/vasco/MEIA-PROJ4/ROS2-PX4-Workspace/build/px4_ros_mas_com/prefix_override:/home/vasco/MEIA-PROJ4/ROS2-PX4-Workspace/install/px4_ros_mas_com/lib/python3.8/site-packages:${PYTHONPATH} /usr/bin/python3 setup.py egg_info --egg-base ../../build/px4_ros_mas_com build --build-base /home/vasco/MEIA-PROJ4/ROS2-PX4-Workspace/build/px4_ros_mas_com/build install --record /home/vasco/MEIA-PROJ4/ROS2-PX4-Workspace/build/px4_ros_mas_com/install.log --install-scripts $base/lib/px4_ros_mas_com --single-version-externally-managed
[1.397s] Level 1:colcon.colcon_core.environment:checking '/home/vasco/MEIA-PROJ4/ROS2-PX4-Workspace/install/px4_ros_mas_com' for CMake module files
[1.397s] Level 1:colcon.colcon_core.environment:checking '/home/vasco/MEIA-PROJ4/ROS2-PX4-Workspace/install/px4_ros_mas_com' for CMake config files
[1.398s] Level 1:colcon.colcon_core.environment:checking '/home/vasco/MEIA-PROJ4/ROS2-PX4-Workspace/install/px4_ros_mas_com/lib'
[1.399s] Level 1:colcon.colcon_core.environment:checking '/home/vasco/MEIA-PROJ4/ROS2-PX4-Workspace/install/px4_ros_mas_com/bin'
[1.399s] Level 1:colcon.colcon_core.environment:checking '/home/vasco/MEIA-PROJ4/ROS2-PX4-Workspace/install/px4_ros_mas_com/lib/pkgconfig/px4_ros_mas_com.pc'
[1.399s] Level 1:colcon.colcon_core.environment:checking '/home/vasco/MEIA-PROJ4/ROS2-PX4-Workspace/install/px4_ros_mas_com/lib/python3.8/site-packages'
[1.399s] Level 1:colcon.colcon_core.shell:create_environment_hook('px4_ros_mas_com', 'pythonpath')
[1.400s] INFO:colcon.colcon_core.shell:Creating environment hook '/home/vasco/MEIA-PROJ4/ROS2-PX4-Workspace/install/px4_ros_mas_com/share/px4_ros_mas_com/hook/pythonpath.ps1'
[1.401s] INFO:colcon.colcon_core.shell:Creating environment descriptor '/home/vasco/MEIA-PROJ4/ROS2-PX4-Workspace/install/px4_ros_mas_com/share/px4_ros_mas_com/hook/pythonpath.dsv'
[1.401s] INFO:colcon.colcon_core.shell:Creating environment hook '/home/vasco/MEIA-PROJ4/ROS2-PX4-Workspace/install/px4_ros_mas_com/share/px4_ros_mas_com/hook/pythonpath.sh'
[1.401s] Level 1:colcon.colcon_core.environment:checking '/home/vasco/MEIA-PROJ4/ROS2-PX4-Workspace/install/px4_ros_mas_com/bin'
[1.401s] Level 1:colcon.colcon_core.environment:create_environment_scripts_only(px4_ros_mas_com)
[1.403s] INFO:colcon.colcon_core.shell:Creating package script '/home/vasco/MEIA-PROJ4/ROS2-PX4-Workspace/install/px4_ros_mas_com/share/px4_ros_mas_com/package.ps1'
[1.404s] INFO:colcon.colcon_core.shell:Creating package descriptor '/home/vasco/MEIA-PROJ4/ROS2-PX4-Workspace/install/px4_ros_mas_com/share/px4_ros_mas_com/package.dsv'
[1.404s] INFO:colcon.colcon_core.shell:Creating package script '/home/vasco/MEIA-PROJ4/ROS2-PX4-Workspace/install/px4_ros_mas_com/share/px4_ros_mas_com/package.sh'
[1.405s] INFO:colcon.colcon_core.shell:Creating package script '/home/vasco/MEIA-PROJ4/ROS2-PX4-Workspace/install/px4_ros_mas_com/share/px4_ros_mas_com/package.bash'
[1.405s] INFO:colcon.colcon_core.shell:Creating package script '/home/vasco/MEIA-PROJ4/ROS2-PX4-Workspace/install/px4_ros_mas_com/share/px4_ros_mas_com/package.zsh'
[1.406s] Level 1:colcon.colcon_core.environment:create_file_with_runtime_dependencies(/home/vasco/MEIA-PROJ4/ROS2-PX4-Workspace/install/px4_ros_mas_com/share/colcon-core/packages/px4_ros_mas_com)
[3.973s] DEBUG:colcon.colcon_core.event_handler.log_command:Invoking command in '/home/vasco/MEIA-PROJ4/ROS2-PX4-Workspace/build/px4_msgs': CMAKE_PREFIX_PATH=${CMAKE_PREFIX_PATH}:/home/vasco/MEIA-PROJ4/ROS2-PX4-Workspace/install/px4_ros_mas_com:/opt/ros/foxy /usr/bin/cmake --install /home/vasco/MEIA-PROJ4/ROS2-PX4-Workspace/build/px4_msgs
[4.272s] Level 1:colcon.colcon_core.environment:create_environment_scripts_only(px4_msgs)
[4.275s] Level 1:colcon.colcon_core.environment:checking '/home/vasco/MEIA-PROJ4/ROS2-PX4-Workspace/install/px4_msgs' for CMake module files
[4.279s] Level 1:colcon.colcon_core.environment:checking '/home/vasco/MEIA-PROJ4/ROS2-PX4-Workspace/install/px4_msgs' for CMake config files
[4.346s] Level 1:colcon.colcon_core.shell:create_environment_hook('px4_msgs', 'cmake_prefix_path')
[4.349s] INFO:colcon.colcon_core.shell:Creating environment hook '/home/vasco/MEIA-PROJ4/ROS2-PX4-Workspace/install/px4_msgs/share/px4_msgs/hook/cmake_prefix_path.ps1'
[4.354s] INFO:colcon.colcon_core.shell:Creating environment descriptor '/home/vasco/MEIA-PROJ4/ROS2-PX4-Workspace/install/px4_msgs/share/px4_msgs/hook/cmake_prefix_path.dsv'
[4.356s] INFO:colcon.colcon_core.shell:Creating environment hook '/home/vasco/MEIA-PROJ4/ROS2-PX4-Workspace/install/px4_msgs/share/px4_msgs/hook/cmake_prefix_path.sh'
[4.370s] Level 1:colcon.colcon_core.environment:checking '/home/vasco/MEIA-PROJ4/ROS2-PX4-Workspace/install/px4_msgs/lib'
[4.372s] Level 1:colcon.colcon_core.shell:create_environment_hook('px4_msgs', 'ld_library_path_lib')
[4.373s] INFO:colcon.colcon_core.shell:Creating environment hook '/home/vasco/MEIA-PROJ4/ROS2-PX4-Workspace/install/px4_msgs/share/px4_msgs/hook/ld_library_path_lib.ps1'
[4.377s] INFO:colcon.colcon_core.shell:Creating environment descriptor '/home/vasco/MEIA-PROJ4/ROS2-PX4-Workspace/install/px4_msgs/share/px4_msgs/hook/ld_library_path_lib.dsv'
[4.379s] INFO:colcon.colcon_core.shell:Creating environment hook '/home/vasco/MEIA-PROJ4/ROS2-PX4-Workspace/install/px4_msgs/share/px4_msgs/hook/ld_library_path_lib.sh'
[4.384s] Level 1:colcon.colcon_core.environment:checking '/home/vasco/MEIA-PROJ4/ROS2-PX4-Workspace/install/px4_msgs/bin'
[4.384s] Level 1:colcon.colcon_core.environment:checking '/home/vasco/MEIA-PROJ4/ROS2-PX4-Workspace/install/px4_msgs/lib/pkgconfig/px4_msgs.pc'
[4.385s] Level 1:colcon.colcon_core.environment:checking '/home/vasco/MEIA-PROJ4/ROS2-PX4-Workspace/install/px4_msgs/lib/python3.8/site-packages'
[4.385s] Level 1:colcon.colcon_core.shell:create_environment_hook('px4_msgs', 'pythonpath')
[4.387s] INFO:colcon.colcon_core.shell:Creating environment hook '/home/vasco/MEIA-PROJ4/ROS2-PX4-Workspace/install/px4_msgs/share/px4_msgs/hook/pythonpath.ps1'
[4.389s] INFO:colcon.colcon_core.shell:Creating environment descriptor '/home/vasco/MEIA-PROJ4/ROS2-PX4-Workspace/install/px4_msgs/share/px4_msgs/hook/pythonpath.dsv'
[4.393s] INFO:colcon.colcon_core.shell:Creating environment hook '/home/vasco/MEIA-PROJ4/ROS2-PX4-Workspace/install/px4_msgs/share/px4_msgs/hook/pythonpath.sh'
[4.394s] Level 1:colcon.colcon_core.environment:checking '/home/vasco/MEIA-PROJ4/ROS2-PX4-Workspace/install/px4_msgs/bin'
[4.396s] INFO:colcon.colcon_core.shell:Creating package script '/home/vasco/MEIA-PROJ4/ROS2-PX4-Workspace/install/px4_msgs/share/px4_msgs/package.ps1'
[4.400s] INFO:colcon.colcon_core.shell:Creating package descriptor '/home/vasco/MEIA-PROJ4/ROS2-PX4-Workspace/install/px4_msgs/share/px4_msgs/package.dsv'
[4.405s] INFO:colcon.colcon_core.shell:Creating package script '/home/vasco/MEIA-PROJ4/ROS2-PX4-Workspace/install/px4_msgs/share/px4_msgs/package.sh'
[4.411s] INFO:colcon.colcon_core.shell:Creating package script '/home/vasco/MEIA-PROJ4/ROS2-PX4-Workspace/install/px4_msgs/share/px4_msgs/package.bash'
[4.414s] INFO:colcon.colcon_core.shell:Creating package script '/home/vasco/MEIA-PROJ4/ROS2-PX4-Workspace/install/px4_msgs/share/px4_msgs/package.zsh'
[4.425s] Level 1:colcon.colcon_core.environment:create_file_with_runtime_dependencies(/home/vasco/MEIA-PROJ4/ROS2-PX4-Workspace/install/px4_msgs/share/colcon-core/packages/px4_msgs)
[4.513s] DEBUG:colcon.colcon_core.event_handler.log_command:Invoked command in '/home/vasco/MEIA-PROJ4/ROS2-PX4-Workspace/build/px4_msgs' returned '0': CMAKE_PREFIX_PATH=${CMAKE_PREFIX_PATH}:/home/vasco/MEIA-PROJ4/ROS2-PX4-Workspace/install/px4_ros_mas_com:/opt/ros/foxy /usr/bin/cmake --install /home/vasco/MEIA-PROJ4/ROS2-PX4-Workspace/build/px4_msgs
[7.130s] Level 1:colcon.colcon_core.environment:create_environment_scripts_only(px4_msgs)
[7.132s] Level 1:colcon.colcon_core.environment:checking '/home/vasco/MEIA-PROJ4/ROS2-PX4-Workspace/install/px4_msgs' for CMake module files
[7.133s] Level 1:colcon.colcon_core.environment:checking '/home/vasco/MEIA-PROJ4/ROS2-PX4-Workspace/install/px4_msgs' for CMake config files
[7.135s] Level 1:colcon.colcon_core.shell:create_environment_hook('px4_msgs', 'cmake_prefix_path')
[7.136s] INFO:colcon.colcon_core.shell:Creating environment hook '/home/vasco/MEIA-PROJ4/ROS2-PX4-Workspace/install/px4_msgs/share/px4_msgs/hook/cmake_prefix_path.ps1'
[7.137s] INFO:colcon.colcon_core.shell:Creating environment descriptor '/home/vasco/MEIA-PROJ4/ROS2-PX4-Workspace/install/px4_msgs/share/px4_msgs/hook/cmake_prefix_path.dsv'
[7.137s] INFO:colcon.colcon_core.shell:Creating environment hook '/home/vasco/MEIA-PROJ4/ROS2-PX4-Workspace/install/px4_msgs/share/px4_msgs/hook/cmake_prefix_path.sh'
[7.137s] Level 1:colcon.colcon_core.environment:checking '/home/vasco/MEIA-PROJ4/ROS2-PX4-Workspace/install/px4_msgs/lib'
[7.137s] Level 1:colcon.colcon_core.shell:create_environment_hook('px4_msgs', 'ld_library_path_lib')
[7.139s] INFO:colcon.colcon_core.shell:Creating environment hook '/home/vasco/MEIA-PROJ4/ROS2-PX4-Workspace/install/px4_msgs/share/px4_msgs/hook/ld_library_path_lib.ps1'
[7.139s] INFO:colcon.colcon_core.shell:Creating environment descriptor '/home/vasco/MEIA-PROJ4/ROS2-PX4-Workspace/install/px4_msgs/share/px4_msgs/hook/ld_library_path_lib.dsv'
[7.139s] INFO:colcon.colcon_core.shell:Creating environment hook '/home/vasco/MEIA-PROJ4/ROS2-PX4-Workspace/install/px4_msgs/share/px4_msgs/hook/ld_library_path_lib.sh'
[7.139s] Level 1:colcon.colcon_core.environment:checking '/home/vasco/MEIA-PROJ4/ROS2-PX4-Workspace/install/px4_msgs/bin'
[7.139s] Level 1:colcon.colcon_core.environment:checking '/home/vasco/MEIA-PROJ4/ROS2-PX4-Workspace/install/px4_msgs/lib/pkgconfig/px4_msgs.pc'
[7.140s] Level 1:colcon.colcon_core.environment:checking '/home/vasco/MEIA-PROJ4/ROS2-PX4-Workspace/install/px4_msgs/lib/python3.8/site-packages'
[7.140s] Level 1:colcon.colcon_core.shell:create_environment_hook('px4_msgs', 'pythonpath')
[7.141s] INFO:colcon.colcon_core.shell:Creating environment hook '/home/vasco/MEIA-PROJ4/ROS2-PX4-Workspace/install/px4_msgs/share/px4_msgs/hook/pythonpath.ps1'
[7.141s] INFO:colcon.colcon_core.shell:Creating environment descriptor '/home/vasco/MEIA-PROJ4/ROS2-PX4-Workspace/install/px4_msgs/share/px4_msgs/hook/pythonpath.dsv'
[7.141s] INFO:colcon.colcon_core.shell:Creating environment hook '/home/vasco/MEIA-PROJ4/ROS2-PX4-Workspace/install/px4_msgs/share/px4_msgs/hook/pythonpath.sh'
[7.142s] Level 1:colcon.colcon_core.environment:checking '/home/vasco/MEIA-PROJ4/ROS2-PX4-Workspace/install/px4_msgs/bin'
[7.143s] INFO:colcon.colcon_core.shell:Creating package script '/home/vasco/MEIA-PROJ4/ROS2-PX4-Workspace/install/px4_msgs/share/px4_msgs/package.ps1'
[7.143s] INFO:colcon.colcon_core.shell:Creating package descriptor '/home/vasco/MEIA-PROJ4/ROS2-PX4-Workspace/install/px4_msgs/share/px4_msgs/package.dsv'
[7.144s] INFO:colcon.colcon_core.shell:Creating package script '/home/vasco/MEIA-PROJ4/ROS2-PX4-Workspace/install/px4_msgs/share/px4_msgs/package.sh'
[7.144s] INFO:colcon.colcon_core.shell:Creating package script '/home/vasco/MEIA-PROJ4/ROS2-PX4-Workspace/install/px4_msgs/share/px4_msgs/package.bash'
[7.145s] INFO:colcon.colcon_core.shell:Creating package script '/home/vasco/MEIA-PROJ4/ROS2-PX4-Workspace/install/px4_msgs/share/px4_msgs/package.zsh'
[7.145s] Level 1:colcon.colcon_core.environment:create_file_with_runtime_dependencies(/home/vasco/MEIA-PROJ4/ROS2-PX4-Workspace/install/px4_msgs/share/colcon-core/packages/px4_msgs)
[7.145s] INFO:colcon.colcon_ros.task.ament_cmake.build:Building ROS package in '/home/vasco/MEIA-PROJ4/ROS2-PX4-Workspace/src/px4_ros_com' with build type 'ament_cmake'
[7.145s] INFO:colcon.colcon_cmake.task.cmake.build:Building CMake package in '/home/vasco/MEIA-PROJ4/ROS2-PX4-Workspace/src/px4_ros_com'
[7.147s] INFO:colcon.colcon_core.shell:Skip shell extension 'powershell' for command environment: Not usable outside of PowerShell
[7.147s] DEBUG:colcon.colcon_core.shell:Skip shell extension 'dsv' for command environment
[7.265s] DEBUG:colcon.colcon_core.event_handler.log_command:Invoking command in '/home/vasco/MEIA-PROJ4/ROS2-PX4-Workspace/build/px4_ros_com': CMAKE_PREFIX_PATH=/home/vasco/MEIA-PROJ4/ROS2-PX4-Workspace/install/px4_msgs:/home/vasco/MEIA-PROJ4/ROS2-PX4-Workspace/install/px4_ros_com:/home/vasco/MEIA-PROJ4/ROS2-PX4-Workspace/install/px4_ros_mas_com:/opt/ros/foxy LD_LIBRARY_PATH=/home/vasco/MEIA-PROJ4/ROS2-PX4-Workspace/install/px4_msgs/lib:/home/vasco/MEIA-PROJ4/ROS2-PX4-Workspace/install/px4_ros_com/lib:/usr/lib/x86_64-linux-gnu/gazebo-11/plugins:/opt/ros/foxy/opt/yaml_cpp_vendor/lib:/opt/ros/foxy/opt/rviz_ogre_vendor/lib:/opt/ros/foxy/lib/x86_64-linux-gnu:/opt/ros/foxy/lib PYTHONPATH=/home/vasco/MEIA-PROJ4/ROS2-PX4-Workspace/install/px4_msgs/lib/python3.8/site-packages:/home/vasco/MEIA-PROJ4/ROS2-PX4-Workspace/install/px4_ros_mas_com/lib/python3.8/site-packages:/opt/ros/foxy/lib/python3.8/site-packages /usr/bin/cmake --build /home/vasco/MEIA-PROJ4/ROS2-PX4-Workspace/build/px4_ros_com -- -j12 -l12
[7.335s] DEBUG:colcon.colcon_core.event_handler.log_command:Invoked command in '/home/vasco/MEIA-PROJ4/ROS2-PX4-Workspace/build/px4_ros_com' returned '0': CMAKE_PREFIX_PATH=/home/vasco/MEIA-PROJ4/ROS2-PX4-Workspace/install/px4_msgs:/home/vasco/MEIA-PROJ4/ROS2-PX4-Workspace/install/px4_ros_com:/home/vasco/MEIA-PROJ4/ROS2-PX4-Workspace/install/px4_ros_mas_com:/opt/ros/foxy LD_LIBRARY_PATH=/home/vasco/MEIA-PROJ4/ROS2-PX4-Workspace/install/px4_msgs/lib:/home/vasco/MEIA-PROJ4/ROS2-PX4-Workspace/install/px4_ros_com/lib:/usr/lib/x86_64-linux-gnu/gazebo-11/plugins:/opt/ros/foxy/opt/yaml_cpp_vendor/lib:/opt/ros/foxy/opt/rviz_ogre_vendor/lib:/opt/ros/foxy/lib/x86_64-linux-gnu:/opt/ros/foxy/lib PYTHONPATH=/home/vasco/MEIA-PROJ4/ROS2-PX4-Workspace/install/px4_msgs/lib/python3.8/site-packages:/home/vasco/MEIA-PROJ4/ROS2-PX4-Workspace/install/px4_ros_mas_com/lib/python3.8/site-packages:/opt/ros/foxy/lib/python3.8/site-packages /usr/bin/cmake --build /home/vasco/MEIA-PROJ4/ROS2-PX4-Workspace/build/px4_ros_com -- -j12 -l12
[7.366s] DEBUG:colcon.colcon_core.event_handler.log_command:Invoking command in '/home/vasco/MEIA-PROJ4/ROS2-PX4-Workspace/build/px4_ros_com': CMAKE_PREFIX_PATH=/home/vasco/MEIA-PROJ4/ROS2-PX4-Workspace/install/px4_msgs:/home/vasco/MEIA-PROJ4/ROS2-PX4-Workspace/install/px4_ros_com:/home/vasco/MEIA-PROJ4/ROS2-PX4-Workspace/install/px4_ros_mas_com:/opt/ros/foxy LD_LIBRARY_PATH=/home/vasco/MEIA-PROJ4/ROS2-PX4-Workspace/install/px4_msgs/lib:/home/vasco/MEIA-PROJ4/ROS2-PX4-Workspace/install/px4_ros_com/lib:/usr/lib/x86_64-linux-gnu/gazebo-11/plugins:/opt/ros/foxy/opt/yaml_cpp_vendor/lib:/opt/ros/foxy/opt/rviz_ogre_vendor/lib:/opt/ros/foxy/lib/x86_64-linux-gnu:/opt/ros/foxy/lib PYTHONPATH=/home/vasco/MEIA-PROJ4/ROS2-PX4-Workspace/install/px4_msgs/lib/python3.8/site-packages:/home/vasco/MEIA-PROJ4/ROS2-PX4-Workspace/install/px4_ros_mas_com/lib/python3.8/site-packages:/opt/ros/foxy/lib/python3.8/site-packages /usr/bin/cmake --install /home/vasco/MEIA-PROJ4/ROS2-PX4-Workspace/build/px4_ros_com
[7.381s] Level 1:colcon.colcon_core.environment:create_environment_scripts_only(px4_ros_com)
[7.384s] Level 1:colcon.colcon_core.environment:checking '/home/vasco/MEIA-PROJ4/ROS2-PX4-Workspace/install/px4_ros_com' for CMake module files
[7.385s] DEBUG:colcon.colcon_core.event_handler.log_command:Invoked command in '/home/vasco/MEIA-PROJ4/ROS2-PX4-Workspace/build/px4_ros_com' returned '0': CMAKE_PREFIX_PATH=/home/vasco/MEIA-PROJ4/ROS2-PX4-Workspace/install/px4_msgs:/home/vasco/MEIA-PROJ4/ROS2-PX4-Workspace/install/px4_ros_com:/home/vasco/MEIA-PROJ4/ROS2-PX4-Workspace/install/px4_ros_mas_com:/opt/ros/foxy LD_LIBRARY_PATH=/home/vasco/MEIA-PROJ4/ROS2-PX4-Workspace/install/px4_msgs/lib:/home/vasco/MEIA-PROJ4/ROS2-PX4-Workspace/install/px4_ros_com/lib:/usr/lib/x86_64-linux-gnu/gazebo-11/plugins:/opt/ros/foxy/opt/yaml_cpp_vendor/lib:/opt/ros/foxy/opt/rviz_ogre_vendor/lib:/opt/ros/foxy/lib/x86_64-linux-gnu:/opt/ros/foxy/lib PYTHONPATH=/home/vasco/MEIA-PROJ4/ROS2-PX4-Workspace/install/px4_msgs/lib/python3.8/site-packages:/home/vasco/MEIA-PROJ4/ROS2-PX4-Workspace/install/px4_ros_mas_com/lib/python3.8/site-packages:/opt/ros/foxy/lib/python3.8/site-packages /usr/bin/cmake --install /home/vasco/MEIA-PROJ4/ROS2-PX4-Workspace/build/px4_ros_com
[7.386s] Level 1:colcon.colcon_core.environment:checking '/home/vasco/MEIA-PROJ4/ROS2-PX4-Workspace/install/px4_ros_com' for CMake config files
[7.386s] Level 1:colcon.colcon_core.shell:create_environment_hook('px4_ros_com', 'cmake_prefix_path')
[7.388s] INFO:colcon.colcon_core.shell:Creating environment hook '/home/vasco/MEIA-PROJ4/ROS2-PX4-Workspace/install/px4_ros_com/share/px4_ros_com/hook/cmake_prefix_path.ps1'
[7.389s] INFO:colcon.colcon_core.shell:Creating environment descriptor '/home/vasco/MEIA-PROJ4/ROS2-PX4-Workspace/install/px4_ros_com/share/px4_ros_com/hook/cmake_prefix_path.dsv'
[7.389s] INFO:colcon.colcon_core.shell:Creating environment hook '/home/vasco/MEIA-PROJ4/ROS2-PX4-Workspace/install/px4_ros_com/share/px4_ros_com/hook/cmake_prefix_path.sh'
[7.390s] Level 1:colcon.colcon_core.environment:checking '/home/vasco/MEIA-PROJ4/ROS2-PX4-Workspace/install/px4_ros_com/lib'
[7.390s] Level 1:colcon.colcon_core.shell:create_environment_hook('px4_ros_com', 'ld_library_path_lib')
[7.391s] INFO:colcon.colcon_core.shell:Creating environment hook '/home/vasco/MEIA-PROJ4/ROS2-PX4-Workspace/install/px4_ros_com/share/px4_ros_com/hook/ld_library_path_lib.ps1'
[7.392s] INFO:colcon.colcon_core.shell:Creating environment descriptor '/home/vasco/MEIA-PROJ4/ROS2-PX4-Workspace/install/px4_ros_com/share/px4_ros_com/hook/ld_library_path_lib.dsv'
[7.392s] INFO:colcon.colcon_core.shell:Creating environment hook '/home/vasco/MEIA-PROJ4/ROS2-PX4-Workspace/install/px4_ros_com/share/px4_ros_com/hook/ld_library_path_lib.sh'
[7.392s] Level 1:colcon.colcon_core.environment:checking '/home/vasco/MEIA-PROJ4/ROS2-PX4-Workspace/install/px4_ros_com/bin'
[7.392s] Level 1:colcon.colcon_core.environment:checking '/home/vasco/MEIA-PROJ4/ROS2-PX4-Workspace/install/px4_ros_com/lib/pkgconfig/px4_ros_com.pc'
[7.392s] Level 1:colcon.colcon_core.environment:checking '/home/vasco/MEIA-PROJ4/ROS2-PX4-Workspace/install/px4_ros_com/lib/python3.8/site-packages'
[7.393s] Level 1:colcon.colcon_core.environment:checking '/home/vasco/MEIA-PROJ4/ROS2-PX4-Workspace/install/px4_ros_com/bin'
[7.394s] INFO:colcon.colcon_core.shell:Creating package script '/home/vasco/MEIA-PROJ4/ROS2-PX4-Workspace/install/px4_ros_com/share/px4_ros_com/package.ps1'
[7.395s] INFO:colcon.colcon_core.shell:Creating package descriptor '/home/vasco/MEIA-PROJ4/ROS2-PX4-Workspace/install/px4_ros_com/share/px4_ros_com/package.dsv'
[7.396s] INFO:colcon.colcon_core.shell:Creating package script '/home/vasco/MEIA-PROJ4/ROS2-PX4-Workspace/install/px4_ros_com/share/px4_ros_com/package.sh'
[7.396s] INFO:colcon.colcon_core.shell:Creating package script '/home/vasco/MEIA-PROJ4/ROS2-PX4-Workspace/install/px4_ros_com/share/px4_ros_com/package.bash'
[7.396s] INFO:colcon.colcon_core.shell:Creating package script '/home/vasco/MEIA-PROJ4/ROS2-PX4-Workspace/install/px4_ros_com/share/px4_ros_com/package.zsh'
[7.396s] Level 1:colcon.colcon_core.environment:create_file_with_runtime_dependencies(/home/vasco/MEIA-PROJ4/ROS2-PX4-Workspace/install/px4_ros_com/share/colcon-core/packages/px4_ros_com)
[7.429s] Level 1:colcon.colcon_core.environment:create_environment_scripts_only(px4_ros_com)
[7.431s] Level 1:colcon.colcon_core.environment:checking '/home/vasco/MEIA-PROJ4/ROS2-PX4-Workspace/install/px4_ros_com' for CMake module files
[7.432s] Level 1:colcon.colcon_core.environment:checking '/home/vasco/MEIA-PROJ4/ROS2-PX4-Workspace/install/px4_ros_com' for CMake config files
[7.432s] Level 1:colcon.colcon_core.shell:create_environment_hook('px4_ros_com', 'cmake_prefix_path')
[7.433s] INFO:colcon.colcon_core.shell:Creating environment hook '/home/vasco/MEIA-PROJ4/ROS2-PX4-Workspace/install/px4_ros_com/share/px4_ros_com/hook/cmake_prefix_path.ps1'
[7.434s] INFO:colcon.colcon_core.shell:Creating environment descriptor '/home/vasco/MEIA-PROJ4/ROS2-PX4-Workspace/install/px4_ros_com/share/px4_ros_com/hook/cmake_prefix_path.dsv'
[7.435s] INFO:colcon.colcon_core.shell:Creating environment hook '/home/vasco/MEIA-PROJ4/ROS2-PX4-Workspace/install/px4_ros_com/share/px4_ros_com/hook/cmake_prefix_path.sh'
[7.435s] Level 1:colcon.colcon_core.environment:checking '/home/vasco/MEIA-PROJ4/ROS2-PX4-Workspace/install/px4_ros_com/lib'
[7.436s] Level 1:colcon.colcon_core.shell:create_environment_hook('px4_ros_com', 'ld_library_path_lib')
[7.437s] INFO:colcon.colcon_core.shell:Creating environment hook '/home/vasco/MEIA-PROJ4/ROS2-PX4-Workspace/install/px4_ros_com/share/px4_ros_com/hook/ld_library_path_lib.ps1'
[7.438s] INFO:colcon.colcon_core.shell:Creating environment descriptor '/home/vasco/MEIA-PROJ4/ROS2-PX4-Workspace/install/px4_ros_com/share/px4_ros_com/hook/ld_library_path_lib.dsv'
[7.438s] INFO:colcon.colcon_core.shell:Creating environment hook '/home/vasco/MEIA-PROJ4/ROS2-PX4-Workspace/install/px4_ros_com/share/px4_ros_com/hook/ld_library_path_lib.sh'
[7.440s] Level 1:colcon.colcon_core.environment:checking '/home/vasco/MEIA-PROJ4/ROS2-PX4-Workspace/install/px4_ros_com/bin'
[7.440s] Level 1:colcon.colcon_core.environment:checking '/home/vasco/MEIA-PROJ4/ROS2-PX4-Workspace/install/px4_ros_com/lib/pkgconfig/px4_ros_com.pc'
[7.441s] Level 1:colcon.colcon_core.environment:checking '/home/vasco/MEIA-PROJ4/ROS2-PX4-Workspace/install/px4_ros_com/lib/python3.8/site-packages'
[7.441s] Level 1:colcon.colcon_core.environment:checking '/home/vasco/MEIA-PROJ4/ROS2-PX4-Workspace/install/px4_ros_com/bin'
[7.443s] INFO:colcon.colcon_core.shell:Creating package script '/home/vasco/MEIA-PROJ4/ROS2-PX4-Workspace/install/px4_ros_com/share/px4_ros_com/package.ps1'
[7.444s] INFO:colcon.colcon_core.shell:Creating package descriptor '/home/vasco/MEIA-PROJ4/ROS2-PX4-Workspace/install/px4_ros_com/share/px4_ros_com/package.dsv'
[7.444s] INFO:colcon.colcon_core.shell:Creating package script '/home/vasco/MEIA-PROJ4/ROS2-PX4-Workspace/install/px4_ros_com/share/px4_ros_com/package.sh'
[7.445s] INFO:colcon.colcon_core.shell:Creating package script '/home/vasco/MEIA-PROJ4/ROS2-PX4-Workspace/install/px4_ros_com/share/px4_ros_com/package.bash'
[7.445s] INFO:colcon.colcon_core.shell:Creating package script '/home/vasco/MEIA-PROJ4/ROS2-PX4-Workspace/install/px4_ros_com/share/px4_ros_com/package.zsh'
[7.445s] Level 1:colcon.colcon_core.environment:create_file_with_runtime_dependencies(/home/vasco/MEIA-PROJ4/ROS2-PX4-Workspace/install/px4_ros_com/share/colcon-core/packages/px4_ros_com)
[7.446s] DEBUG:colcon.colcon_parallel_executor.executor.parallel:closing loop
[7.447s] DEBUG:colcon.colcon_parallel_executor.executor.parallel:loop closed
[7.447s] DEBUG:colcon.colcon_parallel_executor.executor.parallel:run_until_complete finished with '0'
[7.447s] DEBUG:colcon.colcon_core.event_reactor:joining thread
[7.495s] INFO:colcon.colcon_core.plugin_system:Skipping extension 'colcon_notification.desktop_notification.notify_send': Could not find 'notify-send'
[7.495s] INFO:colcon.colcon_core.plugin_system:Skipping extension 'colcon_notification.desktop_notification.terminal_notifier': Not used on non-Darwin systems
[7.495s] INFO:colcon.colcon_core.plugin_system:Skipping extension 'colcon_notification.desktop_notification.win32': Not used on non-Windows systems
[7.495s] INFO:colcon.colcon_notification.desktop_notification:Sending desktop notification using 'notify2'
[7.496s] DEBUG:colcon.colcon_notification.desktop_notification.notify2:Failed to initialize notify2: org.freedesktop.DBus.Error.ServiceUnknown: The name org.freedesktop.Notifications was not provided by any .service files
[7.496s] DEBUG:colcon.colcon_core.event_reactor:joined thread
[7.497s] INFO:colcon.colcon_core.shell:Creating prefix script '/home/vasco/MEIA-PROJ4/ROS2-PX4-Workspace/install/local_setup.ps1'
[7.499s] INFO:colcon.colcon_core.shell:Creating prefix util module '/home/vasco/MEIA-PROJ4/ROS2-PX4-Workspace/install/_local_setup_util_ps1.py'
[7.500s] INFO:colcon.colcon_core.shell:Creating prefix chain script '/home/vasco/MEIA-PROJ4/ROS2-PX4-Workspace/install/setup.ps1'
[7.501s] INFO:colcon.colcon_core.shell:Creating prefix script '/home/vasco/MEIA-PROJ4/ROS2-PX4-Workspace/install/local_setup.sh'
[7.501s] INFO:colcon.colcon_core.shell:Creating prefix util module '/home/vasco/MEIA-PROJ4/ROS2-PX4-Workspace/install/_local_setup_util_sh.py'
[7.502s] INFO:colcon.colcon_core.shell:Creating prefix chain script '/home/vasco/MEIA-PROJ4/ROS2-PX4-Workspace/install/setup.sh'
[7.503s] INFO:colcon.colcon_core.shell:Creating prefix script '/home/vasco/MEIA-PROJ4/ROS2-PX4-Workspace/install/local_setup.bash'
[7.504s] INFO:colcon.colcon_core.shell:Creating prefix chain script '/home/vasco/MEIA-PROJ4/ROS2-PX4-Workspace/install/setup.bash'
[7.506s] INFO:colcon.colcon_core.shell:Creating prefix script '/home/vasco/MEIA-PROJ4/ROS2-PX4-Workspace/install/local_setup.zsh'
[7.507s] INFO:colcon.colcon_core.shell:Creating prefix chain script '/home/vasco/MEIA-PROJ4/ROS2-PX4-Workspace/install/setup.zsh'
